[0.008s] Invoking command in '/home/peko/colcon_ws/build/robotont_driver': CMAKE_PREFIX_PATH=/home/peko/colcon_ws/install/robotont_msgs:/home/peko/colcon_ws/install/sllidar_ros2:/home/peko/colcon_ws/install/robotont_description:/opt/ros/jazzy/opt/gz_sim_vendor:/opt/ros/jazzy/opt/gz_sensors_vendor:/opt/ros/jazzy/opt/gz_physics_vendor:/opt/ros/jazzy/opt/sdformat_vendor:/opt/ros/jazzy/opt/gz_gui_vendor:/opt/ros/jazzy/opt/gz_transport_vendor:/opt/ros/jazzy/opt/gz_rendering_vendor:/opt/ros/jazzy/opt/gz_plugin_vendor:/opt/ros/jazzy/opt/gz_fuel_tools_vendor:/opt/ros/jazzy/opt/gz_msgs_vendor:/opt/ros/jazzy/opt/gz_common_vendor:/opt/ros/jazzy/opt/gz_math_vendor:/opt/ros/jazzy/opt/gz_utils_vendor:/opt/ros/jazzy/opt/gz_tools_vendor:/opt/ros/jazzy/opt/gz_ogre_next_vendor:/opt/ros/jazzy/opt/gz_dartsim_vendor:/opt/ros/jazzy/opt/gz_cmake_vendor:/home/peko/colcon_ws/install/robina_rfid:/opt/ros/jazzy DEBUGINFOD_URLS=https://debuginfod.ubuntu.com /usr/bin/cmake /home/peko/colcon_ws/src/robotont/robotont_driver -DCMAKE_INSTALL_PREFIX=/home/peko/colcon_ws/install/robotont_driver
[0.061s] -- The C compiler identification is GNU 13.3.0
[0.113s] -- The CXX compiler identification is GNU 13.3.0
[0.128s] -- Detecting C compiler ABI info
[0.218s] -- Detecting C compiler ABI info - done
[0.226s] -- Check for working C compiler: /usr/bin/cc - skipped
[0.228s] -- Detecting C compile features
[0.228s] -- Detecting C compile features - done
[0.236s] -- Detecting CXX compiler ABI info
[0.333s] -- Detecting CXX compiler ABI info - done
[0.344s] -- Check for working CXX compiler: /usr/bin/c++ - skipped
[0.344s] -- Detecting CXX compile features
[0.344s] -- Detecting CXX compile features - done
[0.350s] -- Found ament_cmake: 2.5.2 (/opt/ros/jazzy/share/ament_cmake/cmake)
[0.488s] -- Found Python3: /usr/bin/python3 (found version "3.12.3") found components: Interpreter 
[0.586s] -- Found rclcpp: 28.1.5 (/opt/ros/jazzy/share/rclcpp/cmake)
[0.625s] -- Found rosidl_generator_c: 4.6.4 (/opt/ros/jazzy/share/rosidl_generator_c/cmake)
[0.638s] -- Found rosidl_generator_cpp: 4.6.4 (/opt/ros/jazzy/share/rosidl_generator_cpp/cmake)
[0.652s] -- Using all available rosidl_typesupport_c: rosidl_typesupport_fastrtps_c;rosidl_typesupport_introspection_c
[0.669s] -- Using all available rosidl_typesupport_cpp: rosidl_typesupport_fastrtps_cpp;rosidl_typesupport_introspection_cpp
[0.731s] -- Found rmw_implementation_cmake: 7.3.1 (/opt/ros/jazzy/share/rmw_implementation_cmake/cmake)
[0.734s] -- Found rmw_fastrtps_cpp: 8.4.1 (/opt/ros/jazzy/share/rmw_fastrtps_cpp/cmake)
[0.809s] -- Found OpenSSL: /usr/lib/x86_64-linux-gnu/libcrypto.so (found version "3.0.13")  
[0.833s] -- Found FastRTPS: /opt/ros/jazzy/include (Required is at least version "2.13") 
[0.856s] -- Using RMW implementation 'rmw_fastrtps_cpp' as default
[0.919s] -- Found io_context: 1.2.0 (/opt/ros/jazzy/share/io_context/cmake)
[0.946s] -- Found asio_cmake_module: 1.2.0 (/opt/ros/jazzy/share/asio_cmake_module/cmake)
[0.947s] -- Found ASIO: /usr/include  
[0.949s] -- Found pluginlib: 5.4.2 (/opt/ros/jazzy/share/pluginlib/cmake)
[0.960s] -- Found serial_driver: 1.2.0 (/opt/ros/jazzy/share/serial_driver/cmake)
[1.008s] -- Found geometry_msgs: 5.3.5 (/opt/ros/jazzy/share/geometry_msgs/cmake)
[1.019s] -- Found nav_msgs: 5.3.5 (/opt/ros/jazzy/share/nav_msgs/cmake)
[1.037s] -- Found ament_cmake_auto: 2.5.2 (/opt/ros/jazzy/share/ament_cmake_auto/cmake)
[1.039s] -- Found tf2_geometry_msgs: 0.36.4 (/opt/ros/jazzy/share/tf2_geometry_msgs/cmake)
[1.051s] -- Found eigen3_cmake_module: 0.3.0 (/opt/ros/jazzy/share/eigen3_cmake_module/cmake)
[1.052s] -- Found Eigen3: TRUE (found version "3.4.0") 
[1.052s] -- Ensuring Eigen3 include directory is part of orocos-kdl CMake target
[1.120s] -- Found robotont_msgs: 0.2.0 (/home/peko/colcon_ws/install/robotont_msgs/share/robotont_msgs/cmake)
[1.130s] -- Found sensor_msgs: 5.3.5 (/opt/ros/jazzy/share/sensor_msgs/cmake)
[1.236s] -- Configuring done (1.2s)
[1.273s] -- Generating done (0.0s)
[1.278s] -- Build files have been written to: /home/peko/colcon_ws/build/robotont_driver
[1.287s] Invoked command in '/home/peko/colcon_ws/build/robotont_driver' returned '0': CMAKE_PREFIX_PATH=/home/peko/colcon_ws/install/robotont_msgs:/home/peko/colcon_ws/install/sllidar_ros2:/home/peko/colcon_ws/install/robotont_description:/opt/ros/jazzy/opt/gz_sim_vendor:/opt/ros/jazzy/opt/gz_sensors_vendor:/opt/ros/jazzy/opt/gz_physics_vendor:/opt/ros/jazzy/opt/sdformat_vendor:/opt/ros/jazzy/opt/gz_gui_vendor:/opt/ros/jazzy/opt/gz_transport_vendor:/opt/ros/jazzy/opt/gz_rendering_vendor:/opt/ros/jazzy/opt/gz_plugin_vendor:/opt/ros/jazzy/opt/gz_fuel_tools_vendor:/opt/ros/jazzy/opt/gz_msgs_vendor:/opt/ros/jazzy/opt/gz_common_vendor:/opt/ros/jazzy/opt/gz_math_vendor:/opt/ros/jazzy/opt/gz_utils_vendor:/opt/ros/jazzy/opt/gz_tools_vendor:/opt/ros/jazzy/opt/gz_ogre_next_vendor:/opt/ros/jazzy/opt/gz_dartsim_vendor:/opt/ros/jazzy/opt/gz_cmake_vendor:/home/peko/colcon_ws/install/robina_rfid:/opt/ros/jazzy DEBUGINFOD_URLS=https://debuginfod.ubuntu.com /usr/bin/cmake /home/peko/colcon_ws/src/robotont/robotont_driver -DCMAKE_INSTALL_PREFIX=/home/peko/colcon_ws/install/robotont_driver
[1.288s] Invoking command in '/home/peko/colcon_ws/build/robotont_driver': CMAKE_PREFIX_PATH=/home/peko/colcon_ws/install/robotont_msgs:/home/peko/colcon_ws/install/sllidar_ros2:/home/peko/colcon_ws/install/robotont_description:/opt/ros/jazzy/opt/gz_sim_vendor:/opt/ros/jazzy/opt/gz_sensors_vendor:/opt/ros/jazzy/opt/gz_physics_vendor:/opt/ros/jazzy/opt/sdformat_vendor:/opt/ros/jazzy/opt/gz_gui_vendor:/opt/ros/jazzy/opt/gz_transport_vendor:/opt/ros/jazzy/opt/gz_rendering_vendor:/opt/ros/jazzy/opt/gz_plugin_vendor:/opt/ros/jazzy/opt/gz_fuel_tools_vendor:/opt/ros/jazzy/opt/gz_msgs_vendor:/opt/ros/jazzy/opt/gz_common_vendor:/opt/ros/jazzy/opt/gz_math_vendor:/opt/ros/jazzy/opt/gz_utils_vendor:/opt/ros/jazzy/opt/gz_tools_vendor:/opt/ros/jazzy/opt/gz_ogre_next_vendor:/opt/ros/jazzy/opt/gz_dartsim_vendor:/opt/ros/jazzy/opt/gz_cmake_vendor:/home/peko/colcon_ws/install/robina_rfid:/opt/ros/jazzy DEBUGINFOD_URLS=https://debuginfod.ubuntu.com /usr/bin/cmake --build /home/peko/colcon_ws/build/robotont_driver -- -j16 -l16
[1.339s] [ 30%] [32mBuilding CXX object CMakeFiles/robotont_driver.dir/src/plugin_bat_state.cpp.o[0m
[1.339s] [ 30%] [32mBuilding CXX object CMakeFiles/driver_node.dir/src/plugin_odom.cpp.o[0m
[1.339s] [ 30%] [32mBuilding CXX object CMakeFiles/robotont_driver.dir/src/hardware.cpp.o[0m
[1.339s] [ 30%] [32mBuilding CXX object CMakeFiles/robotont_driver.dir/src/plugin_base.cpp.o[0m
[1.340s] [ 30%] [32mBuilding CXX object CMakeFiles/robotont_driver.dir/src/plugin_led_module.cpp.o[0m
[1.340s] [ 30%] [32mBuilding CXX object CMakeFiles/robotont_driver.dir/src/driver.cpp.o[0m
[1.340s] [ 50%] [32mBuilding CXX object CMakeFiles/driver_node.dir/src/driver_node.cpp.o[0m
[1.340s] [ 50%] [32mBuilding CXX object CMakeFiles/robotont_driver.dir/src/plugin_motors.cpp.o[0m
[1.340s] [ 50%] [32mBuilding CXX object CMakeFiles/driver_node.dir/src/plugin_led_module.cpp.o[0m
[1.340s] [ 50%] [32mBuilding CXX object CMakeFiles/robotont_driver.dir/src/plugin_odom.cpp.o[0m
[1.341s] [ 55%] [32mBuilding CXX object CMakeFiles/driver_node.dir/src/plugin_motors.cpp.o[0m
[1.341s] [ 65%] [32mBuilding CXX object CMakeFiles/robotont_driver.dir/src/driver_node.cpp.o[0m
[1.341s] [ 65%] [32mBuilding CXX object CMakeFiles/driver_node.dir/src/driver.cpp.o[0m
[1.341s] [ 70%] [32mBuilding CXX object CMakeFiles/driver_node.dir/src/hardware.cpp.o[0m
[1.341s] [ 75%] [32mBuilding CXX object CMakeFiles/fake_driver_node.dir/src/fake_driver_node.cpp.o[0m
[1.342s] [ 80%] [32mBuilding CXX object CMakeFiles/driver_node.dir/src/plugin_base.cpp.o[0m
[10.057s] [ 85%] [32mBuilding CXX object CMakeFiles/driver_node.dir/src/plugin_bat_state.cpp.o[0m
[15.481s] [ 90%] [32m[1mLinking CXX executable fake_driver_node[0m
[15.930s] [ 90%] Built target fake_driver_node
[18.698s] [ 95%] [32m[1mLinking CXX shared library librobotont_driver.so[0m
[18.715s] [100%] [32m[1mLinking CXX executable driver_node[0m
[19.750s] [100%] Built target robotont_driver
[19.765s] [100%] Built target driver_node
[19.776s] Invoked command in '/home/peko/colcon_ws/build/robotont_driver' returned '0': CMAKE_PREFIX_PATH=/home/peko/colcon_ws/install/robotont_msgs:/home/peko/colcon_ws/install/sllidar_ros2:/home/peko/colcon_ws/install/robotont_description:/opt/ros/jazzy/opt/gz_sim_vendor:/opt/ros/jazzy/opt/gz_sensors_vendor:/opt/ros/jazzy/opt/gz_physics_vendor:/opt/ros/jazzy/opt/sdformat_vendor:/opt/ros/jazzy/opt/gz_gui_vendor:/opt/ros/jazzy/opt/gz_transport_vendor:/opt/ros/jazzy/opt/gz_rendering_vendor:/opt/ros/jazzy/opt/gz_plugin_vendor:/opt/ros/jazzy/opt/gz_fuel_tools_vendor:/opt/ros/jazzy/opt/gz_msgs_vendor:/opt/ros/jazzy/opt/gz_common_vendor:/opt/ros/jazzy/opt/gz_math_vendor:/opt/ros/jazzy/opt/gz_utils_vendor:/opt/ros/jazzy/opt/gz_tools_vendor:/opt/ros/jazzy/opt/gz_ogre_next_vendor:/opt/ros/jazzy/opt/gz_dartsim_vendor:/opt/ros/jazzy/opt/gz_cmake_vendor:/home/peko/colcon_ws/install/robina_rfid:/opt/ros/jazzy DEBUGINFOD_URLS=https://debuginfod.ubuntu.com /usr/bin/cmake --build /home/peko/colcon_ws/build/robotont_driver -- -j16 -l16
[19.777s] Invoking command in '/home/peko/colcon_ws/build/robotont_driver': CMAKE_PREFIX_PATH=/home/peko/colcon_ws/install/robotont_msgs:/home/peko/colcon_ws/install/sllidar_ros2:/home/peko/colcon_ws/install/robotont_description:/opt/ros/jazzy/opt/gz_sim_vendor:/opt/ros/jazzy/opt/gz_sensors_vendor:/opt/ros/jazzy/opt/gz_physics_vendor:/opt/ros/jazzy/opt/sdformat_vendor:/opt/ros/jazzy/opt/gz_gui_vendor:/opt/ros/jazzy/opt/gz_transport_vendor:/opt/ros/jazzy/opt/gz_rendering_vendor:/opt/ros/jazzy/opt/gz_plugin_vendor:/opt/ros/jazzy/opt/gz_fuel_tools_vendor:/opt/ros/jazzy/opt/gz_msgs_vendor:/opt/ros/jazzy/opt/gz_common_vendor:/opt/ros/jazzy/opt/gz_math_vendor:/opt/ros/jazzy/opt/gz_utils_vendor:/opt/ros/jazzy/opt/gz_tools_vendor:/opt/ros/jazzy/opt/gz_ogre_next_vendor:/opt/ros/jazzy/opt/gz_dartsim_vendor:/opt/ros/jazzy/opt/gz_cmake_vendor:/home/peko/colcon_ws/install/robina_rfid:/opt/ros/jazzy DEBUGINFOD_URLS=https://debuginfod.ubuntu.com /usr/bin/cmake --install /home/peko/colcon_ws/build/robotont_driver
[19.786s] -- Install configuration: ""
[19.786s] -- Installing: /home/peko/colcon_ws/install/robotont_driver/lib/robotont_driver/driver_node
[19.794s] -- Set non-toolchain portion of runtime path of "/home/peko/colcon_ws/install/robotont_driver/lib/robotont_driver/driver_node" to ""
[19.794s] -- Installing: /home/peko/colcon_ws/install/robotont_driver/lib/robotont_driver/fake_driver_node
[19.797s] -- Set non-toolchain portion of runtime path of "/home/peko/colcon_ws/install/robotont_driver/lib/robotont_driver/fake_driver_node" to ""
[19.797s] -- Installing: /home/peko/colcon_ws/install/robotont_driver/share/robotont_driver//launch
[19.797s] -- Installing: /home/peko/colcon_ws/install/robotont_driver/share/robotont_driver//launch/driver_launch.py
[19.797s] -- Installing: /home/peko/colcon_ws/install/robotont_driver/share/robotont_driver//launch/fake_driver_launch.py
[19.797s] -- Installing: /home/peko/colcon_ws/install/robotont_driver/share/robotont_driver//launch/example_launch.py
[19.797s] -- Installing: /home/peko/colcon_ws/install/robotont_driver/share/robotont_driver//launch/example2.py
[19.797s] -- Installing: /home/peko/colcon_ws/install/robotont_driver/share/robotont_driver/config
[19.797s] -- Installing: /home/peko/colcon_ws/install/robotont_driver/share/robotont_driver/config/sermap7.posegraph
[19.805s] -- Installing: /home/peko/colcon_ws/install/robotont_driver/share/robotont_driver/config/mapper_params_online_async.yaml
[19.806s] -- Installing: /home/peko/colcon_ws/install/robotont_driver/share/robotont_driver/config/s7.yaml
[19.806s] -- Installing: /home/peko/colcon_ws/install/robotont_driver/share/robotont_driver/config/parameters.yaml
[19.806s] -- Installing: /home/peko/colcon_ws/install/robotont_driver/share/robotont_driver/config/sermap7.data
[19.806s] -- Installing: /home/peko/colcon_ws/install/robotont_driver/share/robotont_driver/config/s7.pgm
[19.806s] -- Installing: /home/peko/colcon_ws/install/robotont_driver/share/ament_index/resource_index/package_run_dependencies/robotont_driver
[19.806s] -- Installing: /home/peko/colcon_ws/install/robotont_driver/share/ament_index/resource_index/parent_prefix_path/robotont_driver
[19.806s] -- Installing: /home/peko/colcon_ws/install/robotont_driver/share/robotont_driver/environment/ament_prefix_path.sh
[19.806s] -- Installing: /home/peko/colcon_ws/install/robotont_driver/share/robotont_driver/environment/ament_prefix_path.dsv
[19.807s] -- Installing: /home/peko/colcon_ws/install/robotont_driver/share/robotont_driver/environment/path.sh
[19.807s] -- Installing: /home/peko/colcon_ws/install/robotont_driver/share/robotont_driver/environment/path.dsv
[19.807s] -- Installing: /home/peko/colcon_ws/install/robotont_driver/share/robotont_driver/local_setup.bash
[19.807s] -- Installing: /home/peko/colcon_ws/install/robotont_driver/share/robotont_driver/local_setup.sh
[19.807s] -- Installing: /home/peko/colcon_ws/install/robotont_driver/share/robotont_driver/local_setup.zsh
[19.807s] -- Installing: /home/peko/colcon_ws/install/robotont_driver/share/robotont_driver/local_setup.dsv
[19.807s] -- Installing: /home/peko/colcon_ws/install/robotont_driver/share/robotont_driver/package.dsv
[19.807s] -- Installing: /home/peko/colcon_ws/install/robotont_driver/share/ament_index/resource_index/packages/robotont_driver
[19.807s] -- Installing: /home/peko/colcon_ws/install/robotont_driver/share/robotont_driver/cmake/robotont_driverConfig.cmake
[19.807s] -- Installing: /home/peko/colcon_ws/install/robotont_driver/share/robotont_driver/cmake/robotont_driverConfig-version.cmake
[19.807s] -- Installing: /home/peko/colcon_ws/install/robotont_driver/share/robotont_driver/package.xml
[19.808s] Invoked command in '/home/peko/colcon_ws/build/robotont_driver' returned '0': CMAKE_PREFIX_PATH=/home/peko/colcon_ws/install/robotont_msgs:/home/peko/colcon_ws/install/sllidar_ros2:/home/peko/colcon_ws/install/robotont_description:/opt/ros/jazzy/opt/gz_sim_vendor:/opt/ros/jazzy/opt/gz_sensors_vendor:/opt/ros/jazzy/opt/gz_physics_vendor:/opt/ros/jazzy/opt/sdformat_vendor:/opt/ros/jazzy/opt/gz_gui_vendor:/opt/ros/jazzy/opt/gz_transport_vendor:/opt/ros/jazzy/opt/gz_rendering_vendor:/opt/ros/jazzy/opt/gz_plugin_vendor:/opt/ros/jazzy/opt/gz_fuel_tools_vendor:/opt/ros/jazzy/opt/gz_msgs_vendor:/opt/ros/jazzy/opt/gz_common_vendor:/opt/ros/jazzy/opt/gz_math_vendor:/opt/ros/jazzy/opt/gz_utils_vendor:/opt/ros/jazzy/opt/gz_tools_vendor:/opt/ros/jazzy/opt/gz_ogre_next_vendor:/opt/ros/jazzy/opt/gz_dartsim_vendor:/opt/ros/jazzy/opt/gz_cmake_vendor:/home/peko/colcon_ws/install/robina_rfid:/opt/ros/jazzy DEBUGINFOD_URLS=https://debuginfod.ubuntu.com /usr/bin/cmake --install /home/peko/colcon_ws/build/robotont_driver
