[0.032s] Invoking command in '/home/peko/colcon_ws/build/robotont_msgs': CMAKE_PREFIX_PATH=${CMAKE_PREFIX_PATH}:/home/peko/colcon_ws/install/robina_rfid:/opt/ros/jazzy DEBUGINFOD_URLS=https://debuginfod.ubuntu.com /usr/bin/cmake --build /home/peko/colcon_ws/build/robotont_msgs -- -j16 -l16
[1.201s] [  1%] Built target robotont_msgs__rosidl_generator_type_description
[1.201s] [  1%] Built target ament_cmake_python_copy_robotont_msgs
[1.201s] [  2%] Built target robotont_msgs__cpp
[1.201s] [ 26%] Built target robotont_msgs__rosidl_generator_c
[1.201s] [ 27%] [32mBuilding CXX object CMakeFiles/robotont_msgs__rosidl_typesupport_cpp.dir/rosidl_typesupport_cpp/robotont_msgs/msg/color_rgb__type_support.cpp.o[0m
[1.201s] [ 36%] Built target robotont_msgs__rosidl_typesupport_introspection_c
[1.201s] [ 38%] [32mBuilding CXX object CMakeFiles/robotont_msgs__rosidl_typesupport_fastrtps_c.dir/rosidl_typesupport_fastrtps_c/robotont_msgs/msg/detail/color_rgb__type_support_c.cpp.o[0m
[1.201s] [ 39%] [32mBuilding CXX object CMakeFiles/robotont_msgs__rosidl_typesupport_cpp.dir/rosidl_typesupport_cpp/robotont_msgs/msg/led_module_segment__type_support.cpp.o[0m
[1.201s] [ 40%] [32mBuilding CXX object CMakeFiles/robotont_msgs__rosidl_typesupport_cpp.dir/rosidl_typesupport_cpp/robotont_msgs/msg/led_module_pixel__type_support.cpp.o[0m
[1.202s] [ 42%] [32mBuilding CXX object CMakeFiles/robotont_msgs__rosidl_typesupport_fastrtps_c.dir/rosidl_typesupport_fastrtps_c/robotont_msgs/msg/detail/led_module_pixel__type_support_c.cpp.o[0m
[1.202s] [ 42%] [32mBuilding CXX object CMakeFiles/robotont_msgs__rosidl_typesupport_fastrtps_c.dir/rosidl_typesupport_fastrtps_c/robotont_msgs/msg/detail/led_module_segment__type_support_c.cpp.o[0m
[1.202s] [ 44%] [32mBuilding CXX object CMakeFiles/robotont_msgs__rosidl_typesupport_cpp.dir/rosidl_typesupport_cpp/robotont_msgs/msg/led_module_mode__type_support.cpp.o[0m
[1.202s] [ 45%] [32mBuilding CXX object CMakeFiles/robotont_msgs__rosidl_typesupport_fastrtps_c.dir/rosidl_typesupport_fastrtps_c/robotont_msgs/msg/detail/led_module_mode__type_support_c.cpp.o[0m
[1.202s] [ 54%] Built target robotont_msgs__rosidl_typesupport_c
[1.202s] [ 55%] [32mBuilding CXX object CMakeFiles/robotont_msgs__rosidl_typesupport_cpp.dir/rosidl_typesupport_cpp/robotont_msgs/msg/power_supply__type_support.cpp.o[0m
[1.202s] [ 57%] [32mBuilding CXX object CMakeFiles/robotont_msgs__rosidl_typesupport_introspection_cpp.dir/rosidl_typesupport_introspection_cpp/robotont_msgs/msg/detail/color_rgb__type_support.cpp.o[0m
[1.202s] [ 58%] [32mBuilding CXX object CMakeFiles/robotont_msgs__rosidl_typesupport_fastrtps_c.dir/rosidl_typesupport_fastrtps_c/robotont_msgs/msg/detail/power_supply__type_support_c.cpp.o[0m
[1.202s] [ 59%] [32mBuilding CXX object CMakeFiles/robotont_msgs__rosidl_typesupport_cpp.dir/rosidl_typesupport_cpp/robotont_msgs/msg/laser_scan_split__type_support.cpp.o[0m
[1.202s] [ 60%] [32mBuilding CXX object CMakeFiles/robotont_msgs__rosidl_typesupport_fastrtps_cpp.dir/rosidl_typesupport_fastrtps_cpp/robotont_msgs/msg/detail/dds_fastrtps/color_rgb__type_support.cpp.o[0m
[1.202s] [ 61%] [32mBuilding CXX object CMakeFiles/robotont_msgs__rosidl_typesupport_fastrtps_c.dir/rosidl_typesupport_fastrtps_c/robotont_msgs/msg/detail/laser_scan_split__type_support_c.cpp.o[0m
[1.203s] [ 63%] [32mBuilding CXX object CMakeFiles/robotont_msgs__rosidl_typesupport_fastrtps_cpp.dir/rosidl_typesupport_fastrtps_cpp/robotont_msgs/msg/detail/dds_fastrtps/led_module_pixel__type_support.cpp.o[0m
[1.203s] running egg_info
[1.203s] writing robotont_msgs.egg-info/PKG-INFO
[1.203s] writing dependency_links to robotont_msgs.egg-info/dependency_links.txt
[1.203s] writing top-level names to robotont_msgs.egg-info/top_level.txt
[1.207s] reading manifest file 'robotont_msgs.egg-info/SOURCES.txt'
[1.208s] writing manifest file 'robotont_msgs.egg-info/SOURCES.txt'
[1.208s] [ 63%] Built target ament_cmake_python_build_robotont_msgs_egg
[1.209s] [ 64%] [32mBuilding CXX object CMakeFiles/robotont_msgs__rosidl_typesupport_introspection_cpp.dir/rosidl_typesupport_introspection_cpp/robotont_msgs/msg/detail/led_module_pixel__type_support.cpp.o[0m
[1.209s] [ 65%] [32mBuilding CXX object CMakeFiles/robotont_msgs__rosidl_typesupport_fastrtps_cpp.dir/rosidl_typesupport_fastrtps_cpp/robotont_msgs/msg/detail/dds_fastrtps/led_module_segment__type_support.cpp.o[0m
[1.209s] [ 66%] [32mBuilding CXX object CMakeFiles/robotont_msgs__rosidl_typesupport_fastrtps_cpp.dir/rosidl_typesupport_fastrtps_cpp/robotont_msgs/msg/detail/dds_fastrtps/led_module_mode__type_support.cpp.o[0m
[1.209s] [ 67%] [32mBuilding CXX object CMakeFiles/robotont_msgs__rosidl_typesupport_fastrtps_cpp.dir/rosidl_typesupport_fastrtps_cpp/robotont_msgs/msg/detail/dds_fastrtps/power_supply__type_support.cpp.o[0m
[1.209s] [ 69%] [32mBuilding CXX object CMakeFiles/robotont_msgs__rosidl_typesupport_introspection_cpp.dir/rosidl_typesupport_introspection_cpp/robotont_msgs/msg/detail/led_module_segment__type_support.cpp.o[0m
[1.209s] [ 70%] [32mBuilding CXX object CMakeFiles/robotont_msgs__rosidl_typesupport_fastrtps_cpp.dir/rosidl_typesupport_fastrtps_cpp/robotont_msgs/msg/detail/dds_fastrtps/laser_scan_split__type_support.cpp.o[0m
[1.209s] [ 71%] [32mBuilding CXX object CMakeFiles/robotont_msgs__rosidl_typesupport_introspection_cpp.dir/rosidl_typesupport_introspection_cpp/robotont_msgs/msg/detail/led_module_mode__type_support.cpp.o[0m
[1.209s] [ 72%] [32mBuilding CXX object CMakeFiles/robotont_msgs__rosidl_typesupport_introspection_cpp.dir/rosidl_typesupport_introspection_cpp/robotont_msgs/msg/detail/power_supply__type_support.cpp.o[0m
[1.209s] [ 73%] [32mBuilding CXX object CMakeFiles/robotont_msgs__rosidl_typesupport_introspection_cpp.dir/rosidl_typesupport_introspection_cpp/robotont_msgs/msg/detail/laser_scan_split__type_support.cpp.o[0m
[1.209s] [ 75%] [32m[1mLinking CXX shared library librobotont_msgs__rosidl_typesupport_cpp.so[0m
[1.241s] [ 76%] Built target robotont_msgs__rosidl_typesupport_cpp
[1.481s] [ 77%] [32m[1mLinking CXX shared library librobotont_msgs__rosidl_typesupport_fastrtps_c.so[0m
[1.642s] [ 78%] Built target robotont_msgs__rosidl_typesupport_fastrtps_c
[1.793s] [ 79%] [32m[1mLinking CXX shared library librobotont_msgs__rosidl_typesupport_introspection_cpp.so[0m
[2.136s] [ 80%] Built target robotont_msgs__rosidl_typesupport_introspection_cpp
[2.184s] [ 82%] [32m[1mLinking CXX shared library librobotont_msgs__rosidl_typesupport_fastrtps_cpp.so[0m
[2.556s] [ 83%] Built target robotont_msgs__rosidl_typesupport_fastrtps_cpp
[2.611s] [ 83%] Built target robotont_msgs
[2.655s] [ 84%] Built target robotont_msgs__py
[2.697s] [ 86%] [32mBuilding C object CMakeFiles/robotont_msgs__rosidl_generator_py.dir/rosidl_generator_py/robotont_msgs/msg/_color_rgb_s.c.o[0m
[2.698s] [ 86%] [32mBuilding C object CMakeFiles/robotont_msgs__rosidl_generator_py.dir/rosidl_generator_py/robotont_msgs/msg/_led_module_mode_s.c.o[0m
[2.698s] [ 89%] [32mBuilding C object CMakeFiles/robotont_msgs__rosidl_generator_py.dir/rosidl_generator_py/robotont_msgs/msg/_power_supply_s.c.o[0m
[2.698s] [ 88%] [32mBuilding C object CMakeFiles/robotont_msgs__rosidl_generator_py.dir/rosidl_generator_py/robotont_msgs/msg/_led_module_segment_s.c.o[0m
[2.698s] [ 90%] [32mBuilding C object CMakeFiles/robotont_msgs__rosidl_generator_py.dir/rosidl_generator_py/robotont_msgs/msg/_led_module_pixel_s.c.o[0m
[2.700s] [ 91%] [32mBuilding C object CMakeFiles/robotont_msgs__rosidl_generator_py.dir/rosidl_generator_py/robotont_msgs/msg/_laser_scan_split_s.c.o[0m
[2.882s] [ 92%] [32m[1mLinking C shared library librobotont_msgs__rosidl_generator_py.so[0m
[2.931s] [ 92%] Built target robotont_msgs__rosidl_generator_py
[2.960s] [ 96%] [32mBuilding C object CMakeFiles/robotont_msgs_s__rosidl_typesupport_c.dir/rosidl_generator_py/robotont_msgs/_robotont_msgs_s.ep.rosidl_typesupport_c.c.o[0m
[2.960s] [ 96%] [32mBuilding C object CMakeFiles/robotont_msgs_s__rosidl_typesupport_introspection_c.dir/rosidl_generator_py/robotont_msgs/_robotont_msgs_s.ep.rosidl_typesupport_introspection_c.c.o[0m
[2.960s] [ 96%] [32mBuilding C object CMakeFiles/robotont_msgs_s__rosidl_typesupport_fastrtps_c.dir/rosidl_generator_py/robotont_msgs/_robotont_msgs_s.ep.rosidl_typesupport_fastrtps_c.c.o[0m
[3.095s] [ 98%] [32m[1mLinking C shared module rosidl_generator_py/robotont_msgs/robotont_msgs_s__rosidl_typesupport_c.so[0m
[3.095s] [ 98%] [32m[1mLinking C shared module rosidl_generator_py/robotont_msgs/robotont_msgs_s__rosidl_typesupport_introspection_c.so[0m
[3.097s] [100%] [32m[1mLinking C shared module rosidl_generator_py/robotont_msgs/robotont_msgs_s__rosidl_typesupport_fastrtps_c.so[0m
[3.133s] [100%] Built target robotont_msgs_s__rosidl_typesupport_c
[3.136s] [100%] Built target robotont_msgs_s__rosidl_typesupport_introspection_c
[3.139s] [100%] Built target robotont_msgs_s__rosidl_typesupport_fastrtps_c
[3.153s] Invoked command in '/home/peko/colcon_ws/build/robotont_msgs' returned '0': CMAKE_PREFIX_PATH=${CMAKE_PREFIX_PATH}:/home/peko/colcon_ws/install/robina_rfid:/opt/ros/jazzy DEBUGINFOD_URLS=https://debuginfod.ubuntu.com /usr/bin/cmake --build /home/peko/colcon_ws/build/robotont_msgs -- -j16 -l16
[3.155s] Invoking command in '/home/peko/colcon_ws/build/robotont_msgs': CMAKE_PREFIX_PATH=${CMAKE_PREFIX_PATH}:/home/peko/colcon_ws/install/robina_rfid:/opt/ros/jazzy DEBUGINFOD_URLS=https://debuginfod.ubuntu.com /usr/bin/cmake --install /home/peko/colcon_ws/build/robotont_msgs
[3.165s] -- Install configuration: ""
[3.165s] -- Up-to-date: /home/peko/colcon_ws/install/robotont_msgs/share/ament_index/resource_index/rosidl_interfaces/robotont_msgs
[3.165s] -- Up-to-date: /home/peko/colcon_ws/install/robotont_msgs/share/robotont_msgs/msg/ColorRGB.json
[3.165s] -- Up-to-date: /home/peko/colcon_ws/install/robotont_msgs/share/robotont_msgs/msg/LedModulePixel.json
[3.165s] -- Up-to-date: /home/peko/colcon_ws/install/robotont_msgs/share/robotont_msgs/msg/LedModuleSegment.json
[3.165s] -- Up-to-date: /home/peko/colcon_ws/install/robotont_msgs/share/robotont_msgs/msg/LedModuleMode.json
[3.165s] -- Up-to-date: /home/peko/colcon_ws/install/robotont_msgs/share/robotont_msgs/msg/PowerSupply.json
[3.166s] -- Up-to-date: /home/peko/colcon_ws/install/robotont_msgs/share/robotont_msgs/msg/LaserScanSplit.json
[3.166s] -- Up-to-date: /home/peko/colcon_ws/install/robotont_msgs/include/robotont_msgs/robotont_msgs
[3.166s] -- Up-to-date: /home/peko/colcon_ws/install/robotont_msgs/include/robotont_msgs/robotont_msgs/msg
[3.166s] -- Up-to-date: /home/peko/colcon_ws/install/robotont_msgs/include/robotont_msgs/robotont_msgs/msg/detail
[3.166s] -- Up-to-date: /home/peko/colcon_ws/install/robotont_msgs/include/robotont_msgs/robotont_msgs/msg/detail/led_module_segment__description.c
[3.167s] -- Up-to-date: /home/peko/colcon_ws/install/robotont_msgs/include/robotont_msgs/robotont_msgs/msg/detail/color_rgb__type_support.c
[3.167s] -- Up-to-date: /home/peko/colcon_ws/install/robotont_msgs/include/robotont_msgs/robotont_msgs/msg/detail/led_module_pixel__type_support.c
[3.167s] -- Up-to-date: /home/peko/colcon_ws/install/robotont_msgs/include/robotont_msgs/robotont_msgs/msg/detail/laser_scan_split__struct.h
[3.167s] -- Up-to-date: /home/peko/colcon_ws/install/robotont_msgs/include/robotont_msgs/robotont_msgs/msg/detail/led_module_segment__type_support.h
[3.167s] -- Up-to-date: /home/peko/colcon_ws/install/robotont_msgs/include/robotont_msgs/robotont_msgs/msg/detail/led_module_mode__functions.c
[3.167s] -- Up-to-date: /home/peko/colcon_ws/install/robotont_msgs/include/robotont_msgs/robotont_msgs/msg/detail/led_module_mode__type_support.c
[3.167s] -- Up-to-date: /home/peko/colcon_ws/install/robotont_msgs/include/robotont_msgs/robotont_msgs/msg/detail/laser_scan_split__functions.c
[3.167s] -- Up-to-date: /home/peko/colcon_ws/install/robotont_msgs/include/robotont_msgs/robotont_msgs/msg/detail/color_rgb__functions.c
[3.167s] -- Up-to-date: /home/peko/colcon_ws/install/robotont_msgs/include/robotont_msgs/robotont_msgs/msg/detail/led_module_pixel__description.c
[3.167s] -- Up-to-date: /home/peko/colcon_ws/install/robotont_msgs/include/robotont_msgs/robotont_msgs/msg/detail/led_module_pixel__functions.h
[3.167s] -- Up-to-date: /home/peko/colcon_ws/install/robotont_msgs/include/robotont_msgs/robotont_msgs/msg/detail/color_rgb__functions.h
[3.168s] -- Up-to-date: /home/peko/colcon_ws/install/robotont_msgs/include/robotont_msgs/robotont_msgs/msg/detail/power_supply__description.c
[3.168s] -- Up-to-date: /home/peko/colcon_ws/install/robotont_msgs/include/robotont_msgs/robotont_msgs/msg/detail/led_module_mode__description.c
[3.168s] -- Up-to-date: /home/peko/colcon_ws/install/robotont_msgs/include/robotont_msgs/robotont_msgs/msg/detail/color_rgb__struct.h
[3.168s] -- Up-to-date: /home/peko/colcon_ws/install/robotont_msgs/include/robotont_msgs/robotont_msgs/msg/detail/laser_scan_split__type_support.c
[3.168s] -- Up-to-date: /home/peko/colcon_ws/install/robotont_msgs/include/robotont_msgs/robotont_msgs/msg/detail/led_module_mode__functions.h
[3.168s] -- Up-to-date: /home/peko/colcon_ws/install/robotont_msgs/include/robotont_msgs/robotont_msgs/msg/detail/power_supply__functions.c
[3.168s] -- Up-to-date: /home/peko/colcon_ws/install/robotont_msgs/include/robotont_msgs/robotont_msgs/msg/detail/led_module_pixel__struct.h
[3.168s] -- Up-to-date: /home/peko/colcon_ws/install/robotont_msgs/include/robotont_msgs/robotont_msgs/msg/detail/power_supply__struct.h
[3.168s] -- Up-to-date: /home/peko/colcon_ws/install/robotont_msgs/include/robotont_msgs/robotont_msgs/msg/detail/laser_scan_split__type_support.h
[3.168s] -- Up-to-date: /home/peko/colcon_ws/install/robotont_msgs/include/robotont_msgs/robotont_msgs/msg/detail/color_rgb__type_support.h
[3.168s] -- Up-to-date: /home/peko/colcon_ws/install/robotont_msgs/include/robotont_msgs/robotont_msgs/msg/detail/laser_scan_split__description.c
[3.169s] -- Up-to-date: /home/peko/colcon_ws/install/robotont_msgs/include/robotont_msgs/robotont_msgs/msg/detail/color_rgb__description.c
[3.169s] -- Up-to-date: /home/peko/colcon_ws/install/robotont_msgs/include/robotont_msgs/robotont_msgs/msg/detail/power_supply__type_support.h
[3.169s] -- Up-to-date: /home/peko/colcon_ws/install/robotont_msgs/include/robotont_msgs/robotont_msgs/msg/detail/led_module_mode__struct.h
[3.169s] -- Up-to-date: /home/peko/colcon_ws/install/robotont_msgs/include/robotont_msgs/robotont_msgs/msg/detail/laser_scan_split__functions.h
[3.169s] -- Up-to-date: /home/peko/colcon_ws/install/robotont_msgs/include/robotont_msgs/robotont_msgs/msg/detail/led_module_pixel__type_support.h
[3.169s] -- Up-to-date: /home/peko/colcon_ws/install/robotont_msgs/include/robotont_msgs/robotont_msgs/msg/detail/led_module_segment__struct.h
[3.169s] -- Up-to-date: /home/peko/colcon_ws/install/robotont_msgs/include/robotont_msgs/robotont_msgs/msg/detail/led_module_pixel__functions.c
[3.169s] -- Up-to-date: /home/peko/colcon_ws/install/robotont_msgs/include/robotont_msgs/robotont_msgs/msg/detail/led_module_segment__functions.h
[3.169s] -- Up-to-date: /home/peko/colcon_ws/install/robotont_msgs/include/robotont_msgs/robotont_msgs/msg/detail/led_module_segment__type_support.c
[3.169s] -- Up-to-date: /home/peko/colcon_ws/install/robotont_msgs/include/robotont_msgs/robotont_msgs/msg/detail/led_module_segment__functions.c
[3.169s] -- Up-to-date: /home/peko/colcon_ws/install/robotont_msgs/include/robotont_msgs/robotont_msgs/msg/detail/power_supply__type_support.c
[3.170s] -- Up-to-date: /home/peko/colcon_ws/install/robotont_msgs/include/robotont_msgs/robotont_msgs/msg/detail/led_module_mode__type_support.h
[3.170s] -- Up-to-date: /home/peko/colcon_ws/install/robotont_msgs/include/robotont_msgs/robotont_msgs/msg/detail/power_supply__functions.h
[3.170s] -- Up-to-date: /home/peko/colcon_ws/install/robotont_msgs/include/robotont_msgs/robotont_msgs/msg/laser_scan_split.h
[3.170s] -- Up-to-date: /home/peko/colcon_ws/install/robotont_msgs/include/robotont_msgs/robotont_msgs/msg/power_supply.h
[3.170s] -- Up-to-date: /home/peko/colcon_ws/install/robotont_msgs/include/robotont_msgs/robotont_msgs/msg/led_module_pixel.h
[3.170s] -- Up-to-date: /home/peko/colcon_ws/install/robotont_msgs/include/robotont_msgs/robotont_msgs/msg/led_module_segment.h
[3.170s] -- Up-to-date: /home/peko/colcon_ws/install/robotont_msgs/include/robotont_msgs/robotont_msgs/msg/rosidl_generator_c__visibility_control.h
[3.170s] -- Up-to-date: /home/peko/colcon_ws/install/robotont_msgs/include/robotont_msgs/robotont_msgs/msg/led_module_mode.h
[3.170s] -- Up-to-date: /home/peko/colcon_ws/install/robotont_msgs/include/robotont_msgs/robotont_msgs/msg/color_rgb.h
[3.170s] -- Up-to-date: /home/peko/colcon_ws/install/robotont_msgs/share/robotont_msgs/environment/library_path.sh
[3.171s] -- Up-to-date: /home/peko/colcon_ws/install/robotont_msgs/share/robotont_msgs/environment/library_path.dsv
[3.171s] -- Up-to-date: /home/peko/colcon_ws/install/robotont_msgs/lib/librobotont_msgs__rosidl_generator_c.so
[3.171s] -- Up-to-date: /home/peko/colcon_ws/install/robotont_msgs/include/robotont_msgs/robotont_msgs
[3.171s] -- Up-to-date: /home/peko/colcon_ws/install/robotont_msgs/include/robotont_msgs/robotont_msgs/msg
[3.171s] -- Up-to-date: /home/peko/colcon_ws/install/robotont_msgs/include/robotont_msgs/robotont_msgs/msg/detail
[3.171s] -- Up-to-date: /home/peko/colcon_ws/install/robotont_msgs/include/robotont_msgs/robotont_msgs/msg/detail/led_module_mode__rosidl_typesupport_fastrtps_c.h
[3.171s] -- Up-to-date: /home/peko/colcon_ws/install/robotont_msgs/include/robotont_msgs/robotont_msgs/msg/detail/color_rgb__rosidl_typesupport_fastrtps_c.h
[3.171s] -- Up-to-date: /home/peko/colcon_ws/install/robotont_msgs/include/robotont_msgs/robotont_msgs/msg/detail/led_module_segment__rosidl_typesupport_fastrtps_c.h
[3.171s] -- Up-to-date: /home/peko/colcon_ws/install/robotont_msgs/include/robotont_msgs/robotont_msgs/msg/detail/power_supply__rosidl_typesupport_fastrtps_c.h
[3.171s] -- Up-to-date: /home/peko/colcon_ws/install/robotont_msgs/include/robotont_msgs/robotont_msgs/msg/detail/led_module_pixel__rosidl_typesupport_fastrtps_c.h
[3.172s] -- Up-to-date: /home/peko/colcon_ws/install/robotont_msgs/include/robotont_msgs/robotont_msgs/msg/detail/laser_scan_split__rosidl_typesupport_fastrtps_c.h
[3.172s] -- Up-to-date: /home/peko/colcon_ws/install/robotont_msgs/include/robotont_msgs/robotont_msgs/msg/rosidl_typesupport_fastrtps_c__visibility_control.h
[3.172s] -- Installing: /home/peko/colcon_ws/install/robotont_msgs/lib/librobotont_msgs__rosidl_typesupport_fastrtps_c.so
[3.172s] -- Set non-toolchain portion of runtime path of "/home/peko/colcon_ws/install/robotont_msgs/lib/librobotont_msgs__rosidl_typesupport_fastrtps_c.so" to ""
[3.172s] -- Up-to-date: /home/peko/colcon_ws/install/robotont_msgs/include/robotont_msgs/robotont_msgs
[3.172s] -- Up-to-date: /home/peko/colcon_ws/install/robotont_msgs/include/robotont_msgs/robotont_msgs/msg
[3.172s] -- Up-to-date: /home/peko/colcon_ws/install/robotont_msgs/include/robotont_msgs/robotont_msgs/msg/detail
[3.172s] -- Up-to-date: /home/peko/colcon_ws/install/robotont_msgs/include/robotont_msgs/robotont_msgs/msg/detail/color_rgb__type_support.c
[3.172s] -- Up-to-date: /home/peko/colcon_ws/install/robotont_msgs/include/robotont_msgs/robotont_msgs/msg/detail/led_module_pixel__type_support.c
[3.172s] -- Up-to-date: /home/peko/colcon_ws/install/robotont_msgs/include/robotont_msgs/robotont_msgs/msg/detail/led_module_mode__type_support.c
[3.173s] -- Up-to-date: /home/peko/colcon_ws/install/robotont_msgs/include/robotont_msgs/robotont_msgs/msg/detail/led_module_pixel__rosidl_typesupport_introspection_c.h
[3.173s] -- Up-to-date: /home/peko/colcon_ws/install/robotont_msgs/include/robotont_msgs/robotont_msgs/msg/detail/led_module_segment__rosidl_typesupport_introspection_c.h
[3.173s] -- Up-to-date: /home/peko/colcon_ws/install/robotont_msgs/include/robotont_msgs/robotont_msgs/msg/detail/color_rgb__rosidl_typesupport_introspection_c.h
[3.173s] -- Up-to-date: /home/peko/colcon_ws/install/robotont_msgs/include/robotont_msgs/robotont_msgs/msg/detail/power_supply__rosidl_typesupport_introspection_c.h
[3.173s] -- Up-to-date: /home/peko/colcon_ws/install/robotont_msgs/include/robotont_msgs/robotont_msgs/msg/detail/laser_scan_split__type_support.c
[3.173s] -- Up-to-date: /home/peko/colcon_ws/install/robotont_msgs/include/robotont_msgs/robotont_msgs/msg/detail/led_module_mode__rosidl_typesupport_introspection_c.h
[3.173s] -- Up-to-date: /home/peko/colcon_ws/install/robotont_msgs/include/robotont_msgs/robotont_msgs/msg/detail/laser_scan_split__rosidl_typesupport_introspection_c.h
[3.173s] -- Up-to-date: /home/peko/colcon_ws/install/robotont_msgs/include/robotont_msgs/robotont_msgs/msg/detail/led_module_segment__type_support.c
[3.173s] -- Up-to-date: /home/peko/colcon_ws/install/robotont_msgs/include/robotont_msgs/robotont_msgs/msg/detail/power_supply__type_support.c
[3.174s] -- Up-to-date: /home/peko/colcon_ws/install/robotont_msgs/include/robotont_msgs/robotont_msgs/msg/rosidl_typesupport_introspection_c__visibility_control.h
[3.174s] -- Up-to-date: /home/peko/colcon_ws/install/robotont_msgs/lib/librobotont_msgs__rosidl_typesupport_introspection_c.so
[3.174s] -- Up-to-date: /home/peko/colcon_ws/install/robotont_msgs/lib/librobotont_msgs__rosidl_typesupport_c.so
[3.174s] -- Up-to-date: /home/peko/colcon_ws/install/robotont_msgs/include/robotont_msgs/robotont_msgs
[3.174s] -- Up-to-date: /home/peko/colcon_ws/install/robotont_msgs/include/robotont_msgs/robotont_msgs/msg
[3.174s] -- Up-to-date: /home/peko/colcon_ws/install/robotont_msgs/include/robotont_msgs/robotont_msgs/msg/led_module_pixel.hpp
[3.174s] -- Up-to-date: /home/peko/colcon_ws/install/robotont_msgs/include/robotont_msgs/robotont_msgs/msg/detail
[3.174s] -- Up-to-date: /home/peko/colcon_ws/install/robotont_msgs/include/robotont_msgs/robotont_msgs/msg/detail/laser_scan_split__struct.hpp
[3.174s] -- Up-to-date: /home/peko/colcon_ws/install/robotont_msgs/include/robotont_msgs/robotont_msgs/msg/detail/led_module_segment__struct.hpp
[3.175s] -- Up-to-date: /home/peko/colcon_ws/install/robotont_msgs/include/robotont_msgs/robotont_msgs/msg/detail/led_module_pixel__struct.hpp
[3.175s] -- Up-to-date: /home/peko/colcon_ws/install/robotont_msgs/include/robotont_msgs/robotont_msgs/msg/detail/laser_scan_split__traits.hpp
[3.175s] -- Up-to-date: /home/peko/colcon_ws/install/robotont_msgs/include/robotont_msgs/robotont_msgs/msg/detail/power_supply__traits.hpp
[3.175s] -- Up-to-date: /home/peko/colcon_ws/install/robotont_msgs/include/robotont_msgs/robotont_msgs/msg/detail/power_supply__type_support.hpp
[3.175s] -- Up-to-date: /home/peko/colcon_ws/install/robotont_msgs/include/robotont_msgs/robotont_msgs/msg/detail/led_module_segment__traits.hpp
[3.175s] -- Up-to-date: /home/peko/colcon_ws/install/robotont_msgs/include/robotont_msgs/robotont_msgs/msg/detail/led_module_mode__builder.hpp
[3.175s] -- Up-to-date: /home/peko/colcon_ws/install/robotont_msgs/include/robotont_msgs/robotont_msgs/msg/detail/color_rgb__struct.hpp
[3.175s] -- Up-to-date: /home/peko/colcon_ws/install/robotont_msgs/include/robotont_msgs/robotont_msgs/msg/detail/led_module_mode__type_support.hpp
[3.175s] -- Up-to-date: /home/peko/colcon_ws/install/robotont_msgs/include/robotont_msgs/robotont_msgs/msg/detail/led_module_segment__type_support.hpp
[3.175s] -- Up-to-date: /home/peko/colcon_ws/install/robotont_msgs/include/robotont_msgs/robotont_msgs/msg/detail/laser_scan_split__builder.hpp
[3.176s] -- Up-to-date: /home/peko/colcon_ws/install/robotont_msgs/include/robotont_msgs/robotont_msgs/msg/detail/color_rgb__type_support.hpp
[3.176s] -- Up-to-date: /home/peko/colcon_ws/install/robotont_msgs/include/robotont_msgs/robotont_msgs/msg/detail/power_supply__builder.hpp
[3.176s] -- Up-to-date: /home/peko/colcon_ws/install/robotont_msgs/include/robotont_msgs/robotont_msgs/msg/detail/power_supply__struct.hpp
[3.176s] -- Up-to-date: /home/peko/colcon_ws/install/robotont_msgs/include/robotont_msgs/robotont_msgs/msg/detail/led_module_mode__struct.hpp
[3.176s] -- Up-to-date: /home/peko/colcon_ws/install/robotont_msgs/include/robotont_msgs/robotont_msgs/msg/detail/led_module_segment__builder.hpp
[3.176s] -- Up-to-date: /home/peko/colcon_ws/install/robotont_msgs/include/robotont_msgs/robotont_msgs/msg/detail/color_rgb__builder.hpp
[3.176s] -- Up-to-date: /home/peko/colcon_ws/install/robotont_msgs/include/robotont_msgs/robotont_msgs/msg/detail/led_module_pixel__builder.hpp
[3.176s] -- Up-to-date: /home/peko/colcon_ws/install/robotont_msgs/include/robotont_msgs/robotont_msgs/msg/detail/led_module_pixel__traits.hpp
[3.176s] -- Up-to-date: /home/peko/colcon_ws/install/robotont_msgs/include/robotont_msgs/robotont_msgs/msg/detail/laser_scan_split__type_support.hpp
[3.176s] -- Up-to-date: /home/peko/colcon_ws/install/robotont_msgs/include/robotont_msgs/robotont_msgs/msg/detail/color_rgb__traits.hpp
[3.177s] -- Up-to-date: /home/peko/colcon_ws/install/robotont_msgs/include/robotont_msgs/robotont_msgs/msg/detail/led_module_pixel__type_support.hpp
[3.177s] -- Up-to-date: /home/peko/colcon_ws/install/robotont_msgs/include/robotont_msgs/robotont_msgs/msg/detail/led_module_mode__traits.hpp
[3.177s] -- Up-to-date: /home/peko/colcon_ws/install/robotont_msgs/include/robotont_msgs/robotont_msgs/msg/color_rgb.hpp
[3.177s] -- Up-to-date: /home/peko/colcon_ws/install/robotont_msgs/include/robotont_msgs/robotont_msgs/msg/rosidl_generator_cpp__visibility_control.hpp
[3.177s] -- Up-to-date: /home/peko/colcon_ws/install/robotont_msgs/include/robotont_msgs/robotont_msgs/msg/power_supply.hpp
[3.177s] -- Up-to-date: /home/peko/colcon_ws/install/robotont_msgs/include/robotont_msgs/robotont_msgs/msg/led_module_segment.hpp
[3.177s] -- Up-to-date: /home/peko/colcon_ws/install/robotont_msgs/include/robotont_msgs/robotont_msgs/msg/led_module_mode.hpp
[3.177s] -- Up-to-date: /home/peko/colcon_ws/install/robotont_msgs/include/robotont_msgs/robotont_msgs/msg/laser_scan_split.hpp
[3.177s] -- Up-to-date: /home/peko/colcon_ws/install/robotont_msgs/include/robotont_msgs/robotont_msgs
[3.177s] -- Up-to-date: /home/peko/colcon_ws/install/robotont_msgs/include/robotont_msgs/robotont_msgs/msg
[3.178s] -- Up-to-date: /home/peko/colcon_ws/install/robotont_msgs/include/robotont_msgs/robotont_msgs/msg/detail
[3.178s] -- Up-to-date: /home/peko/colcon_ws/install/robotont_msgs/include/robotont_msgs/robotont_msgs/msg/detail/led_module_segment__rosidl_typesupport_fastrtps_cpp.hpp
[3.178s] -- Up-to-date: /home/peko/colcon_ws/install/robotont_msgs/include/robotont_msgs/robotont_msgs/msg/detail/color_rgb__rosidl_typesupport_fastrtps_cpp.hpp
[3.178s] -- Up-to-date: /home/peko/colcon_ws/install/robotont_msgs/include/robotont_msgs/robotont_msgs/msg/detail/led_module_pixel__rosidl_typesupport_fastrtps_cpp.hpp
[3.178s] -- Up-to-date: /home/peko/colcon_ws/install/robotont_msgs/include/robotont_msgs/robotont_msgs/msg/detail/power_supply__rosidl_typesupport_fastrtps_cpp.hpp
[3.178s] -- Up-to-date: /home/peko/colcon_ws/install/robotont_msgs/include/robotont_msgs/robotont_msgs/msg/detail/dds_fastrtps
[3.178s] -- Up-to-date: /home/peko/colcon_ws/install/robotont_msgs/include/robotont_msgs/robotont_msgs/msg/detail/laser_scan_split__rosidl_typesupport_fastrtps_cpp.hpp
[3.178s] -- Up-to-date: /home/peko/colcon_ws/install/robotont_msgs/include/robotont_msgs/robotont_msgs/msg/detail/led_module_mode__rosidl_typesupport_fastrtps_cpp.hpp
[3.178s] -- Up-to-date: /home/peko/colcon_ws/install/robotont_msgs/include/robotont_msgs/robotont_msgs/msg/rosidl_typesupport_fastrtps_cpp__visibility_control.h
[3.179s] -- Installing: /home/peko/colcon_ws/install/robotont_msgs/lib/librobotont_msgs__rosidl_typesupport_fastrtps_cpp.so
[3.179s] -- Set non-toolchain portion of runtime path of "/home/peko/colcon_ws/install/robotont_msgs/lib/librobotont_msgs__rosidl_typesupport_fastrtps_cpp.so" to ""
[3.179s] -- Up-to-date: /home/peko/colcon_ws/install/robotont_msgs/include/robotont_msgs/robotont_msgs
[3.179s] -- Up-to-date: /home/peko/colcon_ws/install/robotont_msgs/include/robotont_msgs/robotont_msgs/msg
[3.179s] -- Up-to-date: /home/peko/colcon_ws/install/robotont_msgs/include/robotont_msgs/robotont_msgs/msg/detail
[3.179s] -- Up-to-date: /home/peko/colcon_ws/install/robotont_msgs/include/robotont_msgs/robotont_msgs/msg/detail/power_supply__rosidl_typesupport_introspection_cpp.hpp
[3.179s] -- Up-to-date: /home/peko/colcon_ws/install/robotont_msgs/include/robotont_msgs/robotont_msgs/msg/detail/led_module_pixel__type_support.cpp
[3.179s] -- Up-to-date: /home/peko/colcon_ws/install/robotont_msgs/include/robotont_msgs/robotont_msgs/msg/detail/laser_scan_split__type_support.cpp
[3.179s] -- Up-to-date: /home/peko/colcon_ws/install/robotont_msgs/include/robotont_msgs/robotont_msgs/msg/detail/led_module_segment__rosidl_typesupport_introspection_cpp.hpp
[3.179s] -- Up-to-date: /home/peko/colcon_ws/install/robotont_msgs/include/robotont_msgs/robotont_msgs/msg/detail/led_module_mode__type_support.cpp
[3.180s] -- Up-to-date: /home/peko/colcon_ws/install/robotont_msgs/include/robotont_msgs/robotont_msgs/msg/detail/color_rgb__type_support.cpp
[3.180s] -- Up-to-date: /home/peko/colcon_ws/install/robotont_msgs/include/robotont_msgs/robotont_msgs/msg/detail/led_module_segment__type_support.cpp
[3.180s] -- Up-to-date: /home/peko/colcon_ws/install/robotont_msgs/include/robotont_msgs/robotont_msgs/msg/detail/led_module_mode__rosidl_typesupport_introspection_cpp.hpp
[3.180s] -- Up-to-date: /home/peko/colcon_ws/install/robotont_msgs/include/robotont_msgs/robotont_msgs/msg/detail/power_supply__type_support.cpp
[3.180s] -- Up-to-date: /home/peko/colcon_ws/install/robotont_msgs/include/robotont_msgs/robotont_msgs/msg/detail/color_rgb__rosidl_typesupport_introspection_cpp.hpp
[3.180s] -- Up-to-date: /home/peko/colcon_ws/install/robotont_msgs/include/robotont_msgs/robotont_msgs/msg/detail/laser_scan_split__rosidl_typesupport_introspection_cpp.hpp
[3.180s] -- Up-to-date: /home/peko/colcon_ws/install/robotont_msgs/include/robotont_msgs/robotont_msgs/msg/detail/led_module_pixel__rosidl_typesupport_introspection_cpp.hpp
[3.180s] -- Installing: /home/peko/colcon_ws/install/robotont_msgs/lib/librobotont_msgs__rosidl_typesupport_introspection_cpp.so
[3.180s] -- Set non-toolchain portion of runtime path of "/home/peko/colcon_ws/install/robotont_msgs/lib/librobotont_msgs__rosidl_typesupport_introspection_cpp.so" to ""
[3.180s] -- Installing: /home/peko/colcon_ws/install/robotont_msgs/lib/librobotont_msgs__rosidl_typesupport_cpp.so
[3.180s] -- Set non-toolchain portion of runtime path of "/home/peko/colcon_ws/install/robotont_msgs/lib/librobotont_msgs__rosidl_typesupport_cpp.so" to ""
[3.181s] -- Up-to-date: /home/peko/colcon_ws/install/robotont_msgs/share/robotont_msgs/environment/pythonpath.sh
[3.181s] -- Up-to-date: /home/peko/colcon_ws/install/robotont_msgs/share/robotont_msgs/environment/pythonpath.dsv
[3.181s] -- Up-to-date: /home/peko/colcon_ws/install/robotont_msgs/lib/python3.12/site-packages/robotont_msgs-0.2.0-py3.12.egg-info
[3.181s] -- Installing: /home/peko/colcon_ws/install/robotont_msgs/lib/python3.12/site-packages/robotont_msgs-0.2.0-py3.12.egg-info/PKG-INFO
[3.181s] -- Installing: /home/peko/colcon_ws/install/robotont_msgs/lib/python3.12/site-packages/robotont_msgs-0.2.0-py3.12.egg-info/SOURCES.txt
[3.181s] -- Installing: /home/peko/colcon_ws/install/robotont_msgs/lib/python3.12/site-packages/robotont_msgs-0.2.0-py3.12.egg-info/top_level.txt
[3.181s] -- Installing: /home/peko/colcon_ws/install/robotont_msgs/lib/python3.12/site-packages/robotont_msgs-0.2.0-py3.12.egg-info/dependency_links.txt
[3.181s] -- Up-to-date: /home/peko/colcon_ws/install/robotont_msgs/lib/python3.12/site-packages/robotont_msgs
[3.181s] -- Up-to-date: /home/peko/colcon_ws/install/robotont_msgs/lib/python3.12/site-packages/robotont_msgs/_robotont_msgs_s.ep.rosidl_typesupport_fastrtps_c.c
[3.181s] -- Up-to-date: /home/peko/colcon_ws/install/robotont_msgs/lib/python3.12/site-packages/robotont_msgs/__init__.py
[3.181s] -- Up-to-date: /home/peko/colcon_ws/install/robotont_msgs/lib/python3.12/site-packages/robotont_msgs/msg
[3.181s] -- Up-to-date: /home/peko/colcon_ws/install/robotont_msgs/lib/python3.12/site-packages/robotont_msgs/msg/_led_module_segment_s.c
[3.182s] -- Up-to-date: /home/peko/colcon_ws/install/robotont_msgs/lib/python3.12/site-packages/robotont_msgs/msg/_laser_scan_split.py
[3.182s] -- Up-to-date: /home/peko/colcon_ws/install/robotont_msgs/lib/python3.12/site-packages/robotont_msgs/msg/_led_module_pixel.py
[3.182s] -- Up-to-date: /home/peko/colcon_ws/install/robotont_msgs/lib/python3.12/site-packages/robotont_msgs/msg/_power_supply_s.c
[3.182s] -- Up-to-date: /home/peko/colcon_ws/install/robotont_msgs/lib/python3.12/site-packages/robotont_msgs/msg/_color_rgb_s.c
[3.182s] -- Up-to-date: /home/peko/colcon_ws/install/robotont_msgs/lib/python3.12/site-packages/robotont_msgs/msg/_led_module_segment.py
[3.182s] -- Up-to-date: /home/peko/colcon_ws/install/robotont_msgs/lib/python3.12/site-packages/robotont_msgs/msg/_led_module_mode_s.c
[3.182s] -- Up-to-date: /home/peko/colcon_ws/install/robotont_msgs/lib/python3.12/site-packages/robotont_msgs/msg/_power_supply.py
[3.182s] -- Up-to-date: /home/peko/colcon_ws/install/robotont_msgs/lib/python3.12/site-packages/robotont_msgs/msg/__init__.py
[3.182s] -- Up-to-date: /home/peko/colcon_ws/install/robotont_msgs/lib/python3.12/site-packages/robotont_msgs/msg/_led_module_pixel_s.c
[3.182s] -- Up-to-date: /home/peko/colcon_ws/install/robotont_msgs/lib/python3.12/site-packages/robotont_msgs/msg/_led_module_mode.py
[3.182s] -- Up-to-date: /home/peko/colcon_ws/install/robotont_msgs/lib/python3.12/site-packages/robotont_msgs/msg/_color_rgb.py
[3.182s] -- Up-to-date: /home/peko/colcon_ws/install/robotont_msgs/lib/python3.12/site-packages/robotont_msgs/msg/_laser_scan_split_s.c
[3.182s] -- Installing: /home/peko/colcon_ws/install/robotont_msgs/lib/python3.12/site-packages/robotont_msgs/robotont_msgs_s__rosidl_typesupport_c.so
[3.183s] -- Installing: /home/peko/colcon_ws/install/robotont_msgs/lib/python3.12/site-packages/robotont_msgs/robotont_msgs_s__rosidl_typesupport_fastrtps_c.so
[3.183s] -- Installing: /home/peko/colcon_ws/install/robotont_msgs/lib/python3.12/site-packages/robotont_msgs/robotont_msgs_s__rosidl_typesupport_introspection_c.so
[3.183s] -- Up-to-date: /home/peko/colcon_ws/install/robotont_msgs/lib/python3.12/site-packages/robotont_msgs/_robotont_msgs_s.ep.rosidl_typesupport_introspection_c.c
[3.183s] -- Up-to-date: /home/peko/colcon_ws/install/robotont_msgs/lib/python3.12/site-packages/robotont_msgs/_robotont_msgs_s.ep.rosidl_typesupport_c.c
[3.220s] Listing '/home/peko/colcon_ws/install/robotont_msgs/lib/python3.12/site-packages/robotont_msgs'...
[3.220s] Listing '/home/peko/colcon_ws/install/robotont_msgs/lib/python3.12/site-packages/robotont_msgs/msg'...
[3.226s] -- Installing: /home/peko/colcon_ws/install/robotont_msgs/lib/python3.12/site-packages/robotont_msgs/robotont_msgs_s__rosidl_typesupport_fastrtps_c.so
[3.226s] -- Set non-toolchain portion of runtime path of "/home/peko/colcon_ws/install/robotont_msgs/lib/python3.12/site-packages/robotont_msgs/robotont_msgs_s__rosidl_typesupport_fastrtps_c.so" to ""
[3.226s] -- Installing: /home/peko/colcon_ws/install/robotont_msgs/lib/python3.12/site-packages/robotont_msgs/robotont_msgs_s__rosidl_typesupport_introspection_c.so
[3.226s] -- Set non-toolchain portion of runtime path of "/home/peko/colcon_ws/install/robotont_msgs/lib/python3.12/site-packages/robotont_msgs/robotont_msgs_s__rosidl_typesupport_introspection_c.so" to ""
[3.226s] -- Installing: /home/peko/colcon_ws/install/robotont_msgs/lib/python3.12/site-packages/robotont_msgs/robotont_msgs_s__rosidl_typesupport_c.so
[3.227s] -- Set non-toolchain portion of runtime path of "/home/peko/colcon_ws/install/robotont_msgs/lib/python3.12/site-packages/robotont_msgs/robotont_msgs_s__rosidl_typesupport_c.so" to ""
[3.227s] -- Installing: /home/peko/colcon_ws/install/robotont_msgs/lib/librobotont_msgs__rosidl_generator_py.so
[3.227s] -- Set non-toolchain portion of runtime path of "/home/peko/colcon_ws/install/robotont_msgs/lib/librobotont_msgs__rosidl_generator_py.so" to ""
[3.228s] -- Up-to-date: /home/peko/colcon_ws/install/robotont_msgs/share/robotont_msgs/msg/ColorRGB.idl
[3.228s] -- Up-to-date: /home/peko/colcon_ws/install/robotont_msgs/share/robotont_msgs/msg/LedModulePixel.idl
[3.228s] -- Up-to-date: /home/peko/colcon_ws/install/robotont_msgs/share/robotont_msgs/msg/LedModuleSegment.idl
[3.228s] -- Up-to-date: /home/peko/colcon_ws/install/robotont_msgs/share/robotont_msgs/msg/LedModuleMode.idl
[3.228s] -- Up-to-date: /home/peko/colcon_ws/install/robotont_msgs/share/robotont_msgs/msg/PowerSupply.idl
[3.228s] -- Up-to-date: /home/peko/colcon_ws/install/robotont_msgs/share/robotont_msgs/msg/LaserScanSplit.idl
[3.228s] -- Up-to-date: /home/peko/colcon_ws/install/robotont_msgs/share/robotont_msgs/msg/ColorRGB.msg
[3.229s] -- Up-to-date: /home/peko/colcon_ws/install/robotont_msgs/share/robotont_msgs/msg/LedModulePixel.msg
[3.229s] -- Up-to-date: /home/peko/colcon_ws/install/robotont_msgs/share/robotont_msgs/msg/LedModuleSegment.msg
[3.229s] -- Up-to-date: /home/peko/colcon_ws/install/robotont_msgs/share/robotont_msgs/msg/LedModuleMode.msg
[3.229s] -- Up-to-date: /home/peko/colcon_ws/install/robotont_msgs/share/robotont_msgs/msg/PowerSupply.msg
[3.229s] -- Up-to-date: /home/peko/colcon_ws/install/robotont_msgs/share/robotont_msgs/msg/LaserScanSplit.msg
[3.229s] -- Up-to-date: /home/peko/colcon_ws/install/robotont_msgs/share/ament_index/resource_index/package_run_dependencies/robotont_msgs
[3.229s] -- Up-to-date: /home/peko/colcon_ws/install/robotont_msgs/share/ament_index/resource_index/parent_prefix_path/robotont_msgs
[3.229s] -- Up-to-date: /home/peko/colcon_ws/install/robotont_msgs/share/robotont_msgs/environment/ament_prefix_path.sh
[3.229s] -- Up-to-date: /home/peko/colcon_ws/install/robotont_msgs/share/robotont_msgs/environment/ament_prefix_path.dsv
[3.230s] -- Up-to-date: /home/peko/colcon_ws/install/robotont_msgs/share/robotont_msgs/environment/path.sh
[3.230s] -- Up-to-date: /home/peko/colcon_ws/install/robotont_msgs/share/robotont_msgs/environment/path.dsv
[3.230s] -- Up-to-date: /home/peko/colcon_ws/install/robotont_msgs/share/robotont_msgs/local_setup.bash
[3.230s] -- Up-to-date: /home/peko/colcon_ws/install/robotont_msgs/share/robotont_msgs/local_setup.sh
[3.230s] -- Up-to-date: /home/peko/colcon_ws/install/robotont_msgs/share/robotont_msgs/local_setup.zsh
[3.230s] -- Up-to-date: /home/peko/colcon_ws/install/robotont_msgs/share/robotont_msgs/local_setup.dsv
[3.230s] -- Installing: /home/peko/colcon_ws/install/robotont_msgs/share/robotont_msgs/package.dsv
[3.230s] -- Up-to-date: /home/peko/colcon_ws/install/robotont_msgs/share/ament_index/resource_index/packages/robotont_msgs
[3.230s] -- Up-to-date: /home/peko/colcon_ws/install/robotont_msgs/share/robotont_msgs/cmake/export_robotont_msgs__rosidl_generator_cExport.cmake
[3.230s] -- Up-to-date: /home/peko/colcon_ws/install/robotont_msgs/share/robotont_msgs/cmake/export_robotont_msgs__rosidl_generator_cExport-noconfig.cmake
[3.230s] -- Up-to-date: /home/peko/colcon_ws/install/robotont_msgs/share/robotont_msgs/cmake/export_robotont_msgs__rosidl_typesupport_fastrtps_cExport.cmake
[3.231s] -- Up-to-date: /home/peko/colcon_ws/install/robotont_msgs/share/robotont_msgs/cmake/export_robotont_msgs__rosidl_typesupport_fastrtps_cExport-noconfig.cmake
[3.231s] -- Up-to-date: /home/peko/colcon_ws/install/robotont_msgs/share/robotont_msgs/cmake/robotont_msgs__rosidl_typesupport_introspection_cExport.cmake
[3.231s] -- Up-to-date: /home/peko/colcon_ws/install/robotont_msgs/share/robotont_msgs/cmake/robotont_msgs__rosidl_typesupport_introspection_cExport-noconfig.cmake
[3.231s] -- Up-to-date: /home/peko/colcon_ws/install/robotont_msgs/share/robotont_msgs/cmake/robotont_msgs__rosidl_typesupport_cExport.cmake
[3.231s] -- Up-to-date: /home/peko/colcon_ws/install/robotont_msgs/share/robotont_msgs/cmake/robotont_msgs__rosidl_typesupport_cExport-noconfig.cmake
[3.231s] -- Up-to-date: /home/peko/colcon_ws/install/robotont_msgs/share/robotont_msgs/cmake/export_robotont_msgs__rosidl_generator_cppExport.cmake
[3.231s] -- Up-to-date: /home/peko/colcon_ws/install/robotont_msgs/share/robotont_msgs/cmake/export_robotont_msgs__rosidl_typesupport_fastrtps_cppExport.cmake
[3.231s] -- Up-to-date: /home/peko/colcon_ws/install/robotont_msgs/share/robotont_msgs/cmake/export_robotont_msgs__rosidl_typesupport_fastrtps_cppExport-noconfig.cmake
[3.231s] -- Up-to-date: /home/peko/colcon_ws/install/robotont_msgs/share/robotont_msgs/cmake/robotont_msgs__rosidl_typesupport_introspection_cppExport.cmake
[3.232s] -- Up-to-date: /home/peko/colcon_ws/install/robotont_msgs/share/robotont_msgs/cmake/robotont_msgs__rosidl_typesupport_introspection_cppExport-noconfig.cmake
[3.232s] -- Up-to-date: /home/peko/colcon_ws/install/robotont_msgs/share/robotont_msgs/cmake/robotont_msgs__rosidl_typesupport_cppExport.cmake
[3.232s] -- Up-to-date: /home/peko/colcon_ws/install/robotont_msgs/share/robotont_msgs/cmake/robotont_msgs__rosidl_typesupport_cppExport-noconfig.cmake
[3.232s] -- Up-to-date: /home/peko/colcon_ws/install/robotont_msgs/share/robotont_msgs/cmake/export_robotont_msgs__rosidl_generator_pyExport.cmake
[3.232s] -- Up-to-date: /home/peko/colcon_ws/install/robotont_msgs/share/robotont_msgs/cmake/export_robotont_msgs__rosidl_generator_pyExport-noconfig.cmake
[3.232s] -- Up-to-date: /home/peko/colcon_ws/install/robotont_msgs/share/robotont_msgs/cmake/rosidl_cmake-extras.cmake
[3.232s] -- Up-to-date: /home/peko/colcon_ws/install/robotont_msgs/share/robotont_msgs/cmake/ament_cmake_export_dependencies-extras.cmake
[3.232s] -- Up-to-date: /home/peko/colcon_ws/install/robotont_msgs/share/robotont_msgs/cmake/ament_cmake_export_include_directories-extras.cmake
[3.232s] -- Up-to-date: /home/peko/colcon_ws/install/robotont_msgs/share/robotont_msgs/cmake/ament_cmake_export_libraries-extras.cmake
[3.232s] -- Up-to-date: /home/peko/colcon_ws/install/robotont_msgs/share/robotont_msgs/cmake/ament_cmake_export_targets-extras.cmake
[3.232s] -- Up-to-date: /home/peko/colcon_ws/install/robotont_msgs/share/robotont_msgs/cmake/rosidl_cmake_export_typesupport_targets-extras.cmake
[3.232s] -- Up-to-date: /home/peko/colcon_ws/install/robotont_msgs/share/robotont_msgs/cmake/rosidl_cmake_export_typesupport_libraries-extras.cmake
[3.232s] -- Up-to-date: /home/peko/colcon_ws/install/robotont_msgs/share/robotont_msgs/cmake/robotont_msgsConfig.cmake
[3.232s] -- Up-to-date: /home/peko/colcon_ws/install/robotont_msgs/share/robotont_msgs/cmake/robotont_msgsConfig-version.cmake
[3.232s] -- Up-to-date: /home/peko/colcon_ws/install/robotont_msgs/share/robotont_msgs/package.xml
[3.242s] Invoked command in '/home/peko/colcon_ws/build/robotont_msgs' returned '0': CMAKE_PREFIX_PATH=${CMAKE_PREFIX_PATH}:/home/peko/colcon_ws/install/robina_rfid:/opt/ros/jazzy DEBUGINFOD_URLS=https://debuginfod.ubuntu.com /usr/bin/cmake --install /home/peko/colcon_ws/build/robotont_msgs
