[  2%] Built target laserscan_to_ranges_msg__rosidl_generator_type_description
[  2%] Built target ament_cmake_python_copy_laserscan_to_ranges
[  5%] Built target laserscan_to_ranges_msg__cpp
[ 19%] Built target laserscan_to_ranges_msg__rosidl_generator_c
[ 27%] Built target laserscan_to_ranges_msg__rosidl_typesupport_c
[ 36%] Built target laserscan_to_ranges_msg__rosidl_typesupport_fastrtps_c
[ 44%] Built target laserscan_to_ranges_msg__rosidl_typesupport_introspection_c
[ 52%] Built target laserscan_to_ranges_msg__rosidl_typesupport_cpp
[ 61%] Built target laserscan_to_ranges_msg__rosidl_typesupport_introspection_cpp
[ 69%] Built target laserscan_to_ranges_msg__rosidl_typesupport_fastrtps_cpp
[ 75%] Built target laserscan_to_ranges
[ 75%] Built target laserscan_to_ranges_msg
[ 77%] Built target laserscan_to_ranges_msg__py
[ 83%] Built target laserscan_to_ranges_msg__rosidl_generator_py
[ 88%] Built target laserscan_to_ranges_s__rosidl_typesupport_introspection_c
[100%] Built target laserscan_to_ranges_s__rosidl_typesupport_c
[100%] Built target laserscan_to_ranges_s__rosidl_typesupport_fastrtps_c
running egg_info
writing laserscan_to_ranges.egg-info/PKG-INFO
writing dependency_links to laserscan_to_ranges.egg-info/dependency_links.txt
writing top-level names to laserscan_to_ranges.egg-info/top_level.txt
reading manifest file 'laserscan_to_ranges.egg-info/SOURCES.txt'
writing manifest file 'laserscan_to_ranges.egg-info/SOURCES.txt'
[100%] Built target ament_cmake_python_build_laserscan_to_ranges_egg
-- Install configuration: ""
-- Installing: /home/peko/colcon_ws/install/laserscan_to_ranges/share/ament_index/resource_index/rosidl_interfaces/laserscan_to_ranges
-- Installing: /home/peko/colcon_ws/install/laserscan_to_ranges/share/laserscan_to_ranges/msg/SimpleRanges.json
-- Installing: /home/peko/colcon_ws/install/laserscan_to_ranges/include/laserscan_to_ranges/laserscan_to_ranges
-- Installing: /home/peko/colcon_ws/install/laserscan_to_ranges/include/laserscan_to_ranges/laserscan_to_ranges/msg
-- Installing: /home/peko/colcon_ws/install/laserscan_to_ranges/include/laserscan_to_ranges/laserscan_to_ranges/msg/detail
-- Installing: /home/peko/colcon_ws/install/laserscan_to_ranges/include/laserscan_to_ranges/laserscan_to_ranges/msg/detail/simple_ranges__type_support.c
-- Installing: /home/peko/colcon_ws/install/laserscan_to_ranges/include/laserscan_to_ranges/laserscan_to_ranges/msg/detail/simple_ranges__type_support.h
-- Installing: /home/peko/colcon_ws/install/laserscan_to_ranges/include/laserscan_to_ranges/laserscan_to_ranges/msg/detail/simple_ranges__functions.h
-- Installing: /home/peko/colcon_ws/install/laserscan_to_ranges/include/laserscan_to_ranges/laserscan_to_ranges/msg/detail/simple_ranges__functions.c
-- Installing: /home/peko/colcon_ws/install/laserscan_to_ranges/include/laserscan_to_ranges/laserscan_to_ranges/msg/detail/simple_ranges__description.c
-- Installing: /home/peko/colcon_ws/install/laserscan_to_ranges/include/laserscan_to_ranges/laserscan_to_ranges/msg/detail/simple_ranges__struct.h
-- Installing: /home/peko/colcon_ws/install/laserscan_to_ranges/include/laserscan_to_ranges/laserscan_to_ranges/msg/simple_ranges.h
-- Installing: /home/peko/colcon_ws/install/laserscan_to_ranges/include/laserscan_to_ranges/laserscan_to_ranges/msg/rosidl_generator_c__visibility_control.h
-- Installing: /home/peko/colcon_ws/install/laserscan_to_ranges/share/laserscan_to_ranges/environment/library_path.sh
-- Installing: /home/peko/colcon_ws/install/laserscan_to_ranges/share/laserscan_to_ranges/environment/library_path.dsv
-- Installing: /home/peko/colcon_ws/install/laserscan_to_ranges/lib/liblaserscan_to_ranges__rosidl_generator_c.so
-- Set non-toolchain portion of runtime path of "/home/peko/colcon_ws/install/laserscan_to_ranges/lib/liblaserscan_to_ranges__rosidl_generator_c.so" to ""
-- Up-to-date: /home/peko/colcon_ws/install/laserscan_to_ranges/include/laserscan_to_ranges/laserscan_to_ranges
-- Up-to-date: /home/peko/colcon_ws/install/laserscan_to_ranges/include/laserscan_to_ranges/laserscan_to_ranges/msg
-- Up-to-date: /home/peko/colcon_ws/install/laserscan_to_ranges/include/laserscan_to_ranges/laserscan_to_ranges/msg/detail
-- Installing: /home/peko/colcon_ws/install/laserscan_to_ranges/include/laserscan_to_ranges/laserscan_to_ranges/msg/detail/simple_ranges__rosidl_typesupport_fastrtps_c.h
-- Installing: /home/peko/colcon_ws/install/laserscan_to_ranges/include/laserscan_to_ranges/laserscan_to_ranges/msg/rosidl_typesupport_fastrtps_c__visibility_control.h
-- Installing: /home/peko/colcon_ws/install/laserscan_to_ranges/lib/liblaserscan_to_ranges__rosidl_typesupport_fastrtps_c.so
-- Set non-toolchain portion of runtime path of "/home/peko/colcon_ws/install/laserscan_to_ranges/lib/liblaserscan_to_ranges__rosidl_typesupport_fastrtps_c.so" to ""
-- Up-to-date: /home/peko/colcon_ws/install/laserscan_to_ranges/include/laserscan_to_ranges/laserscan_to_ranges
-- Up-to-date: /home/peko/colcon_ws/install/laserscan_to_ranges/include/laserscan_to_ranges/laserscan_to_ranges/msg
-- Up-to-date: /home/peko/colcon_ws/install/laserscan_to_ranges/include/laserscan_to_ranges/laserscan_to_ranges/msg/detail
-- Installing: /home/peko/colcon_ws/install/laserscan_to_ranges/include/laserscan_to_ranges/laserscan_to_ranges/msg/detail/simple_ranges__type_support.hpp
-- Installing: /home/peko/colcon_ws/install/laserscan_to_ranges/include/laserscan_to_ranges/laserscan_to_ranges/msg/detail/simple_ranges__traits.hpp
-- Installing: /home/peko/colcon_ws/install/laserscan_to_ranges/include/laserscan_to_ranges/laserscan_to_ranges/msg/detail/simple_ranges__builder.hpp
-- Installing: /home/peko/colcon_ws/install/laserscan_to_ranges/include/laserscan_to_ranges/laserscan_to_ranges/msg/detail/simple_ranges__struct.hpp
-- Installing: /home/peko/colcon_ws/install/laserscan_to_ranges/include/laserscan_to_ranges/laserscan_to_ranges/msg/rosidl_generator_cpp__visibility_control.hpp
-- Installing: /home/peko/colcon_ws/install/laserscan_to_ranges/include/laserscan_to_ranges/laserscan_to_ranges/msg/simple_ranges.hpp
-- Up-to-date: /home/peko/colcon_ws/install/laserscan_to_ranges/include/laserscan_to_ranges/laserscan_to_ranges
-- Up-to-date: /home/peko/colcon_ws/install/laserscan_to_ranges/include/laserscan_to_ranges/laserscan_to_ranges/msg
-- Up-to-date: /home/peko/colcon_ws/install/laserscan_to_ranges/include/laserscan_to_ranges/laserscan_to_ranges/msg/detail
-- Installing: /home/peko/colcon_ws/install/laserscan_to_ranges/include/laserscan_to_ranges/laserscan_to_ranges/msg/detail/dds_fastrtps
-- Installing: /home/peko/colcon_ws/install/laserscan_to_ranges/include/laserscan_to_ranges/laserscan_to_ranges/msg/detail/simple_ranges__rosidl_typesupport_fastrtps_cpp.hpp
-- Installing: /home/peko/colcon_ws/install/laserscan_to_ranges/include/laserscan_to_ranges/laserscan_to_ranges/msg/rosidl_typesupport_fastrtps_cpp__visibility_control.h
-- Installing: /home/peko/colcon_ws/install/laserscan_to_ranges/lib/liblaserscan_to_ranges__rosidl_typesupport_fastrtps_cpp.so
-- Set non-toolchain portion of runtime path of "/home/peko/colcon_ws/install/laserscan_to_ranges/lib/liblaserscan_to_ranges__rosidl_typesupport_fastrtps_cpp.so" to ""
-- Up-to-date: /home/peko/colcon_ws/install/laserscan_to_ranges/include/laserscan_to_ranges/laserscan_to_ranges
-- Up-to-date: /home/peko/colcon_ws/install/laserscan_to_ranges/include/laserscan_to_ranges/laserscan_to_ranges/msg
-- Up-to-date: /home/peko/colcon_ws/install/laserscan_to_ranges/include/laserscan_to_ranges/laserscan_to_ranges/msg/detail
-- Up-to-date: /home/peko/colcon_ws/install/laserscan_to_ranges/include/laserscan_to_ranges/laserscan_to_ranges/msg/detail/simple_ranges__type_support.c
-- Installing: /home/peko/colcon_ws/install/laserscan_to_ranges/include/laserscan_to_ranges/laserscan_to_ranges/msg/detail/simple_ranges__rosidl_typesupport_introspection_c.h
-- Installing: /home/peko/colcon_ws/install/laserscan_to_ranges/include/laserscan_to_ranges/laserscan_to_ranges/msg/rosidl_typesupport_introspection_c__visibility_control.h
-- Installing: /home/peko/colcon_ws/install/laserscan_to_ranges/lib/liblaserscan_to_ranges__rosidl_typesupport_introspection_c.so
-- Set non-toolchain portion of runtime path of "/home/peko/colcon_ws/install/laserscan_to_ranges/lib/liblaserscan_to_ranges__rosidl_typesupport_introspection_c.so" to ""
-- Installing: /home/peko/colcon_ws/install/laserscan_to_ranges/lib/liblaserscan_to_ranges__rosidl_typesupport_c.so
-- Set non-toolchain portion of runtime path of "/home/peko/colcon_ws/install/laserscan_to_ranges/lib/liblaserscan_to_ranges__rosidl_typesupport_c.so" to ""
-- Up-to-date: /home/peko/colcon_ws/install/laserscan_to_ranges/include/laserscan_to_ranges/laserscan_to_ranges
-- Up-to-date: /home/peko/colcon_ws/install/laserscan_to_ranges/include/laserscan_to_ranges/laserscan_to_ranges/msg
-- Up-to-date: /home/peko/colcon_ws/install/laserscan_to_ranges/include/laserscan_to_ranges/laserscan_to_ranges/msg/detail
-- Installing: /home/peko/colcon_ws/install/laserscan_to_ranges/include/laserscan_to_ranges/laserscan_to_ranges/msg/detail/simple_ranges__rosidl_typesupport_introspection_cpp.hpp
-- Installing: /home/peko/colcon_ws/install/laserscan_to_ranges/include/laserscan_to_ranges/laserscan_to_ranges/msg/detail/simple_ranges__type_support.cpp
-- Installing: /home/peko/colcon_ws/install/laserscan_to_ranges/lib/liblaserscan_to_ranges__rosidl_typesupport_introspection_cpp.so
-- Set non-toolchain portion of runtime path of "/home/peko/colcon_ws/install/laserscan_to_ranges/lib/liblaserscan_to_ranges__rosidl_typesupport_introspection_cpp.so" to ""
-- Installing: /home/peko/colcon_ws/install/laserscan_to_ranges/lib/liblaserscan_to_ranges__rosidl_typesupport_cpp.so
-- Set non-toolchain portion of runtime path of "/home/peko/colcon_ws/install/laserscan_to_ranges/lib/liblaserscan_to_ranges__rosidl_typesupport_cpp.so" to ""
-- Installing: /home/peko/colcon_ws/install/laserscan_to_ranges/share/laserscan_to_ranges/environment/pythonpath.sh
-- Installing: /home/peko/colcon_ws/install/laserscan_to_ranges/share/laserscan_to_ranges/environment/pythonpath.dsv
-- Installing: /home/peko/colcon_ws/install/laserscan_to_ranges/lib/python3.12/site-packages/laserscan_to_ranges-0.0.0-py3.12.egg-info
-- Installing: /home/peko/colcon_ws/install/laserscan_to_ranges/lib/python3.12/site-packages/laserscan_to_ranges-0.0.0-py3.12.egg-info/PKG-INFO
-- Installing: /home/peko/colcon_ws/install/laserscan_to_ranges/lib/python3.12/site-packages/laserscan_to_ranges-0.0.0-py3.12.egg-info/SOURCES.txt
-- Installing: /home/peko/colcon_ws/install/laserscan_to_ranges/lib/python3.12/site-packages/laserscan_to_ranges-0.0.0-py3.12.egg-info/top_level.txt
-- Installing: /home/peko/colcon_ws/install/laserscan_to_ranges/lib/python3.12/site-packages/laserscan_to_ranges-0.0.0-py3.12.egg-info/dependency_links.txt
-- Installing: /home/peko/colcon_ws/install/laserscan_to_ranges/lib/python3.12/site-packages/laserscan_to_ranges
-- Installing: /home/peko/colcon_ws/install/laserscan_to_ranges/lib/python3.12/site-packages/laserscan_to_ranges/laserscan_to_ranges_s__rosidl_typesupport_c.so
-- Installing: /home/peko/colcon_ws/install/laserscan_to_ranges/lib/python3.12/site-packages/laserscan_to_ranges/_laserscan_to_ranges_s.ep.rosidl_typesupport_fastrtps_c.c
-- Installing: /home/peko/colcon_ws/install/laserscan_to_ranges/lib/python3.12/site-packages/laserscan_to_ranges/laserscan_to_ranges_s__rosidl_typesupport_introspection_c.so
-- Installing: /home/peko/colcon_ws/install/laserscan_to_ranges/lib/python3.12/site-packages/laserscan_to_ranges/laserscan_to_ranges_s__rosidl_typesupport_fastrtps_c.so
-- Installing: /home/peko/colcon_ws/install/laserscan_to_ranges/lib/python3.12/site-packages/laserscan_to_ranges/__init__.py
-- Installing: /home/peko/colcon_ws/install/laserscan_to_ranges/lib/python3.12/site-packages/laserscan_to_ranges/msg
-- Installing: /home/peko/colcon_ws/install/laserscan_to_ranges/lib/python3.12/site-packages/laserscan_to_ranges/msg/__init__.py
-- Installing: /home/peko/colcon_ws/install/laserscan_to_ranges/lib/python3.12/site-packages/laserscan_to_ranges/msg/_simple_ranges.py
-- Installing: /home/peko/colcon_ws/install/laserscan_to_ranges/lib/python3.12/site-packages/laserscan_to_ranges/msg/_simple_ranges_s.c
-- Installing: /home/peko/colcon_ws/install/laserscan_to_ranges/lib/python3.12/site-packages/laserscan_to_ranges/_laserscan_to_ranges_s.ep.rosidl_typesupport_c.c
-- Installing: /home/peko/colcon_ws/install/laserscan_to_ranges/lib/python3.12/site-packages/laserscan_to_ranges/_laserscan_to_ranges_s.ep.rosidl_typesupport_introspection_c.c
Listing '/home/peko/colcon_ws/install/laserscan_to_ranges/lib/python3.12/site-packages/laserscan_to_ranges'...
Compiling '/home/peko/colcon_ws/install/laserscan_to_ranges/lib/python3.12/site-packages/laserscan_to_ranges/__init__.py'...
Listing '/home/peko/colcon_ws/install/laserscan_to_ranges/lib/python3.12/site-packages/laserscan_to_ranges/msg'...
Compiling '/home/peko/colcon_ws/install/laserscan_to_ranges/lib/python3.12/site-packages/laserscan_to_ranges/msg/__init__.py'...
Compiling '/home/peko/colcon_ws/install/laserscan_to_ranges/lib/python3.12/site-packages/laserscan_to_ranges/msg/_simple_ranges.py'...
-- Installing: /home/peko/colcon_ws/install/laserscan_to_ranges/lib/python3.12/site-packages/laserscan_to_ranges/laserscan_to_ranges_s__rosidl_typesupport_fastrtps_c.so
-- Set non-toolchain portion of runtime path of "/home/peko/colcon_ws/install/laserscan_to_ranges/lib/python3.12/site-packages/laserscan_to_ranges/laserscan_to_ranges_s__rosidl_typesupport_fastrtps_c.so" to ""
-- Installing: /home/peko/colcon_ws/install/laserscan_to_ranges/lib/python3.12/site-packages/laserscan_to_ranges/laserscan_to_ranges_s__rosidl_typesupport_introspection_c.so
-- Set non-toolchain portion of runtime path of "/home/peko/colcon_ws/install/laserscan_to_ranges/lib/python3.12/site-packages/laserscan_to_ranges/laserscan_to_ranges_s__rosidl_typesupport_introspection_c.so" to ""
-- Installing: /home/peko/colcon_ws/install/laserscan_to_ranges/lib/python3.12/site-packages/laserscan_to_ranges/laserscan_to_ranges_s__rosidl_typesupport_c.so
-- Set non-toolchain portion of runtime path of "/home/peko/colcon_ws/install/laserscan_to_ranges/lib/python3.12/site-packages/laserscan_to_ranges/laserscan_to_ranges_s__rosidl_typesupport_c.so" to ""
-- Installing: /home/peko/colcon_ws/install/laserscan_to_ranges/lib/liblaserscan_to_ranges_msg__rosidl_generator_py.so
-- Set non-toolchain portion of runtime path of "/home/peko/colcon_ws/install/laserscan_to_ranges/lib/liblaserscan_to_ranges_msg__rosidl_generator_py.so" to ""
-- Installing: /home/peko/colcon_ws/install/laserscan_to_ranges/share/laserscan_to_ranges/msg/SimpleRanges.idl
-- Installing: /home/peko/colcon_ws/install/laserscan_to_ranges/share/laserscan_to_ranges/msg/SimpleRanges.msg
-- Installing: /home/peko/colcon_ws/install/laserscan_to_ranges/lib/laserscan_to_ranges/laserscan_to_ranges
-- Set non-toolchain portion of runtime path of "/home/peko/colcon_ws/install/laserscan_to_ranges/lib/laserscan_to_ranges/laserscan_to_ranges" to ""
-- Installing: /home/peko/colcon_ws/install/laserscan_to_ranges/share/laserscan_to_ranges/launch
-- Installing: /home/peko/colcon_ws/install/laserscan_to_ranges/share/laserscan_to_ranges/launch/laserscan_to_ranges.launch.py
-- Installing: /home/peko/colcon_ws/install/laserscan_to_ranges/share/ament_index/resource_index/package_run_dependencies/laserscan_to_ranges
-- Installing: /home/peko/colcon_ws/install/laserscan_to_ranges/share/ament_index/resource_index/parent_prefix_path/laserscan_to_ranges
-- Installing: /home/peko/colcon_ws/install/laserscan_to_ranges/share/laserscan_to_ranges/environment/ament_prefix_path.sh
-- Installing: /home/peko/colcon_ws/install/laserscan_to_ranges/share/laserscan_to_ranges/environment/ament_prefix_path.dsv
-- Installing: /home/peko/colcon_ws/install/laserscan_to_ranges/share/laserscan_to_ranges/environment/path.sh
-- Installing: /home/peko/colcon_ws/install/laserscan_to_ranges/share/laserscan_to_ranges/environment/path.dsv
-- Installing: /home/peko/colcon_ws/install/laserscan_to_ranges/share/laserscan_to_ranges/local_setup.bash
-- Installing: /home/peko/colcon_ws/install/laserscan_to_ranges/share/laserscan_to_ranges/local_setup.sh
-- Installing: /home/peko/colcon_ws/install/laserscan_to_ranges/share/laserscan_to_ranges/local_setup.zsh
-- Installing: /home/peko/colcon_ws/install/laserscan_to_ranges/share/laserscan_to_ranges/local_setup.dsv
-- Installing: /home/peko/colcon_ws/install/laserscan_to_ranges/share/laserscan_to_ranges/package.dsv
-- Installing: /home/peko/colcon_ws/install/laserscan_to_ranges/share/ament_index/resource_index/packages/laserscan_to_ranges
-- Installing: /home/peko/colcon_ws/install/laserscan_to_ranges/share/laserscan_to_ranges/cmake/export_laserscan_to_ranges_msg__rosidl_generator_cExport.cmake
-- Installing: /home/peko/colcon_ws/install/laserscan_to_ranges/share/laserscan_to_ranges/cmake/export_laserscan_to_ranges_msg__rosidl_generator_cExport-noconfig.cmake
-- Installing: /home/peko/colcon_ws/install/laserscan_to_ranges/share/laserscan_to_ranges/cmake/export_laserscan_to_ranges_msg__rosidl_typesupport_fastrtps_cExport.cmake
-- Installing: /home/peko/colcon_ws/install/laserscan_to_ranges/share/laserscan_to_ranges/cmake/export_laserscan_to_ranges_msg__rosidl_typesupport_fastrtps_cExport-noconfig.cmake
-- Installing: /home/peko/colcon_ws/install/laserscan_to_ranges/share/laserscan_to_ranges/cmake/export_laserscan_to_ranges_msg__rosidl_generator_cppExport.cmake
-- Installing: /home/peko/colcon_ws/install/laserscan_to_ranges/share/laserscan_to_ranges/cmake/export_laserscan_to_ranges_msg__rosidl_typesupport_fastrtps_cppExport.cmake
-- Installing: /home/peko/colcon_ws/install/laserscan_to_ranges/share/laserscan_to_ranges/cmake/export_laserscan_to_ranges_msg__rosidl_typesupport_fastrtps_cppExport-noconfig.cmake
-- Installing: /home/peko/colcon_ws/install/laserscan_to_ranges/share/laserscan_to_ranges/cmake/laserscan_to_ranges_msg__rosidl_typesupport_introspection_cExport.cmake
-- Installing: /home/peko/colcon_ws/install/laserscan_to_ranges/share/laserscan_to_ranges/cmake/laserscan_to_ranges_msg__rosidl_typesupport_introspection_cExport-noconfig.cmake
-- Installing: /home/peko/colcon_ws/install/laserscan_to_ranges/share/laserscan_to_ranges/cmake/laserscan_to_ranges_msg__rosidl_typesupport_cExport.cmake
-- Installing: /home/peko/colcon_ws/install/laserscan_to_ranges/share/laserscan_to_ranges/cmake/laserscan_to_ranges_msg__rosidl_typesupport_cExport-noconfig.cmake
-- Installing: /home/peko/colcon_ws/install/laserscan_to_ranges/share/laserscan_to_ranges/cmake/laserscan_to_ranges_msg__rosidl_typesupport_introspection_cppExport.cmake
-- Installing: /home/peko/colcon_ws/install/laserscan_to_ranges/share/laserscan_to_ranges/cmake/laserscan_to_ranges_msg__rosidl_typesupport_introspection_cppExport-noconfig.cmake
-- Installing: /home/peko/colcon_ws/install/laserscan_to_ranges/share/laserscan_to_ranges/cmake/laserscan_to_ranges_msg__rosidl_typesupport_cppExport.cmake
-- Installing: /home/peko/colcon_ws/install/laserscan_to_ranges/share/laserscan_to_ranges/cmake/laserscan_to_ranges_msg__rosidl_typesupport_cppExport-noconfig.cmake
-- Installing: /home/peko/colcon_ws/install/laserscan_to_ranges/share/laserscan_to_ranges/cmake/export_laserscan_to_ranges_msg__rosidl_generator_pyExport.cmake
-- Installing: /home/peko/colcon_ws/install/laserscan_to_ranges/share/laserscan_to_ranges/cmake/export_laserscan_to_ranges_msg__rosidl_generator_pyExport-noconfig.cmake
-- Installing: /home/peko/colcon_ws/install/laserscan_to_ranges/share/laserscan_to_ranges/cmake/rosidl_cmake-extras.cmake
-- Installing: /home/peko/colcon_ws/install/laserscan_to_ranges/share/laserscan_to_ranges/cmake/ament_cmake_export_dependencies-extras.cmake
-- Installing: /home/peko/colcon_ws/install/laserscan_to_ranges/share/laserscan_to_ranges/cmake/ament_cmake_export_include_directories-extras.cmake
-- Installing: /home/peko/colcon_ws/install/laserscan_to_ranges/share/laserscan_to_ranges/cmake/ament_cmake_export_libraries-extras.cmake
-- Installing: /home/peko/colcon_ws/install/laserscan_to_ranges/share/laserscan_to_ranges/cmake/ament_cmake_export_targets-extras.cmake
-- Installing: /home/peko/colcon_ws/install/laserscan_to_ranges/share/laserscan_to_ranges/cmake/rosidl_cmake_export_typesupport_targets-extras.cmake
-- Installing: /home/peko/colcon_ws/install/laserscan_to_ranges/share/laserscan_to_ranges/cmake/rosidl_cmake_export_typesupport_libraries-extras.cmake
-- Installing: /home/peko/colcon_ws/install/laserscan_to_ranges/share/laserscan_to_ranges/cmake/laserscan_to_rangesConfig.cmake
-- Installing: /home/peko/colcon_ws/install/laserscan_to_ranges/share/laserscan_to_ranges/cmake/laserscan_to_rangesConfig-version.cmake
-- Installing: /home/peko/colcon_ws/install/laserscan_to_ranges/share/laserscan_to_ranges/package.xml
