[  5%] [32mBuilding CXX object CMakeFiles/sllidar_client.dir/src/sllidar_client.cpp.o[0m
[ 15%] [32mBuilding CXX object CMakeFiles/sllidar_node.dir/sdk/src/arch/linux/net_serial.cpp.o[0m
[ 15%] [32mBuilding CXX object CMakeFiles/sllidar_node.dir/src/sllidar_node.cpp.o[0m
[ 20%] [32mBuilding CXX object CMakeFiles/sllidar_node.dir/sdk/src/arch/linux/timer.cpp.o[0m
[ 25%] [32mBuilding CXX object CMakeFiles/sllidar_node.dir/sdk/src/arch/linux/net_socket.cpp.o[0m
[ 30%] [32mBuilding CXX object CMakeFiles/sllidar_node.dir/sdk/src/dataunpacker/dataunpacker.cpp.o[0m
[ 35%] [32mBuilding CXX object CMakeFiles/sllidar_node.dir/sdk/src/dataunpacker/unpacker/handler_hqnode.cpp.o[0m
[ 40%] [32mBuilding CXX object CMakeFiles/sllidar_node.dir/sdk/src/dataunpacker/unpacker/handler_capsules.cpp.o[0m
[ 45%] [32mBuilding CXX object CMakeFiles/sllidar_node.dir/sdk/src/hal/thread.cpp.o[0m
[ 50%] [32mBuilding CXX object CMakeFiles/sllidar_node.dir/sdk/src/dataunpacker/unpacker/handler_normalnode.cpp.o[0m
[ 55%] [32mBuilding CXX object CMakeFiles/sllidar_node.dir/sdk/src/rplidar_driver.cpp.o[0m
[ 60%] [32mBuilding CXX object CMakeFiles/sllidar_node.dir/sdk/src/sl_lidar_driver.cpp.o[0m
[ 65%] [32mBuilding CXX object CMakeFiles/sllidar_node.dir/sdk/src/sl_async_transceiver.cpp.o[0m
[ 70%] [32mBuilding CXX object CMakeFiles/sllidar_node.dir/sdk/src/sl_lidarprotocol_codec.cpp.o[0m
[ 75%] [32mBuilding CXX object CMakeFiles/sllidar_node.dir/sdk/src/sl_serial_channel.cpp.o[0m
[ 80%] [32mBuilding CXX object CMakeFiles/sllidar_node.dir/sdk/src/sl_tcp_channel.cpp.o[0m
[ 85%] [32mBuilding CXX object CMakeFiles/sllidar_node.dir/sdk/src/sl_udp_channel.cpp.o[0m
[ 90%] [32m[1mLinking CXX executable sllidar_node[0m
[ 95%] Built target sllidar_node
[100%] [32m[1mLinking CXX executable sllidar_client[0m
[100%] Built target sllidar_client
-- Install configuration: ""
-- Up-to-date: /home/peko/colcon_ws/install/sllidar_ros2/share/sllidar_ros2/launch
-- Up-to-date: /home/peko/colcon_ws/install/sllidar_ros2/share/sllidar_ros2/launch/view_sllidar_a2m12_launch.py
-- Up-to-date: /home/peko/colcon_ws/install/sllidar_ros2/share/sllidar_ros2/launch/view_sllidar_a2m8_launch.py
-- Up-to-date: /home/peko/colcon_ws/install/sllidar_ros2/share/sllidar_ros2/launch/sllidar_a3_launch.py
-- Up-to-date: /home/peko/colcon_ws/install/sllidar_ros2/share/sllidar_ros2/launch/view_sllidar_a2m7_launch.py
-- Up-to-date: /home/peko/colcon_ws/install/sllidar_ros2/share/sllidar_ros2/launch/sllidar_s1_launch.py
-- Up-to-date: /home/peko/colcon_ws/install/sllidar_ros2/share/sllidar_ros2/launch/view_sllidar_t1_launch.py
-- Up-to-date: /home/peko/colcon_ws/install/sllidar_ros2/share/sllidar_ros2/launch/sllidar_a2m8_launch.py
-- Up-to-date: /home/peko/colcon_ws/install/sllidar_ros2/share/sllidar_ros2/launch/view_sllidar_a1_launch.py
-- Up-to-date: /home/peko/colcon_ws/install/sllidar_ros2/share/sllidar_ros2/launch/sllidar_c1_launch.py
-- Up-to-date: /home/peko/colcon_ws/install/sllidar_ros2/share/sllidar_ros2/launch/sllidar_s1_tcp_launch.py
-- Up-to-date: /home/peko/colcon_ws/install/sllidar_ros2/share/sllidar_ros2/launch/view_sllidar_s1_launch.py
-- Up-to-date: /home/peko/colcon_ws/install/sllidar_ros2/share/sllidar_ros2/launch/sllidar_t1_launch.py
-- Up-to-date: /home/peko/colcon_ws/install/sllidar_ros2/share/sllidar_ros2/launch/view_sllidar_s3_launch.py
-- Up-to-date: /home/peko/colcon_ws/install/sllidar_ros2/share/sllidar_ros2/launch/sllidar_s2e_launch.py
-- Up-to-date: /home/peko/colcon_ws/install/sllidar_ros2/share/sllidar_ros2/launch/view_sllidar_c1_launch.py
-- Up-to-date: /home/peko/colcon_ws/install/sllidar_ros2/share/sllidar_ros2/launch/view_sllidar_s2e_launch.py
-- Up-to-date: /home/peko/colcon_ws/install/sllidar_ros2/share/sllidar_ros2/launch/__pycache__
-- Up-to-date: /home/peko/colcon_ws/install/sllidar_ros2/share/sllidar_ros2/launch/__pycache__/view_sllidar_a3_launch.cpython-312.pyc
-- Up-to-date: /home/peko/colcon_ws/install/sllidar_ros2/share/sllidar_ros2/launch/sllidar_a2m12_launch .py
-- Up-to-date: /home/peko/colcon_ws/install/sllidar_ros2/share/sllidar_ros2/launch/view_sllidar_s1_tcp_launch.py
-- Up-to-date: /home/peko/colcon_ws/install/sllidar_ros2/share/sllidar_ros2/launch/view_sllidar_a3_launch.py
-- Up-to-date: /home/peko/colcon_ws/install/sllidar_ros2/share/sllidar_ros2/launch/sllidar_s3_launch.py
-- Up-to-date: /home/peko/colcon_ws/install/sllidar_ros2/share/sllidar_ros2/launch/sllidar_a2m7_launch.py
-- Up-to-date: /home/peko/colcon_ws/install/sllidar_ros2/share/sllidar_ros2/launch/view_sllidar_s2_launch.py
-- Up-to-date: /home/peko/colcon_ws/install/sllidar_ros2/share/sllidar_ros2/launch/sllidar_a1_launch.py
-- Up-to-date: /home/peko/colcon_ws/install/sllidar_ros2/share/sllidar_ros2/launch/sllidar_s2_launch.py
-- Up-to-date: /home/peko/colcon_ws/install/sllidar_ros2/share/sllidar_ros2/rviz
-- Up-to-date: /home/peko/colcon_ws/install/sllidar_ros2/share/sllidar_ros2/rviz/myrviz.rviz
-- Up-to-date: /home/peko/colcon_ws/install/sllidar_ros2/share/sllidar_ros2/rviz/sllidar_ros2.rviz
-- Installing: /home/peko/colcon_ws/install/sllidar_ros2/lib/sllidar_ros2/sllidar_node
-- Set non-toolchain portion of runtime path of "/home/peko/colcon_ws/install/sllidar_ros2/lib/sllidar_ros2/sllidar_node" to ""
-- Installing: /home/peko/colcon_ws/install/sllidar_ros2/lib/sllidar_ros2/sllidar_client
-- Set non-toolchain portion of runtime path of "/home/peko/colcon_ws/install/sllidar_ros2/lib/sllidar_ros2/sllidar_client" to ""
-- Up-to-date: /home/peko/colcon_ws/install/sllidar_ros2/share/ament_index/resource_index/package_run_dependencies/sllidar_ros2
-- Up-to-date: /home/peko/colcon_ws/install/sllidar_ros2/share/ament_index/resource_index/parent_prefix_path/sllidar_ros2
-- Up-to-date: /home/peko/colcon_ws/install/sllidar_ros2/share/sllidar_ros2/environment/ament_prefix_path.sh
-- Up-to-date: /home/peko/colcon_ws/install/sllidar_ros2/share/sllidar_ros2/environment/ament_prefix_path.dsv
-- Up-to-date: /home/peko/colcon_ws/install/sllidar_ros2/share/sllidar_ros2/environment/path.sh
-- Up-to-date: /home/peko/colcon_ws/install/sllidar_ros2/share/sllidar_ros2/environment/path.dsv
-- Up-to-date: /home/peko/colcon_ws/install/sllidar_ros2/share/sllidar_ros2/local_setup.bash
-- Up-to-date: /home/peko/colcon_ws/install/sllidar_ros2/share/sllidar_ros2/local_setup.sh
-- Up-to-date: /home/peko/colcon_ws/install/sllidar_ros2/share/sllidar_ros2/local_setup.zsh
-- Up-to-date: /home/peko/colcon_ws/install/sllidar_ros2/share/sllidar_ros2/local_setup.dsv
-- Installing: /home/peko/colcon_ws/install/sllidar_ros2/share/sllidar_ros2/package.dsv
-- Up-to-date: /home/peko/colcon_ws/install/sllidar_ros2/share/ament_index/resource_index/packages/sllidar_ros2
-- Up-to-date: /home/peko/colcon_ws/install/sllidar_ros2/share/sllidar_ros2/cmake/ament_cmake_export_dependencies-extras.cmake
-- Up-to-date: /home/peko/colcon_ws/install/sllidar_ros2/share/sllidar_ros2/cmake/ament_cmake_export_include_directories-extras.cmake
-- Up-to-date: /home/peko/colcon_ws/install/sllidar_ros2/share/sllidar_ros2/cmake/sllidar_ros2Config.cmake
-- Up-to-date: /home/peko/colcon_ws/install/sllidar_ros2/share/sllidar_ros2/cmake/sllidar_ros2Config-version.cmake
-- Up-to-date: /home/peko/colcon_ws/install/sllidar_ros2/share/sllidar_ros2/package.xml
