[0.439s] Invoking command in '/home/peko/colcon_ws/build/sllidar_ros2': CMAKE_PREFIX_PATH=${CMAKE_PREFIX_PATH}:/home/peko/colcon_ws/install/robina_rfid:/opt/ros/jazzy DEBUGINFOD_URLS=https://debuginfod.ubuntu.com /usr/bin/cmake --build /home/peko/colcon_ws/build/sllidar_ros2 -- -j16 -l16
[0.609s] [ 90%] Built target sllidar_node
[0.612s] [100%] Built target sllidar_client
[0.651s] Invoked command in '/home/peko/colcon_ws/build/sllidar_ros2' returned '0': CMAKE_PREFIX_PATH=${CMAKE_PREFIX_PATH}:/home/peko/colcon_ws/install/robina_rfid:/opt/ros/jazzy DEBUGINFOD_URLS=https://debuginfod.ubuntu.com /usr/bin/cmake --build /home/peko/colcon_ws/build/sllidar_ros2 -- -j16 -l16
[0.651s] Invoking command in '/home/peko/colcon_ws/build/sllidar_ros2': CMAKE_PREFIX_PATH=${CMAKE_PREFIX_PATH}:/home/peko/colcon_ws/install/robina_rfid:/opt/ros/jazzy DEBUGINFOD_URLS=https://debuginfod.ubuntu.com /usr/bin/cmake --install /home/peko/colcon_ws/build/sllidar_ros2
[0.660s] -- Install configuration: ""
[0.660s] -- Up-to-date: /home/peko/colcon_ws/install/sllidar_ros2/share/sllidar_ros2/launch
[0.660s] -- Up-to-date: /home/peko/colcon_ws/install/sllidar_ros2/share/sllidar_ros2/launch/view_sllidar_a2m12_launch.py
[0.660s] -- Up-to-date: /home/peko/colcon_ws/install/sllidar_ros2/share/sllidar_ros2/launch/view_sllidar_a2m8_launch.py
[0.661s] -- Up-to-date: /home/peko/colcon_ws/install/sllidar_ros2/share/sllidar_ros2/launch/sllidar_a3_launch.py
[0.661s] -- Up-to-date: /home/peko/colcon_ws/install/sllidar_ros2/share/sllidar_ros2/launch/view_sllidar_a2m7_launch.py
[0.661s] -- Up-to-date: /home/peko/colcon_ws/install/sllidar_ros2/share/sllidar_ros2/launch/sllidar_s1_launch.py
[0.661s] -- Up-to-date: /home/peko/colcon_ws/install/sllidar_ros2/share/sllidar_ros2/launch/view_sllidar_t1_launch.py
[0.661s] -- Up-to-date: /home/peko/colcon_ws/install/sllidar_ros2/share/sllidar_ros2/launch/sllidar_a2m8_launch.py
[0.661s] -- Up-to-date: /home/peko/colcon_ws/install/sllidar_ros2/share/sllidar_ros2/launch/view_sllidar_a1_launch.py
[0.661s] -- Up-to-date: /home/peko/colcon_ws/install/sllidar_ros2/share/sllidar_ros2/launch/sllidar_c1_launch.py
[0.662s] -- Up-to-date: /home/peko/colcon_ws/install/sllidar_ros2/share/sllidar_ros2/launch/sllidar_s1_tcp_launch.py
[0.662s] -- Up-to-date: /home/peko/colcon_ws/install/sllidar_ros2/share/sllidar_ros2/launch/view_sllidar_s1_launch.py
[0.663s] -- Up-to-date: /home/peko/colcon_ws/install/sllidar_ros2/share/sllidar_ros2/launch/sllidar_t1_launch.py
[0.663s] -- Up-to-date: /home/peko/colcon_ws/install/sllidar_ros2/share/sllidar_ros2/launch/view_sllidar_s3_launch.py
[0.663s] -- Up-to-date: /home/peko/colcon_ws/install/sllidar_ros2/share/sllidar_ros2/launch/sllidar_s2e_launch.py
[0.663s] -- Up-to-date: /home/peko/colcon_ws/install/sllidar_ros2/share/sllidar_ros2/launch/view_sllidar_c1_launch.py
[0.663s] -- Up-to-date: /home/peko/colcon_ws/install/sllidar_ros2/share/sllidar_ros2/launch/view_sllidar_s2e_launch.py
[0.663s] -- Up-to-date: /home/peko/colcon_ws/install/sllidar_ros2/share/sllidar_ros2/launch/__pycache__
[0.664s] -- Up-to-date: /home/peko/colcon_ws/install/sllidar_ros2/share/sllidar_ros2/launch/__pycache__/view_sllidar_a3_launch.cpython-312.pyc
[0.664s] -- Up-to-date: /home/peko/colcon_ws/install/sllidar_ros2/share/sllidar_ros2/launch/sllidar_a2m12_launch .py
[0.664s] -- Up-to-date: /home/peko/colcon_ws/install/sllidar_ros2/share/sllidar_ros2/launch/view_sllidar_s1_tcp_launch.py
[0.664s] -- Up-to-date: /home/peko/colcon_ws/install/sllidar_ros2/share/sllidar_ros2/launch/view_sllidar_a3_launch.py
[0.665s] -- Up-to-date: /home/peko/colcon_ws/install/sllidar_ros2/share/sllidar_ros2/launch/sllidar_s3_launch.py
[0.665s] -- Up-to-date: /home/peko/colcon_ws/install/sllidar_ros2/share/sllidar_ros2/launch/sllidar_a2m7_launch.py
[0.665s] -- Up-to-date: /home/peko/colcon_ws/install/sllidar_ros2/share/sllidar_ros2/launch/view_sllidar_s2_launch.py
[0.665s] -- Up-to-date: /home/peko/colcon_ws/install/sllidar_ros2/share/sllidar_ros2/launch/sllidar_a1_launch.py
[0.665s] -- Up-to-date: /home/peko/colcon_ws/install/sllidar_ros2/share/sllidar_ros2/launch/sllidar_s2_launch.py
[0.665s] -- Up-to-date: /home/peko/colcon_ws/install/sllidar_ros2/share/sllidar_ros2/rviz
[0.665s] -- Up-to-date: /home/peko/colcon_ws/install/sllidar_ros2/share/sllidar_ros2/rviz/myrviz.rviz
[0.665s] -- Up-to-date: /home/peko/colcon_ws/install/sllidar_ros2/share/sllidar_ros2/rviz/sllidar_ros2.rviz
[0.665s] -- Up-to-date: /home/peko/colcon_ws/install/sllidar_ros2/lib/sllidar_ros2/sllidar_node
[0.665s] -- Up-to-date: /home/peko/colcon_ws/install/sllidar_ros2/lib/sllidar_ros2/sllidar_client
[0.665s] -- Up-to-date: /home/peko/colcon_ws/install/sllidar_ros2/share/ament_index/resource_index/package_run_dependencies/sllidar_ros2
[0.665s] -- Up-to-date: /home/peko/colcon_ws/install/sllidar_ros2/share/ament_index/resource_index/parent_prefix_path/sllidar_ros2
[0.665s] -- Up-to-date: /home/peko/colcon_ws/install/sllidar_ros2/share/sllidar_ros2/environment/ament_prefix_path.sh
[0.665s] -- Up-to-date: /home/peko/colcon_ws/install/sllidar_ros2/share/sllidar_ros2/environment/ament_prefix_path.dsv
[0.665s] -- Up-to-date: /home/peko/colcon_ws/install/sllidar_ros2/share/sllidar_ros2/environment/path.sh
[0.666s] -- Up-to-date: /home/peko/colcon_ws/install/sllidar_ros2/share/sllidar_ros2/environment/path.dsv
[0.666s] -- Up-to-date: /home/peko/colcon_ws/install/sllidar_ros2/share/sllidar_ros2/local_setup.bash
[0.666s] -- Up-to-date: /home/peko/colcon_ws/install/sllidar_ros2/share/sllidar_ros2/local_setup.sh
[0.666s] -- Up-to-date: /home/peko/colcon_ws/install/sllidar_ros2/share/sllidar_ros2/local_setup.zsh
[0.666s] -- Up-to-date: /home/peko/colcon_ws/install/sllidar_ros2/share/sllidar_ros2/local_setup.dsv
[0.666s] -- Installing: /home/peko/colcon_ws/install/sllidar_ros2/share/sllidar_ros2/package.dsv
[0.666s] -- Up-to-date: /home/peko/colcon_ws/install/sllidar_ros2/share/ament_index/resource_index/packages/sllidar_ros2
[0.667s] -- Up-to-date: /home/peko/colcon_ws/install/sllidar_ros2/share/sllidar_ros2/cmake/ament_cmake_export_dependencies-extras.cmake
[0.667s] -- Up-to-date: /home/peko/colcon_ws/install/sllidar_ros2/share/sllidar_ros2/cmake/ament_cmake_export_include_directories-extras.cmake
[0.667s] -- Up-to-date: /home/peko/colcon_ws/install/sllidar_ros2/share/sllidar_ros2/cmake/sllidar_ros2Config.cmake
[0.667s] -- Up-to-date: /home/peko/colcon_ws/install/sllidar_ros2/share/sllidar_ros2/cmake/sllidar_ros2Config-version.cmake
[0.667s] -- Up-to-date: /home/peko/colcon_ws/install/sllidar_ros2/share/sllidar_ros2/package.xml
[0.667s] Invoked command in '/home/peko/colcon_ws/build/sllidar_ros2' returned '0': CMAKE_PREFIX_PATH=${CMAKE_PREFIX_PATH}:/home/peko/colcon_ws/install/robina_rfid:/opt/ros/jazzy DEBUGINFOD_URLS=https://debuginfod.ubuntu.com /usr/bin/cmake --install /home/peko/colcon_ws/build/sllidar_ros2
