[1.168s] Invoking command in '/home/peko/colcon_ws/build/robotont_description': CMAKE_PREFIX_PATH=${CMAKE_PREFIX_PATH}:/home/peko/colcon_ws/install/robina_rfid:/opt/ros/jazzy DEBUGINFOD_URLS=https://debuginfod.ubuntu.com /usr/bin/cmake --build /home/peko/colcon_ws/build/robotont_description -- -j16 -l16
[1.278s] Invoked command in '/home/peko/colcon_ws/build/robotont_description' returned '0': CMAKE_PREFIX_PATH=${CMAKE_PREFIX_PATH}:/home/peko/colcon_ws/install/robina_rfid:/opt/ros/jazzy DEBUGINFOD_URLS=https://debuginfod.ubuntu.com /usr/bin/cmake --build /home/peko/colcon_ws/build/robotont_description -- -j16 -l16
[1.280s] Invoking command in '/home/peko/colcon_ws/build/robotont_description': CMAKE_PREFIX_PATH=${CMAKE_PREFIX_PATH}:/home/peko/colcon_ws/install/robina_rfid:/opt/ros/jazzy DEBUGINFOD_URLS=https://debuginfod.ubuntu.com /usr/bin/cmake --install /home/peko/colcon_ws/build/robotont_description
[1.387s] -- Install configuration: ""
[1.387s] -- Up-to-date: /home/peko/colcon_ws/install/robotont_description/share/robotont_description/meshes
[1.387s] -- Up-to-date: /home/peko/colcon_ws/install/robotont_description/share/robotont_description/meshes/roller.stl
[1.387s] -- Up-to-date: /home/peko/colcon_ws/install/robotont_description/share/robotont_description/meshes/simplebody.stl
[1.387s] -- Up-to-date: /home/peko/colcon_ws/install/robotont_description/share/robotont_description/meshes/body.stl
[1.387s] -- Up-to-date: /home/peko/colcon_ws/install/robotont_description/share/robotont_description/meshes/rim.stl
[1.387s] -- Up-to-date: /home/peko/colcon_ws/install/robotont_description/share/robotont_description/urdf
[1.387s] -- Up-to-date: /home/peko/colcon_ws/install/robotont_description/share/robotont_description/urdf/rim.urdf.xacro
[1.387s] -- Up-to-date: /home/peko/colcon_ws/install/robotont_description/share/robotont_description/urdf/roller.urdf.xacro
[1.387s] -- Up-to-date: /home/peko/colcon_ws/install/robotont_description/share/robotont_description/urdf/robotont_base.urdf.xacro
[1.387s] -- Up-to-date: /home/peko/colcon_ws/install/robotont_description/share/robotont_description/config
[1.387s] -- Up-to-date: /home/peko/colcon_ws/install/robotont_description/share/robotont_description/config/robotont_description.rviz
[1.387s] -- Up-to-date: /home/peko/colcon_ws/install/robotont_description/share/robotont_description/launch
[1.387s] -- Up-to-date: /home/peko/colcon_ws/install/robotont_description/share/robotont_description/launch/display_simulated_robot.launch.py
[1.388s] -- Up-to-date: /home/peko/colcon_ws/install/robotont_description/share/ament_index/resource_index/package_run_dependencies/robotont_description
[1.388s] -- Up-to-date: /home/peko/colcon_ws/install/robotont_description/share/ament_index/resource_index/parent_prefix_path/robotont_description
[1.388s] -- Up-to-date: /home/peko/colcon_ws/install/robotont_description/share/robotont_description/environment/ament_prefix_path.sh
[1.388s] -- Up-to-date: /home/peko/colcon_ws/install/robotont_description/share/robotont_description/environment/ament_prefix_path.dsv
[1.388s] -- Up-to-date: /home/peko/colcon_ws/install/robotont_description/share/robotont_description/environment/path.sh
[1.388s] -- Up-to-date: /home/peko/colcon_ws/install/robotont_description/share/robotont_description/environment/path.dsv
[1.388s] -- Up-to-date: /home/peko/colcon_ws/install/robotont_description/share/robotont_description/local_setup.bash
[1.393s] -- Up-to-date: /home/peko/colcon_ws/install/robotont_description/share/robotont_description/local_setup.sh
[1.393s] -- Up-to-date: /home/peko/colcon_ws/install/robotont_description/share/robotont_description/local_setup.zsh
[1.393s] -- Up-to-date: /home/peko/colcon_ws/install/robotont_description/share/robotont_description/local_setup.dsv
[1.393s] -- Installing: /home/peko/colcon_ws/install/robotont_description/share/robotont_description/package.dsv
[1.402s] -- Up-to-date: /home/peko/colcon_ws/install/robotont_description/share/ament_index/resource_index/packages/robotont_description
[1.402s] -- Up-to-date: /home/peko/colcon_ws/install/robotont_description/share/robotont_description/cmake/robotont_descriptionConfig.cmake
[1.402s] -- Up-to-date: /home/peko/colcon_ws/install/robotont_description/share/robotont_description/cmake/robotont_descriptionConfig-version.cmake
[1.402s] -- Up-to-date: /home/peko/colcon_ws/install/robotont_description/share/robotont_description/package.xml
[1.617s] Invoked command in '/home/peko/colcon_ws/build/robotont_description' returned '0': CMAKE_PREFIX_PATH=${CMAKE_PREFIX_PATH}:/home/peko/colcon_ws/install/robina_rfid:/opt/ros/jazzy DEBUGINFOD_URLS=https://debuginfod.ubuntu.com /usr/bin/cmake --install /home/peko/colcon_ws/build/robotont_description
