[0.020s] Invoking command in '/home/peko/colcon_ws/build/robotont_driver': CMAKE_PREFIX_PATH=/home/peko/colcon_ws/install/robotont_msgs:/home/peko/colcon_ws/install/sllidar_ros2:/home/peko/colcon_ws/install/robotont_support:/home/peko/colcon_ws/install/robotont_driver:/home/peko/colcon_ws/install/robotont_description:/home/peko/colcon_ws/install/robina_thesis:/home/peko/colcon_ws/install/laserscan_to_ranges:/opt/ros/jazzy/opt/gz_sim_vendor:/opt/ros/jazzy/opt/gz_sensors_vendor:/opt/ros/jazzy/opt/gz_physics_vendor:/opt/ros/jazzy/opt/sdformat_vendor:/opt/ros/jazzy/opt/gz_gui_vendor:/opt/ros/jazzy/opt/gz_transport_vendor:/opt/ros/jazzy/opt/gz_rendering_vendor:/opt/ros/jazzy/opt/gz_plugin_vendor:/opt/ros/jazzy/opt/gz_fuel_tools_vendor:/opt/ros/jazzy/opt/gz_msgs_vendor:/opt/ros/jazzy/opt/gz_common_vendor:/opt/ros/jazzy/opt/gz_math_vendor:/opt/ros/jazzy/opt/gz_utils_vendor:/opt/ros/jazzy/opt/gz_tools_vendor:/opt/ros/jazzy/opt/gz_ogre_next_vendor:/opt/ros/jazzy/opt/gz_dartsim_vendor:/opt/ros/jazzy/opt/gz_cmake_vendor:/home/peko/colcon_ws/install/robina_rfid:/opt/ros/jazzy DEBUGINFOD_URLS=https://debuginfod.ubuntu.com /usr/bin/cmake --build /home/peko/colcon_ws/build/robotont_driver -- -j16 -l16
[0.091s] [ 10%] Built target fake_driver_node
[0.126s] [ 15%] [32mBuilding CXX object CMakeFiles/robotont_driver.dir/src/driver.cpp.o[0m
[0.128s] [ 20%] [32mBuilding CXX object CMakeFiles/driver_node.dir/src/driver.cpp.o[0m
[3.642s] [ 25%] [32m[1mLinking CXX executable driver_node[0m
[3.651s] [ 30%] [32m[1mLinking CXX shared library librobotont_driver.so[0m
[4.674s] [ 65%] Built target robotont_driver
[4.685s] [100%] Built target driver_node
[4.693s] Invoked command in '/home/peko/colcon_ws/build/robotont_driver' returned '0': CMAKE_PREFIX_PATH=/home/peko/colcon_ws/install/robotont_msgs:/home/peko/colcon_ws/install/sllidar_ros2:/home/peko/colcon_ws/install/robotont_support:/home/peko/colcon_ws/install/robotont_driver:/home/peko/colcon_ws/install/robotont_description:/home/peko/colcon_ws/install/robina_thesis:/home/peko/colcon_ws/install/laserscan_to_ranges:/opt/ros/jazzy/opt/gz_sim_vendor:/opt/ros/jazzy/opt/gz_sensors_vendor:/opt/ros/jazzy/opt/gz_physics_vendor:/opt/ros/jazzy/opt/sdformat_vendor:/opt/ros/jazzy/opt/gz_gui_vendor:/opt/ros/jazzy/opt/gz_transport_vendor:/opt/ros/jazzy/opt/gz_rendering_vendor:/opt/ros/jazzy/opt/gz_plugin_vendor:/opt/ros/jazzy/opt/gz_fuel_tools_vendor:/opt/ros/jazzy/opt/gz_msgs_vendor:/opt/ros/jazzy/opt/gz_common_vendor:/opt/ros/jazzy/opt/gz_math_vendor:/opt/ros/jazzy/opt/gz_utils_vendor:/opt/ros/jazzy/opt/gz_tools_vendor:/opt/ros/jazzy/opt/gz_ogre_next_vendor:/opt/ros/jazzy/opt/gz_dartsim_vendor:/opt/ros/jazzy/opt/gz_cmake_vendor:/home/peko/colcon_ws/install/robina_rfid:/opt/ros/jazzy DEBUGINFOD_URLS=https://debuginfod.ubuntu.com /usr/bin/cmake --build /home/peko/colcon_ws/build/robotont_driver -- -j16 -l16
[4.694s] Invoking command in '/home/peko/colcon_ws/build/robotont_driver': CMAKE_PREFIX_PATH=/home/peko/colcon_ws/install/robotont_msgs:/home/peko/colcon_ws/install/sllidar_ros2:/home/peko/colcon_ws/install/robotont_support:/home/peko/colcon_ws/install/robotont_driver:/home/peko/colcon_ws/install/robotont_description:/home/peko/colcon_ws/install/robina_thesis:/home/peko/colcon_ws/install/laserscan_to_ranges:/opt/ros/jazzy/opt/gz_sim_vendor:/opt/ros/jazzy/opt/gz_sensors_vendor:/opt/ros/jazzy/opt/gz_physics_vendor:/opt/ros/jazzy/opt/sdformat_vendor:/opt/ros/jazzy/opt/gz_gui_vendor:/opt/ros/jazzy/opt/gz_transport_vendor:/opt/ros/jazzy/opt/gz_rendering_vendor:/opt/ros/jazzy/opt/gz_plugin_vendor:/opt/ros/jazzy/opt/gz_fuel_tools_vendor:/opt/ros/jazzy/opt/gz_msgs_vendor:/opt/ros/jazzy/opt/gz_common_vendor:/opt/ros/jazzy/opt/gz_math_vendor:/opt/ros/jazzy/opt/gz_utils_vendor:/opt/ros/jazzy/opt/gz_tools_vendor:/opt/ros/jazzy/opt/gz_ogre_next_vendor:/opt/ros/jazzy/opt/gz_dartsim_vendor:/opt/ros/jazzy/opt/gz_cmake_vendor:/home/peko/colcon_ws/install/robina_rfid:/opt/ros/jazzy DEBUGINFOD_URLS=https://debuginfod.ubuntu.com /usr/bin/cmake --install /home/peko/colcon_ws/build/robotont_driver
[4.703s] -- Install configuration: ""
[4.703s] -- Installing: /home/peko/colcon_ws/install/robotont_driver/lib/robotont_driver/driver_node
[4.711s] -- Set non-toolchain portion of runtime path of "/home/peko/colcon_ws/install/robotont_driver/lib/robotont_driver/driver_node" to ""
[4.711s] -- Up-to-date: /home/peko/colcon_ws/install/robotont_driver/lib/robotont_driver/fake_driver_node
[4.712s] -- Up-to-date: /home/peko/colcon_ws/install/robotont_driver/share/robotont_driver//launch
[4.712s] -- Up-to-date: /home/peko/colcon_ws/install/robotont_driver/share/robotont_driver//launch/driver_launch.py
[4.712s] -- Up-to-date: /home/peko/colcon_ws/install/robotont_driver/share/robotont_driver//launch/fake_driver_launch.py
[4.712s] -- Up-to-date: /home/peko/colcon_ws/install/robotont_driver/share/robotont_driver//launch/example_launch.py
[4.712s] -- Up-to-date: /home/peko/colcon_ws/install/robotont_driver/share/robotont_driver//launch/example2.py
[4.712s] -- Up-to-date: /home/peko/colcon_ws/install/robotont_driver/share/robotont_driver/config
[4.712s] -- Up-to-date: /home/peko/colcon_ws/install/robotont_driver/share/robotont_driver/config/sermap7.posegraph
[4.712s] -- Up-to-date: /home/peko/colcon_ws/install/robotont_driver/share/robotont_driver/config/mapper_params_online_async.yaml
[4.712s] -- Up-to-date: /home/peko/colcon_ws/install/robotont_driver/share/robotont_driver/config/s7.yaml
[4.713s] -- Up-to-date: /home/peko/colcon_ws/install/robotont_driver/share/robotont_driver/config/parameters.yaml
[4.713s] -- Up-to-date: /home/peko/colcon_ws/install/robotont_driver/share/robotont_driver/config/sermap7.data
[4.713s] -- Up-to-date: /home/peko/colcon_ws/install/robotont_driver/share/robotont_driver/config/s7.pgm
[4.713s] -- Up-to-date: /home/peko/colcon_ws/install/robotont_driver/share/ament_index/resource_index/package_run_dependencies/robotont_driver
[4.713s] -- Up-to-date: /home/peko/colcon_ws/install/robotont_driver/share/ament_index/resource_index/parent_prefix_path/robotont_driver
[4.713s] -- Up-to-date: /home/peko/colcon_ws/install/robotont_driver/share/robotont_driver/environment/ament_prefix_path.sh
[4.713s] -- Up-to-date: /home/peko/colcon_ws/install/robotont_driver/share/robotont_driver/environment/ament_prefix_path.dsv
[4.714s] -- Up-to-date: /home/peko/colcon_ws/install/robotont_driver/share/robotont_driver/environment/path.sh
[4.714s] -- Up-to-date: /home/peko/colcon_ws/install/robotont_driver/share/robotont_driver/environment/path.dsv
[4.714s] -- Up-to-date: /home/peko/colcon_ws/install/robotont_driver/share/robotont_driver/local_setup.bash
[4.714s] -- Up-to-date: /home/peko/colcon_ws/install/robotont_driver/share/robotont_driver/local_setup.sh
[4.714s] -- Up-to-date: /home/peko/colcon_ws/install/robotont_driver/share/robotont_driver/local_setup.zsh
[4.715s] -- Up-to-date: /home/peko/colcon_ws/install/robotont_driver/share/robotont_driver/local_setup.dsv
[4.715s] -- Installing: /home/peko/colcon_ws/install/robotont_driver/share/robotont_driver/package.dsv
[4.715s] -- Up-to-date: /home/peko/colcon_ws/install/robotont_driver/share/ament_index/resource_index/packages/robotont_driver
[4.715s] -- Up-to-date: /home/peko/colcon_ws/install/robotont_driver/share/robotont_driver/cmake/robotont_driverConfig.cmake
[4.715s] -- Up-to-date: /home/peko/colcon_ws/install/robotont_driver/share/robotont_driver/cmake/robotont_driverConfig-version.cmake
[4.715s] -- Up-to-date: /home/peko/colcon_ws/install/robotont_driver/share/robotont_driver/package.xml
[4.716s] Invoked command in '/home/peko/colcon_ws/build/robotont_driver' returned '0': CMAKE_PREFIX_PATH=/home/peko/colcon_ws/install/robotont_msgs:/home/peko/colcon_ws/install/sllidar_ros2:/home/peko/colcon_ws/install/robotont_support:/home/peko/colcon_ws/install/robotont_driver:/home/peko/colcon_ws/install/robotont_description:/home/peko/colcon_ws/install/robina_thesis:/home/peko/colcon_ws/install/laserscan_to_ranges:/opt/ros/jazzy/opt/gz_sim_vendor:/opt/ros/jazzy/opt/gz_sensors_vendor:/opt/ros/jazzy/opt/gz_physics_vendor:/opt/ros/jazzy/opt/sdformat_vendor:/opt/ros/jazzy/opt/gz_gui_vendor:/opt/ros/jazzy/opt/gz_transport_vendor:/opt/ros/jazzy/opt/gz_rendering_vendor:/opt/ros/jazzy/opt/gz_plugin_vendor:/opt/ros/jazzy/opt/gz_fuel_tools_vendor:/opt/ros/jazzy/opt/gz_msgs_vendor:/opt/ros/jazzy/opt/gz_common_vendor:/opt/ros/jazzy/opt/gz_math_vendor:/opt/ros/jazzy/opt/gz_utils_vendor:/opt/ros/jazzy/opt/gz_tools_vendor:/opt/ros/jazzy/opt/gz_ogre_next_vendor:/opt/ros/jazzy/opt/gz_dartsim_vendor:/opt/ros/jazzy/opt/gz_cmake_vendor:/home/peko/colcon_ws/install/robina_rfid:/opt/ros/jazzy DEBUGINFOD_URLS=https://debuginfod.ubuntu.com /usr/bin/cmake --install /home/peko/colcon_ws/build/robotont_driver
