[  1%] Built target robotont_msgs__rosidl_generator_type_description
[  1%] Built target ament_cmake_python_copy_robotont_msgs
[  2%] Built target robotont_msgs__cpp
[ 26%] Built target robotont_msgs__rosidl_generator_c
[ 35%] Built target robotont_msgs__rosidl_typesupport_introspection_c
[ 45%] Built target robotont_msgs__rosidl_typesupport_cpp
[ 66%] Built target robotont_msgs__rosidl_typesupport_introspection_cpp
[ 70%] Built target robotont_msgs__rosidl_typesupport_c
[ 73%] Built target robotont_msgs__rosidl_typesupport_fastrtps_cpp
[ 83%] Built target robotont_msgs__rosidl_typesupport_fastrtps_c
[ 83%] Built target robotont_msgs
[ 84%] Built target robotont_msgs__py
[ 92%] Built target robotont_msgs__rosidl_generator_py
[ 95%] Built target robotont_msgs_s__rosidl_typesupport_c
[ 97%] Built target robotont_msgs_s__rosidl_typesupport_introspection_c
[100%] Built target robotont_msgs_s__rosidl_typesupport_fastrtps_c
running egg_info
writing robotont_msgs.egg-info/PKG-INFO
writing dependency_links to robotont_msgs.egg-info/dependency_links.txt
writing top-level names to robotont_msgs.egg-info/top_level.txt
reading manifest file 'robotont_msgs.egg-info/SOURCES.txt'
writing manifest file 'robotont_msgs.egg-info/SOURCES.txt'
[100%] Built target ament_cmake_python_build_robotont_msgs_egg
-- Install configuration: ""
-- Up-to-date: /home/peko/colcon_ws/install/robotont_msgs/share/ament_index/resource_index/rosidl_interfaces/robotont_msgs
-- Up-to-date: /home/peko/colcon_ws/install/robotont_msgs/share/robotont_msgs/msg/ColorRGB.json
-- Up-to-date: /home/peko/colcon_ws/install/robotont_msgs/share/robotont_msgs/msg/LedModulePixel.json
-- Up-to-date: /home/peko/colcon_ws/install/robotont_msgs/share/robotont_msgs/msg/LedModuleSegment.json
-- Up-to-date: /home/peko/colcon_ws/install/robotont_msgs/share/robotont_msgs/msg/LedModuleMode.json
-- Up-to-date: /home/peko/colcon_ws/install/robotont_msgs/share/robotont_msgs/msg/PowerSupply.json
-- Up-to-date: /home/peko/colcon_ws/install/robotont_msgs/share/robotont_msgs/msg/LaserScanSplit.json
-- Up-to-date: /home/peko/colcon_ws/install/robotont_msgs/include/robotont_msgs/robotont_msgs
-- Up-to-date: /home/peko/colcon_ws/install/robotont_msgs/include/robotont_msgs/robotont_msgs/msg
-- Up-to-date: /home/peko/colcon_ws/install/robotont_msgs/include/robotont_msgs/robotont_msgs/msg/detail
-- Up-to-date: /home/peko/colcon_ws/install/robotont_msgs/include/robotont_msgs/robotont_msgs/msg/detail/led_module_segment__description.c
-- Up-to-date: /home/peko/colcon_ws/install/robotont_msgs/include/robotont_msgs/robotont_msgs/msg/detail/color_rgb__type_support.c
-- Up-to-date: /home/peko/colcon_ws/install/robotont_msgs/include/robotont_msgs/robotont_msgs/msg/detail/led_module_pixel__type_support.c
-- Up-to-date: /home/peko/colcon_ws/install/robotont_msgs/include/robotont_msgs/robotont_msgs/msg/detail/laser_scan_split__struct.h
-- Up-to-date: /home/peko/colcon_ws/install/robotont_msgs/include/robotont_msgs/robotont_msgs/msg/detail/led_module_segment__type_support.h
-- Up-to-date: /home/peko/colcon_ws/install/robotont_msgs/include/robotont_msgs/robotont_msgs/msg/detail/led_module_mode__functions.c
-- Up-to-date: /home/peko/colcon_ws/install/robotont_msgs/include/robotont_msgs/robotont_msgs/msg/detail/led_module_mode__type_support.c
-- Up-to-date: /home/peko/colcon_ws/install/robotont_msgs/include/robotont_msgs/robotont_msgs/msg/detail/laser_scan_split__functions.c
-- Up-to-date: /home/peko/colcon_ws/install/robotont_msgs/include/robotont_msgs/robotont_msgs/msg/detail/color_rgb__functions.c
-- Up-to-date: /home/peko/colcon_ws/install/robotont_msgs/include/robotont_msgs/robotont_msgs/msg/detail/led_module_pixel__description.c
-- Up-to-date: /home/peko/colcon_ws/install/robotont_msgs/include/robotont_msgs/robotont_msgs/msg/detail/led_module_pixel__functions.h
-- Up-to-date: /home/peko/colcon_ws/install/robotont_msgs/include/robotont_msgs/robotont_msgs/msg/detail/color_rgb__functions.h
-- Up-to-date: /home/peko/colcon_ws/install/robotont_msgs/include/robotont_msgs/robotont_msgs/msg/detail/power_supply__description.c
-- Up-to-date: /home/peko/colcon_ws/install/robotont_msgs/include/robotont_msgs/robotont_msgs/msg/detail/led_module_mode__description.c
-- Up-to-date: /home/peko/colcon_ws/install/robotont_msgs/include/robotont_msgs/robotont_msgs/msg/detail/color_rgb__struct.h
-- Up-to-date: /home/peko/colcon_ws/install/robotont_msgs/include/robotont_msgs/robotont_msgs/msg/detail/laser_scan_split__type_support.c
-- Up-to-date: /home/peko/colcon_ws/install/robotont_msgs/include/robotont_msgs/robotont_msgs/msg/detail/led_module_mode__functions.h
-- Up-to-date: /home/peko/colcon_ws/install/robotont_msgs/include/robotont_msgs/robotont_msgs/msg/detail/power_supply__functions.c
-- Up-to-date: /home/peko/colcon_ws/install/robotont_msgs/include/robotont_msgs/robotont_msgs/msg/detail/led_module_pixel__struct.h
-- Up-to-date: /home/peko/colcon_ws/install/robotont_msgs/include/robotont_msgs/robotont_msgs/msg/detail/power_supply__struct.h
-- Up-to-date: /home/peko/colcon_ws/install/robotont_msgs/include/robotont_msgs/robotont_msgs/msg/detail/laser_scan_split__type_support.h
-- Up-to-date: /home/peko/colcon_ws/install/robotont_msgs/include/robotont_msgs/robotont_msgs/msg/detail/color_rgb__type_support.h
-- Up-to-date: /home/peko/colcon_ws/install/robotont_msgs/include/robotont_msgs/robotont_msgs/msg/detail/laser_scan_split__description.c
-- Up-to-date: /home/peko/colcon_ws/install/robotont_msgs/include/robotont_msgs/robotont_msgs/msg/detail/color_rgb__description.c
-- Up-to-date: /home/peko/colcon_ws/install/robotont_msgs/include/robotont_msgs/robotont_msgs/msg/detail/power_supply__type_support.h
-- Up-to-date: /home/peko/colcon_ws/install/robotont_msgs/include/robotont_msgs/robotont_msgs/msg/detail/led_module_mode__struct.h
-- Up-to-date: /home/peko/colcon_ws/install/robotont_msgs/include/robotont_msgs/robotont_msgs/msg/detail/laser_scan_split__functions.h
-- Up-to-date: /home/peko/colcon_ws/install/robotont_msgs/include/robotont_msgs/robotont_msgs/msg/detail/led_module_pixel__type_support.h
-- Up-to-date: /home/peko/colcon_ws/install/robotont_msgs/include/robotont_msgs/robotont_msgs/msg/detail/led_module_segment__struct.h
-- Up-to-date: /home/peko/colcon_ws/install/robotont_msgs/include/robotont_msgs/robotont_msgs/msg/detail/led_module_pixel__functions.c
-- Up-to-date: /home/peko/colcon_ws/install/robotont_msgs/include/robotont_msgs/robotont_msgs/msg/detail/led_module_segment__functions.h
-- Up-to-date: /home/peko/colcon_ws/install/robotont_msgs/include/robotont_msgs/robotont_msgs/msg/detail/led_module_segment__type_support.c
-- Up-to-date: /home/peko/colcon_ws/install/robotont_msgs/include/robotont_msgs/robotont_msgs/msg/detail/led_module_segment__functions.c
-- Up-to-date: /home/peko/colcon_ws/install/robotont_msgs/include/robotont_msgs/robotont_msgs/msg/detail/power_supply__type_support.c
-- Up-to-date: /home/peko/colcon_ws/install/robotont_msgs/include/robotont_msgs/robotont_msgs/msg/detail/led_module_mode__type_support.h
-- Up-to-date: /home/peko/colcon_ws/install/robotont_msgs/include/robotont_msgs/robotont_msgs/msg/detail/power_supply__functions.h
-- Up-to-date: /home/peko/colcon_ws/install/robotont_msgs/include/robotont_msgs/robotont_msgs/msg/laser_scan_split.h
-- Up-to-date: /home/peko/colcon_ws/install/robotont_msgs/include/robotont_msgs/robotont_msgs/msg/power_supply.h
-- Up-to-date: /home/peko/colcon_ws/install/robotont_msgs/include/robotont_msgs/robotont_msgs/msg/led_module_pixel.h
-- Up-to-date: /home/peko/colcon_ws/install/robotont_msgs/include/robotont_msgs/robotont_msgs/msg/led_module_segment.h
-- Up-to-date: /home/peko/colcon_ws/install/robotont_msgs/include/robotont_msgs/robotont_msgs/msg/rosidl_generator_c__visibility_control.h
-- Up-to-date: /home/peko/colcon_ws/install/robotont_msgs/include/robotont_msgs/robotont_msgs/msg/led_module_mode.h
-- Up-to-date: /home/peko/colcon_ws/install/robotont_msgs/include/robotont_msgs/robotont_msgs/msg/color_rgb.h
-- Up-to-date: /home/peko/colcon_ws/install/robotont_msgs/share/robotont_msgs/environment/library_path.sh
-- Up-to-date: /home/peko/colcon_ws/install/robotont_msgs/share/robotont_msgs/environment/library_path.dsv
-- Up-to-date: /home/peko/colcon_ws/install/robotont_msgs/lib/librobotont_msgs__rosidl_generator_c.so
-- Up-to-date: /home/peko/colcon_ws/install/robotont_msgs/include/robotont_msgs/robotont_msgs
-- Up-to-date: /home/peko/colcon_ws/install/robotont_msgs/include/robotont_msgs/robotont_msgs/msg
-- Up-to-date: /home/peko/colcon_ws/install/robotont_msgs/include/robotont_msgs/robotont_msgs/msg/detail
-- Up-to-date: /home/peko/colcon_ws/install/robotont_msgs/include/robotont_msgs/robotont_msgs/msg/detail/led_module_mode__rosidl_typesupport_fastrtps_c.h
-- Up-to-date: /home/peko/colcon_ws/install/robotont_msgs/include/robotont_msgs/robotont_msgs/msg/detail/color_rgb__rosidl_typesupport_fastrtps_c.h
-- Up-to-date: /home/peko/colcon_ws/install/robotont_msgs/include/robotont_msgs/robotont_msgs/msg/detail/led_module_segment__rosidl_typesupport_fastrtps_c.h
-- Up-to-date: /home/peko/colcon_ws/install/robotont_msgs/include/robotont_msgs/robotont_msgs/msg/detail/power_supply__rosidl_typesupport_fastrtps_c.h
-- Up-to-date: /home/peko/colcon_ws/install/robotont_msgs/include/robotont_msgs/robotont_msgs/msg/detail/led_module_pixel__rosidl_typesupport_fastrtps_c.h
-- Up-to-date: /home/peko/colcon_ws/install/robotont_msgs/include/robotont_msgs/robotont_msgs/msg/detail/laser_scan_split__rosidl_typesupport_fastrtps_c.h
-- Up-to-date: /home/peko/colcon_ws/install/robotont_msgs/include/robotont_msgs/robotont_msgs/msg/rosidl_typesupport_fastrtps_c__visibility_control.h
-- Up-to-date: /home/peko/colcon_ws/install/robotont_msgs/lib/librobotont_msgs__rosidl_typesupport_fastrtps_c.so
-- Up-to-date: /home/peko/colcon_ws/install/robotont_msgs/include/robotont_msgs/robotont_msgs
-- Up-to-date: /home/peko/colcon_ws/install/robotont_msgs/include/robotont_msgs/robotont_msgs/msg
-- Up-to-date: /home/peko/colcon_ws/install/robotont_msgs/include/robotont_msgs/robotont_msgs/msg/detail
-- Up-to-date: /home/peko/colcon_ws/install/robotont_msgs/include/robotont_msgs/robotont_msgs/msg/detail/color_rgb__type_support.c
-- Up-to-date: /home/peko/colcon_ws/install/robotont_msgs/include/robotont_msgs/robotont_msgs/msg/detail/led_module_pixel__type_support.c
-- Up-to-date: /home/peko/colcon_ws/install/robotont_msgs/include/robotont_msgs/robotont_msgs/msg/detail/led_module_mode__type_support.c
-- Up-to-date: /home/peko/colcon_ws/install/robotont_msgs/include/robotont_msgs/robotont_msgs/msg/detail/led_module_pixel__rosidl_typesupport_introspection_c.h
-- Up-to-date: /home/peko/colcon_ws/install/robotont_msgs/include/robotont_msgs/robotont_msgs/msg/detail/led_module_segment__rosidl_typesupport_introspection_c.h
-- Up-to-date: /home/peko/colcon_ws/install/robotont_msgs/include/robotont_msgs/robotont_msgs/msg/detail/color_rgb__rosidl_typesupport_introspection_c.h
-- Up-to-date: /home/peko/colcon_ws/install/robotont_msgs/include/robotont_msgs/robotont_msgs/msg/detail/power_supply__rosidl_typesupport_introspection_c.h
-- Up-to-date: /home/peko/colcon_ws/install/robotont_msgs/include/robotont_msgs/robotont_msgs/msg/detail/laser_scan_split__type_support.c
-- Up-to-date: /home/peko/colcon_ws/install/robotont_msgs/include/robotont_msgs/robotont_msgs/msg/detail/led_module_mode__rosidl_typesupport_introspection_c.h
-- Up-to-date: /home/peko/colcon_ws/install/robotont_msgs/include/robotont_msgs/robotont_msgs/msg/detail/laser_scan_split__rosidl_typesupport_introspection_c.h
-- Up-to-date: /home/peko/colcon_ws/install/robotont_msgs/include/robotont_msgs/robotont_msgs/msg/detail/led_module_segment__type_support.c
-- Up-to-date: /home/peko/colcon_ws/install/robotont_msgs/include/robotont_msgs/robotont_msgs/msg/detail/power_supply__type_support.c
-- Up-to-date: /home/peko/colcon_ws/install/robotont_msgs/include/robotont_msgs/robotont_msgs/msg/rosidl_typesupport_introspection_c__visibility_control.h
-- Up-to-date: /home/peko/colcon_ws/install/robotont_msgs/lib/librobotont_msgs__rosidl_typesupport_introspection_c.so
-- Up-to-date: /home/peko/colcon_ws/install/robotont_msgs/lib/librobotont_msgs__rosidl_typesupport_c.so
-- Up-to-date: /home/peko/colcon_ws/install/robotont_msgs/include/robotont_msgs/robotont_msgs
-- Up-to-date: /home/peko/colcon_ws/install/robotont_msgs/include/robotont_msgs/robotont_msgs/msg
-- Up-to-date: /home/peko/colcon_ws/install/robotont_msgs/include/robotont_msgs/robotont_msgs/msg/led_module_pixel.hpp
-- Up-to-date: /home/peko/colcon_ws/install/robotont_msgs/include/robotont_msgs/robotont_msgs/msg/detail
-- Up-to-date: /home/peko/colcon_ws/install/robotont_msgs/include/robotont_msgs/robotont_msgs/msg/detail/laser_scan_split__struct.hpp
-- Up-to-date: /home/peko/colcon_ws/install/robotont_msgs/include/robotont_msgs/robotont_msgs/msg/detail/led_module_segment__struct.hpp
-- Up-to-date: /home/peko/colcon_ws/install/robotont_msgs/include/robotont_msgs/robotont_msgs/msg/detail/led_module_pixel__struct.hpp
-- Up-to-date: /home/peko/colcon_ws/install/robotont_msgs/include/robotont_msgs/robotont_msgs/msg/detail/laser_scan_split__traits.hpp
-- Up-to-date: /home/peko/colcon_ws/install/robotont_msgs/include/robotont_msgs/robotont_msgs/msg/detail/power_supply__traits.hpp
-- Up-to-date: /home/peko/colcon_ws/install/robotont_msgs/include/robotont_msgs/robotont_msgs/msg/detail/power_supply__type_support.hpp
-- Up-to-date: /home/peko/colcon_ws/install/robotont_msgs/include/robotont_msgs/robotont_msgs/msg/detail/led_module_segment__traits.hpp
-- Up-to-date: /home/peko/colcon_ws/install/robotont_msgs/include/robotont_msgs/robotont_msgs/msg/detail/led_module_mode__builder.hpp
-- Up-to-date: /home/peko/colcon_ws/install/robotont_msgs/include/robotont_msgs/robotont_msgs/msg/detail/color_rgb__struct.hpp
-- Up-to-date: /home/peko/colcon_ws/install/robotont_msgs/include/robotont_msgs/robotont_msgs/msg/detail/led_module_mode__type_support.hpp
-- Up-to-date: /home/peko/colcon_ws/install/robotont_msgs/include/robotont_msgs/robotont_msgs/msg/detail/led_module_segment__type_support.hpp
-- Up-to-date: /home/peko/colcon_ws/install/robotont_msgs/include/robotont_msgs/robotont_msgs/msg/detail/laser_scan_split__builder.hpp
-- Up-to-date: /home/peko/colcon_ws/install/robotont_msgs/include/robotont_msgs/robotont_msgs/msg/detail/color_rgb__type_support.hpp
-- Up-to-date: /home/peko/colcon_ws/install/robotont_msgs/include/robotont_msgs/robotont_msgs/msg/detail/power_supply__builder.hpp
-- Up-to-date: /home/peko/colcon_ws/install/robotont_msgs/include/robotont_msgs/robotont_msgs/msg/detail/power_supply__struct.hpp
-- Up-to-date: /home/peko/colcon_ws/install/robotont_msgs/include/robotont_msgs/robotont_msgs/msg/detail/led_module_mode__struct.hpp
-- Up-to-date: /home/peko/colcon_ws/install/robotont_msgs/include/robotont_msgs/robotont_msgs/msg/detail/led_module_segment__builder.hpp
-- Up-to-date: /home/peko/colcon_ws/install/robotont_msgs/include/robotont_msgs/robotont_msgs/msg/detail/color_rgb__builder.hpp
-- Up-to-date: /home/peko/colcon_ws/install/robotont_msgs/include/robotont_msgs/robotont_msgs/msg/detail/led_module_pixel__builder.hpp
-- Up-to-date: /home/peko/colcon_ws/install/robotont_msgs/include/robotont_msgs/robotont_msgs/msg/detail/led_module_pixel__traits.hpp
-- Up-to-date: /home/peko/colcon_ws/install/robotont_msgs/include/robotont_msgs/robotont_msgs/msg/detail/laser_scan_split__type_support.hpp
-- Up-to-date: /home/peko/colcon_ws/install/robotont_msgs/include/robotont_msgs/robotont_msgs/msg/detail/color_rgb__traits.hpp
-- Up-to-date: /home/peko/colcon_ws/install/robotont_msgs/include/robotont_msgs/robotont_msgs/msg/detail/led_module_pixel__type_support.hpp
-- Up-to-date: /home/peko/colcon_ws/install/robotont_msgs/include/robotont_msgs/robotont_msgs/msg/detail/led_module_mode__traits.hpp
-- Up-to-date: /home/peko/colcon_ws/install/robotont_msgs/include/robotont_msgs/robotont_msgs/msg/color_rgb.hpp
-- Up-to-date: /home/peko/colcon_ws/install/robotont_msgs/include/robotont_msgs/robotont_msgs/msg/rosidl_generator_cpp__visibility_control.hpp
-- Up-to-date: /home/peko/colcon_ws/install/robotont_msgs/include/robotont_msgs/robotont_msgs/msg/power_supply.hpp
-- Up-to-date: /home/peko/colcon_ws/install/robotont_msgs/include/robotont_msgs/robotont_msgs/msg/led_module_segment.hpp
-- Up-to-date: /home/peko/colcon_ws/install/robotont_msgs/include/robotont_msgs/robotont_msgs/msg/led_module_mode.hpp
-- Up-to-date: /home/peko/colcon_ws/install/robotont_msgs/include/robotont_msgs/robotont_msgs/msg/laser_scan_split.hpp
-- Up-to-date: /home/peko/colcon_ws/install/robotont_msgs/include/robotont_msgs/robotont_msgs
-- Up-to-date: /home/peko/colcon_ws/install/robotont_msgs/include/robotont_msgs/robotont_msgs/msg
-- Up-to-date: /home/peko/colcon_ws/install/robotont_msgs/include/robotont_msgs/robotont_msgs/msg/detail
-- Up-to-date: /home/peko/colcon_ws/install/robotont_msgs/include/robotont_msgs/robotont_msgs/msg/detail/led_module_segment__rosidl_typesupport_fastrtps_cpp.hpp
-- Up-to-date: /home/peko/colcon_ws/install/robotont_msgs/include/robotont_msgs/robotont_msgs/msg/detail/color_rgb__rosidl_typesupport_fastrtps_cpp.hpp
-- Up-to-date: /home/peko/colcon_ws/install/robotont_msgs/include/robotont_msgs/robotont_msgs/msg/detail/led_module_pixel__rosidl_typesupport_fastrtps_cpp.hpp
-- Up-to-date: /home/peko/colcon_ws/install/robotont_msgs/include/robotont_msgs/robotont_msgs/msg/detail/power_supply__rosidl_typesupport_fastrtps_cpp.hpp
-- Up-to-date: /home/peko/colcon_ws/install/robotont_msgs/include/robotont_msgs/robotont_msgs/msg/detail/dds_fastrtps
-- Up-to-date: /home/peko/colcon_ws/install/robotont_msgs/include/robotont_msgs/robotont_msgs/msg/detail/laser_scan_split__rosidl_typesupport_fastrtps_cpp.hpp
-- Up-to-date: /home/peko/colcon_ws/install/robotont_msgs/include/robotont_msgs/robotont_msgs/msg/detail/led_module_mode__rosidl_typesupport_fastrtps_cpp.hpp
-- Up-to-date: /home/peko/colcon_ws/install/robotont_msgs/include/robotont_msgs/robotont_msgs/msg/rosidl_typesupport_fastrtps_cpp__visibility_control.h
-- Up-to-date: /home/peko/colcon_ws/install/robotont_msgs/lib/librobotont_msgs__rosidl_typesupport_fastrtps_cpp.so
-- Up-to-date: /home/peko/colcon_ws/install/robotont_msgs/include/robotont_msgs/robotont_msgs
-- Up-to-date: /home/peko/colcon_ws/install/robotont_msgs/include/robotont_msgs/robotont_msgs/msg
-- Up-to-date: /home/peko/colcon_ws/install/robotont_msgs/include/robotont_msgs/robotont_msgs/msg/detail
-- Up-to-date: /home/peko/colcon_ws/install/robotont_msgs/include/robotont_msgs/robotont_msgs/msg/detail/power_supply__rosidl_typesupport_introspection_cpp.hpp
-- Up-to-date: /home/peko/colcon_ws/install/robotont_msgs/include/robotont_msgs/robotont_msgs/msg/detail/led_module_pixel__type_support.cpp
-- Up-to-date: /home/peko/colcon_ws/install/robotont_msgs/include/robotont_msgs/robotont_msgs/msg/detail/laser_scan_split__type_support.cpp
-- Up-to-date: /home/peko/colcon_ws/install/robotont_msgs/include/robotont_msgs/robotont_msgs/msg/detail/led_module_segment__rosidl_typesupport_introspection_cpp.hpp
-- Up-to-date: /home/peko/colcon_ws/install/robotont_msgs/include/robotont_msgs/robotont_msgs/msg/detail/led_module_mode__type_support.cpp
-- Up-to-date: /home/peko/colcon_ws/install/robotont_msgs/include/robotont_msgs/robotont_msgs/msg/detail/color_rgb__type_support.cpp
-- Up-to-date: /home/peko/colcon_ws/install/robotont_msgs/include/robotont_msgs/robotont_msgs/msg/detail/led_module_segment__type_support.cpp
-- Up-to-date: /home/peko/colcon_ws/install/robotont_msgs/include/robotont_msgs/robotont_msgs/msg/detail/led_module_mode__rosidl_typesupport_introspection_cpp.hpp
-- Up-to-date: /home/peko/colcon_ws/install/robotont_msgs/include/robotont_msgs/robotont_msgs/msg/detail/power_supply__type_support.cpp
-- Up-to-date: /home/peko/colcon_ws/install/robotont_msgs/include/robotont_msgs/robotont_msgs/msg/detail/color_rgb__rosidl_typesupport_introspection_cpp.hpp
-- Up-to-date: /home/peko/colcon_ws/install/robotont_msgs/include/robotont_msgs/robotont_msgs/msg/detail/laser_scan_split__rosidl_typesupport_introspection_cpp.hpp
-- Up-to-date: /home/peko/colcon_ws/install/robotont_msgs/include/robotont_msgs/robotont_msgs/msg/detail/led_module_pixel__rosidl_typesupport_introspection_cpp.hpp
-- Up-to-date: /home/peko/colcon_ws/install/robotont_msgs/lib/librobotont_msgs__rosidl_typesupport_introspection_cpp.so
-- Up-to-date: /home/peko/colcon_ws/install/robotont_msgs/lib/librobotont_msgs__rosidl_typesupport_cpp.so
-- Up-to-date: /home/peko/colcon_ws/install/robotont_msgs/share/robotont_msgs/environment/pythonpath.sh
-- Up-to-date: /home/peko/colcon_ws/install/robotont_msgs/share/robotont_msgs/environment/pythonpath.dsv
-- Up-to-date: /home/peko/colcon_ws/install/robotont_msgs/lib/python3.12/site-packages/robotont_msgs-0.2.0-py3.12.egg-info
-- Installing: /home/peko/colcon_ws/install/robotont_msgs/lib/python3.12/site-packages/robotont_msgs-0.2.0-py3.12.egg-info/PKG-INFO
-- Installing: /home/peko/colcon_ws/install/robotont_msgs/lib/python3.12/site-packages/robotont_msgs-0.2.0-py3.12.egg-info/SOURCES.txt
-- Installing: /home/peko/colcon_ws/install/robotont_msgs/lib/python3.12/site-packages/robotont_msgs-0.2.0-py3.12.egg-info/top_level.txt
-- Installing: /home/peko/colcon_ws/install/robotont_msgs/lib/python3.12/site-packages/robotont_msgs-0.2.0-py3.12.egg-info/dependency_links.txt
-- Up-to-date: /home/peko/colcon_ws/install/robotont_msgs/lib/python3.12/site-packages/robotont_msgs
-- Up-to-date: /home/peko/colcon_ws/install/robotont_msgs/lib/python3.12/site-packages/robotont_msgs/_robotont_msgs_s.ep.rosidl_typesupport_fastrtps_c.c
-- Up-to-date: /home/peko/colcon_ws/install/robotont_msgs/lib/python3.12/site-packages/robotont_msgs/__init__.py
-- Up-to-date: /home/peko/colcon_ws/install/robotont_msgs/lib/python3.12/site-packages/robotont_msgs/msg
-- Up-to-date: /home/peko/colcon_ws/install/robotont_msgs/lib/python3.12/site-packages/robotont_msgs/msg/_led_module_segment_s.c
-- Up-to-date: /home/peko/colcon_ws/install/robotont_msgs/lib/python3.12/site-packages/robotont_msgs/msg/_laser_scan_split.py
-- Up-to-date: /home/peko/colcon_ws/install/robotont_msgs/lib/python3.12/site-packages/robotont_msgs/msg/_led_module_pixel.py
-- Up-to-date: /home/peko/colcon_ws/install/robotont_msgs/lib/python3.12/site-packages/robotont_msgs/msg/_power_supply_s.c
-- Up-to-date: /home/peko/colcon_ws/install/robotont_msgs/lib/python3.12/site-packages/robotont_msgs/msg/_color_rgb_s.c
-- Up-to-date: /home/peko/colcon_ws/install/robotont_msgs/lib/python3.12/site-packages/robotont_msgs/msg/_led_module_segment.py
-- Up-to-date: /home/peko/colcon_ws/install/robotont_msgs/lib/python3.12/site-packages/robotont_msgs/msg/_led_module_mode_s.c
-- Up-to-date: /home/peko/colcon_ws/install/robotont_msgs/lib/python3.12/site-packages/robotont_msgs/msg/_power_supply.py
-- Up-to-date: /home/peko/colcon_ws/install/robotont_msgs/lib/python3.12/site-packages/robotont_msgs/msg/__init__.py
-- Up-to-date: /home/peko/colcon_ws/install/robotont_msgs/lib/python3.12/site-packages/robotont_msgs/msg/_led_module_pixel_s.c
-- Up-to-date: /home/peko/colcon_ws/install/robotont_msgs/lib/python3.12/site-packages/robotont_msgs/msg/_led_module_mode.py
-- Up-to-date: /home/peko/colcon_ws/install/robotont_msgs/lib/python3.12/site-packages/robotont_msgs/msg/_color_rgb.py
-- Up-to-date: /home/peko/colcon_ws/install/robotont_msgs/lib/python3.12/site-packages/robotont_msgs/msg/_laser_scan_split_s.c
-- Up-to-date: /home/peko/colcon_ws/install/robotont_msgs/lib/python3.12/site-packages/robotont_msgs/robotont_msgs_s__rosidl_typesupport_c.so
-- Up-to-date: /home/peko/colcon_ws/install/robotont_msgs/lib/python3.12/site-packages/robotont_msgs/robotont_msgs_s__rosidl_typesupport_fastrtps_c.so
-- Up-to-date: /home/peko/colcon_ws/install/robotont_msgs/lib/python3.12/site-packages/robotont_msgs/robotont_msgs_s__rosidl_typesupport_introspection_c.so
-- Up-to-date: /home/peko/colcon_ws/install/robotont_msgs/lib/python3.12/site-packages/robotont_msgs/_robotont_msgs_s.ep.rosidl_typesupport_introspection_c.c
-- Up-to-date: /home/peko/colcon_ws/install/robotont_msgs/lib/python3.12/site-packages/robotont_msgs/_robotont_msgs_s.ep.rosidl_typesupport_c.c
Listing '/home/peko/colcon_ws/install/robotont_msgs/lib/python3.12/site-packages/robotont_msgs'...
Listing '/home/peko/colcon_ws/install/robotont_msgs/lib/python3.12/site-packages/robotont_msgs/msg'...
-- Up-to-date: /home/peko/colcon_ws/install/robotont_msgs/lib/python3.12/site-packages/robotont_msgs/robotont_msgs_s__rosidl_typesupport_fastrtps_c.so
-- Up-to-date: /home/peko/colcon_ws/install/robotont_msgs/lib/python3.12/site-packages/robotont_msgs/robotont_msgs_s__rosidl_typesupport_introspection_c.so
-- Up-to-date: /home/peko/colcon_ws/install/robotont_msgs/lib/python3.12/site-packages/robotont_msgs/robotont_msgs_s__rosidl_typesupport_c.so
-- Up-to-date: /home/peko/colcon_ws/install/robotont_msgs/lib/librobotont_msgs__rosidl_generator_py.so
-- Up-to-date: /home/peko/colcon_ws/install/robotont_msgs/share/robotont_msgs/msg/ColorRGB.idl
-- Up-to-date: /home/peko/colcon_ws/install/robotont_msgs/share/robotont_msgs/msg/LedModulePixel.idl
-- Up-to-date: /home/peko/colcon_ws/install/robotont_msgs/share/robotont_msgs/msg/LedModuleSegment.idl
-- Up-to-date: /home/peko/colcon_ws/install/robotont_msgs/share/robotont_msgs/msg/LedModuleMode.idl
-- Up-to-date: /home/peko/colcon_ws/install/robotont_msgs/share/robotont_msgs/msg/PowerSupply.idl
-- Up-to-date: /home/peko/colcon_ws/install/robotont_msgs/share/robotont_msgs/msg/LaserScanSplit.idl
-- Up-to-date: /home/peko/colcon_ws/install/robotont_msgs/share/robotont_msgs/msg/ColorRGB.msg
-- Up-to-date: /home/peko/colcon_ws/install/robotont_msgs/share/robotont_msgs/msg/LedModulePixel.msg
-- Up-to-date: /home/peko/colcon_ws/install/robotont_msgs/share/robotont_msgs/msg/LedModuleSegment.msg
-- Up-to-date: /home/peko/colcon_ws/install/robotont_msgs/share/robotont_msgs/msg/LedModuleMode.msg
-- Up-to-date: /home/peko/colcon_ws/install/robotont_msgs/share/robotont_msgs/msg/PowerSupply.msg
-- Up-to-date: /home/peko/colcon_ws/install/robotont_msgs/share/robotont_msgs/msg/LaserScanSplit.msg
-- Up-to-date: /home/peko/colcon_ws/install/robotont_msgs/share/ament_index/resource_index/package_run_dependencies/robotont_msgs
-- Up-to-date: /home/peko/colcon_ws/install/robotont_msgs/share/ament_index/resource_index/parent_prefix_path/robotont_msgs
-- Up-to-date: /home/peko/colcon_ws/install/robotont_msgs/share/robotont_msgs/environment/ament_prefix_path.sh
-- Up-to-date: /home/peko/colcon_ws/install/robotont_msgs/share/robotont_msgs/environment/ament_prefix_path.dsv
-- Up-to-date: /home/peko/colcon_ws/install/robotont_msgs/share/robotont_msgs/environment/path.sh
-- Up-to-date: /home/peko/colcon_ws/install/robotont_msgs/share/robotont_msgs/environment/path.dsv
-- Up-to-date: /home/peko/colcon_ws/install/robotont_msgs/share/robotont_msgs/local_setup.bash
-- Up-to-date: /home/peko/colcon_ws/install/robotont_msgs/share/robotont_msgs/local_setup.sh
-- Up-to-date: /home/peko/colcon_ws/install/robotont_msgs/share/robotont_msgs/local_setup.zsh
-- Up-to-date: /home/peko/colcon_ws/install/robotont_msgs/share/robotont_msgs/local_setup.dsv
-- Installing: /home/peko/colcon_ws/install/robotont_msgs/share/robotont_msgs/package.dsv
-- Up-to-date: /home/peko/colcon_ws/install/robotont_msgs/share/ament_index/resource_index/packages/robotont_msgs
-- Up-to-date: /home/peko/colcon_ws/install/robotont_msgs/share/robotont_msgs/cmake/export_robotont_msgs__rosidl_generator_cExport.cmake
-- Up-to-date: /home/peko/colcon_ws/install/robotont_msgs/share/robotont_msgs/cmake/export_robotont_msgs__rosidl_generator_cExport-noconfig.cmake
-- Up-to-date: /home/peko/colcon_ws/install/robotont_msgs/share/robotont_msgs/cmake/export_robotont_msgs__rosidl_typesupport_fastrtps_cExport.cmake
-- Up-to-date: /home/peko/colcon_ws/install/robotont_msgs/share/robotont_msgs/cmake/export_robotont_msgs__rosidl_typesupport_fastrtps_cExport-noconfig.cmake
-- Up-to-date: /home/peko/colcon_ws/install/robotont_msgs/share/robotont_msgs/cmake/robotont_msgs__rosidl_typesupport_introspection_cExport.cmake
-- Up-to-date: /home/peko/colcon_ws/install/robotont_msgs/share/robotont_msgs/cmake/robotont_msgs__rosidl_typesupport_introspection_cExport-noconfig.cmake
-- Up-to-date: /home/peko/colcon_ws/install/robotont_msgs/share/robotont_msgs/cmake/robotont_msgs__rosidl_typesupport_cExport.cmake
-- Up-to-date: /home/peko/colcon_ws/install/robotont_msgs/share/robotont_msgs/cmake/robotont_msgs__rosidl_typesupport_cExport-noconfig.cmake
-- Up-to-date: /home/peko/colcon_ws/install/robotont_msgs/share/robotont_msgs/cmake/export_robotont_msgs__rosidl_generator_cppExport.cmake
-- Up-to-date: /home/peko/colcon_ws/install/robotont_msgs/share/robotont_msgs/cmake/export_robotont_msgs__rosidl_typesupport_fastrtps_cppExport.cmake
-- Up-to-date: /home/peko/colcon_ws/install/robotont_msgs/share/robotont_msgs/cmake/export_robotont_msgs__rosidl_typesupport_fastrtps_cppExport-noconfig.cmake
-- Up-to-date: /home/peko/colcon_ws/install/robotont_msgs/share/robotont_msgs/cmake/robotont_msgs__rosidl_typesupport_introspection_cppExport.cmake
-- Up-to-date: /home/peko/colcon_ws/install/robotont_msgs/share/robotont_msgs/cmake/robotont_msgs__rosidl_typesupport_introspection_cppExport-noconfig.cmake
-- Up-to-date: /home/peko/colcon_ws/install/robotont_msgs/share/robotont_msgs/cmake/robotont_msgs__rosidl_typesupport_cppExport.cmake
-- Up-to-date: /home/peko/colcon_ws/install/robotont_msgs/share/robotont_msgs/cmake/robotont_msgs__rosidl_typesupport_cppExport-noconfig.cmake
-- Up-to-date: /home/peko/colcon_ws/install/robotont_msgs/share/robotont_msgs/cmake/export_robotont_msgs__rosidl_generator_pyExport.cmake
-- Up-to-date: /home/peko/colcon_ws/install/robotont_msgs/share/robotont_msgs/cmake/export_robotont_msgs__rosidl_generator_pyExport-noconfig.cmake
-- Up-to-date: /home/peko/colcon_ws/install/robotont_msgs/share/robotont_msgs/cmake/rosidl_cmake-extras.cmake
-- Up-to-date: /home/peko/colcon_ws/install/robotont_msgs/share/robotont_msgs/cmake/ament_cmake_export_dependencies-extras.cmake
-- Up-to-date: /home/peko/colcon_ws/install/robotont_msgs/share/robotont_msgs/cmake/ament_cmake_export_include_directories-extras.cmake
-- Up-to-date: /home/peko/colcon_ws/install/robotont_msgs/share/robotont_msgs/cmake/ament_cmake_export_libraries-extras.cmake
-- Up-to-date: /home/peko/colcon_ws/install/robotont_msgs/share/robotont_msgs/cmake/ament_cmake_export_targets-extras.cmake
-- Up-to-date: /home/peko/colcon_ws/install/robotont_msgs/share/robotont_msgs/cmake/rosidl_cmake_export_typesupport_targets-extras.cmake
-- Up-to-date: /home/peko/colcon_ws/install/robotont_msgs/share/robotont_msgs/cmake/rosidl_cmake_export_typesupport_libraries-extras.cmake
-- Up-to-date: /home/peko/colcon_ws/install/robotont_msgs/share/robotont_msgs/cmake/robotont_msgsConfig.cmake
-- Up-to-date: /home/peko/colcon_ws/install/robotont_msgs/share/robotont_msgs/cmake/robotont_msgsConfig-version.cmake
-- Up-to-date: /home/peko/colcon_ws/install/robotont_msgs/share/robotont_msgs/package.xml
