[0.029s] Invoking command in '/home/peko/colcon_ws/build/laserscan_to_ranges': CMAKE_PREFIX_PATH=${CMAKE_PREFIX_PATH}:/home/peko/colcon_ws/install/robina_rfid:/opt/ros/jazzy DEBUGINFOD_URLS=https://debuginfod.ubuntu.com /usr/bin/cmake --build /home/peko/colcon_ws/build/laserscan_to_ranges -- -j16 -l16
[0.431s] [  2%] Built target laserscan_to_ranges_msg__rosidl_generator_type_description
[0.432s] [  2%] Built target ament_cmake_python_copy_laserscan_to_ranges
[0.432s] [  5%] Built target laserscan_to_ranges_msg__cpp
[0.432s] [ 19%] Built target laserscan_to_ranges_msg__rosidl_generator_c
[0.432s] [ 30%] Built target laserscan_to_ranges_msg__rosidl_typesupport_cpp
[0.432s] [ 36%] Built target laserscan_to_ranges_msg__rosidl_typesupport_introspection_cpp
[0.432s] [ 52%] Built target laserscan_to_ranges_msg__rosidl_typesupport_c
[0.432s] [ 52%] Built target laserscan_to_ranges_msg__rosidl_typesupport_fastrtps_cpp
[0.432s] [ 61%] Built target laserscan_to_ranges_msg__rosidl_typesupport_fastrtps_c
[0.432s] [ 69%] Built target laserscan_to_ranges_msg__rosidl_typesupport_introspection_c
[0.432s] [ 69%] Built target laserscan_to_ranges_msg
[0.432s] [ 75%] Built target laserscan_to_ranges
[0.432s] [ 77%] Built target laserscan_to_ranges_msg__py
[0.432s] [ 83%] Built target laserscan_to_ranges_msg__rosidl_generator_py
[0.432s] [ 88%] Built target laserscan_to_ranges_s__rosidl_typesupport_introspection_c
[0.432s] [ 94%] Built target laserscan_to_ranges_s__rosidl_typesupport_c
[0.432s] [100%] Built target laserscan_to_ranges_s__rosidl_typesupport_fastrtps_c
[0.432s] running egg_info
[0.432s] writing laserscan_to_ranges.egg-info/PKG-INFO
[0.432s] writing dependency_links to laserscan_to_ranges.egg-info/dependency_links.txt
[0.432s] writing top-level names to laserscan_to_ranges.egg-info/top_level.txt
[0.432s] reading manifest file 'laserscan_to_ranges.egg-info/SOURCES.txt'
[0.432s] writing manifest file 'laserscan_to_ranges.egg-info/SOURCES.txt'
[0.432s] [100%] Built target ament_cmake_python_build_laserscan_to_ranges_egg
[0.441s] Invoked command in '/home/peko/colcon_ws/build/laserscan_to_ranges' returned '0': CMAKE_PREFIX_PATH=${CMAKE_PREFIX_PATH}:/home/peko/colcon_ws/install/robina_rfid:/opt/ros/jazzy DEBUGINFOD_URLS=https://debuginfod.ubuntu.com /usr/bin/cmake --build /home/peko/colcon_ws/build/laserscan_to_ranges -- -j16 -l16
[0.442s] Invoking command in '/home/peko/colcon_ws/build/laserscan_to_ranges': CMAKE_PREFIX_PATH=${CMAKE_PREFIX_PATH}:/home/peko/colcon_ws/install/robina_rfid:/opt/ros/jazzy DEBUGINFOD_URLS=https://debuginfod.ubuntu.com /usr/bin/cmake --install /home/peko/colcon_ws/build/laserscan_to_ranges
[0.473s] -- Install configuration: ""
[0.473s] -- Up-to-date: /home/peko/colcon_ws/install/laserscan_to_ranges/share/ament_index/resource_index/rosidl_interfaces/laserscan_to_ranges
[0.473s] -- Up-to-date: /home/peko/colcon_ws/install/laserscan_to_ranges/share/laserscan_to_ranges/msg/SimpleRanges.json
[0.473s] -- Up-to-date: /home/peko/colcon_ws/install/laserscan_to_ranges/include/laserscan_to_ranges/laserscan_to_ranges
[0.473s] -- Up-to-date: /home/peko/colcon_ws/install/laserscan_to_ranges/include/laserscan_to_ranges/laserscan_to_ranges/msg
[0.473s] -- Up-to-date: /home/peko/colcon_ws/install/laserscan_to_ranges/include/laserscan_to_ranges/laserscan_to_ranges/msg/detail
[0.473s] -- Up-to-date: /home/peko/colcon_ws/install/laserscan_to_ranges/include/laserscan_to_ranges/laserscan_to_ranges/msg/detail/simple_ranges__type_support.c
[0.473s] -- Up-to-date: /home/peko/colcon_ws/install/laserscan_to_ranges/include/laserscan_to_ranges/laserscan_to_ranges/msg/detail/simple_ranges__type_support.h
[0.473s] -- Up-to-date: /home/peko/colcon_ws/install/laserscan_to_ranges/include/laserscan_to_ranges/laserscan_to_ranges/msg/detail/simple_ranges__functions.h
[0.473s] -- Up-to-date: /home/peko/colcon_ws/install/laserscan_to_ranges/include/laserscan_to_ranges/laserscan_to_ranges/msg/detail/simple_ranges__functions.c
[0.473s] -- Up-to-date: /home/peko/colcon_ws/install/laserscan_to_ranges/include/laserscan_to_ranges/laserscan_to_ranges/msg/detail/simple_ranges__description.c
[0.474s] -- Up-to-date: /home/peko/colcon_ws/install/laserscan_to_ranges/include/laserscan_to_ranges/laserscan_to_ranges/msg/detail/simple_ranges__struct.h
[0.474s] -- Up-to-date: /home/peko/colcon_ws/install/laserscan_to_ranges/include/laserscan_to_ranges/laserscan_to_ranges/msg/simple_ranges.h
[0.474s] -- Up-to-date: /home/peko/colcon_ws/install/laserscan_to_ranges/include/laserscan_to_ranges/laserscan_to_ranges/msg/rosidl_generator_c__visibility_control.h
[0.474s] -- Up-to-date: /home/peko/colcon_ws/install/laserscan_to_ranges/share/laserscan_to_ranges/environment/library_path.sh
[0.474s] -- Up-to-date: /home/peko/colcon_ws/install/laserscan_to_ranges/share/laserscan_to_ranges/environment/library_path.dsv
[0.474s] -- Up-to-date: /home/peko/colcon_ws/install/laserscan_to_ranges/lib/liblaserscan_to_ranges__rosidl_generator_c.so
[0.474s] -- Up-to-date: /home/peko/colcon_ws/install/laserscan_to_ranges/include/laserscan_to_ranges/laserscan_to_ranges
[0.475s] -- Up-to-date: /home/peko/colcon_ws/install/laserscan_to_ranges/include/laserscan_to_ranges/laserscan_to_ranges/msg
[0.475s] -- Up-to-date: /home/peko/colcon_ws/install/laserscan_to_ranges/include/laserscan_to_ranges/laserscan_to_ranges/msg/detail
[0.475s] -- Up-to-date: /home/peko/colcon_ws/install/laserscan_to_ranges/include/laserscan_to_ranges/laserscan_to_ranges/msg/detail/simple_ranges__rosidl_typesupport_fastrtps_c.h
[0.475s] -- Up-to-date: /home/peko/colcon_ws/install/laserscan_to_ranges/include/laserscan_to_ranges/laserscan_to_ranges/msg/rosidl_typesupport_fastrtps_c__visibility_control.h
[0.476s] -- Up-to-date: /home/peko/colcon_ws/install/laserscan_to_ranges/lib/liblaserscan_to_ranges__rosidl_typesupport_fastrtps_c.so
[0.476s] -- Up-to-date: /home/peko/colcon_ws/install/laserscan_to_ranges/include/laserscan_to_ranges/laserscan_to_ranges
[0.476s] -- Up-to-date: /home/peko/colcon_ws/install/laserscan_to_ranges/include/laserscan_to_ranges/laserscan_to_ranges/msg
[0.476s] -- Up-to-date: /home/peko/colcon_ws/install/laserscan_to_ranges/include/laserscan_to_ranges/laserscan_to_ranges/msg/detail
[0.476s] -- Up-to-date: /home/peko/colcon_ws/install/laserscan_to_ranges/include/laserscan_to_ranges/laserscan_to_ranges/msg/detail/simple_ranges__type_support.hpp
[0.476s] -- Up-to-date: /home/peko/colcon_ws/install/laserscan_to_ranges/include/laserscan_to_ranges/laserscan_to_ranges/msg/detail/simple_ranges__traits.hpp
[0.477s] -- Up-to-date: /home/peko/colcon_ws/install/laserscan_to_ranges/include/laserscan_to_ranges/laserscan_to_ranges/msg/detail/simple_ranges__builder.hpp
[0.477s] -- Up-to-date: /home/peko/colcon_ws/install/laserscan_to_ranges/include/laserscan_to_ranges/laserscan_to_ranges/msg/detail/simple_ranges__struct.hpp
[0.477s] -- Up-to-date: /home/peko/colcon_ws/install/laserscan_to_ranges/include/laserscan_to_ranges/laserscan_to_ranges/msg/rosidl_generator_cpp__visibility_control.hpp
[0.477s] -- Up-to-date: /home/peko/colcon_ws/install/laserscan_to_ranges/include/laserscan_to_ranges/laserscan_to_ranges/msg/simple_ranges.hpp
[0.477s] -- Up-to-date: /home/peko/colcon_ws/install/laserscan_to_ranges/include/laserscan_to_ranges/laserscan_to_ranges
[0.477s] -- Up-to-date: /home/peko/colcon_ws/install/laserscan_to_ranges/include/laserscan_to_ranges/laserscan_to_ranges/msg
[0.477s] -- Up-to-date: /home/peko/colcon_ws/install/laserscan_to_ranges/include/laserscan_to_ranges/laserscan_to_ranges/msg/detail
[0.477s] -- Up-to-date: /home/peko/colcon_ws/install/laserscan_to_ranges/include/laserscan_to_ranges/laserscan_to_ranges/msg/detail/dds_fastrtps
[0.477s] -- Up-to-date: /home/peko/colcon_ws/install/laserscan_to_ranges/include/laserscan_to_ranges/laserscan_to_ranges/msg/detail/simple_ranges__rosidl_typesupport_fastrtps_cpp.hpp
[0.477s] -- Up-to-date: /home/peko/colcon_ws/install/laserscan_to_ranges/include/laserscan_to_ranges/laserscan_to_ranges/msg/rosidl_typesupport_fastrtps_cpp__visibility_control.h
[0.478s] -- Up-to-date: /home/peko/colcon_ws/install/laserscan_to_ranges/lib/liblaserscan_to_ranges__rosidl_typesupport_fastrtps_cpp.so
[0.478s] -- Up-to-date: /home/peko/colcon_ws/install/laserscan_to_ranges/include/laserscan_to_ranges/laserscan_to_ranges
[0.478s] -- Up-to-date: /home/peko/colcon_ws/install/laserscan_to_ranges/include/laserscan_to_ranges/laserscan_to_ranges/msg
[0.478s] -- Up-to-date: /home/peko/colcon_ws/install/laserscan_to_ranges/include/laserscan_to_ranges/laserscan_to_ranges/msg/detail
[0.478s] -- Up-to-date: /home/peko/colcon_ws/install/laserscan_to_ranges/include/laserscan_to_ranges/laserscan_to_ranges/msg/detail/simple_ranges__type_support.c
[0.478s] -- Up-to-date: /home/peko/colcon_ws/install/laserscan_to_ranges/include/laserscan_to_ranges/laserscan_to_ranges/msg/detail/simple_ranges__rosidl_typesupport_introspection_c.h
[0.478s] -- Up-to-date: /home/peko/colcon_ws/install/laserscan_to_ranges/include/laserscan_to_ranges/laserscan_to_ranges/msg/rosidl_typesupport_introspection_c__visibility_control.h
[0.478s] -- Up-to-date: /home/peko/colcon_ws/install/laserscan_to_ranges/lib/liblaserscan_to_ranges__rosidl_typesupport_introspection_c.so
[0.478s] -- Up-to-date: /home/peko/colcon_ws/install/laserscan_to_ranges/lib/liblaserscan_to_ranges__rosidl_typesupport_c.so
[0.478s] -- Up-to-date: /home/peko/colcon_ws/install/laserscan_to_ranges/include/laserscan_to_ranges/laserscan_to_ranges
[0.478s] -- Up-to-date: /home/peko/colcon_ws/install/laserscan_to_ranges/include/laserscan_to_ranges/laserscan_to_ranges/msg
[0.479s] -- Up-to-date: /home/peko/colcon_ws/install/laserscan_to_ranges/include/laserscan_to_ranges/laserscan_to_ranges/msg/detail
[0.479s] -- Up-to-date: /home/peko/colcon_ws/install/laserscan_to_ranges/include/laserscan_to_ranges/laserscan_to_ranges/msg/detail/simple_ranges__rosidl_typesupport_introspection_cpp.hpp
[0.479s] -- Up-to-date: /home/peko/colcon_ws/install/laserscan_to_ranges/include/laserscan_to_ranges/laserscan_to_ranges/msg/detail/simple_ranges__type_support.cpp
[0.479s] -- Up-to-date: /home/peko/colcon_ws/install/laserscan_to_ranges/lib/liblaserscan_to_ranges__rosidl_typesupport_introspection_cpp.so
[0.479s] -- Up-to-date: /home/peko/colcon_ws/install/laserscan_to_ranges/lib/liblaserscan_to_ranges__rosidl_typesupport_cpp.so
[0.479s] -- Up-to-date: /home/peko/colcon_ws/install/laserscan_to_ranges/share/laserscan_to_ranges/environment/pythonpath.sh
[0.479s] -- Up-to-date: /home/peko/colcon_ws/install/laserscan_to_ranges/share/laserscan_to_ranges/environment/pythonpath.dsv
[0.480s] -- Up-to-date: /home/peko/colcon_ws/install/laserscan_to_ranges/lib/python3.12/site-packages/laserscan_to_ranges-0.0.0-py3.12.egg-info
[0.482s] -- Installing: /home/peko/colcon_ws/install/laserscan_to_ranges/lib/python3.12/site-packages/laserscan_to_ranges-0.0.0-py3.12.egg-info/PKG-INFO
[0.482s] -- Installing: /home/peko/colcon_ws/install/laserscan_to_ranges/lib/python3.12/site-packages/laserscan_to_ranges-0.0.0-py3.12.egg-info/SOURCES.txt
[0.482s] -- Installing: /home/peko/colcon_ws/install/laserscan_to_ranges/lib/python3.12/site-packages/laserscan_to_ranges-0.0.0-py3.12.egg-info/top_level.txt
[0.482s] -- Installing: /home/peko/colcon_ws/install/laserscan_to_ranges/lib/python3.12/site-packages/laserscan_to_ranges-0.0.0-py3.12.egg-info/dependency_links.txt
[0.482s] -- Up-to-date: /home/peko/colcon_ws/install/laserscan_to_ranges/lib/python3.12/site-packages/laserscan_to_ranges
[0.483s] -- Up-to-date: /home/peko/colcon_ws/install/laserscan_to_ranges/lib/python3.12/site-packages/laserscan_to_ranges/laserscan_to_ranges_s__rosidl_typesupport_c.so
[0.483s] -- Up-to-date: /home/peko/colcon_ws/install/laserscan_to_ranges/lib/python3.12/site-packages/laserscan_to_ranges/_laserscan_to_ranges_s.ep.rosidl_typesupport_fastrtps_c.c
[0.483s] -- Up-to-date: /home/peko/colcon_ws/install/laserscan_to_ranges/lib/python3.12/site-packages/laserscan_to_ranges/laserscan_to_ranges_s__rosidl_typesupport_introspection_c.so
[0.483s] -- Up-to-date: /home/peko/colcon_ws/install/laserscan_to_ranges/lib/python3.12/site-packages/laserscan_to_ranges/laserscan_to_ranges_s__rosidl_typesupport_fastrtps_c.so
[0.483s] -- Up-to-date: /home/peko/colcon_ws/install/laserscan_to_ranges/lib/python3.12/site-packages/laserscan_to_ranges/__init__.py
[0.483s] -- Up-to-date: /home/peko/colcon_ws/install/laserscan_to_ranges/lib/python3.12/site-packages/laserscan_to_ranges/msg
[0.483s] -- Up-to-date: /home/peko/colcon_ws/install/laserscan_to_ranges/lib/python3.12/site-packages/laserscan_to_ranges/msg/__init__.py
[0.483s] -- Up-to-date: /home/peko/colcon_ws/install/laserscan_to_ranges/lib/python3.12/site-packages/laserscan_to_ranges/msg/_simple_ranges.py
[0.483s] -- Up-to-date: /home/peko/colcon_ws/install/laserscan_to_ranges/lib/python3.12/site-packages/laserscan_to_ranges/msg/_simple_ranges_s.c
[0.483s] -- Up-to-date: /home/peko/colcon_ws/install/laserscan_to_ranges/lib/python3.12/site-packages/laserscan_to_ranges/_laserscan_to_ranges_s.ep.rosidl_typesupport_c.c
[0.484s] -- Up-to-date: /home/peko/colcon_ws/install/laserscan_to_ranges/lib/python3.12/site-packages/laserscan_to_ranges/_laserscan_to_ranges_s.ep.rosidl_typesupport_introspection_c.c
[0.491s] Listing '/home/peko/colcon_ws/install/laserscan_to_ranges/lib/python3.12/site-packages/laserscan_to_ranges'...
[0.491s] Listing '/home/peko/colcon_ws/install/laserscan_to_ranges/lib/python3.12/site-packages/laserscan_to_ranges/msg'...
[0.491s] -- Up-to-date: /home/peko/colcon_ws/install/laserscan_to_ranges/lib/python3.12/site-packages/laserscan_to_ranges/laserscan_to_ranges_s__rosidl_typesupport_fastrtps_c.so
[0.491s] -- Up-to-date: /home/peko/colcon_ws/install/laserscan_to_ranges/lib/python3.12/site-packages/laserscan_to_ranges/laserscan_to_ranges_s__rosidl_typesupport_introspection_c.so
[0.492s] -- Up-to-date: /home/peko/colcon_ws/install/laserscan_to_ranges/lib/python3.12/site-packages/laserscan_to_ranges/laserscan_to_ranges_s__rosidl_typesupport_c.so
[0.492s] -- Up-to-date: /home/peko/colcon_ws/install/laserscan_to_ranges/lib/liblaserscan_to_ranges_msg__rosidl_generator_py.so
[0.492s] -- Up-to-date: /home/peko/colcon_ws/install/laserscan_to_ranges/share/laserscan_to_ranges/msg/SimpleRanges.idl
[0.492s] -- Up-to-date: /home/peko/colcon_ws/install/laserscan_to_ranges/share/laserscan_to_ranges/msg/SimpleRanges.msg
[0.492s] -- Up-to-date: /home/peko/colcon_ws/install/laserscan_to_ranges/lib/laserscan_to_ranges/laserscan_to_ranges
[0.492s] -- Up-to-date: /home/peko/colcon_ws/install/laserscan_to_ranges/share/laserscan_to_ranges/launch
[0.493s] -- Up-to-date: /home/peko/colcon_ws/install/laserscan_to_ranges/share/laserscan_to_ranges/launch/laserscan_to_ranges.launch.py
[0.493s] -- Up-to-date: /home/peko/colcon_ws/install/laserscan_to_ranges/share/ament_index/resource_index/package_run_dependencies/laserscan_to_ranges
[0.493s] -- Up-to-date: /home/peko/colcon_ws/install/laserscan_to_ranges/share/ament_index/resource_index/parent_prefix_path/laserscan_to_ranges
[0.493s] -- Up-to-date: /home/peko/colcon_ws/install/laserscan_to_ranges/share/laserscan_to_ranges/environment/ament_prefix_path.sh
[0.493s] -- Up-to-date: /home/peko/colcon_ws/install/laserscan_to_ranges/share/laserscan_to_ranges/environment/ament_prefix_path.dsv
[0.493s] -- Up-to-date: /home/peko/colcon_ws/install/laserscan_to_ranges/share/laserscan_to_ranges/environment/path.sh
[0.493s] -- Up-to-date: /home/peko/colcon_ws/install/laserscan_to_ranges/share/laserscan_to_ranges/environment/path.dsv
[0.493s] -- Up-to-date: /home/peko/colcon_ws/install/laserscan_to_ranges/share/laserscan_to_ranges/local_setup.bash
[0.493s] -- Up-to-date: /home/peko/colcon_ws/install/laserscan_to_ranges/share/laserscan_to_ranges/local_setup.sh
[0.494s] -- Up-to-date: /home/peko/colcon_ws/install/laserscan_to_ranges/share/laserscan_to_ranges/local_setup.zsh
[0.494s] -- Up-to-date: /home/peko/colcon_ws/install/laserscan_to_ranges/share/laserscan_to_ranges/local_setup.dsv
[0.494s] -- Installing: /home/peko/colcon_ws/install/laserscan_to_ranges/share/laserscan_to_ranges/package.dsv
[0.494s] -- Up-to-date: /home/peko/colcon_ws/install/laserscan_to_ranges/share/ament_index/resource_index/packages/laserscan_to_ranges
[0.494s] -- Up-to-date: /home/peko/colcon_ws/install/laserscan_to_ranges/share/laserscan_to_ranges/cmake/export_laserscan_to_ranges_msg__rosidl_generator_cExport.cmake
[0.494s] -- Up-to-date: /home/peko/colcon_ws/install/laserscan_to_ranges/share/laserscan_to_ranges/cmake/export_laserscan_to_ranges_msg__rosidl_generator_cExport-noconfig.cmake
[0.494s] -- Up-to-date: /home/peko/colcon_ws/install/laserscan_to_ranges/share/laserscan_to_ranges/cmake/export_laserscan_to_ranges_msg__rosidl_typesupport_fastrtps_cExport.cmake
[0.494s] -- Up-to-date: /home/peko/colcon_ws/install/laserscan_to_ranges/share/laserscan_to_ranges/cmake/export_laserscan_to_ranges_msg__rosidl_typesupport_fastrtps_cExport-noconfig.cmake
[0.494s] -- Up-to-date: /home/peko/colcon_ws/install/laserscan_to_ranges/share/laserscan_to_ranges/cmake/export_laserscan_to_ranges_msg__rosidl_generator_cppExport.cmake
[0.495s] -- Up-to-date: /home/peko/colcon_ws/install/laserscan_to_ranges/share/laserscan_to_ranges/cmake/export_laserscan_to_ranges_msg__rosidl_typesupport_fastrtps_cppExport.cmake
[0.495s] -- Up-to-date: /home/peko/colcon_ws/install/laserscan_to_ranges/share/laserscan_to_ranges/cmake/export_laserscan_to_ranges_msg__rosidl_typesupport_fastrtps_cppExport-noconfig.cmake
[0.495s] -- Up-to-date: /home/peko/colcon_ws/install/laserscan_to_ranges/share/laserscan_to_ranges/cmake/laserscan_to_ranges_msg__rosidl_typesupport_introspection_cExport.cmake
[0.495s] -- Up-to-date: /home/peko/colcon_ws/install/laserscan_to_ranges/share/laserscan_to_ranges/cmake/laserscan_to_ranges_msg__rosidl_typesupport_introspection_cExport-noconfig.cmake
[0.495s] -- Up-to-date: /home/peko/colcon_ws/install/laserscan_to_ranges/share/laserscan_to_ranges/cmake/laserscan_to_ranges_msg__rosidl_typesupport_cExport.cmake
[0.495s] -- Up-to-date: /home/peko/colcon_ws/install/laserscan_to_ranges/share/laserscan_to_ranges/cmake/laserscan_to_ranges_msg__rosidl_typesupport_cExport-noconfig.cmake
[0.495s] -- Up-to-date: /home/peko/colcon_ws/install/laserscan_to_ranges/share/laserscan_to_ranges/cmake/laserscan_to_ranges_msg__rosidl_typesupport_introspection_cppExport.cmake
[0.495s] -- Up-to-date: /home/peko/colcon_ws/install/laserscan_to_ranges/share/laserscan_to_ranges/cmake/laserscan_to_ranges_msg__rosidl_typesupport_introspection_cppExport-noconfig.cmake
[0.496s] -- Up-to-date: /home/peko/colcon_ws/install/laserscan_to_ranges/share/laserscan_to_ranges/cmake/laserscan_to_ranges_msg__rosidl_typesupport_cppExport.cmake
[0.496s] -- Up-to-date: /home/peko/colcon_ws/install/laserscan_to_ranges/share/laserscan_to_ranges/cmake/laserscan_to_ranges_msg__rosidl_typesupport_cppExport-noconfig.cmake
[0.496s] -- Up-to-date: /home/peko/colcon_ws/install/laserscan_to_ranges/share/laserscan_to_ranges/cmake/export_laserscan_to_ranges_msg__rosidl_generator_pyExport.cmake
[0.496s] -- Up-to-date: /home/peko/colcon_ws/install/laserscan_to_ranges/share/laserscan_to_ranges/cmake/export_laserscan_to_ranges_msg__rosidl_generator_pyExport-noconfig.cmake
[0.496s] -- Up-to-date: /home/peko/colcon_ws/install/laserscan_to_ranges/share/laserscan_to_ranges/cmake/rosidl_cmake-extras.cmake
[0.496s] -- Up-to-date: /home/peko/colcon_ws/install/laserscan_to_ranges/share/laserscan_to_ranges/cmake/ament_cmake_export_dependencies-extras.cmake
[0.496s] -- Up-to-date: /home/peko/colcon_ws/install/laserscan_to_ranges/share/laserscan_to_ranges/cmake/ament_cmake_export_include_directories-extras.cmake
[0.496s] -- Up-to-date: /home/peko/colcon_ws/install/laserscan_to_ranges/share/laserscan_to_ranges/cmake/ament_cmake_export_libraries-extras.cmake
[0.497s] -- Up-to-date: /home/peko/colcon_ws/install/laserscan_to_ranges/share/laserscan_to_ranges/cmake/ament_cmake_export_targets-extras.cmake
[0.497s] -- Up-to-date: /home/peko/colcon_ws/install/laserscan_to_ranges/share/laserscan_to_ranges/cmake/rosidl_cmake_export_typesupport_targets-extras.cmake
[0.497s] -- Up-to-date: /home/peko/colcon_ws/install/laserscan_to_ranges/share/laserscan_to_ranges/cmake/rosidl_cmake_export_typesupport_libraries-extras.cmake
[0.497s] -- Up-to-date: /home/peko/colcon_ws/install/laserscan_to_ranges/share/laserscan_to_ranges/cmake/laserscan_to_rangesConfig.cmake
[0.497s] -- Up-to-date: /home/peko/colcon_ws/install/laserscan_to_ranges/share/laserscan_to_ranges/cmake/laserscan_to_rangesConfig-version.cmake
[0.498s] -- Up-to-date: /home/peko/colcon_ws/install/laserscan_to_ranges/share/laserscan_to_ranges/package.xml
[0.522s] Invoked command in '/home/peko/colcon_ws/build/laserscan_to_ranges' returned '0': CMAKE_PREFIX_PATH=${CMAKE_PREFIX_PATH}:/home/peko/colcon_ws/install/robina_rfid:/opt/ros/jazzy DEBUGINFOD_URLS=https://debuginfod.ubuntu.com /usr/bin/cmake --install /home/peko/colcon_ws/build/laserscan_to_ranges
