/home/peko/colcon_ws/install/robina_rfid/lib/python3.12/site-packages/robina_rfid/rfid2.py
/home/peko/colcon_ws/install/robina_rfid/lib/python3.12/site-packages/robina_rfid/rfid_reader.py
/home/peko/colcon_ws/install/robina_rfid/lib/python3.12/site-packages/robina_rfid/big_node.py
/home/peko/colcon_ws/install/robina_rfid/lib/python3.12/site-packages/robina_rfid/tag_location_processor.py
/home/peko/colcon_ws/install/robina_rfid/lib/python3.12/site-packages/robina_rfid/height_changer_node.py
/home/peko/colcon_ws/install/robina_rfid/lib/python3.12/site-packages/robina_rfid/__init__.py
/home/peko/colcon_ws/install/robina_rfid/lib/python3.12/site-packages/robina_rfid/marker_publisher.py
/home/peko/colcon_ws/install/robina_rfid/lib/python3.12/site-packages/robina_rfid/step_publisher.py
/home/peko/colcon_ws/install/robina_rfid/lib/python3.12/site-packages/robina_rfid/point_follower.py
/home/peko/colcon_ws/install/robina_rfid/lib/python3.12/site-packages/robina_rfid/__pycache__/rfid2.cpython-312.pyc
/home/peko/colcon_ws/install/robina_rfid/lib/python3.12/site-packages/robina_rfid/__pycache__/rfid_reader.cpython-312.pyc
/home/peko/colcon_ws/install/robina_rfid/lib/python3.12/site-packages/robina_rfid/__pycache__/big_node.cpython-312.pyc
/home/peko/colcon_ws/install/robina_rfid/lib/python3.12/site-packages/robina_rfid/__pycache__/tag_location_processor.cpython-312.pyc
/home/peko/colcon_ws/install/robina_rfid/lib/python3.12/site-packages/robina_rfid/__pycache__/height_changer_node.cpython-312.pyc
/home/peko/colcon_ws/install/robina_rfid/lib/python3.12/site-packages/robina_rfid/__pycache__/__init__.cpython-312.pyc
/home/peko/colcon_ws/install/robina_rfid/lib/python3.12/site-packages/robina_rfid/__pycache__/marker_publisher.cpython-312.pyc
/home/peko/colcon_ws/install/robina_rfid/lib/python3.12/site-packages/robina_rfid/__pycache__/step_publisher.cpython-312.pyc
/home/peko/colcon_ws/install/robina_rfid/lib/python3.12/site-packages/robina_rfid/__pycache__/point_follower.cpython-312.pyc
/home/peko/colcon_ws/install/robina_rfid/share/ament_index/resource_index/packages/robina_rfid
/home/peko/colcon_ws/install/robina_rfid/share/robina_rfid/package.xml
/home/peko/colcon_ws/install/robina_rfid/lib/python3.12/site-packages/robina_rfid-0.0.0-py3.12.egg-info/zip-safe
/home/peko/colcon_ws/install/robina_rfid/lib/python3.12/site-packages/robina_rfid-0.0.0-py3.12.egg-info/requires.txt
/home/peko/colcon_ws/install/robina_rfid/lib/python3.12/site-packages/robina_rfid-0.0.0-py3.12.egg-info/PKG-INFO
/home/peko/colcon_ws/install/robina_rfid/lib/python3.12/site-packages/robina_rfid-0.0.0-py3.12.egg-info/SOURCES.txt
/home/peko/colcon_ws/install/robina_rfid/lib/python3.12/site-packages/robina_rfid-0.0.0-py3.12.egg-info/top_level.txt
/home/peko/colcon_ws/install/robina_rfid/lib/python3.12/site-packages/robina_rfid-0.0.0-py3.12.egg-info/entry_points.txt
/home/peko/colcon_ws/install/robina_rfid/lib/python3.12/site-packages/robina_rfid-0.0.0-py3.12.egg-info/dependency_links.txt
/home/peko/colcon_ws/install/robina_rfid/lib/robina_rfid/big_node
/home/peko/colcon_ws/install/robina_rfid/lib/robina_rfid/height_changer_node
/home/peko/colcon_ws/install/robina_rfid/lib/robina_rfid/marker_publisher
/home/peko/colcon_ws/install/robina_rfid/lib/robina_rfid/point_follower
/home/peko/colcon_ws/install/robina_rfid/lib/robina_rfid/rfid_reader
/home/peko/colcon_ws/install/robina_rfid/lib/robina_rfid/step_publisher
/home/peko/colcon_ws/install/robina_rfid/lib/robina_rfid/tag_location_processor
