[  2%] [34m[1mGenerating type hashes for ROS interfaces[0m
[  2%] Built target ament_cmake_python_copy_laserscan_to_ranges
[  2%] Built target laserscan_to_ranges_msg__rosidl_generator_type_description
[  5%] [34m[1mGenerating C code for ROS interfaces[0m
[  8%] [34m[1mGenerating C++ code for ROS interfaces[0m
running egg_info
creating laserscan_to_ranges.egg-info
writing laserscan_to_ranges.egg-info/PKG-INFO
writing dependency_links to laserscan_to_ranges.egg-info/dependency_links.txt
writing top-level names to laserscan_to_ranges.egg-info/top_level.txt
writing manifest file 'laserscan_to_ranges.egg-info/SOURCES.txt'
reading manifest file 'laserscan_to_ranges.egg-info/SOURCES.txt'
writing manifest file 'laserscan_to_ranges.egg-info/SOURCES.txt'
[  8%] Built target ament_cmake_python_build_laserscan_to_ranges_egg
[  8%] Built target laserscan_to_ranges_msg__cpp
[ 16%] [32mBuilding C object CMakeFiles/laserscan_to_ranges_msg__rosidl_generator_c.dir/rosidl_generator_c/laserscan_to_ranges/msg/detail/simple_ranges__description.c.o[0m
[ 16%] [32mBuilding C object CMakeFiles/laserscan_to_ranges_msg__rosidl_generator_c.dir/rosidl_generator_c/laserscan_to_ranges/msg/detail/simple_ranges__type_support.c.o[0m
[ 16%] [32mBuilding C object CMakeFiles/laserscan_to_ranges_msg__rosidl_generator_c.dir/rosidl_generator_c/laserscan_to_ranges/msg/detail/simple_ranges__functions.c.o[0m
[ 19%] [32m[1mLinking C shared library liblaserscan_to_ranges__rosidl_generator_c.so[0m
[ 19%] Built target laserscan_to_ranges_msg__rosidl_generator_c
[ 25%] [34m[1mGenerating C++ type support for eProsima Fast-RTPS[0m
[ 25%] [34m[1mGenerating C++ introspection for ROS interfaces[0m
[ 30%] [34m[1mGenerating C++ type support dispatch for ROS interfaces[0m
[ 30%] [34m[1mGenerating C type support for eProsima Fast-RTPS[0m
[ 36%] [34m[1mGenerating C type support dispatch for ROS interfaces[0m
[ 36%] [34m[1mGenerating C introspection for ROS interfaces[0m
[ 38%] [32mBuilding CXX object CMakeFiles/laserscan_to_ranges_msg__rosidl_typesupport_introspection_cpp.dir/rosidl_typesupport_introspection_cpp/laserscan_to_ranges/msg/detail/simple_ranges__type_support.cpp.o[0m
[ 41%] [32mBuilding CXX object CMakeFiles/laserscan_to_ranges_msg__rosidl_typesupport_fastrtps_cpp.dir/rosidl_typesupport_fastrtps_cpp/laserscan_to_ranges/msg/detail/dds_fastrtps/simple_ranges__type_support.cpp.o[0m
[ 44%] [32mBuilding CXX object CMakeFiles/laserscan_to_ranges_msg__rosidl_typesupport_c.dir/rosidl_typesupport_c/laserscan_to_ranges/msg/simple_ranges__type_support.cpp.o[0m
[ 47%] [32mBuilding CXX object CMakeFiles/laserscan_to_ranges_msg__rosidl_typesupport_cpp.dir/rosidl_typesupport_cpp/laserscan_to_ranges/msg/simple_ranges__type_support.cpp.o[0m
[ 50%] [32mBuilding C object CMakeFiles/laserscan_to_ranges_msg__rosidl_typesupport_introspection_c.dir/rosidl_typesupport_introspection_c/laserscan_to_ranges/msg/detail/simple_ranges__type_support.c.o[0m
[ 52%] [32mBuilding CXX object CMakeFiles/laserscan_to_ranges_msg__rosidl_typesupport_fastrtps_c.dir/rosidl_typesupport_fastrtps_c/laserscan_to_ranges/msg/detail/simple_ranges__type_support_c.cpp.o[0m
[ 55%] [32m[1mLinking CXX shared library liblaserscan_to_ranges__rosidl_typesupport_c.so[0m
[ 58%] [32m[1mLinking C shared library liblaserscan_to_ranges__rosidl_typesupport_introspection_c.so[0m
[ 58%] Built target laserscan_to_ranges_msg__rosidl_typesupport_c
[ 58%] Built target laserscan_to_ranges_msg__rosidl_typesupport_introspection_c
[ 61%] [32m[1mLinking CXX shared library liblaserscan_to_ranges__rosidl_typesupport_introspection_cpp.so[0m
[ 61%] Built target laserscan_to_ranges_msg__rosidl_typesupport_introspection_cpp
[ 63%] [32m[1mLinking CXX shared library liblaserscan_to_ranges__rosidl_typesupport_cpp.so[0m
[ 66%] [32m[1mLinking CXX shared library liblaserscan_to_ranges__rosidl_typesupport_fastrtps_cpp.so[0m
[ 66%] Built target laserscan_to_ranges_msg__rosidl_typesupport_cpp
[ 69%] [32mBuilding CXX object CMakeFiles/laserscan_to_ranges.dir/src/laserscan_to_ranges.cpp.o[0m
[ 69%] Built target laserscan_to_ranges_msg__rosidl_typesupport_fastrtps_cpp
[ 72%] [32m[1mLinking CXX shared library liblaserscan_to_ranges__rosidl_typesupport_fastrtps_c.so[0m
[ 72%] Built target laserscan_to_ranges_msg__rosidl_typesupport_fastrtps_c
[ 72%] Built target laserscan_to_ranges_msg
[ 75%] [34m[1mGenerating Python code for ROS interfaces[0m
[ 75%] Built target laserscan_to_ranges_msg__py
[ 77%] [32mBuilding C object CMakeFiles/laserscan_to_ranges_msg__rosidl_generator_py.dir/rosidl_generator_py/laserscan_to_ranges/msg/_simple_ranges_s.c.o[0m
[ 80%] [32m[1mLinking C shared library liblaserscan_to_ranges_msg__rosidl_generator_py.so[0m
[ 80%] Built target laserscan_to_ranges_msg__rosidl_generator_py
[ 86%] [32mBuilding C object CMakeFiles/laserscan_to_ranges_s__rosidl_typesupport_introspection_c.dir/rosidl_generator_py/laserscan_to_ranges/_laserscan_to_ranges_s.ep.rosidl_typesupport_introspection_c.c.o[0m
[ 86%] [32mBuilding C object CMakeFiles/laserscan_to_ranges_s__rosidl_typesupport_fastrtps_c.dir/rosidl_generator_py/laserscan_to_ranges/_laserscan_to_ranges_s.ep.rosidl_typesupport_fastrtps_c.c.o[0m
[ 88%] [32mBuilding C object CMakeFiles/laserscan_to_ranges_s__rosidl_typesupport_c.dir/rosidl_generator_py/laserscan_to_ranges/_laserscan_to_ranges_s.ep.rosidl_typesupport_c.c.o[0m
[ 91%] [32m[1mLinking C shared module rosidl_generator_py/laserscan_to_ranges/laserscan_to_ranges_s__rosidl_typesupport_introspection_c.so[0m
[ 94%] [32m[1mLinking C shared module rosidl_generator_py/laserscan_to_ranges/laserscan_to_ranges_s__rosidl_typesupport_fastrtps_c.so[0m
[ 97%] [32m[1mLinking C shared module rosidl_generator_py/laserscan_to_ranges/laserscan_to_ranges_s__rosidl_typesupport_c.so[0m
[ 97%] Built target laserscan_to_ranges_s__rosidl_typesupport_introspection_c
[ 97%] Built target laserscan_to_ranges_s__rosidl_typesupport_fastrtps_c
[ 97%] Built target laserscan_to_ranges_s__rosidl_typesupport_c
[100%] [32m[1mLinking CXX executable laserscan_to_ranges[0m
[100%] Built target laserscan_to_ranges
