[0.020s] Invoking command in '/home/peko/colcon_ws/build/laserscan_to_ranges': CMAKE_PREFIX_PATH=${CMAKE_PREFIX_PATH}:/home/peko/colcon_ws/install/robina_rfid:/opt/ros/jazzy DEBUGINFOD_URLS=https://debuginfod.ubuntu.com /usr/bin/cmake --build /home/peko/colcon_ws/build/laserscan_to_ranges -- -j16 -l16
[0.366s] [  2%] [34m[1mGenerating type hashes for ROS interfaces[0m
[0.366s] [  2%] Built target ament_cmake_python_copy_laserscan_to_ranges
[0.366s] [  2%] Built target laserscan_to_ranges_msg__rosidl_generator_type_description
[0.366s] [  5%] [34m[1mGenerating C code for ROS interfaces[0m
[0.366s] [  8%] [34m[1mGenerating C++ code for ROS interfaces[0m
[0.366s] running egg_info
[0.366s] creating laserscan_to_ranges.egg-info
[0.366s] writing laserscan_to_ranges.egg-info/PKG-INFO
[0.367s] writing dependency_links to laserscan_to_ranges.egg-info/dependency_links.txt
[0.367s] writing top-level names to laserscan_to_ranges.egg-info/top_level.txt
[0.367s] writing manifest file 'laserscan_to_ranges.egg-info/SOURCES.txt'
[0.443s] reading manifest file 'laserscan_to_ranges.egg-info/SOURCES.txt'
[0.443s] writing manifest file 'laserscan_to_ranges.egg-info/SOURCES.txt'
[0.496s] [  8%] Built target ament_cmake_python_build_laserscan_to_ranges_egg
[0.500s] [  8%] Built target laserscan_to_ranges_msg__cpp
[0.572s] [ 16%] [32mBuilding C object CMakeFiles/laserscan_to_ranges_msg__rosidl_generator_c.dir/rosidl_generator_c/laserscan_to_ranges/msg/detail/simple_ranges__description.c.o[0m
[0.572s] [ 16%] [32mBuilding C object CMakeFiles/laserscan_to_ranges_msg__rosidl_generator_c.dir/rosidl_generator_c/laserscan_to_ranges/msg/detail/simple_ranges__type_support.c.o[0m
[0.572s] [ 16%] [32mBuilding C object CMakeFiles/laserscan_to_ranges_msg__rosidl_generator_c.dir/rosidl_generator_c/laserscan_to_ranges/msg/detail/simple_ranges__functions.c.o[0m
[0.630s] [ 19%] [32m[1mLinking C shared library liblaserscan_to_ranges__rosidl_generator_c.so[0m
[0.670s] [ 19%] Built target laserscan_to_ranges_msg__rosidl_generator_c
[0.680s] [ 25%] [34m[1mGenerating C++ type support for eProsima Fast-RTPS[0m
[0.681s] [ 25%] [34m[1mGenerating C++ introspection for ROS interfaces[0m
[0.683s] [ 30%] [34m[1mGenerating C++ type support dispatch for ROS interfaces[0m
[0.683s] [ 30%] [34m[1mGenerating C type support for eProsima Fast-RTPS[0m
[0.683s] [ 36%] [34m[1mGenerating C type support dispatch for ROS interfaces[0m
[0.683s] [ 36%] [34m[1mGenerating C introspection for ROS interfaces[0m
[0.898s] [ 38%] [32mBuilding CXX object CMakeFiles/laserscan_to_ranges_msg__rosidl_typesupport_introspection_cpp.dir/rosidl_typesupport_introspection_cpp/laserscan_to_ranges/msg/detail/simple_ranges__type_support.cpp.o[0m
[0.914s] [ 41%] [32mBuilding CXX object CMakeFiles/laserscan_to_ranges_msg__rosidl_typesupport_fastrtps_cpp.dir/rosidl_typesupport_fastrtps_cpp/laserscan_to_ranges/msg/detail/dds_fastrtps/simple_ranges__type_support.cpp.o[0m
[1.031s] [ 44%] [32mBuilding CXX object CMakeFiles/laserscan_to_ranges_msg__rosidl_typesupport_c.dir/rosidl_typesupport_c/laserscan_to_ranges/msg/simple_ranges__type_support.cpp.o[0m
[1.054s] [ 47%] [32mBuilding CXX object CMakeFiles/laserscan_to_ranges_msg__rosidl_typesupport_cpp.dir/rosidl_typesupport_cpp/laserscan_to_ranges/msg/simple_ranges__type_support.cpp.o[0m
[1.109s] [ 50%] [32mBuilding C object CMakeFiles/laserscan_to_ranges_msg__rosidl_typesupport_introspection_c.dir/rosidl_typesupport_introspection_c/laserscan_to_ranges/msg/detail/simple_ranges__type_support.c.o[0m
[1.117s] [ 52%] [32mBuilding CXX object CMakeFiles/laserscan_to_ranges_msg__rosidl_typesupport_fastrtps_c.dir/rosidl_typesupport_fastrtps_c/laserscan_to_ranges/msg/detail/simple_ranges__type_support_c.cpp.o[0m
[1.123s] [ 55%] [32m[1mLinking CXX shared library liblaserscan_to_ranges__rosidl_typesupport_c.so[0m
[1.199s] [ 58%] [32m[1mLinking C shared library liblaserscan_to_ranges__rosidl_typesupport_introspection_c.so[0m
[1.221s] [ 58%] Built target laserscan_to_ranges_msg__rosidl_typesupport_c
[1.239s] [ 58%] Built target laserscan_to_ranges_msg__rosidl_typesupport_introspection_c
[1.412s] [ 61%] [32m[1mLinking CXX shared library liblaserscan_to_ranges__rosidl_typesupport_introspection_cpp.so[0m
[1.521s] [ 61%] Built target laserscan_to_ranges_msg__rosidl_typesupport_introspection_cpp
[1.575s] [ 63%] [32m[1mLinking CXX shared library liblaserscan_to_ranges__rosidl_typesupport_cpp.so[0m
[1.618s] [ 66%] [32m[1mLinking CXX shared library liblaserscan_to_ranges__rosidl_typesupport_fastrtps_cpp.so[0m
[1.621s] [ 66%] Built target laserscan_to_ranges_msg__rosidl_typesupport_cpp
[1.642s] [ 69%] [32mBuilding CXX object CMakeFiles/laserscan_to_ranges.dir/src/laserscan_to_ranges.cpp.o[0m
[1.665s] [ 69%] Built target laserscan_to_ranges_msg__rosidl_typesupport_fastrtps_cpp
[1.876s] [ 72%] [32m[1mLinking CXX shared library liblaserscan_to_ranges__rosidl_typesupport_fastrtps_c.so[0m
[1.994s] [ 72%] Built target laserscan_to_ranges_msg__rosidl_typesupport_fastrtps_c
[2.046s] [ 72%] Built target laserscan_to_ranges_msg
[2.091s] [ 75%] [34m[1mGenerating Python code for ROS interfaces[0m
[2.662s] [ 75%] Built target laserscan_to_ranges_msg__py
[2.704s] [ 77%] [32mBuilding C object CMakeFiles/laserscan_to_ranges_msg__rosidl_generator_py.dir/rosidl_generator_py/laserscan_to_ranges/msg/_simple_ranges_s.c.o[0m
[2.925s] [ 80%] [32m[1mLinking C shared library liblaserscan_to_ranges_msg__rosidl_generator_py.so[0m
[3.005s] [ 80%] Built target laserscan_to_ranges_msg__rosidl_generator_py
[3.044s] [ 86%] [32mBuilding C object CMakeFiles/laserscan_to_ranges_s__rosidl_typesupport_introspection_c.dir/rosidl_generator_py/laserscan_to_ranges/_laserscan_to_ranges_s.ep.rosidl_typesupport_introspection_c.c.o[0m
[3.044s] [ 86%] [32mBuilding C object CMakeFiles/laserscan_to_ranges_s__rosidl_typesupport_fastrtps_c.dir/rosidl_generator_py/laserscan_to_ranges/_laserscan_to_ranges_s.ep.rosidl_typesupport_fastrtps_c.c.o[0m
[3.044s] [ 88%] [32mBuilding C object CMakeFiles/laserscan_to_ranges_s__rosidl_typesupport_c.dir/rosidl_generator_py/laserscan_to_ranges/_laserscan_to_ranges_s.ep.rosidl_typesupport_c.c.o[0m
[3.143s] [ 91%] [32m[1mLinking C shared module rosidl_generator_py/laserscan_to_ranges/laserscan_to_ranges_s__rosidl_typesupport_introspection_c.so[0m
[3.159s] [ 94%] [32m[1mLinking C shared module rosidl_generator_py/laserscan_to_ranges/laserscan_to_ranges_s__rosidl_typesupport_fastrtps_c.so[0m
[3.177s] [ 97%] [32m[1mLinking C shared module rosidl_generator_py/laserscan_to_ranges/laserscan_to_ranges_s__rosidl_typesupport_c.so[0m
[3.178s] [ 97%] Built target laserscan_to_ranges_s__rosidl_typesupport_introspection_c
[3.198s] [ 97%] Built target laserscan_to_ranges_s__rosidl_typesupport_fastrtps_c
[3.206s] [ 97%] Built target laserscan_to_ranges_s__rosidl_typesupport_c
[8.548s] [100%] [32m[1mLinking CXX executable laserscan_to_ranges[0m
[8.801s] [100%] Built target laserscan_to_ranges
