[1.092s] Invoking command in '/home/peko/colcon_ws/src/robina_rfid': DEBUGINFOD_URLS=https://debuginfod.ubuntu.com PYTHONPATH=/home/peko/colcon_ws/build/robina_rfid/prefix_override:/usr/lib/python3/dist-packages/colcon_core/task/python/colcon_distutils_commands:/home/peko/colcon_ws/install/robina_rfid/lib/python3.12/site-packages:${PYTHONPATH} /usr/bin/python3 -W ignore:setup.py install is deprecated -W ignore:easy_install command is deprecated setup.py egg_info --egg-base ../../build/robina_rfid build --build-base /home/peko/colcon_ws/build/robina_rfid/build install --record /home/peko/colcon_ws/build/robina_rfid/install.log --single-version-externally-managed install_data
[1.408s] running egg_info
[1.408s] creating ../../build/robina_rfid/robina_rfid.egg-info
[1.430s] writing ../../build/robina_rfid/robina_rfid.egg-info/PKG-INFO
[1.431s] writing dependency_links to ../../build/robina_rfid/robina_rfid.egg-info/dependency_links.txt
[1.431s] writing entry points to ../../build/robina_rfid/robina_rfid.egg-info/entry_points.txt
[1.431s] writing requirements to ../../build/robina_rfid/robina_rfid.egg-info/requires.txt
[1.431s] writing top-level names to ../../build/robina_rfid/robina_rfid.egg-info/top_level.txt
[1.431s] writing manifest file '../../build/robina_rfid/robina_rfid.egg-info/SOURCES.txt'
[1.477s] reading manifest file '../../build/robina_rfid/robina_rfid.egg-info/SOURCES.txt'
[1.477s] adding license file 'LICENSE'
[1.477s] writing manifest file '../../build/robina_rfid/robina_rfid.egg-info/SOURCES.txt'
[1.477s] running build
[1.478s] running build_py
[1.478s] creating /home/peko/colcon_ws/build/robina_rfid/build
[1.478s] creating /home/peko/colcon_ws/build/robina_rfid/build/lib
[1.478s] creating /home/peko/colcon_ws/build/robina_rfid/build/lib/robina_rfid
[1.478s] copying robina_rfid/rfid_reader.py -> /home/peko/colcon_ws/build/robina_rfid/build/lib/robina_rfid
[1.479s] copying robina_rfid/big_node.py -> /home/peko/colcon_ws/build/robina_rfid/build/lib/robina_rfid
[1.479s] copying robina_rfid/__init__.py -> /home/peko/colcon_ws/build/robina_rfid/build/lib/robina_rfid
[1.479s] running install
[1.485s] running install_lib
[1.499s] creating /home/peko/colcon_ws/install/robina_rfid/lib/python3.12/site-packages/robina_rfid
[1.499s] copying /home/peko/colcon_ws/build/robina_rfid/build/lib/robina_rfid/rfid_reader.py -> /home/peko/colcon_ws/install/robina_rfid/lib/python3.12/site-packages/robina_rfid
[1.499s] copying /home/peko/colcon_ws/build/robina_rfid/build/lib/robina_rfid/big_node.py -> /home/peko/colcon_ws/install/robina_rfid/lib/python3.12/site-packages/robina_rfid
[1.499s] copying /home/peko/colcon_ws/build/robina_rfid/build/lib/robina_rfid/__init__.py -> /home/peko/colcon_ws/install/robina_rfid/lib/python3.12/site-packages/robina_rfid
[1.500s] byte-compiling /home/peko/colcon_ws/install/robina_rfid/lib/python3.12/site-packages/robina_rfid/rfid_reader.py to rfid_reader.cpython-312.pyc
[1.500s] byte-compiling /home/peko/colcon_ws/install/robina_rfid/lib/python3.12/site-packages/robina_rfid/big_node.py to big_node.cpython-312.pyc
[1.501s] byte-compiling /home/peko/colcon_ws/install/robina_rfid/lib/python3.12/site-packages/robina_rfid/__init__.py to __init__.cpython-312.pyc
[1.501s] running install_data
[1.501s] creating /home/peko/colcon_ws/install/robina_rfid/share/ament_index
[1.501s] creating /home/peko/colcon_ws/install/robina_rfid/share/ament_index/resource_index
[1.501s] creating /home/peko/colcon_ws/install/robina_rfid/share/ament_index/resource_index/packages
[1.501s] copying resource/robina_rfid -> /home/peko/colcon_ws/install/robina_rfid/share/ament_index/resource_index/packages
[1.501s] copying package.xml -> /home/peko/colcon_ws/install/robina_rfid/share/robina_rfid
[1.502s] running install_egg_info
[1.516s] Copying ../../build/robina_rfid/robina_rfid.egg-info to /home/peko/colcon_ws/install/robina_rfid/lib/python3.12/site-packages/robina_rfid-0.0.0-py3.12.egg-info
[1.517s] running install_scripts
[1.689s] Installing big_node script to /home/peko/colcon_ws/install/robina_rfid/lib/robina_rfid
[1.690s] Installing rfid_reader script to /home/peko/colcon_ws/install/robina_rfid/lib/robina_rfid
[1.690s] writing list of installed files to '/home/peko/colcon_ws/build/robina_rfid/install.log'
