[0.023s] Invoking command in '/home/peko/colcon_ws/build/robotont_msgs': CMAKE_PREFIX_PATH=${CMAKE_PREFIX_PATH}:/home/peko/colcon_ws/install/robina_rfid:/opt/ros/jazzy DEBUGINFOD_URLS=https://debuginfod.ubuntu.com /usr/bin/cmake --build /home/peko/colcon_ws/build/robotont_msgs -- -j16 -l16
[0.391s] [  1%] Built target robotont_msgs__rosidl_generator_type_description
[0.392s] [  1%] Built target ament_cmake_python_copy_robotont_msgs
[0.393s] [  2%] Built target robotont_msgs__cpp
[0.393s] [ 26%] Built target robotont_msgs__rosidl_generator_c
[0.393s] [ 35%] Built target robotont_msgs__rosidl_typesupport_cpp
[0.393s] [ 45%] Built target robotont_msgs__rosidl_typesupport_c
[0.394s] [ 54%] Built target robotont_msgs__rosidl_typesupport_introspection_c
[0.394s] [ 82%] Built target robotont_msgs__rosidl_typesupport_fastrtps_c
[0.394s] [ 82%] Built target robotont_msgs__rosidl_typesupport_introspection_cpp
[0.394s] [ 83%] Built target robotont_msgs__rosidl_typesupport_fastrtps_cpp
[0.394s] [ 83%] Built target robotont_msgs
[0.394s] [ 84%] Built target robotont_msgs__py
[0.395s] [ 92%] Built target robotont_msgs__rosidl_generator_py
[0.395s] [ 95%] Built target robotont_msgs_s__rosidl_typesupport_fastrtps_c
[0.395s] [ 97%] Built target robotont_msgs_s__rosidl_typesupport_c
[0.395s] [100%] Built target robotont_msgs_s__rosidl_typesupport_introspection_c
[0.395s] running egg_info
[0.395s] writing robotont_msgs.egg-info/PKG-INFO
[0.395s] writing dependency_links to robotont_msgs.egg-info/dependency_links.txt
[0.395s] writing top-level names to robotont_msgs.egg-info/top_level.txt
[0.395s] reading manifest file 'robotont_msgs.egg-info/SOURCES.txt'
[0.396s] writing manifest file 'robotont_msgs.egg-info/SOURCES.txt'
[0.396s] [100%] Built target ament_cmake_python_build_robotont_msgs_egg
[0.398s] Invoked command in '/home/peko/colcon_ws/build/robotont_msgs' returned '0': CMAKE_PREFIX_PATH=${CMAKE_PREFIX_PATH}:/home/peko/colcon_ws/install/robina_rfid:/opt/ros/jazzy DEBUGINFOD_URLS=https://debuginfod.ubuntu.com /usr/bin/cmake --build /home/peko/colcon_ws/build/robotont_msgs -- -j16 -l16
[0.403s] Invoking command in '/home/peko/colcon_ws/build/robotont_msgs': CMAKE_PREFIX_PATH=${CMAKE_PREFIX_PATH}:/home/peko/colcon_ws/install/robina_rfid:/opt/ros/jazzy DEBUGINFOD_URLS=https://debuginfod.ubuntu.com /usr/bin/cmake --install /home/peko/colcon_ws/build/robotont_msgs
[0.414s] -- Install configuration: ""
[0.414s] -- Up-to-date: /home/peko/colcon_ws/install/robotont_msgs/share/ament_index/resource_index/rosidl_interfaces/robotont_msgs
[0.415s] -- Up-to-date: /home/peko/colcon_ws/install/robotont_msgs/share/robotont_msgs/msg/ColorRGB.json
[0.415s] -- Up-to-date: /home/peko/colcon_ws/install/robotont_msgs/share/robotont_msgs/msg/LedModulePixel.json
[0.415s] -- Up-to-date: /home/peko/colcon_ws/install/robotont_msgs/share/robotont_msgs/msg/LedModuleSegment.json
[0.415s] -- Up-to-date: /home/peko/colcon_ws/install/robotont_msgs/share/robotont_msgs/msg/LedModuleMode.json
[0.415s] -- Up-to-date: /home/peko/colcon_ws/install/robotont_msgs/share/robotont_msgs/msg/PowerSupply.json
[0.415s] -- Up-to-date: /home/peko/colcon_ws/install/robotont_msgs/share/robotont_msgs/msg/LaserScanSplit.json
[0.415s] -- Up-to-date: /home/peko/colcon_ws/install/robotont_msgs/include/robotont_msgs/robotont_msgs
[0.415s] -- Up-to-date: /home/peko/colcon_ws/install/robotont_msgs/include/robotont_msgs/robotont_msgs/msg
[0.416s] -- Up-to-date: /home/peko/colcon_ws/install/robotont_msgs/include/robotont_msgs/robotont_msgs/msg/detail
[0.416s] -- Up-to-date: /home/peko/colcon_ws/install/robotont_msgs/include/robotont_msgs/robotont_msgs/msg/detail/led_module_segment__description.c
[0.416s] -- Up-to-date: /home/peko/colcon_ws/install/robotont_msgs/include/robotont_msgs/robotont_msgs/msg/detail/color_rgb__type_support.c
[0.416s] -- Up-to-date: /home/peko/colcon_ws/install/robotont_msgs/include/robotont_msgs/robotont_msgs/msg/detail/led_module_pixel__type_support.c
[0.416s] -- Up-to-date: /home/peko/colcon_ws/install/robotont_msgs/include/robotont_msgs/robotont_msgs/msg/detail/laser_scan_split__struct.h
[0.416s] -- Up-to-date: /home/peko/colcon_ws/install/robotont_msgs/include/robotont_msgs/robotont_msgs/msg/detail/led_module_segment__type_support.h
[0.416s] -- Up-to-date: /home/peko/colcon_ws/install/robotont_msgs/include/robotont_msgs/robotont_msgs/msg/detail/led_module_mode__functions.c
[0.416s] -- Up-to-date: /home/peko/colcon_ws/install/robotont_msgs/include/robotont_msgs/robotont_msgs/msg/detail/led_module_mode__type_support.c
[0.416s] -- Up-to-date: /home/peko/colcon_ws/install/robotont_msgs/include/robotont_msgs/robotont_msgs/msg/detail/laser_scan_split__functions.c
[0.417s] -- Up-to-date: /home/peko/colcon_ws/install/robotont_msgs/include/robotont_msgs/robotont_msgs/msg/detail/color_rgb__functions.c
[0.417s] -- Up-to-date: /home/peko/colcon_ws/install/robotont_msgs/include/robotont_msgs/robotont_msgs/msg/detail/led_module_pixel__description.c
[0.417s] -- Up-to-date: /home/peko/colcon_ws/install/robotont_msgs/include/robotont_msgs/robotont_msgs/msg/detail/led_module_pixel__functions.h
[0.417s] -- Up-to-date: /home/peko/colcon_ws/install/robotont_msgs/include/robotont_msgs/robotont_msgs/msg/detail/color_rgb__functions.h
[0.417s] -- Up-to-date: /home/peko/colcon_ws/install/robotont_msgs/include/robotont_msgs/robotont_msgs/msg/detail/power_supply__description.c
[0.418s] -- Up-to-date: /home/peko/colcon_ws/install/robotont_msgs/include/robotont_msgs/robotont_msgs/msg/detail/led_module_mode__description.c
[0.418s] -- Up-to-date: /home/peko/colcon_ws/install/robotont_msgs/include/robotont_msgs/robotont_msgs/msg/detail/color_rgb__struct.h
[0.418s] -- Up-to-date: /home/peko/colcon_ws/install/robotont_msgs/include/robotont_msgs/robotont_msgs/msg/detail/laser_scan_split__type_support.c
[0.418s] -- Up-to-date: /home/peko/colcon_ws/install/robotont_msgs/include/robotont_msgs/robotont_msgs/msg/detail/led_module_mode__functions.h
[0.418s] -- Up-to-date: /home/peko/colcon_ws/install/robotont_msgs/include/robotont_msgs/robotont_msgs/msg/detail/power_supply__functions.c
[0.418s] -- Up-to-date: /home/peko/colcon_ws/install/robotont_msgs/include/robotont_msgs/robotont_msgs/msg/detail/led_module_pixel__struct.h
[0.418s] -- Up-to-date: /home/peko/colcon_ws/install/robotont_msgs/include/robotont_msgs/robotont_msgs/msg/detail/power_supply__struct.h
[0.418s] -- Up-to-date: /home/peko/colcon_ws/install/robotont_msgs/include/robotont_msgs/robotont_msgs/msg/detail/laser_scan_split__type_support.h
[0.418s] -- Up-to-date: /home/peko/colcon_ws/install/robotont_msgs/include/robotont_msgs/robotont_msgs/msg/detail/color_rgb__type_support.h
[0.419s] -- Up-to-date: /home/peko/colcon_ws/install/robotont_msgs/include/robotont_msgs/robotont_msgs/msg/detail/laser_scan_split__description.c
[0.419s] -- Up-to-date: /home/peko/colcon_ws/install/robotont_msgs/include/robotont_msgs/robotont_msgs/msg/detail/color_rgb__description.c
[0.419s] -- Up-to-date: /home/peko/colcon_ws/install/robotont_msgs/include/robotont_msgs/robotont_msgs/msg/detail/power_supply__type_support.h
[0.419s] -- Up-to-date: /home/peko/colcon_ws/install/robotont_msgs/include/robotont_msgs/robotont_msgs/msg/detail/led_module_mode__struct.h
[0.419s] -- Up-to-date: /home/peko/colcon_ws/install/robotont_msgs/include/robotont_msgs/robotont_msgs/msg/detail/laser_scan_split__functions.h
[0.419s] -- Up-to-date: /home/peko/colcon_ws/install/robotont_msgs/include/robotont_msgs/robotont_msgs/msg/detail/led_module_pixel__type_support.h
[0.419s] -- Up-to-date: /home/peko/colcon_ws/install/robotont_msgs/include/robotont_msgs/robotont_msgs/msg/detail/led_module_segment__struct.h
[0.419s] -- Up-to-date: /home/peko/colcon_ws/install/robotont_msgs/include/robotont_msgs/robotont_msgs/msg/detail/led_module_pixel__functions.c
[0.419s] -- Up-to-date: /home/peko/colcon_ws/install/robotont_msgs/include/robotont_msgs/robotont_msgs/msg/detail/led_module_segment__functions.h
[0.420s] -- Up-to-date: /home/peko/colcon_ws/install/robotont_msgs/include/robotont_msgs/robotont_msgs/msg/detail/led_module_segment__type_support.c
[0.420s] -- Up-to-date: /home/peko/colcon_ws/install/robotont_msgs/include/robotont_msgs/robotont_msgs/msg/detail/led_module_segment__functions.c
[0.420s] -- Up-to-date: /home/peko/colcon_ws/install/robotont_msgs/include/robotont_msgs/robotont_msgs/msg/detail/power_supply__type_support.c
[0.420s] -- Up-to-date: /home/peko/colcon_ws/install/robotont_msgs/include/robotont_msgs/robotont_msgs/msg/detail/led_module_mode__type_support.h
[0.420s] -- Up-to-date: /home/peko/colcon_ws/install/robotont_msgs/include/robotont_msgs/robotont_msgs/msg/detail/power_supply__functions.h
[0.420s] -- Up-to-date: /home/peko/colcon_ws/install/robotont_msgs/include/robotont_msgs/robotont_msgs/msg/laser_scan_split.h
[0.420s] -- Up-to-date: /home/peko/colcon_ws/install/robotont_msgs/include/robotont_msgs/robotont_msgs/msg/power_supply.h
[0.420s] -- Up-to-date: /home/peko/colcon_ws/install/robotont_msgs/include/robotont_msgs/robotont_msgs/msg/led_module_pixel.h
[0.420s] -- Up-to-date: /home/peko/colcon_ws/install/robotont_msgs/include/robotont_msgs/robotont_msgs/msg/led_module_segment.h
[0.420s] -- Up-to-date: /home/peko/colcon_ws/install/robotont_msgs/include/robotont_msgs/robotont_msgs/msg/rosidl_generator_c__visibility_control.h
[0.421s] -- Up-to-date: /home/peko/colcon_ws/install/robotont_msgs/include/robotont_msgs/robotont_msgs/msg/led_module_mode.h
[0.421s] -- Up-to-date: /home/peko/colcon_ws/install/robotont_msgs/include/robotont_msgs/robotont_msgs/msg/color_rgb.h
[0.421s] -- Up-to-date: /home/peko/colcon_ws/install/robotont_msgs/share/robotont_msgs/environment/library_path.sh
[0.421s] -- Up-to-date: /home/peko/colcon_ws/install/robotont_msgs/share/robotont_msgs/environment/library_path.dsv
[0.421s] -- Up-to-date: /home/peko/colcon_ws/install/robotont_msgs/lib/librobotont_msgs__rosidl_generator_c.so
[0.421s] -- Up-to-date: /home/peko/colcon_ws/install/robotont_msgs/include/robotont_msgs/robotont_msgs
[0.421s] -- Up-to-date: /home/peko/colcon_ws/install/robotont_msgs/include/robotont_msgs/robotont_msgs/msg
[0.422s] -- Up-to-date: /home/peko/colcon_ws/install/robotont_msgs/include/robotont_msgs/robotont_msgs/msg/detail
[0.422s] -- Up-to-date: /home/peko/colcon_ws/install/robotont_msgs/include/robotont_msgs/robotont_msgs/msg/detail/led_module_mode__rosidl_typesupport_fastrtps_c.h
[0.422s] -- Up-to-date: /home/peko/colcon_ws/install/robotont_msgs/include/robotont_msgs/robotont_msgs/msg/detail/color_rgb__rosidl_typesupport_fastrtps_c.h
[0.422s] -- Up-to-date: /home/peko/colcon_ws/install/robotont_msgs/include/robotont_msgs/robotont_msgs/msg/detail/led_module_segment__rosidl_typesupport_fastrtps_c.h
[0.422s] -- Up-to-date: /home/peko/colcon_ws/install/robotont_msgs/include/robotont_msgs/robotont_msgs/msg/detail/power_supply__rosidl_typesupport_fastrtps_c.h
[0.422s] -- Up-to-date: /home/peko/colcon_ws/install/robotont_msgs/include/robotont_msgs/robotont_msgs/msg/detail/led_module_pixel__rosidl_typesupport_fastrtps_c.h
[0.422s] -- Up-to-date: /home/peko/colcon_ws/install/robotont_msgs/include/robotont_msgs/robotont_msgs/msg/detail/laser_scan_split__rosidl_typesupport_fastrtps_c.h
[0.422s] -- Up-to-date: /home/peko/colcon_ws/install/robotont_msgs/include/robotont_msgs/robotont_msgs/msg/rosidl_typesupport_fastrtps_c__visibility_control.h
[0.422s] -- Up-to-date: /home/peko/colcon_ws/install/robotont_msgs/lib/librobotont_msgs__rosidl_typesupport_fastrtps_c.so
[0.422s] -- Up-to-date: /home/peko/colcon_ws/install/robotont_msgs/include/robotont_msgs/robotont_msgs
[0.423s] -- Up-to-date: /home/peko/colcon_ws/install/robotont_msgs/include/robotont_msgs/robotont_msgs/msg
[0.423s] -- Up-to-date: /home/peko/colcon_ws/install/robotont_msgs/include/robotont_msgs/robotont_msgs/msg/detail
[0.423s] -- Up-to-date: /home/peko/colcon_ws/install/robotont_msgs/include/robotont_msgs/robotont_msgs/msg/detail/color_rgb__type_support.c
[0.423s] -- Up-to-date: /home/peko/colcon_ws/install/robotont_msgs/include/robotont_msgs/robotont_msgs/msg/detail/led_module_pixel__type_support.c
[0.423s] -- Up-to-date: /home/peko/colcon_ws/install/robotont_msgs/include/robotont_msgs/robotont_msgs/msg/detail/led_module_mode__type_support.c
[0.423s] -- Up-to-date: /home/peko/colcon_ws/install/robotont_msgs/include/robotont_msgs/robotont_msgs/msg/detail/led_module_pixel__rosidl_typesupport_introspection_c.h
[0.423s] -- Up-to-date: /home/peko/colcon_ws/install/robotont_msgs/include/robotont_msgs/robotont_msgs/msg/detail/led_module_segment__rosidl_typesupport_introspection_c.h
[0.423s] -- Up-to-date: /home/peko/colcon_ws/install/robotont_msgs/include/robotont_msgs/robotont_msgs/msg/detail/color_rgb__rosidl_typesupport_introspection_c.h
[0.423s] -- Up-to-date: /home/peko/colcon_ws/install/robotont_msgs/include/robotont_msgs/robotont_msgs/msg/detail/power_supply__rosidl_typesupport_introspection_c.h
[0.424s] -- Up-to-date: /home/peko/colcon_ws/install/robotont_msgs/include/robotont_msgs/robotont_msgs/msg/detail/laser_scan_split__type_support.c
[0.424s] -- Up-to-date: /home/peko/colcon_ws/install/robotont_msgs/include/robotont_msgs/robotont_msgs/msg/detail/led_module_mode__rosidl_typesupport_introspection_c.h
[0.424s] -- Up-to-date: /home/peko/colcon_ws/install/robotont_msgs/include/robotont_msgs/robotont_msgs/msg/detail/laser_scan_split__rosidl_typesupport_introspection_c.h
[0.424s] -- Up-to-date: /home/peko/colcon_ws/install/robotont_msgs/include/robotont_msgs/robotont_msgs/msg/detail/led_module_segment__type_support.c
[0.424s] -- Up-to-date: /home/peko/colcon_ws/install/robotont_msgs/include/robotont_msgs/robotont_msgs/msg/detail/power_supply__type_support.c
[0.424s] -- Up-to-date: /home/peko/colcon_ws/install/robotont_msgs/include/robotont_msgs/robotont_msgs/msg/rosidl_typesupport_introspection_c__visibility_control.h
[0.424s] -- Up-to-date: /home/peko/colcon_ws/install/robotont_msgs/lib/librobotont_msgs__rosidl_typesupport_introspection_c.so
[0.424s] -- Up-to-date: /home/peko/colcon_ws/install/robotont_msgs/lib/librobotont_msgs__rosidl_typesupport_c.so
[0.424s] -- Up-to-date: /home/peko/colcon_ws/install/robotont_msgs/include/robotont_msgs/robotont_msgs
[0.424s] -- Up-to-date: /home/peko/colcon_ws/install/robotont_msgs/include/robotont_msgs/robotont_msgs/msg
[0.425s] -- Up-to-date: /home/peko/colcon_ws/install/robotont_msgs/include/robotont_msgs/robotont_msgs/msg/led_module_pixel.hpp
[0.425s] -- Up-to-date: /home/peko/colcon_ws/install/robotont_msgs/include/robotont_msgs/robotont_msgs/msg/detail
[0.425s] -- Up-to-date: /home/peko/colcon_ws/install/robotont_msgs/include/robotont_msgs/robotont_msgs/msg/detail/laser_scan_split__struct.hpp
[0.425s] -- Up-to-date: /home/peko/colcon_ws/install/robotont_msgs/include/robotont_msgs/robotont_msgs/msg/detail/led_module_segment__struct.hpp
[0.425s] -- Up-to-date: /home/peko/colcon_ws/install/robotont_msgs/include/robotont_msgs/robotont_msgs/msg/detail/led_module_pixel__struct.hpp
[0.425s] -- Up-to-date: /home/peko/colcon_ws/install/robotont_msgs/include/robotont_msgs/robotont_msgs/msg/detail/laser_scan_split__traits.hpp
[0.425s] -- Up-to-date: /home/peko/colcon_ws/install/robotont_msgs/include/robotont_msgs/robotont_msgs/msg/detail/power_supply__traits.hpp
[0.425s] -- Up-to-date: /home/peko/colcon_ws/install/robotont_msgs/include/robotont_msgs/robotont_msgs/msg/detail/power_supply__type_support.hpp
[0.425s] -- Up-to-date: /home/peko/colcon_ws/install/robotont_msgs/include/robotont_msgs/robotont_msgs/msg/detail/led_module_segment__traits.hpp
[0.425s] -- Up-to-date: /home/peko/colcon_ws/install/robotont_msgs/include/robotont_msgs/robotont_msgs/msg/detail/led_module_mode__builder.hpp
[0.425s] -- Up-to-date: /home/peko/colcon_ws/install/robotont_msgs/include/robotont_msgs/robotont_msgs/msg/detail/color_rgb__struct.hpp
[0.426s] -- Up-to-date: /home/peko/colcon_ws/install/robotont_msgs/include/robotont_msgs/robotont_msgs/msg/detail/led_module_mode__type_support.hpp
[0.426s] -- Up-to-date: /home/peko/colcon_ws/install/robotont_msgs/include/robotont_msgs/robotont_msgs/msg/detail/led_module_segment__type_support.hpp
[0.426s] -- Up-to-date: /home/peko/colcon_ws/install/robotont_msgs/include/robotont_msgs/robotont_msgs/msg/detail/laser_scan_split__builder.hpp
[0.426s] -- Up-to-date: /home/peko/colcon_ws/install/robotont_msgs/include/robotont_msgs/robotont_msgs/msg/detail/color_rgb__type_support.hpp
[0.426s] -- Up-to-date: /home/peko/colcon_ws/install/robotont_msgs/include/robotont_msgs/robotont_msgs/msg/detail/power_supply__builder.hpp
[0.426s] -- Up-to-date: /home/peko/colcon_ws/install/robotont_msgs/include/robotont_msgs/robotont_msgs/msg/detail/power_supply__struct.hpp
[0.426s] -- Up-to-date: /home/peko/colcon_ws/install/robotont_msgs/include/robotont_msgs/robotont_msgs/msg/detail/led_module_mode__struct.hpp
[0.426s] -- Up-to-date: /home/peko/colcon_ws/install/robotont_msgs/include/robotont_msgs/robotont_msgs/msg/detail/led_module_segment__builder.hpp
[0.426s] -- Up-to-date: /home/peko/colcon_ws/install/robotont_msgs/include/robotont_msgs/robotont_msgs/msg/detail/color_rgb__builder.hpp
[0.426s] -- Up-to-date: /home/peko/colcon_ws/install/robotont_msgs/include/robotont_msgs/robotont_msgs/msg/detail/led_module_pixel__builder.hpp
[0.426s] -- Up-to-date: /home/peko/colcon_ws/install/robotont_msgs/include/robotont_msgs/robotont_msgs/msg/detail/led_module_pixel__traits.hpp
[0.427s] -- Up-to-date: /home/peko/colcon_ws/install/robotont_msgs/include/robotont_msgs/robotont_msgs/msg/detail/laser_scan_split__type_support.hpp
[0.427s] -- Up-to-date: /home/peko/colcon_ws/install/robotont_msgs/include/robotont_msgs/robotont_msgs/msg/detail/color_rgb__traits.hpp
[0.427s] -- Up-to-date: /home/peko/colcon_ws/install/robotont_msgs/include/robotont_msgs/robotont_msgs/msg/detail/led_module_pixel__type_support.hpp
[0.427s] -- Up-to-date: /home/peko/colcon_ws/install/robotont_msgs/include/robotont_msgs/robotont_msgs/msg/detail/led_module_mode__traits.hpp
[0.427s] -- Up-to-date: /home/peko/colcon_ws/install/robotont_msgs/include/robotont_msgs/robotont_msgs/msg/color_rgb.hpp
[0.427s] -- Up-to-date: /home/peko/colcon_ws/install/robotont_msgs/include/robotont_msgs/robotont_msgs/msg/rosidl_generator_cpp__visibility_control.hpp
[0.427s] -- Up-to-date: /home/peko/colcon_ws/install/robotont_msgs/include/robotont_msgs/robotont_msgs/msg/power_supply.hpp
[0.427s] -- Up-to-date: /home/peko/colcon_ws/install/robotont_msgs/include/robotont_msgs/robotont_msgs/msg/led_module_segment.hpp
[0.427s] -- Up-to-date: /home/peko/colcon_ws/install/robotont_msgs/include/robotont_msgs/robotont_msgs/msg/led_module_mode.hpp
[0.427s] -- Up-to-date: /home/peko/colcon_ws/install/robotont_msgs/include/robotont_msgs/robotont_msgs/msg/laser_scan_split.hpp
[0.427s] -- Up-to-date: /home/peko/colcon_ws/install/robotont_msgs/include/robotont_msgs/robotont_msgs
[0.428s] -- Up-to-date: /home/peko/colcon_ws/install/robotont_msgs/include/robotont_msgs/robotont_msgs/msg
[0.428s] -- Up-to-date: /home/peko/colcon_ws/install/robotont_msgs/include/robotont_msgs/robotont_msgs/msg/detail
[0.428s] -- Up-to-date: /home/peko/colcon_ws/install/robotont_msgs/include/robotont_msgs/robotont_msgs/msg/detail/led_module_segment__rosidl_typesupport_fastrtps_cpp.hpp
[0.428s] -- Up-to-date: /home/peko/colcon_ws/install/robotont_msgs/include/robotont_msgs/robotont_msgs/msg/detail/color_rgb__rosidl_typesupport_fastrtps_cpp.hpp
[0.428s] -- Up-to-date: /home/peko/colcon_ws/install/robotont_msgs/include/robotont_msgs/robotont_msgs/msg/detail/led_module_pixel__rosidl_typesupport_fastrtps_cpp.hpp
[0.428s] -- Up-to-date: /home/peko/colcon_ws/install/robotont_msgs/include/robotont_msgs/robotont_msgs/msg/detail/power_supply__rosidl_typesupport_fastrtps_cpp.hpp
[0.428s] -- Up-to-date: /home/peko/colcon_ws/install/robotont_msgs/include/robotont_msgs/robotont_msgs/msg/detail/dds_fastrtps
[0.428s] -- Up-to-date: /home/peko/colcon_ws/install/robotont_msgs/include/robotont_msgs/robotont_msgs/msg/detail/laser_scan_split__rosidl_typesupport_fastrtps_cpp.hpp
[0.428s] -- Up-to-date: /home/peko/colcon_ws/install/robotont_msgs/include/robotont_msgs/robotont_msgs/msg/detail/led_module_mode__rosidl_typesupport_fastrtps_cpp.hpp
[0.428s] -- Up-to-date: /home/peko/colcon_ws/install/robotont_msgs/include/robotont_msgs/robotont_msgs/msg/rosidl_typesupport_fastrtps_cpp__visibility_control.h
[0.428s] -- Up-to-date: /home/peko/colcon_ws/install/robotont_msgs/lib/librobotont_msgs__rosidl_typesupport_fastrtps_cpp.so
[0.429s] -- Up-to-date: /home/peko/colcon_ws/install/robotont_msgs/include/robotont_msgs/robotont_msgs
[0.429s] -- Up-to-date: /home/peko/colcon_ws/install/robotont_msgs/include/robotont_msgs/robotont_msgs/msg
[0.429s] -- Up-to-date: /home/peko/colcon_ws/install/robotont_msgs/include/robotont_msgs/robotont_msgs/msg/detail
[0.429s] -- Up-to-date: /home/peko/colcon_ws/install/robotont_msgs/include/robotont_msgs/robotont_msgs/msg/detail/power_supply__rosidl_typesupport_introspection_cpp.hpp
[0.429s] -- Up-to-date: /home/peko/colcon_ws/install/robotont_msgs/include/robotont_msgs/robotont_msgs/msg/detail/led_module_pixel__type_support.cpp
[0.429s] -- Up-to-date: /home/peko/colcon_ws/install/robotont_msgs/include/robotont_msgs/robotont_msgs/msg/detail/laser_scan_split__type_support.cpp
[0.429s] -- Up-to-date: /home/peko/colcon_ws/install/robotont_msgs/include/robotont_msgs/robotont_msgs/msg/detail/led_module_segment__rosidl_typesupport_introspection_cpp.hpp
[0.429s] -- Up-to-date: /home/peko/colcon_ws/install/robotont_msgs/include/robotont_msgs/robotont_msgs/msg/detail/led_module_mode__type_support.cpp
[0.429s] -- Up-to-date: /home/peko/colcon_ws/install/robotont_msgs/include/robotont_msgs/robotont_msgs/msg/detail/color_rgb__type_support.cpp
[0.429s] -- Up-to-date: /home/peko/colcon_ws/install/robotont_msgs/include/robotont_msgs/robotont_msgs/msg/detail/led_module_segment__type_support.cpp
[0.429s] -- Up-to-date: /home/peko/colcon_ws/install/robotont_msgs/include/robotont_msgs/robotont_msgs/msg/detail/led_module_mode__rosidl_typesupport_introspection_cpp.hpp
[0.430s] -- Up-to-date: /home/peko/colcon_ws/install/robotont_msgs/include/robotont_msgs/robotont_msgs/msg/detail/power_supply__type_support.cpp
[0.430s] -- Up-to-date: /home/peko/colcon_ws/install/robotont_msgs/include/robotont_msgs/robotont_msgs/msg/detail/color_rgb__rosidl_typesupport_introspection_cpp.hpp
[0.430s] -- Up-to-date: /home/peko/colcon_ws/install/robotont_msgs/include/robotont_msgs/robotont_msgs/msg/detail/laser_scan_split__rosidl_typesupport_introspection_cpp.hpp
[0.430s] -- Up-to-date: /home/peko/colcon_ws/install/robotont_msgs/include/robotont_msgs/robotont_msgs/msg/detail/led_module_pixel__rosidl_typesupport_introspection_cpp.hpp
[0.430s] -- Up-to-date: /home/peko/colcon_ws/install/robotont_msgs/lib/librobotont_msgs__rosidl_typesupport_introspection_cpp.so
[0.430s] -- Up-to-date: /home/peko/colcon_ws/install/robotont_msgs/lib/librobotont_msgs__rosidl_typesupport_cpp.so
[0.430s] -- Up-to-date: /home/peko/colcon_ws/install/robotont_msgs/share/robotont_msgs/environment/pythonpath.sh
[0.430s] -- Up-to-date: /home/peko/colcon_ws/install/robotont_msgs/share/robotont_msgs/environment/pythonpath.dsv
[0.430s] -- Up-to-date: /home/peko/colcon_ws/install/robotont_msgs/lib/python3.12/site-packages/robotont_msgs-0.2.0-py3.12.egg-info
[0.430s] -- Installing: /home/peko/colcon_ws/install/robotont_msgs/lib/python3.12/site-packages/robotont_msgs-0.2.0-py3.12.egg-info/PKG-INFO
[0.430s] -- Installing: /home/peko/colcon_ws/install/robotont_msgs/lib/python3.12/site-packages/robotont_msgs-0.2.0-py3.12.egg-info/SOURCES.txt
[0.431s] -- Installing: /home/peko/colcon_ws/install/robotont_msgs/lib/python3.12/site-packages/robotont_msgs-0.2.0-py3.12.egg-info/top_level.txt
[0.431s] -- Installing: /home/peko/colcon_ws/install/robotont_msgs/lib/python3.12/site-packages/robotont_msgs-0.2.0-py3.12.egg-info/dependency_links.txt
[0.431s] -- Up-to-date: /home/peko/colcon_ws/install/robotont_msgs/lib/python3.12/site-packages/robotont_msgs
[0.431s] -- Up-to-date: /home/peko/colcon_ws/install/robotont_msgs/lib/python3.12/site-packages/robotont_msgs/_robotont_msgs_s.ep.rosidl_typesupport_fastrtps_c.c
[0.431s] -- Up-to-date: /home/peko/colcon_ws/install/robotont_msgs/lib/python3.12/site-packages/robotont_msgs/__init__.py
[0.431s] -- Up-to-date: /home/peko/colcon_ws/install/robotont_msgs/lib/python3.12/site-packages/robotont_msgs/msg
[0.431s] -- Up-to-date: /home/peko/colcon_ws/install/robotont_msgs/lib/python3.12/site-packages/robotont_msgs/msg/_led_module_segment_s.c
[0.431s] -- Up-to-date: /home/peko/colcon_ws/install/robotont_msgs/lib/python3.12/site-packages/robotont_msgs/msg/_laser_scan_split.py
[0.431s] -- Up-to-date: /home/peko/colcon_ws/install/robotont_msgs/lib/python3.12/site-packages/robotont_msgs/msg/_led_module_pixel.py
[0.431s] -- Up-to-date: /home/peko/colcon_ws/install/robotont_msgs/lib/python3.12/site-packages/robotont_msgs/msg/_power_supply_s.c
[0.431s] -- Up-to-date: /home/peko/colcon_ws/install/robotont_msgs/lib/python3.12/site-packages/robotont_msgs/msg/_color_rgb_s.c
[0.432s] -- Up-to-date: /home/peko/colcon_ws/install/robotont_msgs/lib/python3.12/site-packages/robotont_msgs/msg/_led_module_segment.py
[0.432s] -- Up-to-date: /home/peko/colcon_ws/install/robotont_msgs/lib/python3.12/site-packages/robotont_msgs/msg/_led_module_mode_s.c
[0.432s] -- Up-to-date: /home/peko/colcon_ws/install/robotont_msgs/lib/python3.12/site-packages/robotont_msgs/msg/_power_supply.py
[0.432s] -- Up-to-date: /home/peko/colcon_ws/install/robotont_msgs/lib/python3.12/site-packages/robotont_msgs/msg/__init__.py
[0.432s] -- Up-to-date: /home/peko/colcon_ws/install/robotont_msgs/lib/python3.12/site-packages/robotont_msgs/msg/_led_module_pixel_s.c
[0.432s] -- Up-to-date: /home/peko/colcon_ws/install/robotont_msgs/lib/python3.12/site-packages/robotont_msgs/msg/_led_module_mode.py
[0.432s] -- Up-to-date: /home/peko/colcon_ws/install/robotont_msgs/lib/python3.12/site-packages/robotont_msgs/msg/_color_rgb.py
[0.432s] -- Up-to-date: /home/peko/colcon_ws/install/robotont_msgs/lib/python3.12/site-packages/robotont_msgs/msg/_laser_scan_split_s.c
[0.432s] -- Up-to-date: /home/peko/colcon_ws/install/robotont_msgs/lib/python3.12/site-packages/robotont_msgs/robotont_msgs_s__rosidl_typesupport_c.so
[0.432s] -- Up-to-date: /home/peko/colcon_ws/install/robotont_msgs/lib/python3.12/site-packages/robotont_msgs/robotont_msgs_s__rosidl_typesupport_fastrtps_c.so
[0.433s] -- Up-to-date: /home/peko/colcon_ws/install/robotont_msgs/lib/python3.12/site-packages/robotont_msgs/robotont_msgs_s__rosidl_typesupport_introspection_c.so
[0.433s] -- Up-to-date: /home/peko/colcon_ws/install/robotont_msgs/lib/python3.12/site-packages/robotont_msgs/_robotont_msgs_s.ep.rosidl_typesupport_introspection_c.c
[0.433s] -- Up-to-date: /home/peko/colcon_ws/install/robotont_msgs/lib/python3.12/site-packages/robotont_msgs/_robotont_msgs_s.ep.rosidl_typesupport_c.c
[0.520s] Listing '/home/peko/colcon_ws/install/robotont_msgs/lib/python3.12/site-packages/robotont_msgs'...
[0.520s] Listing '/home/peko/colcon_ws/install/robotont_msgs/lib/python3.12/site-packages/robotont_msgs/msg'...
[0.528s] -- Up-to-date: /home/peko/colcon_ws/install/robotont_msgs/lib/python3.12/site-packages/robotont_msgs/robotont_msgs_s__rosidl_typesupport_fastrtps_c.so
[0.530s] -- Up-to-date: /home/peko/colcon_ws/install/robotont_msgs/lib/python3.12/site-packages/robotont_msgs/robotont_msgs_s__rosidl_typesupport_introspection_c.so
[0.530s] -- Up-to-date: /home/peko/colcon_ws/install/robotont_msgs/lib/python3.12/site-packages/robotont_msgs/robotont_msgs_s__rosidl_typesupport_c.so
[0.530s] -- Up-to-date: /home/peko/colcon_ws/install/robotont_msgs/lib/librobotont_msgs__rosidl_generator_py.so
[0.530s] -- Up-to-date: /home/peko/colcon_ws/install/robotont_msgs/share/robotont_msgs/msg/ColorRGB.idl
[0.530s] -- Up-to-date: /home/peko/colcon_ws/install/robotont_msgs/share/robotont_msgs/msg/LedModulePixel.idl
[0.530s] -- Up-to-date: /home/peko/colcon_ws/install/robotont_msgs/share/robotont_msgs/msg/LedModuleSegment.idl
[0.530s] -- Up-to-date: /home/peko/colcon_ws/install/robotont_msgs/share/robotont_msgs/msg/LedModuleMode.idl
[0.530s] -- Up-to-date: /home/peko/colcon_ws/install/robotont_msgs/share/robotont_msgs/msg/PowerSupply.idl
[0.530s] -- Up-to-date: /home/peko/colcon_ws/install/robotont_msgs/share/robotont_msgs/msg/LaserScanSplit.idl
[0.530s] -- Up-to-date: /home/peko/colcon_ws/install/robotont_msgs/share/robotont_msgs/msg/ColorRGB.msg
[0.530s] -- Up-to-date: /home/peko/colcon_ws/install/robotont_msgs/share/robotont_msgs/msg/LedModulePixel.msg
[0.530s] -- Up-to-date: /home/peko/colcon_ws/install/robotont_msgs/share/robotont_msgs/msg/LedModuleSegment.msg
[0.530s] -- Up-to-date: /home/peko/colcon_ws/install/robotont_msgs/share/robotont_msgs/msg/LedModuleMode.msg
[0.530s] -- Up-to-date: /home/peko/colcon_ws/install/robotont_msgs/share/robotont_msgs/msg/PowerSupply.msg
[0.530s] -- Up-to-date: /home/peko/colcon_ws/install/robotont_msgs/share/robotont_msgs/msg/LaserScanSplit.msg
[0.530s] -- Up-to-date: /home/peko/colcon_ws/install/robotont_msgs/share/ament_index/resource_index/package_run_dependencies/robotont_msgs
[0.530s] -- Up-to-date: /home/peko/colcon_ws/install/robotont_msgs/share/ament_index/resource_index/parent_prefix_path/robotont_msgs
[0.530s] -- Up-to-date: /home/peko/colcon_ws/install/robotont_msgs/share/robotont_msgs/environment/ament_prefix_path.sh
[0.530s] -- Up-to-date: /home/peko/colcon_ws/install/robotont_msgs/share/robotont_msgs/environment/ament_prefix_path.dsv
[0.531s] -- Up-to-date: /home/peko/colcon_ws/install/robotont_msgs/share/robotont_msgs/environment/path.sh
[0.531s] -- Up-to-date: /home/peko/colcon_ws/install/robotont_msgs/share/robotont_msgs/environment/path.dsv
[0.531s] -- Up-to-date: /home/peko/colcon_ws/install/robotont_msgs/share/robotont_msgs/local_setup.bash
[0.531s] -- Up-to-date: /home/peko/colcon_ws/install/robotont_msgs/share/robotont_msgs/local_setup.sh
[0.531s] -- Up-to-date: /home/peko/colcon_ws/install/robotont_msgs/share/robotont_msgs/local_setup.zsh
[0.531s] -- Up-to-date: /home/peko/colcon_ws/install/robotont_msgs/share/robotont_msgs/local_setup.dsv
[0.531s] -- Installing: /home/peko/colcon_ws/install/robotont_msgs/share/robotont_msgs/package.dsv
[0.531s] -- Up-to-date: /home/peko/colcon_ws/install/robotont_msgs/share/ament_index/resource_index/packages/robotont_msgs
[0.531s] -- Up-to-date: /home/peko/colcon_ws/install/robotont_msgs/share/robotont_msgs/cmake/export_robotont_msgs__rosidl_generator_cExport.cmake
[0.531s] -- Up-to-date: /home/peko/colcon_ws/install/robotont_msgs/share/robotont_msgs/cmake/export_robotont_msgs__rosidl_generator_cExport-noconfig.cmake
[0.531s] -- Up-to-date: /home/peko/colcon_ws/install/robotont_msgs/share/robotont_msgs/cmake/export_robotont_msgs__rosidl_typesupport_fastrtps_cExport.cmake
[0.531s] -- Up-to-date: /home/peko/colcon_ws/install/robotont_msgs/share/robotont_msgs/cmake/export_robotont_msgs__rosidl_typesupport_fastrtps_cExport-noconfig.cmake
[0.531s] -- Up-to-date: /home/peko/colcon_ws/install/robotont_msgs/share/robotont_msgs/cmake/robotont_msgs__rosidl_typesupport_introspection_cExport.cmake
[0.531s] -- Up-to-date: /home/peko/colcon_ws/install/robotont_msgs/share/robotont_msgs/cmake/robotont_msgs__rosidl_typesupport_introspection_cExport-noconfig.cmake
[0.531s] -- Up-to-date: /home/peko/colcon_ws/install/robotont_msgs/share/robotont_msgs/cmake/robotont_msgs__rosidl_typesupport_cExport.cmake
[0.531s] -- Up-to-date: /home/peko/colcon_ws/install/robotont_msgs/share/robotont_msgs/cmake/robotont_msgs__rosidl_typesupport_cExport-noconfig.cmake
[0.533s] -- Up-to-date: /home/peko/colcon_ws/install/robotont_msgs/share/robotont_msgs/cmake/export_robotont_msgs__rosidl_generator_cppExport.cmake
[0.533s] -- Up-to-date: /home/peko/colcon_ws/install/robotont_msgs/share/robotont_msgs/cmake/export_robotont_msgs__rosidl_typesupport_fastrtps_cppExport.cmake
[0.533s] -- Up-to-date: /home/peko/colcon_ws/install/robotont_msgs/share/robotont_msgs/cmake/export_robotont_msgs__rosidl_typesupport_fastrtps_cppExport-noconfig.cmake
[0.533s] -- Up-to-date: /home/peko/colcon_ws/install/robotont_msgs/share/robotont_msgs/cmake/robotont_msgs__rosidl_typesupport_introspection_cppExport.cmake
[0.533s] -- Up-to-date: /home/peko/colcon_ws/install/robotont_msgs/share/robotont_msgs/cmake/robotont_msgs__rosidl_typesupport_introspection_cppExport-noconfig.cmake
[0.533s] -- Up-to-date: /home/peko/colcon_ws/install/robotont_msgs/share/robotont_msgs/cmake/robotont_msgs__rosidl_typesupport_cppExport.cmake
[0.533s] -- Up-to-date: /home/peko/colcon_ws/install/robotont_msgs/share/robotont_msgs/cmake/robotont_msgs__rosidl_typesupport_cppExport-noconfig.cmake
[0.533s] -- Up-to-date: /home/peko/colcon_ws/install/robotont_msgs/share/robotont_msgs/cmake/export_robotont_msgs__rosidl_generator_pyExport.cmake
[0.533s] -- Up-to-date: /home/peko/colcon_ws/install/robotont_msgs/share/robotont_msgs/cmake/export_robotont_msgs__rosidl_generator_pyExport-noconfig.cmake
[0.533s] -- Up-to-date: /home/peko/colcon_ws/install/robotont_msgs/share/robotont_msgs/cmake/rosidl_cmake-extras.cmake
[0.533s] -- Up-to-date: /home/peko/colcon_ws/install/robotont_msgs/share/robotont_msgs/cmake/ament_cmake_export_dependencies-extras.cmake
[0.534s] -- Up-to-date: /home/peko/colcon_ws/install/robotont_msgs/share/robotont_msgs/cmake/ament_cmake_export_include_directories-extras.cmake
[0.534s] -- Up-to-date: /home/peko/colcon_ws/install/robotont_msgs/share/robotont_msgs/cmake/ament_cmake_export_libraries-extras.cmake
[0.534s] -- Up-to-date: /home/peko/colcon_ws/install/robotont_msgs/share/robotont_msgs/cmake/ament_cmake_export_targets-extras.cmake
[0.534s] -- Up-to-date: /home/peko/colcon_ws/install/robotont_msgs/share/robotont_msgs/cmake/rosidl_cmake_export_typesupport_targets-extras.cmake
[0.534s] -- Up-to-date: /home/peko/colcon_ws/install/robotont_msgs/share/robotont_msgs/cmake/rosidl_cmake_export_typesupport_libraries-extras.cmake
[0.534s] -- Up-to-date: /home/peko/colcon_ws/install/robotont_msgs/share/robotont_msgs/cmake/robotont_msgsConfig.cmake
[0.534s] -- Up-to-date: /home/peko/colcon_ws/install/robotont_msgs/share/robotont_msgs/cmake/robotont_msgsConfig-version.cmake
[0.534s] -- Up-to-date: /home/peko/colcon_ws/install/robotont_msgs/share/robotont_msgs/package.xml
[0.562s] Invoked command in '/home/peko/colcon_ws/build/robotont_msgs' returned '0': CMAKE_PREFIX_PATH=${CMAKE_PREFIX_PATH}:/home/peko/colcon_ws/install/robina_rfid:/opt/ros/jazzy DEBUGINFOD_URLS=https://debuginfod.ubuntu.com /usr/bin/cmake --install /home/peko/colcon_ws/build/robotont_msgs
