[  1%] [34m[1mGenerating type hashes for ROS interfaces[0m
[  1%] Built target ament_cmake_python_copy_robotont_msgs
running egg_info
creating robotont_msgs.egg-info
writing robotont_msgs.egg-info/PKG-INFO
writing dependency_links to robotont_msgs.egg-info/dependency_links.txt
writing top-level names to robotont_msgs.egg-info/top_level.txt
writing manifest file 'robotont_msgs.egg-info/SOURCES.txt'
reading manifest file 'robotont_msgs.egg-info/SOURCES.txt'
writing manifest file 'robotont_msgs.egg-info/SOURCES.txt'
[  1%] Built target ament_cmake_python_build_robotont_msgs_egg
[  1%] Built target robotont_msgs__rosidl_generator_type_description
[  2%] [34m[1mGenerating C code for ROS interfaces[0m
[  3%] [34m[1mGenerating C++ code for ROS interfaces[0m
[  4%] [32mBuilding C object CMakeFiles/robotont_msgs__rosidl_generator_c.dir/rosidl_generator_c/robotont_msgs/msg/detail/color_rgb__type_support.c.o[0m
[  5%] [32mBuilding C object CMakeFiles/robotont_msgs__rosidl_generator_c.dir/rosidl_generator_c/robotont_msgs/msg/detail/led_module_pixel__functions.c.o[0m
[  7%] [32mBuilding C object CMakeFiles/robotont_msgs__rosidl_generator_c.dir/rosidl_generator_c/robotont_msgs/msg/detail/led_module_pixel__type_support.c.o[0m
[  8%] [32mBuilding C object CMakeFiles/robotont_msgs__rosidl_generator_c.dir/rosidl_generator_c/robotont_msgs/msg/detail/color_rgb__functions.c.o[0m
[  9%] [32mBuilding C object CMakeFiles/robotont_msgs__rosidl_generator_c.dir/rosidl_generator_c/robotont_msgs/msg/detail/color_rgb__description.c.o[0m
[ 10%] [32mBuilding C object CMakeFiles/robotont_msgs__rosidl_generator_c.dir/rosidl_generator_c/robotont_msgs/msg/detail/led_module_pixel__description.c.o[0m
[ 11%] [32mBuilding C object CMakeFiles/robotont_msgs__rosidl_generator_c.dir/rosidl_generator_c/robotont_msgs/msg/detail/led_module_segment__description.c.o[0m
[ 13%] [32mBuilding C object CMakeFiles/robotont_msgs__rosidl_generator_c.dir/rosidl_generator_c/robotont_msgs/msg/detail/led_module_segment__functions.c.o[0m
[ 13%] Built target robotont_msgs__cpp
[ 14%] [32mBuilding C object CMakeFiles/robotont_msgs__rosidl_generator_c.dir/rosidl_generator_c/robotont_msgs/msg/detail/led_module_mode__functions.c.o[0m
[ 15%] [32mBuilding C object CMakeFiles/robotont_msgs__rosidl_generator_c.dir/rosidl_generator_c/robotont_msgs/msg/detail/led_module_segment__type_support.c.o[0m
[ 16%] [32mBuilding C object CMakeFiles/robotont_msgs__rosidl_generator_c.dir/rosidl_generator_c/robotont_msgs/msg/detail/power_supply__description.c.o[0m
[ 17%] [32mBuilding C object CMakeFiles/robotont_msgs__rosidl_generator_c.dir/rosidl_generator_c/robotont_msgs/msg/detail/led_module_mode__description.c.o[0m
[ 19%] [32mBuilding C object CMakeFiles/robotont_msgs__rosidl_generator_c.dir/rosidl_generator_c/robotont_msgs/msg/detail/led_module_mode__type_support.c.o[0m
[ 20%] [32mBuilding C object CMakeFiles/robotont_msgs__rosidl_generator_c.dir/rosidl_generator_c/robotont_msgs/msg/detail/power_supply__functions.c.o[0m
[ 21%] [32mBuilding C object CMakeFiles/robotont_msgs__rosidl_generator_c.dir/rosidl_generator_c/robotont_msgs/msg/detail/power_supply__type_support.c.o[0m
[ 22%] [32mBuilding C object CMakeFiles/robotont_msgs__rosidl_generator_c.dir/rosidl_generator_c/robotont_msgs/msg/detail/laser_scan_split__functions.c.o[0m
[ 23%] [32mBuilding C object CMakeFiles/robotont_msgs__rosidl_generator_c.dir/rosidl_generator_c/robotont_msgs/msg/detail/laser_scan_split__description.c.o[0m
[ 25%] [32mBuilding C object CMakeFiles/robotont_msgs__rosidl_generator_c.dir/rosidl_generator_c/robotont_msgs/msg/detail/laser_scan_split__type_support.c.o[0m
[ 26%] [32m[1mLinking C shared library librobotont_msgs__rosidl_generator_c.so[0m
[ 26%] Built target robotont_msgs__rosidl_generator_c
[ 28%] [34m[1mGenerating C introspection for ROS interfaces[0m
[ 28%] [34m[1mGenerating C type support dispatch for ROS interfaces[0m
[ 32%] [34m[1mGenerating C++ type support dispatch for ROS interfaces[0m
[ 32%] [34m[1mGenerating C++ type support for eProsima Fast-RTPS[0m
[ 32%] [34m[1mGenerating C type support for eProsima Fast-RTPS[0m
[ 33%] [34m[1mGenerating C++ introspection for ROS interfaces[0m
[ 34%] [32mBuilding CXX object CMakeFiles/robotont_msgs__rosidl_typesupport_cpp.dir/rosidl_typesupport_cpp/robotont_msgs/msg/power_supply__type_support.cpp.o[0m
[ 36%] [32mBuilding CXX object CMakeFiles/robotont_msgs__rosidl_typesupport_cpp.dir/rosidl_typesupport_cpp/robotont_msgs/msg/color_rgb__type_support.cpp.o[0m
[ 36%] [32mBuilding CXX object CMakeFiles/robotont_msgs__rosidl_typesupport_cpp.dir/rosidl_typesupport_cpp/robotont_msgs/msg/led_module_pixel__type_support.cpp.o[0m
[ 38%] [32mBuilding CXX object CMakeFiles/robotont_msgs__rosidl_typesupport_cpp.dir/rosidl_typesupport_cpp/robotont_msgs/msg/led_module_mode__type_support.cpp.o[0m
[ 40%] [32mBuilding CXX object CMakeFiles/robotont_msgs__rosidl_typesupport_cpp.dir/rosidl_typesupport_cpp/robotont_msgs/msg/laser_scan_split__type_support.cpp.o[0m
[ 40%] [32mBuilding CXX object CMakeFiles/robotont_msgs__rosidl_typesupport_cpp.dir/rosidl_typesupport_cpp/robotont_msgs/msg/led_module_segment__type_support.cpp.o[0m
[ 41%] [32mBuilding CXX object CMakeFiles/robotont_msgs__rosidl_typesupport_c.dir/rosidl_typesupport_c/robotont_msgs/msg/color_rgb__type_support.cpp.o[0m
[ 42%] [32mBuilding CXX object CMakeFiles/robotont_msgs__rosidl_typesupport_c.dir/rosidl_typesupport_c/robotont_msgs/msg/led_module_pixel__type_support.cpp.o[0m
[ 44%] [32mBuilding CXX object CMakeFiles/robotont_msgs__rosidl_typesupport_c.dir/rosidl_typesupport_c/robotont_msgs/msg/led_module_mode__type_support.cpp.o[0m
[ 45%] [32mBuilding CXX object CMakeFiles/robotont_msgs__rosidl_typesupport_c.dir/rosidl_typesupport_c/robotont_msgs/msg/led_module_segment__type_support.cpp.o[0m
[ 46%] [32mBuilding CXX object CMakeFiles/robotont_msgs__rosidl_typesupport_c.dir/rosidl_typesupport_c/robotont_msgs/msg/power_supply__type_support.cpp.o[0m
[ 47%] [32mBuilding CXX object CMakeFiles/robotont_msgs__rosidl_typesupport_c.dir/rosidl_typesupport_c/robotont_msgs/msg/laser_scan_split__type_support.cpp.o[0m
[ 48%] [32mBuilding C object CMakeFiles/robotont_msgs__rosidl_typesupport_introspection_c.dir/rosidl_typesupport_introspection_c/robotont_msgs/msg/detail/color_rgb__type_support.c.o[0m
[ 50%] [32mBuilding C object CMakeFiles/robotont_msgs__rosidl_typesupport_introspection_c.dir/rosidl_typesupport_introspection_c/robotont_msgs/msg/detail/led_module_segment__type_support.c.o[0m
[ 51%] [32mBuilding C object CMakeFiles/robotont_msgs__rosidl_typesupport_introspection_c.dir/rosidl_typesupport_introspection_c/robotont_msgs/msg/detail/led_module_pixel__type_support.c.o[0m
[ 52%] [32mBuilding C object CMakeFiles/robotont_msgs__rosidl_typesupport_introspection_c.dir/rosidl_typesupport_introspection_c/robotont_msgs/msg/detail/led_module_mode__type_support.c.o[0m
[ 53%] [32mBuilding C object CMakeFiles/robotont_msgs__rosidl_typesupport_introspection_c.dir/rosidl_typesupport_introspection_c/robotont_msgs/msg/detail/power_supply__type_support.c.o[0m
[ 54%] [32m[1mLinking CXX shared library librobotont_msgs__rosidl_typesupport_c.so[0m
[ 55%] [32mBuilding C object CMakeFiles/robotont_msgs__rosidl_typesupport_introspection_c.dir/rosidl_typesupport_introspection_c/robotont_msgs/msg/detail/laser_scan_split__type_support.c.o[0m
[ 57%] [32m[1mLinking C shared library librobotont_msgs__rosidl_typesupport_introspection_c.so[0m
[ 57%] Built target robotont_msgs__rosidl_typesupport_c
[ 57%] Built target robotont_msgs__rosidl_typesupport_introspection_c
[ 58%] [32mBuilding CXX object CMakeFiles/robotont_msgs__rosidl_typesupport_fastrtps_c.dir/rosidl_typesupport_fastrtps_c/robotont_msgs/msg/detail/color_rgb__type_support_c.cpp.o[0m
[ 59%] [32mBuilding CXX object CMakeFiles/robotont_msgs__rosidl_typesupport_introspection_cpp.dir/rosidl_typesupport_introspection_cpp/robotont_msgs/msg/detail/color_rgb__type_support.cpp.o[0m
[ 60%] [32mBuilding CXX object CMakeFiles/robotont_msgs__rosidl_typesupport_fastrtps_c.dir/rosidl_typesupport_fastrtps_c/robotont_msgs/msg/detail/led_module_pixel__type_support_c.cpp.o[0m
[ 63%] [32mBuilding CXX object CMakeFiles/robotont_msgs__rosidl_typesupport_fastrtps_c.dir/rosidl_typesupport_fastrtps_c/robotont_msgs/msg/detail/led_module_mode__type_support_c.cpp.o[0m
[ 63%] [32mBuilding CXX object CMakeFiles/robotont_msgs__rosidl_typesupport_introspection_cpp.dir/rosidl_typesupport_introspection_cpp/robotont_msgs/msg/detail/led_module_pixel__type_support.cpp.o[0m
[ 64%] [32mBuilding CXX object CMakeFiles/robotont_msgs__rosidl_typesupport_fastrtps_c.dir/rosidl_typesupport_fastrtps_c/robotont_msgs/msg/detail/led_module_segment__type_support_c.cpp.o[0m
[ 66%] [32mBuilding CXX object CMakeFiles/robotont_msgs__rosidl_typesupport_fastrtps_c.dir/rosidl_typesupport_fastrtps_c/robotont_msgs/msg/detail/power_supply__type_support_c.cpp.o[0m
[ 66%] [32mBuilding CXX object CMakeFiles/robotont_msgs__rosidl_typesupport_introspection_cpp.dir/rosidl_typesupport_introspection_cpp/robotont_msgs/msg/detail/led_module_segment__type_support.cpp.o[0m
[ 67%] [32mBuilding CXX object CMakeFiles/robotont_msgs__rosidl_typesupport_fastrtps_c.dir/rosidl_typesupport_fastrtps_c/robotont_msgs/msg/detail/laser_scan_split__type_support_c.cpp.o[0m
[ 69%] [32mBuilding CXX object CMakeFiles/robotont_msgs__rosidl_typesupport_introspection_cpp.dir/rosidl_typesupport_introspection_cpp/robotont_msgs/msg/detail/led_module_mode__type_support.cpp.o[0m
[ 70%] [32mBuilding CXX object CMakeFiles/robotont_msgs__rosidl_typesupport_fastrtps_cpp.dir/rosidl_typesupport_fastrtps_cpp/robotont_msgs/msg/detail/dds_fastrtps/color_rgb__type_support.cpp.o[0m
[ 71%] [32mBuilding CXX object CMakeFiles/robotont_msgs__rosidl_typesupport_fastrtps_cpp.dir/rosidl_typesupport_fastrtps_cpp/robotont_msgs/msg/detail/dds_fastrtps/led_module_pixel__type_support.cpp.o[0m
[ 72%] [32mBuilding CXX object CMakeFiles/robotont_msgs__rosidl_typesupport_introspection_cpp.dir/rosidl_typesupport_introspection_cpp/robotont_msgs/msg/detail/power_supply__type_support.cpp.o[0m
[ 73%] [32mBuilding CXX object CMakeFiles/robotont_msgs__rosidl_typesupport_introspection_cpp.dir/rosidl_typesupport_introspection_cpp/robotont_msgs/msg/detail/laser_scan_split__type_support.cpp.o[0m
[ 75%] [32mBuilding CXX object CMakeFiles/robotont_msgs__rosidl_typesupport_fastrtps_cpp.dir/rosidl_typesupport_fastrtps_cpp/robotont_msgs/msg/detail/dds_fastrtps/led_module_segment__type_support.cpp.o[0m
[ 76%] [32m[1mLinking CXX shared library librobotont_msgs__rosidl_typesupport_cpp.so[0m
[ 76%] Built target robotont_msgs__rosidl_typesupport_cpp
[ 77%] [32mBuilding CXX object CMakeFiles/robotont_msgs__rosidl_typesupport_fastrtps_cpp.dir/rosidl_typesupport_fastrtps_cpp/robotont_msgs/msg/detail/dds_fastrtps/led_module_mode__type_support.cpp.o[0m
[ 78%] [32mBuilding CXX object CMakeFiles/robotont_msgs__rosidl_typesupport_fastrtps_cpp.dir/rosidl_typesupport_fastrtps_cpp/robotont_msgs/msg/detail/dds_fastrtps/power_supply__type_support.cpp.o[0m
[ 79%] [32mBuilding CXX object CMakeFiles/robotont_msgs__rosidl_typesupport_fastrtps_cpp.dir/rosidl_typesupport_fastrtps_cpp/robotont_msgs/msg/detail/dds_fastrtps/laser_scan_split__type_support.cpp.o[0m
[ 80%] [32m[1mLinking CXX shared library librobotont_msgs__rosidl_typesupport_introspection_cpp.so[0m
[ 82%] [32m[1mLinking CXX shared library librobotont_msgs__rosidl_typesupport_fastrtps_c.so[0m
[ 82%] Built target robotont_msgs__rosidl_typesupport_introspection_cpp
[ 82%] Built target robotont_msgs__rosidl_typesupport_fastrtps_c
[ 83%] [32m[1mLinking CXX shared library librobotont_msgs__rosidl_typesupport_fastrtps_cpp.so[0m
[ 83%] Built target robotont_msgs__rosidl_typesupport_fastrtps_cpp
[ 83%] Built target robotont_msgs
[ 84%] [34m[1mGenerating Python code for ROS interfaces[0m
[ 84%] Built target robotont_msgs__py
[ 85%] [32mBuilding C object CMakeFiles/robotont_msgs__rosidl_generator_py.dir/rosidl_generator_py/robotont_msgs/msg/_laser_scan_split_s.c.o[0m
[ 91%] [32mBuilding C object CMakeFiles/robotont_msgs__rosidl_generator_py.dir/rosidl_generator_py/robotont_msgs/msg/_power_supply_s.c.o[0m
[ 91%] [32mBuilding C object CMakeFiles/robotont_msgs__rosidl_generator_py.dir/rosidl_generator_py/robotont_msgs/msg/_led_module_segment_s.c.o[0m
[ 91%] [32mBuilding C object CMakeFiles/robotont_msgs__rosidl_generator_py.dir/rosidl_generator_py/robotont_msgs/msg/_led_module_mode_s.c.o[0m
[ 91%] [32mBuilding C object CMakeFiles/robotont_msgs__rosidl_generator_py.dir/rosidl_generator_py/robotont_msgs/msg/_color_rgb_s.c.o[0m
[ 91%] [32mBuilding C object CMakeFiles/robotont_msgs__rosidl_generator_py.dir/rosidl_generator_py/robotont_msgs/msg/_led_module_pixel_s.c.o[0m
[ 92%] [32m[1mLinking C shared library librobotont_msgs__rosidl_generator_py.so[0m
[ 92%] Built target robotont_msgs__rosidl_generator_py
[ 94%] [32mBuilding C object CMakeFiles/robotont_msgs_s__rosidl_typesupport_fastrtps_c.dir/rosidl_generator_py/robotont_msgs/_robotont_msgs_s.ep.rosidl_typesupport_fastrtps_c.c.o[0m
[ 95%] [32mBuilding C object CMakeFiles/robotont_msgs_s__rosidl_typesupport_c.dir/rosidl_generator_py/robotont_msgs/_robotont_msgs_s.ep.rosidl_typesupport_c.c.o[0m
[ 96%] [32mBuilding C object CMakeFiles/robotont_msgs_s__rosidl_typesupport_introspection_c.dir/rosidl_generator_py/robotont_msgs/_robotont_msgs_s.ep.rosidl_typesupport_introspection_c.c.o[0m
[ 97%] [32m[1mLinking C shared module rosidl_generator_py/robotont_msgs/robotont_msgs_s__rosidl_typesupport_fastrtps_c.so[0m
[ 98%] [32m[1mLinking C shared module rosidl_generator_py/robotont_msgs/robotont_msgs_s__rosidl_typesupport_c.so[0m
[100%] [32m[1mLinking C shared module rosidl_generator_py/robotont_msgs/robotont_msgs_s__rosidl_typesupport_introspection_c.so[0m
[100%] Built target robotont_msgs_s__rosidl_typesupport_fastrtps_c
[100%] Built target robotont_msgs_s__rosidl_typesupport_introspection_c
[100%] Built target robotont_msgs_s__rosidl_typesupport_c
