[0.022s] Invoking command in '/home/peko/colcon_ws/build/robotont_msgs': CMAKE_PREFIX_PATH=${CMAKE_PREFIX_PATH}:/home/peko/colcon_ws/install/robina_rfid:/opt/ros/jazzy DEBUGINFOD_URLS=https://debuginfod.ubuntu.com /usr/bin/cmake --build /home/peko/colcon_ws/build/robotont_msgs -- -j16 -l16
[0.367s] [  1%] [34m[1mGenerating type hashes for ROS interfaces[0m
[0.367s] [  1%] Built target ament_cmake_python_copy_robotont_msgs
[0.368s] running egg_info
[0.368s] creating robotont_msgs.egg-info
[0.368s] writing robotont_msgs.egg-info/PKG-INFO
[0.368s] writing dependency_links to robotont_msgs.egg-info/dependency_links.txt
[0.369s] writing top-level names to robotont_msgs.egg-info/top_level.txt
[0.369s] writing manifest file 'robotont_msgs.egg-info/SOURCES.txt'
[0.369s] reading manifest file 'robotont_msgs.egg-info/SOURCES.txt'
[0.369s] writing manifest file 'robotont_msgs.egg-info/SOURCES.txt'
[0.369s] [  1%] Built target ament_cmake_python_build_robotont_msgs_egg
[0.371s] [  1%] Built target robotont_msgs__rosidl_generator_type_description
[0.378s] [  2%] [34m[1mGenerating C code for ROS interfaces[0m
[0.391s] [  3%] [34m[1mGenerating C++ code for ROS interfaces[0m
[1.083s] [  4%] [32mBuilding C object CMakeFiles/robotont_msgs__rosidl_generator_c.dir/rosidl_generator_c/robotont_msgs/msg/detail/color_rgb__type_support.c.o[0m
[1.084s] [  5%] [32mBuilding C object CMakeFiles/robotont_msgs__rosidl_generator_c.dir/rosidl_generator_c/robotont_msgs/msg/detail/led_module_pixel__functions.c.o[0m
[1.084s] [  7%] [32mBuilding C object CMakeFiles/robotont_msgs__rosidl_generator_c.dir/rosidl_generator_c/robotont_msgs/msg/detail/led_module_pixel__type_support.c.o[0m
[1.084s] [  8%] [32mBuilding C object CMakeFiles/robotont_msgs__rosidl_generator_c.dir/rosidl_generator_c/robotont_msgs/msg/detail/color_rgb__functions.c.o[0m
[1.086s] [  9%] [32mBuilding C object CMakeFiles/robotont_msgs__rosidl_generator_c.dir/rosidl_generator_c/robotont_msgs/msg/detail/color_rgb__description.c.o[0m
[1.087s] [ 10%] [32mBuilding C object CMakeFiles/robotont_msgs__rosidl_generator_c.dir/rosidl_generator_c/robotont_msgs/msg/detail/led_module_pixel__description.c.o[0m
[1.088s] [ 11%] [32mBuilding C object CMakeFiles/robotont_msgs__rosidl_generator_c.dir/rosidl_generator_c/robotont_msgs/msg/detail/led_module_segment__description.c.o[0m
[1.090s] [ 13%] [32mBuilding C object CMakeFiles/robotont_msgs__rosidl_generator_c.dir/rosidl_generator_c/robotont_msgs/msg/detail/led_module_segment__functions.c.o[0m
[1.096s] [ 13%] Built target robotont_msgs__cpp
[1.097s] [ 14%] [32mBuilding C object CMakeFiles/robotont_msgs__rosidl_generator_c.dir/rosidl_generator_c/robotont_msgs/msg/detail/led_module_mode__functions.c.o[0m
[1.107s] [ 15%] [32mBuilding C object CMakeFiles/robotont_msgs__rosidl_generator_c.dir/rosidl_generator_c/robotont_msgs/msg/detail/led_module_segment__type_support.c.o[0m
[1.117s] [ 16%] [32mBuilding C object CMakeFiles/robotont_msgs__rosidl_generator_c.dir/rosidl_generator_c/robotont_msgs/msg/detail/power_supply__description.c.o[0m
[1.121s] [ 17%] [32mBuilding C object CMakeFiles/robotont_msgs__rosidl_generator_c.dir/rosidl_generator_c/robotont_msgs/msg/detail/led_module_mode__description.c.o[0m
[1.125s] [ 19%] [32mBuilding C object CMakeFiles/robotont_msgs__rosidl_generator_c.dir/rosidl_generator_c/robotont_msgs/msg/detail/led_module_mode__type_support.c.o[0m
[1.126s] [ 20%] [32mBuilding C object CMakeFiles/robotont_msgs__rosidl_generator_c.dir/rosidl_generator_c/robotont_msgs/msg/detail/power_supply__functions.c.o[0m
[1.140s] [ 21%] [32mBuilding C object CMakeFiles/robotont_msgs__rosidl_generator_c.dir/rosidl_generator_c/robotont_msgs/msg/detail/power_supply__type_support.c.o[0m
[1.141s] [ 22%] [32mBuilding C object CMakeFiles/robotont_msgs__rosidl_generator_c.dir/rosidl_generator_c/robotont_msgs/msg/detail/laser_scan_split__functions.c.o[0m
[1.147s] [ 23%] [32mBuilding C object CMakeFiles/robotont_msgs__rosidl_generator_c.dir/rosidl_generator_c/robotont_msgs/msg/detail/laser_scan_split__description.c.o[0m
[1.192s] [ 25%] [32mBuilding C object CMakeFiles/robotont_msgs__rosidl_generator_c.dir/rosidl_generator_c/robotont_msgs/msg/detail/laser_scan_split__type_support.c.o[0m
[1.246s] [ 26%] [32m[1mLinking C shared library librobotont_msgs__rosidl_generator_c.so[0m
[1.289s] [ 26%] Built target robotont_msgs__rosidl_generator_c
[1.302s] [ 28%] [34m[1mGenerating C introspection for ROS interfaces[0m
[1.303s] [ 28%] [34m[1mGenerating C type support dispatch for ROS interfaces[0m
[1.304s] [ 32%] [34m[1mGenerating C++ type support dispatch for ROS interfaces[0m
[1.304s] [ 32%] [34m[1mGenerating C++ type support for eProsima Fast-RTPS[0m
[1.304s] [ 32%] [34m[1mGenerating C type support for eProsima Fast-RTPS[0m
[1.305s] [ 33%] [34m[1mGenerating C++ introspection for ROS interfaces[0m
[1.728s] [ 34%] [32mBuilding CXX object CMakeFiles/robotont_msgs__rosidl_typesupport_cpp.dir/rosidl_typesupport_cpp/robotont_msgs/msg/power_supply__type_support.cpp.o[0m
[1.729s] [ 36%] [32mBuilding CXX object CMakeFiles/robotont_msgs__rosidl_typesupport_cpp.dir/rosidl_typesupport_cpp/robotont_msgs/msg/color_rgb__type_support.cpp.o[0m
[1.729s] [ 36%] [32mBuilding CXX object CMakeFiles/robotont_msgs__rosidl_typesupport_cpp.dir/rosidl_typesupport_cpp/robotont_msgs/msg/led_module_pixel__type_support.cpp.o[0m
[1.730s] [ 38%] [32mBuilding CXX object CMakeFiles/robotont_msgs__rosidl_typesupport_cpp.dir/rosidl_typesupport_cpp/robotont_msgs/msg/led_module_mode__type_support.cpp.o[0m
[1.730s] [ 40%] [32mBuilding CXX object CMakeFiles/robotont_msgs__rosidl_typesupport_cpp.dir/rosidl_typesupport_cpp/robotont_msgs/msg/laser_scan_split__type_support.cpp.o[0m
[1.730s] [ 40%] [32mBuilding CXX object CMakeFiles/robotont_msgs__rosidl_typesupport_cpp.dir/rosidl_typesupport_cpp/robotont_msgs/msg/led_module_segment__type_support.cpp.o[0m
[1.875s] [ 41%] [32mBuilding CXX object CMakeFiles/robotont_msgs__rosidl_typesupport_c.dir/rosidl_typesupport_c/robotont_msgs/msg/color_rgb__type_support.cpp.o[0m
[1.875s] [ 42%] [32mBuilding CXX object CMakeFiles/robotont_msgs__rosidl_typesupport_c.dir/rosidl_typesupport_c/robotont_msgs/msg/led_module_pixel__type_support.cpp.o[0m
[1.880s] [ 44%] [32mBuilding CXX object CMakeFiles/robotont_msgs__rosidl_typesupport_c.dir/rosidl_typesupport_c/robotont_msgs/msg/led_module_mode__type_support.cpp.o[0m
[1.884s] [ 45%] [32mBuilding CXX object CMakeFiles/robotont_msgs__rosidl_typesupport_c.dir/rosidl_typesupport_c/robotont_msgs/msg/led_module_segment__type_support.cpp.o[0m
[1.887s] [ 46%] [32mBuilding CXX object CMakeFiles/robotont_msgs__rosidl_typesupport_c.dir/rosidl_typesupport_c/robotont_msgs/msg/power_supply__type_support.cpp.o[0m
[1.907s] [ 47%] [32mBuilding CXX object CMakeFiles/robotont_msgs__rosidl_typesupport_c.dir/rosidl_typesupport_c/robotont_msgs/msg/laser_scan_split__type_support.cpp.o[0m
[1.955s] [ 48%] [32mBuilding C object CMakeFiles/robotont_msgs__rosidl_typesupport_introspection_c.dir/rosidl_typesupport_introspection_c/robotont_msgs/msg/detail/color_rgb__type_support.c.o[0m
[1.959s] [ 50%] [32mBuilding C object CMakeFiles/robotont_msgs__rosidl_typesupport_introspection_c.dir/rosidl_typesupport_introspection_c/robotont_msgs/msg/detail/led_module_segment__type_support.c.o[0m
[1.966s] [ 51%] [32mBuilding C object CMakeFiles/robotont_msgs__rosidl_typesupport_introspection_c.dir/rosidl_typesupport_introspection_c/robotont_msgs/msg/detail/led_module_pixel__type_support.c.o[0m
[1.967s] [ 52%] [32mBuilding C object CMakeFiles/robotont_msgs__rosidl_typesupport_introspection_c.dir/rosidl_typesupport_introspection_c/robotont_msgs/msg/detail/led_module_mode__type_support.c.o[0m
[1.976s] [ 53%] [32mBuilding C object CMakeFiles/robotont_msgs__rosidl_typesupport_introspection_c.dir/rosidl_typesupport_introspection_c/robotont_msgs/msg/detail/power_supply__type_support.c.o[0m
[1.991s] [ 54%] [32m[1mLinking CXX shared library librobotont_msgs__rosidl_typesupport_c.so[0m
[2.001s] [ 55%] [32mBuilding C object CMakeFiles/robotont_msgs__rosidl_typesupport_introspection_c.dir/rosidl_typesupport_introspection_c/robotont_msgs/msg/detail/laser_scan_split__type_support.c.o[0m
[2.081s] [ 57%] [32m[1mLinking C shared library librobotont_msgs__rosidl_typesupport_introspection_c.so[0m
[2.105s] [ 57%] Built target robotont_msgs__rosidl_typesupport_c
[2.142s] [ 57%] Built target robotont_msgs__rosidl_typesupport_introspection_c
[2.150s] [ 58%] [32mBuilding CXX object CMakeFiles/robotont_msgs__rosidl_typesupport_fastrtps_c.dir/rosidl_typesupport_fastrtps_c/robotont_msgs/msg/detail/color_rgb__type_support_c.cpp.o[0m
[2.156s] [ 59%] [32mBuilding CXX object CMakeFiles/robotont_msgs__rosidl_typesupport_introspection_cpp.dir/rosidl_typesupport_introspection_cpp/robotont_msgs/msg/detail/color_rgb__type_support.cpp.o[0m
[2.156s] [ 60%] [32mBuilding CXX object CMakeFiles/robotont_msgs__rosidl_typesupport_fastrtps_c.dir/rosidl_typesupport_fastrtps_c/robotont_msgs/msg/detail/led_module_pixel__type_support_c.cpp.o[0m
[2.161s] [ 63%] [32mBuilding CXX object CMakeFiles/robotont_msgs__rosidl_typesupport_fastrtps_c.dir/rosidl_typesupport_fastrtps_c/robotont_msgs/msg/detail/led_module_mode__type_support_c.cpp.o[0m
[2.161s] [ 63%] [32mBuilding CXX object CMakeFiles/robotont_msgs__rosidl_typesupport_introspection_cpp.dir/rosidl_typesupport_introspection_cpp/robotont_msgs/msg/detail/led_module_pixel__type_support.cpp.o[0m
[2.165s] [ 64%] [32mBuilding CXX object CMakeFiles/robotont_msgs__rosidl_typesupport_fastrtps_c.dir/rosidl_typesupport_fastrtps_c/robotont_msgs/msg/detail/led_module_segment__type_support_c.cpp.o[0m
[2.166s] [ 66%] [32mBuilding CXX object CMakeFiles/robotont_msgs__rosidl_typesupport_fastrtps_c.dir/rosidl_typesupport_fastrtps_c/robotont_msgs/msg/detail/power_supply__type_support_c.cpp.o[0m
[2.166s] [ 66%] [32mBuilding CXX object CMakeFiles/robotont_msgs__rosidl_typesupport_introspection_cpp.dir/rosidl_typesupport_introspection_cpp/robotont_msgs/msg/detail/led_module_segment__type_support.cpp.o[0m
[2.167s] [ 67%] [32mBuilding CXX object CMakeFiles/robotont_msgs__rosidl_typesupport_fastrtps_c.dir/rosidl_typesupport_fastrtps_c/robotont_msgs/msg/detail/laser_scan_split__type_support_c.cpp.o[0m
[2.199s] [ 69%] [32mBuilding CXX object CMakeFiles/robotont_msgs__rosidl_typesupport_introspection_cpp.dir/rosidl_typesupport_introspection_cpp/robotont_msgs/msg/detail/led_module_mode__type_support.cpp.o[0m
[2.211s] [ 70%] [32mBuilding CXX object CMakeFiles/robotont_msgs__rosidl_typesupport_fastrtps_cpp.dir/rosidl_typesupport_fastrtps_cpp/robotont_msgs/msg/detail/dds_fastrtps/color_rgb__type_support.cpp.o[0m
[2.246s] [ 71%] [32mBuilding CXX object CMakeFiles/robotont_msgs__rosidl_typesupport_fastrtps_cpp.dir/rosidl_typesupport_fastrtps_cpp/robotont_msgs/msg/detail/dds_fastrtps/led_module_pixel__type_support.cpp.o[0m
[2.268s] [ 72%] [32mBuilding CXX object CMakeFiles/robotont_msgs__rosidl_typesupport_introspection_cpp.dir/rosidl_typesupport_introspection_cpp/robotont_msgs/msg/detail/power_supply__type_support.cpp.o[0m
[2.279s] [ 73%] [32mBuilding CXX object CMakeFiles/robotont_msgs__rosidl_typesupport_introspection_cpp.dir/rosidl_typesupport_introspection_cpp/robotont_msgs/msg/detail/laser_scan_split__type_support.cpp.o[0m
[2.286s] [ 75%] [32mBuilding CXX object CMakeFiles/robotont_msgs__rosidl_typesupport_fastrtps_cpp.dir/rosidl_typesupport_fastrtps_cpp/robotont_msgs/msg/detail/dds_fastrtps/led_module_segment__type_support.cpp.o[0m
[2.297s] [ 76%] [32m[1mLinking CXX shared library librobotont_msgs__rosidl_typesupport_cpp.so[0m
[2.429s] [ 76%] Built target robotont_msgs__rosidl_typesupport_cpp
[2.467s] [ 77%] [32mBuilding CXX object CMakeFiles/robotont_msgs__rosidl_typesupport_fastrtps_cpp.dir/rosidl_typesupport_fastrtps_cpp/robotont_msgs/msg/detail/dds_fastrtps/led_module_mode__type_support.cpp.o[0m
[2.705s] [ 78%] [32mBuilding CXX object CMakeFiles/robotont_msgs__rosidl_typesupport_fastrtps_cpp.dir/rosidl_typesupport_fastrtps_cpp/robotont_msgs/msg/detail/dds_fastrtps/power_supply__type_support.cpp.o[0m
[2.754s] [ 79%] [32mBuilding CXX object CMakeFiles/robotont_msgs__rosidl_typesupport_fastrtps_cpp.dir/rosidl_typesupport_fastrtps_cpp/robotont_msgs/msg/detail/dds_fastrtps/laser_scan_split__type_support.cpp.o[0m
[2.915s] [ 80%] [32m[1mLinking CXX shared library librobotont_msgs__rosidl_typesupport_introspection_cpp.so[0m
[3.054s] [ 82%] [32m[1mLinking CXX shared library librobotont_msgs__rosidl_typesupport_fastrtps_c.so[0m
[3.080s] [ 82%] Built target robotont_msgs__rosidl_typesupport_introspection_cpp
[3.107s] [ 82%] Built target robotont_msgs__rosidl_typesupport_fastrtps_c
[3.343s] [ 83%] [32m[1mLinking CXX shared library librobotont_msgs__rosidl_typesupport_fastrtps_cpp.so[0m
[3.398s] [ 83%] Built target robotont_msgs__rosidl_typesupport_fastrtps_cpp
[3.415s] [ 83%] Built target robotont_msgs
[3.438s] [ 84%] [34m[1mGenerating Python code for ROS interfaces[0m
[3.927s] [ 84%] Built target robotont_msgs__py
[3.948s] [ 85%] [32mBuilding C object CMakeFiles/robotont_msgs__rosidl_generator_py.dir/rosidl_generator_py/robotont_msgs/msg/_laser_scan_split_s.c.o[0m
[3.950s] [ 91%] [32mBuilding C object CMakeFiles/robotont_msgs__rosidl_generator_py.dir/rosidl_generator_py/robotont_msgs/msg/_power_supply_s.c.o[0m
[3.950s] [ 91%] [32mBuilding C object CMakeFiles/robotont_msgs__rosidl_generator_py.dir/rosidl_generator_py/robotont_msgs/msg/_led_module_segment_s.c.o[0m
[3.950s] [ 91%] [32mBuilding C object CMakeFiles/robotont_msgs__rosidl_generator_py.dir/rosidl_generator_py/robotont_msgs/msg/_led_module_mode_s.c.o[0m
[3.950s] [ 91%] [32mBuilding C object CMakeFiles/robotont_msgs__rosidl_generator_py.dir/rosidl_generator_py/robotont_msgs/msg/_color_rgb_s.c.o[0m
[3.950s] [ 91%] [32mBuilding C object CMakeFiles/robotont_msgs__rosidl_generator_py.dir/rosidl_generator_py/robotont_msgs/msg/_led_module_pixel_s.c.o[0m
[4.076s] [ 92%] [32m[1mLinking C shared library librobotont_msgs__rosidl_generator_py.so[0m
[4.115s] [ 92%] Built target robotont_msgs__rosidl_generator_py
[4.136s] [ 94%] [32mBuilding C object CMakeFiles/robotont_msgs_s__rosidl_typesupport_fastrtps_c.dir/rosidl_generator_py/robotont_msgs/_robotont_msgs_s.ep.rosidl_typesupport_fastrtps_c.c.o[0m
[4.137s] [ 95%] [32mBuilding C object CMakeFiles/robotont_msgs_s__rosidl_typesupport_c.dir/rosidl_generator_py/robotont_msgs/_robotont_msgs_s.ep.rosidl_typesupport_c.c.o[0m
[4.137s] [ 96%] [32mBuilding C object CMakeFiles/robotont_msgs_s__rosidl_typesupport_introspection_c.dir/rosidl_generator_py/robotont_msgs/_robotont_msgs_s.ep.rosidl_typesupport_introspection_c.c.o[0m
[4.219s] [ 97%] [32m[1mLinking C shared module rosidl_generator_py/robotont_msgs/robotont_msgs_s__rosidl_typesupport_fastrtps_c.so[0m
[4.222s] [ 98%] [32m[1mLinking C shared module rosidl_generator_py/robotont_msgs/robotont_msgs_s__rosidl_typesupport_c.so[0m
[4.226s] [100%] [32m[1mLinking C shared module rosidl_generator_py/robotont_msgs/robotont_msgs_s__rosidl_typesupport_introspection_c.so[0m
[4.249s] [100%] Built target robotont_msgs_s__rosidl_typesupport_fastrtps_c
[4.255s] [100%] Built target robotont_msgs_s__rosidl_typesupport_introspection_c
[4.255s] [100%] Built target robotont_msgs_s__rosidl_typesupport_c
