/home/peko/colcon_ws/install/metratec_rfid/lib/python3.12/site-packages/metratec_rfid/quasar_mx.py
/home/peko/colcon_ws/install/metratec_rfid/lib/python3.12/site-packages/metratec_rfid/plrm.py
/home/peko/colcon_ws/install/metratec_rfid/lib/python3.12/site-packages/metratec_rfid/quasar_lr.py
/home/peko/colcon_ws/install/metratec_rfid/lib/python3.12/site-packages/metratec_rfid/pulsar_mx.py
/home/peko/colcon_ws/install/metratec_rfid/lib/python3.12/site-packages/metratec_rfid/nfc_reader_at.py
/home/peko/colcon_ws/install/metratec_rfid/lib/python3.12/site-packages/metratec_rfid/uhf_reader_ascii.py
/home/peko/colcon_ws/install/metratec_rfid/lib/python3.12/site-packages/metratec_rfid/deskid_iso.py
/home/peko/colcon_ws/install/metratec_rfid/lib/python3.12/site-packages/metratec_rfid/uhf_reader_at.py
/home/peko/colcon_ws/install/metratec_rfid/lib/python3.12/site-packages/metratec_rfid/hf_tag.py
/home/peko/colcon_ws/install/metratec_rfid/lib/python3.12/site-packages/metratec_rfid/utils.py
/home/peko/colcon_ws/install/metratec_rfid/lib/python3.12/site-packages/metratec_rfid/dwarfg2_v2.py
/home/peko/colcon_ws/install/metratec_rfid/lib/python3.12/site-packages/metratec_rfid/reader_ascii.py
/home/peko/colcon_ws/install/metratec_rfid/lib/python3.12/site-packages/metratec_rfid/pulsar_lr.py
/home/peko/colcon_ws/install/metratec_rfid/lib/python3.12/site-packages/metratec_rfid/reader_exception.py
/home/peko/colcon_ws/install/metratec_rfid/lib/python3.12/site-packages/metratec_rfid/reader_at.py
/home/peko/colcon_ws/install/metratec_rfid/lib/python3.12/site-packages/metratec_rfid/reader.py
/home/peko/colcon_ws/install/metratec_rfid/lib/python3.12/site-packages/metratec_rfid/qrg2.py
/home/peko/colcon_ws/install/metratec_rfid/lib/python3.12/site-packages/metratec_rfid/__init__.py
/home/peko/colcon_ws/install/metratec_rfid/lib/python3.12/site-packages/metratec_rfid/deskid_nfc.py
/home/peko/colcon_ws/install/metratec_rfid/lib/python3.12/site-packages/metratec_rfid/qr_nfc.py
/home/peko/colcon_ws/install/metratec_rfid/lib/python3.12/site-packages/metratec_rfid/qr.py
/home/peko/colcon_ws/install/metratec_rfid/lib/python3.12/site-packages/metratec_rfid/status_class.py
/home/peko/colcon_ws/install/metratec_rfid/lib/python3.12/site-packages/metratec_rfid/deskid_uhf.py
/home/peko/colcon_ws/install/metratec_rfid/lib/python3.12/site-packages/metratec_rfid/uhf_tag.py
/home/peko/colcon_ws/install/metratec_rfid/lib/python3.12/site-packages/metratec_rfid/gru300.py
/home/peko/colcon_ws/install/metratec_rfid/lib/python3.12/site-packages/metratec_rfid/tag.py
/home/peko/colcon_ws/install/metratec_rfid/lib/python3.12/site-packages/metratec_rfid/hf_reader_ascii.py
/home/peko/colcon_ws/install/metratec_rfid/lib/python3.12/site-packages/metratec_rfid/connection/connection.py
/home/peko/colcon_ws/install/metratec_rfid/lib/python3.12/site-packages/metratec_rfid/connection/socket_connection.py
/home/peko/colcon_ws/install/metratec_rfid/lib/python3.12/site-packages/metratec_rfid/connection/serial_connection.py
/home/peko/colcon_ws/install/metratec_rfid/lib/python3.12/site-packages/metratec_rfid/connection/__init__.py
/home/peko/colcon_ws/install/metratec_rfid/lib/python3.12/site-packages/metratec_rfid/py.typed
/home/peko/colcon_ws/install/metratec_rfid/lib/python3.12/site-packages/metratec_rfid/connection/py.typed
/home/peko/colcon_ws/install/metratec_rfid/lib/python3.12/site-packages/metratec_rfid/__pycache__/quasar_mx.cpython-312.pyc
/home/peko/colcon_ws/install/metratec_rfid/lib/python3.12/site-packages/metratec_rfid/__pycache__/plrm.cpython-312.pyc
/home/peko/colcon_ws/install/metratec_rfid/lib/python3.12/site-packages/metratec_rfid/__pycache__/quasar_lr.cpython-312.pyc
/home/peko/colcon_ws/install/metratec_rfid/lib/python3.12/site-packages/metratec_rfid/__pycache__/pulsar_mx.cpython-312.pyc
/home/peko/colcon_ws/install/metratec_rfid/lib/python3.12/site-packages/metratec_rfid/__pycache__/nfc_reader_at.cpython-312.pyc
/home/peko/colcon_ws/install/metratec_rfid/lib/python3.12/site-packages/metratec_rfid/__pycache__/uhf_reader_ascii.cpython-312.pyc
/home/peko/colcon_ws/install/metratec_rfid/lib/python3.12/site-packages/metratec_rfid/__pycache__/deskid_iso.cpython-312.pyc
/home/peko/colcon_ws/install/metratec_rfid/lib/python3.12/site-packages/metratec_rfid/__pycache__/uhf_reader_at.cpython-312.pyc
/home/peko/colcon_ws/install/metratec_rfid/lib/python3.12/site-packages/metratec_rfid/__pycache__/hf_tag.cpython-312.pyc
/home/peko/colcon_ws/install/metratec_rfid/lib/python3.12/site-packages/metratec_rfid/__pycache__/utils.cpython-312.pyc
/home/peko/colcon_ws/install/metratec_rfid/lib/python3.12/site-packages/metratec_rfid/__pycache__/dwarfg2_v2.cpython-312.pyc
/home/peko/colcon_ws/install/metratec_rfid/lib/python3.12/site-packages/metratec_rfid/__pycache__/reader_ascii.cpython-312.pyc
/home/peko/colcon_ws/install/metratec_rfid/lib/python3.12/site-packages/metratec_rfid/__pycache__/pulsar_lr.cpython-312.pyc
/home/peko/colcon_ws/install/metratec_rfid/lib/python3.12/site-packages/metratec_rfid/__pycache__/reader_exception.cpython-312.pyc
/home/peko/colcon_ws/install/metratec_rfid/lib/python3.12/site-packages/metratec_rfid/__pycache__/reader_at.cpython-312.pyc
/home/peko/colcon_ws/install/metratec_rfid/lib/python3.12/site-packages/metratec_rfid/__pycache__/reader.cpython-312.pyc
/home/peko/colcon_ws/install/metratec_rfid/lib/python3.12/site-packages/metratec_rfid/__pycache__/qrg2.cpython-312.pyc
/home/peko/colcon_ws/install/metratec_rfid/lib/python3.12/site-packages/metratec_rfid/__pycache__/__init__.cpython-312.pyc
/home/peko/colcon_ws/install/metratec_rfid/lib/python3.12/site-packages/metratec_rfid/__pycache__/deskid_nfc.cpython-312.pyc
/home/peko/colcon_ws/install/metratec_rfid/lib/python3.12/site-packages/metratec_rfid/__pycache__/qr_nfc.cpython-312.pyc
/home/peko/colcon_ws/install/metratec_rfid/lib/python3.12/site-packages/metratec_rfid/__pycache__/qr.cpython-312.pyc
/home/peko/colcon_ws/install/metratec_rfid/lib/python3.12/site-packages/metratec_rfid/__pycache__/status_class.cpython-312.pyc
/home/peko/colcon_ws/install/metratec_rfid/lib/python3.12/site-packages/metratec_rfid/__pycache__/deskid_uhf.cpython-312.pyc
/home/peko/colcon_ws/install/metratec_rfid/lib/python3.12/site-packages/metratec_rfid/__pycache__/uhf_tag.cpython-312.pyc
/home/peko/colcon_ws/install/metratec_rfid/lib/python3.12/site-packages/metratec_rfid/__pycache__/gru300.cpython-312.pyc
/home/peko/colcon_ws/install/metratec_rfid/lib/python3.12/site-packages/metratec_rfid/__pycache__/tag.cpython-312.pyc
/home/peko/colcon_ws/install/metratec_rfid/lib/python3.12/site-packages/metratec_rfid/__pycache__/hf_reader_ascii.cpython-312.pyc
/home/peko/colcon_ws/install/metratec_rfid/lib/python3.12/site-packages/metratec_rfid/connection/__pycache__/connection.cpython-312.pyc
/home/peko/colcon_ws/install/metratec_rfid/lib/python3.12/site-packages/metratec_rfid/connection/__pycache__/socket_connection.cpython-312.pyc
/home/peko/colcon_ws/install/metratec_rfid/lib/python3.12/site-packages/metratec_rfid/connection/__pycache__/serial_connection.cpython-312.pyc
/home/peko/colcon_ws/install/metratec_rfid/lib/python3.12/site-packages/metratec_rfid/connection/__pycache__/__init__.cpython-312.pyc
/home/peko/colcon_ws/install/metratec_rfid/lib/python3.12/site-packages/metratec_rfid-1.3.4-py3.12.egg-info/requires.txt
/home/peko/colcon_ws/install/metratec_rfid/lib/python3.12/site-packages/metratec_rfid-1.3.4-py3.12.egg-info/PKG-INFO
/home/peko/colcon_ws/install/metratec_rfid/lib/python3.12/site-packages/metratec_rfid-1.3.4-py3.12.egg-info/SOURCES.txt
/home/peko/colcon_ws/install/metratec_rfid/lib/python3.12/site-packages/metratec_rfid-1.3.4-py3.12.egg-info/top_level.txt
/home/peko/colcon_ws/install/metratec_rfid/lib/python3.12/site-packages/metratec_rfid-1.3.4-py3.12.egg-info/dependency_links.txt
