-- Install configuration: ""
-- Up-to-date: /home/peko/colcon_ws/install/robotont_description/share/robotont_description/meshes
-- Up-to-date: /home/peko/colcon_ws/install/robotont_description/share/robotont_description/meshes/roller.stl
-- Up-to-date: /home/peko/colcon_ws/install/robotont_description/share/robotont_description/meshes/simplebody.stl
-- Up-to-date: /home/peko/colcon_ws/install/robotont_description/share/robotont_description/meshes/body.stl
-- Up-to-date: /home/peko/colcon_ws/install/robotont_description/share/robotont_description/meshes/rim.stl
-- Up-to-date: /home/peko/colcon_ws/install/robotont_description/share/robotont_description/urdf
-- Up-to-date: /home/peko/colcon_ws/install/robotont_description/share/robotont_description/urdf/rim.urdf.xacro
-- Up-to-date: /home/peko/colcon_ws/install/robotont_description/share/robotont_description/urdf/roller.urdf.xacro
-- Up-to-date: /home/peko/colcon_ws/install/robotont_description/share/robotont_description/urdf/robotont_base.urdf.xacro
-- Up-to-date: /home/peko/colcon_ws/install/robotont_description/share/robotont_description/config
-- Up-to-date: /home/peko/colcon_ws/install/robotont_description/share/robotont_description/config/robotont_description.rviz
-- Up-to-date: /home/peko/colcon_ws/install/robotont_description/share/robotont_description/launch
-- Up-to-date: /home/peko/colcon_ws/install/robotont_description/share/robotont_description/launch/display_simulated_robot.launch.py
-- Up-to-date: /home/peko/colcon_ws/install/robotont_description/share/ament_index/resource_index/package_run_dependencies/robotont_description
-- Up-to-date: /home/peko/colcon_ws/install/robotont_description/share/ament_index/resource_index/parent_prefix_path/robotont_description
-- Up-to-date: /home/peko/colcon_ws/install/robotont_description/share/robotont_description/environment/ament_prefix_path.sh
-- Up-to-date: /home/peko/colcon_ws/install/robotont_description/share/robotont_description/environment/ament_prefix_path.dsv
-- Up-to-date: /home/peko/colcon_ws/install/robotont_description/share/robotont_description/environment/path.sh
-- Up-to-date: /home/peko/colcon_ws/install/robotont_description/share/robotont_description/environment/path.dsv
-- Up-to-date: /home/peko/colcon_ws/install/robotont_description/share/robotont_description/local_setup.bash
-- Up-to-date: /home/peko/colcon_ws/install/robotont_description/share/robotont_description/local_setup.sh
-- Up-to-date: /home/peko/colcon_ws/install/robotont_description/share/robotont_description/local_setup.zsh
-- Up-to-date: /home/peko/colcon_ws/install/robotont_description/share/robotont_description/local_setup.dsv
-- Installing: /home/peko/colcon_ws/install/robotont_description/share/robotont_description/package.dsv
-- Up-to-date: /home/peko/colcon_ws/install/robotont_description/share/ament_index/resource_index/packages/robotont_description
-- Up-to-date: /home/peko/colcon_ws/install/robotont_description/share/robotont_description/cmake/robotont_descriptionConfig.cmake
-- Up-to-date: /home/peko/colcon_ws/install/robotont_description/share/robotont_description/cmake/robotont_descriptionConfig-version.cmake
-- Up-to-date: /home/peko/colcon_ws/install/robotont_description/share/robotont_description/package.xml
