[0.014s] Invoking command in '/home/peko/colcon_ws/build/robotont_driver': CMAKE_PREFIX_PATH=/home/peko/colcon_ws/install/robotont_msgs:/home/peko/colcon_ws/install/sllidar_ros2:/home/peko/colcon_ws/install/robotont_support:/home/peko/colcon_ws/install/robotont_driver:/home/peko/colcon_ws/install/robotont_description:/home/peko/colcon_ws/install/robina_thesis:/home/peko/colcon_ws/install/laserscan_to_ranges:/home/peko/colcon_ws/install/laser_filters:/opt/ros/jazzy/opt/gz_sim_vendor:/opt/ros/jazzy/opt/gz_sensors_vendor:/opt/ros/jazzy/opt/gz_physics_vendor:/opt/ros/jazzy/opt/sdformat_vendor:/opt/ros/jazzy/opt/gz_gui_vendor:/opt/ros/jazzy/opt/gz_transport_vendor:/opt/ros/jazzy/opt/gz_rendering_vendor:/opt/ros/jazzy/opt/gz_plugin_vendor:/opt/ros/jazzy/opt/gz_fuel_tools_vendor:/opt/ros/jazzy/opt/gz_msgs_vendor:/opt/ros/jazzy/opt/gz_common_vendor:/opt/ros/jazzy/opt/gz_math_vendor:/opt/ros/jazzy/opt/gz_utils_vendor:/opt/ros/jazzy/opt/gz_tools_vendor:/opt/ros/jazzy/opt/gz_ogre_next_vendor:/opt/ros/jazzy/opt/gz_dartsim_vendor:/opt/ros/jazzy/opt/gz_cmake_vendor:/home/peko/colcon_ws/install/robina_rfid:/opt/ros/jazzy DEBUGINFOD_URLS=https://debuginfod.ubuntu.com /usr/bin/cmake --build /home/peko/colcon_ws/build/robotont_driver -- -j16 -l16
[0.068s] [ 10%] Built target fake_driver_node
[0.084s] [ 55%] Built target robotont_driver
[0.085s] [100%] Built target driver_node
[0.096s] Invoked command in '/home/peko/colcon_ws/build/robotont_driver' returned '0': CMAKE_PREFIX_PATH=/home/peko/colcon_ws/install/robotont_msgs:/home/peko/colcon_ws/install/sllidar_ros2:/home/peko/colcon_ws/install/robotont_support:/home/peko/colcon_ws/install/robotont_driver:/home/peko/colcon_ws/install/robotont_description:/home/peko/colcon_ws/install/robina_thesis:/home/peko/colcon_ws/install/laserscan_to_ranges:/home/peko/colcon_ws/install/laser_filters:/opt/ros/jazzy/opt/gz_sim_vendor:/opt/ros/jazzy/opt/gz_sensors_vendor:/opt/ros/jazzy/opt/gz_physics_vendor:/opt/ros/jazzy/opt/sdformat_vendor:/opt/ros/jazzy/opt/gz_gui_vendor:/opt/ros/jazzy/opt/gz_transport_vendor:/opt/ros/jazzy/opt/gz_rendering_vendor:/opt/ros/jazzy/opt/gz_plugin_vendor:/opt/ros/jazzy/opt/gz_fuel_tools_vendor:/opt/ros/jazzy/opt/gz_msgs_vendor:/opt/ros/jazzy/opt/gz_common_vendor:/opt/ros/jazzy/opt/gz_math_vendor:/opt/ros/jazzy/opt/gz_utils_vendor:/opt/ros/jazzy/opt/gz_tools_vendor:/opt/ros/jazzy/opt/gz_ogre_next_vendor:/opt/ros/jazzy/opt/gz_dartsim_vendor:/opt/ros/jazzy/opt/gz_cmake_vendor:/home/peko/colcon_ws/install/robina_rfid:/opt/ros/jazzy DEBUGINFOD_URLS=https://debuginfod.ubuntu.com /usr/bin/cmake --build /home/peko/colcon_ws/build/robotont_driver -- -j16 -l16
[0.097s] Invoking command in '/home/peko/colcon_ws/build/robotont_driver': CMAKE_PREFIX_PATH=/home/peko/colcon_ws/install/robotont_msgs:/home/peko/colcon_ws/install/sllidar_ros2:/home/peko/colcon_ws/install/robotont_support:/home/peko/colcon_ws/install/robotont_driver:/home/peko/colcon_ws/install/robotont_description:/home/peko/colcon_ws/install/robina_thesis:/home/peko/colcon_ws/install/laserscan_to_ranges:/home/peko/colcon_ws/install/laser_filters:/opt/ros/jazzy/opt/gz_sim_vendor:/opt/ros/jazzy/opt/gz_sensors_vendor:/opt/ros/jazzy/opt/gz_physics_vendor:/opt/ros/jazzy/opt/sdformat_vendor:/opt/ros/jazzy/opt/gz_gui_vendor:/opt/ros/jazzy/opt/gz_transport_vendor:/opt/ros/jazzy/opt/gz_rendering_vendor:/opt/ros/jazzy/opt/gz_plugin_vendor:/opt/ros/jazzy/opt/gz_fuel_tools_vendor:/opt/ros/jazzy/opt/gz_msgs_vendor:/opt/ros/jazzy/opt/gz_common_vendor:/opt/ros/jazzy/opt/gz_math_vendor:/opt/ros/jazzy/opt/gz_utils_vendor:/opt/ros/jazzy/opt/gz_tools_vendor:/opt/ros/jazzy/opt/gz_ogre_next_vendor:/opt/ros/jazzy/opt/gz_dartsim_vendor:/opt/ros/jazzy/opt/gz_cmake_vendor:/home/peko/colcon_ws/install/robina_rfid:/opt/ros/jazzy DEBUGINFOD_URLS=https://debuginfod.ubuntu.com /usr/bin/cmake --install /home/peko/colcon_ws/build/robotont_driver
[0.105s] -- Install configuration: ""
[0.105s] -- Up-to-date: /home/peko/colcon_ws/install/robotont_driver/lib/robotont_driver/driver_node
[0.105s] -- Up-to-date: /home/peko/colcon_ws/install/robotont_driver/lib/robotont_driver/fake_driver_node
[0.106s] -- Up-to-date: /home/peko/colcon_ws/install/robotont_driver/share/robotont_driver//launch
[0.106s] -- Up-to-date: /home/peko/colcon_ws/install/robotont_driver/share/robotont_driver//launch/driver_launch.py
[0.106s] -- Up-to-date: /home/peko/colcon_ws/install/robotont_driver/share/robotont_driver//launch/fake_driver_launch.py
[0.106s] -- Up-to-date: /home/peko/colcon_ws/install/robotont_driver/share/robotont_driver//launch/example_launch.py
[0.106s] -- Up-to-date: /home/peko/colcon_ws/install/robotont_driver/share/robotont_driver//launch/example2.py
[0.106s] -- Up-to-date: /home/peko/colcon_ws/install/robotont_driver/share/robotont_driver/config
[0.106s] -- Up-to-date: /home/peko/colcon_ws/install/robotont_driver/share/robotont_driver/config/sermap7.posegraph
[0.106s] -- Up-to-date: /home/peko/colcon_ws/install/robotont_driver/share/robotont_driver/config/mapper_params_online_async.yaml
[0.106s] -- Up-to-date: /home/peko/colcon_ws/install/robotont_driver/share/robotont_driver/config/s7.yaml
[0.106s] -- Up-to-date: /home/peko/colcon_ws/install/robotont_driver/share/robotont_driver/config/parameters.yaml
[0.107s] -- Up-to-date: /home/peko/colcon_ws/install/robotont_driver/share/robotont_driver/config/sermap7.data
[0.107s] -- Up-to-date: /home/peko/colcon_ws/install/robotont_driver/share/robotont_driver/config/s7.pgm
[0.107s] -- Up-to-date: /home/peko/colcon_ws/install/robotont_driver/share/ament_index/resource_index/package_run_dependencies/robotont_driver
[0.107s] -- Up-to-date: /home/peko/colcon_ws/install/robotont_driver/share/ament_index/resource_index/parent_prefix_path/robotont_driver
[0.107s] -- Up-to-date: /home/peko/colcon_ws/install/robotont_driver/share/robotont_driver/environment/ament_prefix_path.sh
[0.107s] -- Up-to-date: /home/peko/colcon_ws/install/robotont_driver/share/robotont_driver/environment/ament_prefix_path.dsv
[0.107s] -- Up-to-date: /home/peko/colcon_ws/install/robotont_driver/share/robotont_driver/environment/path.sh
[0.107s] -- Up-to-date: /home/peko/colcon_ws/install/robotont_driver/share/robotont_driver/environment/path.dsv
[0.107s] -- Up-to-date: /home/peko/colcon_ws/install/robotont_driver/share/robotont_driver/local_setup.bash
[0.107s] -- Up-to-date: /home/peko/colcon_ws/install/robotont_driver/share/robotont_driver/local_setup.sh
[0.107s] -- Up-to-date: /home/peko/colcon_ws/install/robotont_driver/share/robotont_driver/local_setup.zsh
[0.108s] -- Up-to-date: /home/peko/colcon_ws/install/robotont_driver/share/robotont_driver/local_setup.dsv
[0.108s] -- Installing: /home/peko/colcon_ws/install/robotont_driver/share/robotont_driver/package.dsv
[0.108s] -- Up-to-date: /home/peko/colcon_ws/install/robotont_driver/share/ament_index/resource_index/packages/robotont_driver
[0.108s] -- Up-to-date: /home/peko/colcon_ws/install/robotont_driver/share/robotont_driver/cmake/robotont_driverConfig.cmake
[0.108s] -- Up-to-date: /home/peko/colcon_ws/install/robotont_driver/share/robotont_driver/cmake/robotont_driverConfig-version.cmake
[0.108s] -- Up-to-date: /home/peko/colcon_ws/install/robotont_driver/share/robotont_driver/package.xml
[0.109s] Invoked command in '/home/peko/colcon_ws/build/robotont_driver' returned '0': CMAKE_PREFIX_PATH=/home/peko/colcon_ws/install/robotont_msgs:/home/peko/colcon_ws/install/sllidar_ros2:/home/peko/colcon_ws/install/robotont_support:/home/peko/colcon_ws/install/robotont_driver:/home/peko/colcon_ws/install/robotont_description:/home/peko/colcon_ws/install/robina_thesis:/home/peko/colcon_ws/install/laserscan_to_ranges:/home/peko/colcon_ws/install/laser_filters:/opt/ros/jazzy/opt/gz_sim_vendor:/opt/ros/jazzy/opt/gz_sensors_vendor:/opt/ros/jazzy/opt/gz_physics_vendor:/opt/ros/jazzy/opt/sdformat_vendor:/opt/ros/jazzy/opt/gz_gui_vendor:/opt/ros/jazzy/opt/gz_transport_vendor:/opt/ros/jazzy/opt/gz_rendering_vendor:/opt/ros/jazzy/opt/gz_plugin_vendor:/opt/ros/jazzy/opt/gz_fuel_tools_vendor:/opt/ros/jazzy/opt/gz_msgs_vendor:/opt/ros/jazzy/opt/gz_common_vendor:/opt/ros/jazzy/opt/gz_math_vendor:/opt/ros/jazzy/opt/gz_utils_vendor:/opt/ros/jazzy/opt/gz_tools_vendor:/opt/ros/jazzy/opt/gz_ogre_next_vendor:/opt/ros/jazzy/opt/gz_dartsim_vendor:/opt/ros/jazzy/opt/gz_cmake_vendor:/home/peko/colcon_ws/install/robina_rfid:/opt/ros/jazzy DEBUGINFOD_URLS=https://debuginfod.ubuntu.com /usr/bin/cmake --install /home/peko/colcon_ws/build/robotont_driver
