running egg_info
creating ../../../build/metratec_rfid/metratec_rfid.egg-info
writing ../../../build/metratec_rfid/metratec_rfid.egg-info/PKG-INFO
writing dependency_links to ../../../build/metratec_rfid/metratec_rfid.egg-info/dependency_links.txt
writing requirements to ../../../build/metratec_rfid/metratec_rfid.egg-info/requires.txt
writing top-level names to ../../../build/metratec_rfid/metratec_rfid.egg-info/top_level.txt
writing manifest file '../../../build/metratec_rfid/metratec_rfid.egg-info/SOURCES.txt'
reading manifest file '../../../build/metratec_rfid/metratec_rfid.egg-info/SOURCES.txt'
adding license file 'LICENSE'
writing manifest file '../../../build/metratec_rfid/metratec_rfid.egg-info/SOURCES.txt'
running build
running build_py
creating /home/peko/colcon_ws/build/metratec_rfid/build
creating /home/peko/colcon_ws/build/metratec_rfid/build/lib
creating /home/peko/colcon_ws/build/metratec_rfid/build/lib/metratec_rfid
copying metratec_rfid/quasar_mx.py -> /home/peko/colcon_ws/build/metratec_rfid/build/lib/metratec_rfid
copying metratec_rfid/plrm.py -> /home/peko/colcon_ws/build/metratec_rfid/build/lib/metratec_rfid
copying metratec_rfid/quasar_lr.py -> /home/peko/colcon_ws/build/metratec_rfid/build/lib/metratec_rfid
copying metratec_rfid/pulsar_mx.py -> /home/peko/colcon_ws/build/metratec_rfid/build/lib/metratec_rfid
copying metratec_rfid/nfc_reader_at.py -> /home/peko/colcon_ws/build/metratec_rfid/build/lib/metratec_rfid
copying metratec_rfid/uhf_reader_ascii.py -> /home/peko/colcon_ws/build/metratec_rfid/build/lib/metratec_rfid
copying metratec_rfid/deskid_iso.py -> /home/peko/colcon_ws/build/metratec_rfid/build/lib/metratec_rfid
copying metratec_rfid/uhf_reader_at.py -> /home/peko/colcon_ws/build/metratec_rfid/build/lib/metratec_rfid
copying metratec_rfid/hf_tag.py -> /home/peko/colcon_ws/build/metratec_rfid/build/lib/metratec_rfid
copying metratec_rfid/utils.py -> /home/peko/colcon_ws/build/metratec_rfid/build/lib/metratec_rfid
copying metratec_rfid/dwarfg2_v2.py -> /home/peko/colcon_ws/build/metratec_rfid/build/lib/metratec_rfid
copying metratec_rfid/reader_ascii.py -> /home/peko/colcon_ws/build/metratec_rfid/build/lib/metratec_rfid
copying metratec_rfid/pulsar_lr.py -> /home/peko/colcon_ws/build/metratec_rfid/build/lib/metratec_rfid
copying metratec_rfid/reader_exception.py -> /home/peko/colcon_ws/build/metratec_rfid/build/lib/metratec_rfid
copying metratec_rfid/reader_at.py -> /home/peko/colcon_ws/build/metratec_rfid/build/lib/metratec_rfid
copying metratec_rfid/reader.py -> /home/peko/colcon_ws/build/metratec_rfid/build/lib/metratec_rfid
copying metratec_rfid/qrg2.py -> /home/peko/colcon_ws/build/metratec_rfid/build/lib/metratec_rfid
copying metratec_rfid/__init__.py -> /home/peko/colcon_ws/build/metratec_rfid/build/lib/metratec_rfid
copying metratec_rfid/deskid_nfc.py -> /home/peko/colcon_ws/build/metratec_rfid/build/lib/metratec_rfid
copying metratec_rfid/qr_nfc.py -> /home/peko/colcon_ws/build/metratec_rfid/build/lib/metratec_rfid
copying metratec_rfid/qr.py -> /home/peko/colcon_ws/build/metratec_rfid/build/lib/metratec_rfid
copying metratec_rfid/status_class.py -> /home/peko/colcon_ws/build/metratec_rfid/build/lib/metratec_rfid
copying metratec_rfid/deskid_uhf.py -> /home/peko/colcon_ws/build/metratec_rfid/build/lib/metratec_rfid
copying metratec_rfid/uhf_tag.py -> /home/peko/colcon_ws/build/metratec_rfid/build/lib/metratec_rfid
copying metratec_rfid/gru300.py -> /home/peko/colcon_ws/build/metratec_rfid/build/lib/metratec_rfid
copying metratec_rfid/tag.py -> /home/peko/colcon_ws/build/metratec_rfid/build/lib/metratec_rfid
copying metratec_rfid/hf_reader_ascii.py -> /home/peko/colcon_ws/build/metratec_rfid/build/lib/metratec_rfid
creating /home/peko/colcon_ws/build/metratec_rfid/build/lib/metratec_rfid/connection
copying metratec_rfid/connection/connection.py -> /home/peko/colcon_ws/build/metratec_rfid/build/lib/metratec_rfid/connection
copying metratec_rfid/connection/socket_connection.py -> /home/peko/colcon_ws/build/metratec_rfid/build/lib/metratec_rfid/connection
copying metratec_rfid/connection/serial_connection.py -> /home/peko/colcon_ws/build/metratec_rfid/build/lib/metratec_rfid/connection
copying metratec_rfid/connection/__init__.py -> /home/peko/colcon_ws/build/metratec_rfid/build/lib/metratec_rfid/connection
copying metratec_rfid/py.typed -> /home/peko/colcon_ws/build/metratec_rfid/build/lib/metratec_rfid
copying metratec_rfid/connection/py.typed -> /home/peko/colcon_ws/build/metratec_rfid/build/lib/metratec_rfid/connection
running install
running install_lib
creating /home/peko/colcon_ws/install/metratec_rfid/lib/python3.12/site-packages/metratec_rfid
copying /home/peko/colcon_ws/build/metratec_rfid/build/lib/metratec_rfid/quasar_mx.py -> /home/peko/colcon_ws/install/metratec_rfid/lib/python3.12/site-packages/metratec_rfid
copying /home/peko/colcon_ws/build/metratec_rfid/build/lib/metratec_rfid/plrm.py -> /home/peko/colcon_ws/install/metratec_rfid/lib/python3.12/site-packages/metratec_rfid
copying /home/peko/colcon_ws/build/metratec_rfid/build/lib/metratec_rfid/quasar_lr.py -> /home/peko/colcon_ws/install/metratec_rfid/lib/python3.12/site-packages/metratec_rfid
copying /home/peko/colcon_ws/build/metratec_rfid/build/lib/metratec_rfid/pulsar_mx.py -> /home/peko/colcon_ws/install/metratec_rfid/lib/python3.12/site-packages/metratec_rfid
copying /home/peko/colcon_ws/build/metratec_rfid/build/lib/metratec_rfid/nfc_reader_at.py -> /home/peko/colcon_ws/install/metratec_rfid/lib/python3.12/site-packages/metratec_rfid
copying /home/peko/colcon_ws/build/metratec_rfid/build/lib/metratec_rfid/uhf_reader_ascii.py -> /home/peko/colcon_ws/install/metratec_rfid/lib/python3.12/site-packages/metratec_rfid
copying /home/peko/colcon_ws/build/metratec_rfid/build/lib/metratec_rfid/deskid_iso.py -> /home/peko/colcon_ws/install/metratec_rfid/lib/python3.12/site-packages/metratec_rfid
copying /home/peko/colcon_ws/build/metratec_rfid/build/lib/metratec_rfid/uhf_reader_at.py -> /home/peko/colcon_ws/install/metratec_rfid/lib/python3.12/site-packages/metratec_rfid
creating /home/peko/colcon_ws/install/metratec_rfid/lib/python3.12/site-packages/metratec_rfid/connection
copying /home/peko/colcon_ws/build/metratec_rfid/build/lib/metratec_rfid/connection/connection.py -> /home/peko/colcon_ws/install/metratec_rfid/lib/python3.12/site-packages/metratec_rfid/connection
copying /home/peko/colcon_ws/build/metratec_rfid/build/lib/metratec_rfid/connection/socket_connection.py -> /home/peko/colcon_ws/install/metratec_rfid/lib/python3.12/site-packages/metratec_rfid/connection
copying /home/peko/colcon_ws/build/metratec_rfid/build/lib/metratec_rfid/connection/serial_connection.py -> /home/peko/colcon_ws/install/metratec_rfid/lib/python3.12/site-packages/metratec_rfid/connection
copying /home/peko/colcon_ws/build/metratec_rfid/build/lib/metratec_rfid/connection/__init__.py -> /home/peko/colcon_ws/install/metratec_rfid/lib/python3.12/site-packages/metratec_rfid/connection
copying /home/peko/colcon_ws/build/metratec_rfid/build/lib/metratec_rfid/connection/py.typed -> /home/peko/colcon_ws/install/metratec_rfid/lib/python3.12/site-packages/metratec_rfid/connection
copying /home/peko/colcon_ws/build/metratec_rfid/build/lib/metratec_rfid/hf_tag.py -> /home/peko/colcon_ws/install/metratec_rfid/lib/python3.12/site-packages/metratec_rfid
copying /home/peko/colcon_ws/build/metratec_rfid/build/lib/metratec_rfid/utils.py -> /home/peko/colcon_ws/install/metratec_rfid/lib/python3.12/site-packages/metratec_rfid
copying /home/peko/colcon_ws/build/metratec_rfid/build/lib/metratec_rfid/dwarfg2_v2.py -> /home/peko/colcon_ws/install/metratec_rfid/lib/python3.12/site-packages/metratec_rfid
copying /home/peko/colcon_ws/build/metratec_rfid/build/lib/metratec_rfid/reader_ascii.py -> /home/peko/colcon_ws/install/metratec_rfid/lib/python3.12/site-packages/metratec_rfid
copying /home/peko/colcon_ws/build/metratec_rfid/build/lib/metratec_rfid/pulsar_lr.py -> /home/peko/colcon_ws/install/metratec_rfid/lib/python3.12/site-packages/metratec_rfid
copying /home/peko/colcon_ws/build/metratec_rfid/build/lib/metratec_rfid/reader_exception.py -> /home/peko/colcon_ws/install/metratec_rfid/lib/python3.12/site-packages/metratec_rfid
copying /home/peko/colcon_ws/build/metratec_rfid/build/lib/metratec_rfid/reader_at.py -> /home/peko/colcon_ws/install/metratec_rfid/lib/python3.12/site-packages/metratec_rfid
copying /home/peko/colcon_ws/build/metratec_rfid/build/lib/metratec_rfid/reader.py -> /home/peko/colcon_ws/install/metratec_rfid/lib/python3.12/site-packages/metratec_rfid
copying /home/peko/colcon_ws/build/metratec_rfid/build/lib/metratec_rfid/qrg2.py -> /home/peko/colcon_ws/install/metratec_rfid/lib/python3.12/site-packages/metratec_rfid
copying /home/peko/colcon_ws/build/metratec_rfid/build/lib/metratec_rfid/__init__.py -> /home/peko/colcon_ws/install/metratec_rfid/lib/python3.12/site-packages/metratec_rfid
copying /home/peko/colcon_ws/build/metratec_rfid/build/lib/metratec_rfid/deskid_nfc.py -> /home/peko/colcon_ws/install/metratec_rfid/lib/python3.12/site-packages/metratec_rfid
copying /home/peko/colcon_ws/build/metratec_rfid/build/lib/metratec_rfid/qr_nfc.py -> /home/peko/colcon_ws/install/metratec_rfid/lib/python3.12/site-packages/metratec_rfid
copying /home/peko/colcon_ws/build/metratec_rfid/build/lib/metratec_rfid/py.typed -> /home/peko/colcon_ws/install/metratec_rfid/lib/python3.12/site-packages/metratec_rfid
copying /home/peko/colcon_ws/build/metratec_rfid/build/lib/metratec_rfid/qr.py -> /home/peko/colcon_ws/install/metratec_rfid/lib/python3.12/site-packages/metratec_rfid
copying /home/peko/colcon_ws/build/metratec_rfid/build/lib/metratec_rfid/status_class.py -> /home/peko/colcon_ws/install/metratec_rfid/lib/python3.12/site-packages/metratec_rfid
copying /home/peko/colcon_ws/build/metratec_rfid/build/lib/metratec_rfid/deskid_uhf.py -> /home/peko/colcon_ws/install/metratec_rfid/lib/python3.12/site-packages/metratec_rfid
copying /home/peko/colcon_ws/build/metratec_rfid/build/lib/metratec_rfid/uhf_tag.py -> /home/peko/colcon_ws/install/metratec_rfid/lib/python3.12/site-packages/metratec_rfid
copying /home/peko/colcon_ws/build/metratec_rfid/build/lib/metratec_rfid/gru300.py -> /home/peko/colcon_ws/install/metratec_rfid/lib/python3.12/site-packages/metratec_rfid
copying /home/peko/colcon_ws/build/metratec_rfid/build/lib/metratec_rfid/tag.py -> /home/peko/colcon_ws/install/metratec_rfid/lib/python3.12/site-packages/metratec_rfid
copying /home/peko/colcon_ws/build/metratec_rfid/build/lib/metratec_rfid/hf_reader_ascii.py -> /home/peko/colcon_ws/install/metratec_rfid/lib/python3.12/site-packages/metratec_rfid
byte-compiling /home/peko/colcon_ws/install/metratec_rfid/lib/python3.12/site-packages/metratec_rfid/quasar_mx.py to quasar_mx.cpython-312.pyc
byte-compiling /home/peko/colcon_ws/install/metratec_rfid/lib/python3.12/site-packages/metratec_rfid/plrm.py to plrm.cpython-312.pyc
byte-compiling /home/peko/colcon_ws/install/metratec_rfid/lib/python3.12/site-packages/metratec_rfid/quasar_lr.py to quasar_lr.cpython-312.pyc
byte-compiling /home/peko/colcon_ws/install/metratec_rfid/lib/python3.12/site-packages/metratec_rfid/pulsar_mx.py to pulsar_mx.cpython-312.pyc
byte-compiling /home/peko/colcon_ws/install/metratec_rfid/lib/python3.12/site-packages/metratec_rfid/nfc_reader_at.py to nfc_reader_at.cpython-312.pyc
byte-compiling /home/peko/colcon_ws/install/metratec_rfid/lib/python3.12/site-packages/metratec_rfid/uhf_reader_ascii.py to uhf_reader_ascii.cpython-312.pyc
byte-compiling /home/peko/colcon_ws/install/metratec_rfid/lib/python3.12/site-packages/metratec_rfid/deskid_iso.py to deskid_iso.cpython-312.pyc
byte-compiling /home/peko/colcon_ws/install/metratec_rfid/lib/python3.12/site-packages/metratec_rfid/uhf_reader_at.py to uhf_reader_at.cpython-312.pyc
byte-compiling /home/peko/colcon_ws/install/metratec_rfid/lib/python3.12/site-packages/metratec_rfid/connection/connection.py to connection.cpython-312.pyc
byte-compiling /home/peko/colcon_ws/install/metratec_rfid/lib/python3.12/site-packages/metratec_rfid/connection/socket_connection.py to socket_connection.cpython-312.pyc
byte-compiling /home/peko/colcon_ws/install/metratec_rfid/lib/python3.12/site-packages/metratec_rfid/connection/serial_connection.py to serial_connection.cpython-312.pyc
byte-compiling /home/peko/colcon_ws/install/metratec_rfid/lib/python3.12/site-packages/metratec_rfid/connection/__init__.py to __init__.cpython-312.pyc
byte-compiling /home/peko/colcon_ws/install/metratec_rfid/lib/python3.12/site-packages/metratec_rfid/hf_tag.py to hf_tag.cpython-312.pyc
byte-compiling /home/peko/colcon_ws/install/metratec_rfid/lib/python3.12/site-packages/metratec_rfid/utils.py to utils.cpython-312.pyc
byte-compiling /home/peko/colcon_ws/install/metratec_rfid/lib/python3.12/site-packages/metratec_rfid/dwarfg2_v2.py to dwarfg2_v2.cpython-312.pyc
byte-compiling /home/peko/colcon_ws/install/metratec_rfid/lib/python3.12/site-packages/metratec_rfid/reader_ascii.py to reader_ascii.cpython-312.pyc
byte-compiling /home/peko/colcon_ws/install/metratec_rfid/lib/python3.12/site-packages/metratec_rfid/pulsar_lr.py to pulsar_lr.cpython-312.pyc
byte-compiling /home/peko/colcon_ws/install/metratec_rfid/lib/python3.12/site-packages/metratec_rfid/reader_exception.py to reader_exception.cpython-312.pyc
byte-compiling /home/peko/colcon_ws/install/metratec_rfid/lib/python3.12/site-packages/metratec_rfid/reader_at.py to reader_at.cpython-312.pyc
byte-compiling /home/peko/colcon_ws/install/metratec_rfid/lib/python3.12/site-packages/metratec_rfid/reader.py to reader.cpython-312.pyc
byte-compiling /home/peko/colcon_ws/install/metratec_rfid/lib/python3.12/site-packages/metratec_rfid/qrg2.py to qrg2.cpython-312.pyc
byte-compiling /home/peko/colcon_ws/install/metratec_rfid/lib/python3.12/site-packages/metratec_rfid/__init__.py to __init__.cpython-312.pyc
byte-compiling /home/peko/colcon_ws/install/metratec_rfid/lib/python3.12/site-packages/metratec_rfid/deskid_nfc.py to deskid_nfc.cpython-312.pyc
byte-compiling /home/peko/colcon_ws/install/metratec_rfid/lib/python3.12/site-packages/metratec_rfid/qr_nfc.py to qr_nfc.cpython-312.pyc
byte-compiling /home/peko/colcon_ws/install/metratec_rfid/lib/python3.12/site-packages/metratec_rfid/qr.py to qr.cpython-312.pyc
byte-compiling /home/peko/colcon_ws/install/metratec_rfid/lib/python3.12/site-packages/metratec_rfid/status_class.py to status_class.cpython-312.pyc
byte-compiling /home/peko/colcon_ws/install/metratec_rfid/lib/python3.12/site-packages/metratec_rfid/deskid_uhf.py to deskid_uhf.cpython-312.pyc
byte-compiling /home/peko/colcon_ws/install/metratec_rfid/lib/python3.12/site-packages/metratec_rfid/uhf_tag.py to uhf_tag.cpython-312.pyc
byte-compiling /home/peko/colcon_ws/install/metratec_rfid/lib/python3.12/site-packages/metratec_rfid/gru300.py to gru300.cpython-312.pyc
byte-compiling /home/peko/colcon_ws/install/metratec_rfid/lib/python3.12/site-packages/metratec_rfid/tag.py to tag.cpython-312.pyc
byte-compiling /home/peko/colcon_ws/install/metratec_rfid/lib/python3.12/site-packages/metratec_rfid/hf_reader_ascii.py to hf_reader_ascii.cpython-312.pyc
running install_egg_info
Copying ../../../build/metratec_rfid/metratec_rfid.egg-info to /home/peko/colcon_ws/install/metratec_rfid/lib/python3.12/site-packages/metratec_rfid-1.3.4-py3.12.egg-info
running install_scripts
writing list of installed files to '/home/peko/colcon_ws/build/metratec_rfid/install.log'
