[0.619s] Invoking command in '/home/peko/colcon_ws/src/rfid/rfid-sdk-python-main': DEBUGINFOD_URLS=https://debuginfod.ubuntu.com PYTHONPATH=/home/peko/colcon_ws/build/metratec_rfid/prefix_override:/usr/lib/python3/dist-packages/colcon_core/task/python/colcon_distutils_commands:/home/peko/colcon_ws/install/metratec_rfid/lib/python3.12/site-packages:${PYTHONPATH} /usr/bin/python3 -W ignore:setup.py install is deprecated -W ignore:easy_install command is deprecated setup.py egg_info --egg-base ../../../build/metratec_rfid build --build-base /home/peko/colcon_ws/build/metratec_rfid/build install --record /home/peko/colcon_ws/build/metratec_rfid/install.log --single-version-externally-managed
[0.808s] running egg_info
[0.808s] creating ../../../build/metratec_rfid/metratec_rfid.egg-info
[0.822s] writing ../../../build/metratec_rfid/metratec_rfid.egg-info/PKG-INFO
[0.822s] writing dependency_links to ../../../build/metratec_rfid/metratec_rfid.egg-info/dependency_links.txt
[0.822s] writing requirements to ../../../build/metratec_rfid/metratec_rfid.egg-info/requires.txt
[0.822s] writing top-level names to ../../../build/metratec_rfid/metratec_rfid.egg-info/top_level.txt
[0.822s] writing manifest file '../../../build/metratec_rfid/metratec_rfid.egg-info/SOURCES.txt'
[0.851s] reading manifest file '../../../build/metratec_rfid/metratec_rfid.egg-info/SOURCES.txt'
[0.851s] adding license file 'LICENSE'
[0.851s] writing manifest file '../../../build/metratec_rfid/metratec_rfid.egg-info/SOURCES.txt'
[0.852s] running build
[0.852s] running build_py
[0.852s] creating /home/peko/colcon_ws/build/metratec_rfid/build
[0.852s] creating /home/peko/colcon_ws/build/metratec_rfid/build/lib
[0.852s] creating /home/peko/colcon_ws/build/metratec_rfid/build/lib/metratec_rfid
[0.852s] copying metratec_rfid/quasar_mx.py -> /home/peko/colcon_ws/build/metratec_rfid/build/lib/metratec_rfid
[0.852s] copying metratec_rfid/plrm.py -> /home/peko/colcon_ws/build/metratec_rfid/build/lib/metratec_rfid
[0.852s] copying metratec_rfid/quasar_lr.py -> /home/peko/colcon_ws/build/metratec_rfid/build/lib/metratec_rfid
[0.852s] copying metratec_rfid/pulsar_mx.py -> /home/peko/colcon_ws/build/metratec_rfid/build/lib/metratec_rfid
[0.852s] copying metratec_rfid/nfc_reader_at.py -> /home/peko/colcon_ws/build/metratec_rfid/build/lib/metratec_rfid
[0.852s] copying metratec_rfid/uhf_reader_ascii.py -> /home/peko/colcon_ws/build/metratec_rfid/build/lib/metratec_rfid
[0.852s] copying metratec_rfid/deskid_iso.py -> /home/peko/colcon_ws/build/metratec_rfid/build/lib/metratec_rfid
[0.853s] copying metratec_rfid/uhf_reader_at.py -> /home/peko/colcon_ws/build/metratec_rfid/build/lib/metratec_rfid
[0.853s] copying metratec_rfid/hf_tag.py -> /home/peko/colcon_ws/build/metratec_rfid/build/lib/metratec_rfid
[0.853s] copying metratec_rfid/utils.py -> /home/peko/colcon_ws/build/metratec_rfid/build/lib/metratec_rfid
[0.853s] copying metratec_rfid/dwarfg2_v2.py -> /home/peko/colcon_ws/build/metratec_rfid/build/lib/metratec_rfid
[0.853s] copying metratec_rfid/reader_ascii.py -> /home/peko/colcon_ws/build/metratec_rfid/build/lib/metratec_rfid
[0.853s] copying metratec_rfid/pulsar_lr.py -> /home/peko/colcon_ws/build/metratec_rfid/build/lib/metratec_rfid
[0.853s] copying metratec_rfid/reader_exception.py -> /home/peko/colcon_ws/build/metratec_rfid/build/lib/metratec_rfid
[0.853s] copying metratec_rfid/reader_at.py -> /home/peko/colcon_ws/build/metratec_rfid/build/lib/metratec_rfid
[0.853s] copying metratec_rfid/reader.py -> /home/peko/colcon_ws/build/metratec_rfid/build/lib/metratec_rfid
[0.853s] copying metratec_rfid/qrg2.py -> /home/peko/colcon_ws/build/metratec_rfid/build/lib/metratec_rfid
[0.853s] copying metratec_rfid/__init__.py -> /home/peko/colcon_ws/build/metratec_rfid/build/lib/metratec_rfid
[0.853s] copying metratec_rfid/deskid_nfc.py -> /home/peko/colcon_ws/build/metratec_rfid/build/lib/metratec_rfid
[0.853s] copying metratec_rfid/qr_nfc.py -> /home/peko/colcon_ws/build/metratec_rfid/build/lib/metratec_rfid
[0.853s] copying metratec_rfid/qr.py -> /home/peko/colcon_ws/build/metratec_rfid/build/lib/metratec_rfid
[0.853s] copying metratec_rfid/status_class.py -> /home/peko/colcon_ws/build/metratec_rfid/build/lib/metratec_rfid
[0.853s] copying metratec_rfid/deskid_uhf.py -> /home/peko/colcon_ws/build/metratec_rfid/build/lib/metratec_rfid
[0.854s] copying metratec_rfid/uhf_tag.py -> /home/peko/colcon_ws/build/metratec_rfid/build/lib/metratec_rfid
[0.854s] copying metratec_rfid/gru300.py -> /home/peko/colcon_ws/build/metratec_rfid/build/lib/metratec_rfid
[0.854s] copying metratec_rfid/tag.py -> /home/peko/colcon_ws/build/metratec_rfid/build/lib/metratec_rfid
[0.854s] copying metratec_rfid/hf_reader_ascii.py -> /home/peko/colcon_ws/build/metratec_rfid/build/lib/metratec_rfid
[0.854s] creating /home/peko/colcon_ws/build/metratec_rfid/build/lib/metratec_rfid/connection
[0.854s] copying metratec_rfid/connection/connection.py -> /home/peko/colcon_ws/build/metratec_rfid/build/lib/metratec_rfid/connection
[0.854s] copying metratec_rfid/connection/socket_connection.py -> /home/peko/colcon_ws/build/metratec_rfid/build/lib/metratec_rfid/connection
[0.854s] copying metratec_rfid/connection/serial_connection.py -> /home/peko/colcon_ws/build/metratec_rfid/build/lib/metratec_rfid/connection
[0.854s] copying metratec_rfid/connection/__init__.py -> /home/peko/colcon_ws/build/metratec_rfid/build/lib/metratec_rfid/connection
[0.854s] copying metratec_rfid/py.typed -> /home/peko/colcon_ws/build/metratec_rfid/build/lib/metratec_rfid
[0.854s] copying metratec_rfid/connection/py.typed -> /home/peko/colcon_ws/build/metratec_rfid/build/lib/metratec_rfid/connection
[0.855s] running install
[0.860s] running install_lib
[0.874s] creating /home/peko/colcon_ws/install/metratec_rfid/lib/python3.12/site-packages/metratec_rfid
[0.875s] copying /home/peko/colcon_ws/build/metratec_rfid/build/lib/metratec_rfid/quasar_mx.py -> /home/peko/colcon_ws/install/metratec_rfid/lib/python3.12/site-packages/metratec_rfid
[0.875s] copying /home/peko/colcon_ws/build/metratec_rfid/build/lib/metratec_rfid/plrm.py -> /home/peko/colcon_ws/install/metratec_rfid/lib/python3.12/site-packages/metratec_rfid
[0.875s] copying /home/peko/colcon_ws/build/metratec_rfid/build/lib/metratec_rfid/quasar_lr.py -> /home/peko/colcon_ws/install/metratec_rfid/lib/python3.12/site-packages/metratec_rfid
[0.875s] copying /home/peko/colcon_ws/build/metratec_rfid/build/lib/metratec_rfid/pulsar_mx.py -> /home/peko/colcon_ws/install/metratec_rfid/lib/python3.12/site-packages/metratec_rfid
[0.875s] copying /home/peko/colcon_ws/build/metratec_rfid/build/lib/metratec_rfid/nfc_reader_at.py -> /home/peko/colcon_ws/install/metratec_rfid/lib/python3.12/site-packages/metratec_rfid
[0.875s] copying /home/peko/colcon_ws/build/metratec_rfid/build/lib/metratec_rfid/uhf_reader_ascii.py -> /home/peko/colcon_ws/install/metratec_rfid/lib/python3.12/site-packages/metratec_rfid
[0.875s] copying /home/peko/colcon_ws/build/metratec_rfid/build/lib/metratec_rfid/deskid_iso.py -> /home/peko/colcon_ws/install/metratec_rfid/lib/python3.12/site-packages/metratec_rfid
[0.876s] copying /home/peko/colcon_ws/build/metratec_rfid/build/lib/metratec_rfid/uhf_reader_at.py -> /home/peko/colcon_ws/install/metratec_rfid/lib/python3.12/site-packages/metratec_rfid
[0.876s] creating /home/peko/colcon_ws/install/metratec_rfid/lib/python3.12/site-packages/metratec_rfid/connection
[0.876s] copying /home/peko/colcon_ws/build/metratec_rfid/build/lib/metratec_rfid/connection/connection.py -> /home/peko/colcon_ws/install/metratec_rfid/lib/python3.12/site-packages/metratec_rfid/connection
[0.876s] copying /home/peko/colcon_ws/build/metratec_rfid/build/lib/metratec_rfid/connection/socket_connection.py -> /home/peko/colcon_ws/install/metratec_rfid/lib/python3.12/site-packages/metratec_rfid/connection
[0.876s] copying /home/peko/colcon_ws/build/metratec_rfid/build/lib/metratec_rfid/connection/serial_connection.py -> /home/peko/colcon_ws/install/metratec_rfid/lib/python3.12/site-packages/metratec_rfid/connection
[0.876s] copying /home/peko/colcon_ws/build/metratec_rfid/build/lib/metratec_rfid/connection/__init__.py -> /home/peko/colcon_ws/install/metratec_rfid/lib/python3.12/site-packages/metratec_rfid/connection
[0.877s] copying /home/peko/colcon_ws/build/metratec_rfid/build/lib/metratec_rfid/connection/py.typed -> /home/peko/colcon_ws/install/metratec_rfid/lib/python3.12/site-packages/metratec_rfid/connection
[0.877s] copying /home/peko/colcon_ws/build/metratec_rfid/build/lib/metratec_rfid/hf_tag.py -> /home/peko/colcon_ws/install/metratec_rfid/lib/python3.12/site-packages/metratec_rfid
[0.877s] copying /home/peko/colcon_ws/build/metratec_rfid/build/lib/metratec_rfid/utils.py -> /home/peko/colcon_ws/install/metratec_rfid/lib/python3.12/site-packages/metratec_rfid
[0.877s] copying /home/peko/colcon_ws/build/metratec_rfid/build/lib/metratec_rfid/dwarfg2_v2.py -> /home/peko/colcon_ws/install/metratec_rfid/lib/python3.12/site-packages/metratec_rfid
[0.877s] copying /home/peko/colcon_ws/build/metratec_rfid/build/lib/metratec_rfid/reader_ascii.py -> /home/peko/colcon_ws/install/metratec_rfid/lib/python3.12/site-packages/metratec_rfid
[0.877s] copying /home/peko/colcon_ws/build/metratec_rfid/build/lib/metratec_rfid/pulsar_lr.py -> /home/peko/colcon_ws/install/metratec_rfid/lib/python3.12/site-packages/metratec_rfid
[0.877s] copying /home/peko/colcon_ws/build/metratec_rfid/build/lib/metratec_rfid/reader_exception.py -> /home/peko/colcon_ws/install/metratec_rfid/lib/python3.12/site-packages/metratec_rfid
[0.877s] copying /home/peko/colcon_ws/build/metratec_rfid/build/lib/metratec_rfid/reader_at.py -> /home/peko/colcon_ws/install/metratec_rfid/lib/python3.12/site-packages/metratec_rfid
[0.878s] copying /home/peko/colcon_ws/build/metratec_rfid/build/lib/metratec_rfid/reader.py -> /home/peko/colcon_ws/install/metratec_rfid/lib/python3.12/site-packages/metratec_rfid
[0.878s] copying /home/peko/colcon_ws/build/metratec_rfid/build/lib/metratec_rfid/qrg2.py -> /home/peko/colcon_ws/install/metratec_rfid/lib/python3.12/site-packages/metratec_rfid
[0.878s] copying /home/peko/colcon_ws/build/metratec_rfid/build/lib/metratec_rfid/__init__.py -> /home/peko/colcon_ws/install/metratec_rfid/lib/python3.12/site-packages/metratec_rfid
[0.878s] copying /home/peko/colcon_ws/build/metratec_rfid/build/lib/metratec_rfid/deskid_nfc.py -> /home/peko/colcon_ws/install/metratec_rfid/lib/python3.12/site-packages/metratec_rfid
[0.878s] copying /home/peko/colcon_ws/build/metratec_rfid/build/lib/metratec_rfid/qr_nfc.py -> /home/peko/colcon_ws/install/metratec_rfid/lib/python3.12/site-packages/metratec_rfid
[0.878s] copying /home/peko/colcon_ws/build/metratec_rfid/build/lib/metratec_rfid/py.typed -> /home/peko/colcon_ws/install/metratec_rfid/lib/python3.12/site-packages/metratec_rfid
[0.878s] copying /home/peko/colcon_ws/build/metratec_rfid/build/lib/metratec_rfid/qr.py -> /home/peko/colcon_ws/install/metratec_rfid/lib/python3.12/site-packages/metratec_rfid
[0.878s] copying /home/peko/colcon_ws/build/metratec_rfid/build/lib/metratec_rfid/status_class.py -> /home/peko/colcon_ws/install/metratec_rfid/lib/python3.12/site-packages/metratec_rfid
[0.878s] copying /home/peko/colcon_ws/build/metratec_rfid/build/lib/metratec_rfid/deskid_uhf.py -> /home/peko/colcon_ws/install/metratec_rfid/lib/python3.12/site-packages/metratec_rfid
[0.878s] copying /home/peko/colcon_ws/build/metratec_rfid/build/lib/metratec_rfid/uhf_tag.py -> /home/peko/colcon_ws/install/metratec_rfid/lib/python3.12/site-packages/metratec_rfid
[0.879s] copying /home/peko/colcon_ws/build/metratec_rfid/build/lib/metratec_rfid/gru300.py -> /home/peko/colcon_ws/install/metratec_rfid/lib/python3.12/site-packages/metratec_rfid
[0.879s] copying /home/peko/colcon_ws/build/metratec_rfid/build/lib/metratec_rfid/tag.py -> /home/peko/colcon_ws/install/metratec_rfid/lib/python3.12/site-packages/metratec_rfid
[0.879s] copying /home/peko/colcon_ws/build/metratec_rfid/build/lib/metratec_rfid/hf_reader_ascii.py -> /home/peko/colcon_ws/install/metratec_rfid/lib/python3.12/site-packages/metratec_rfid
[0.879s] byte-compiling /home/peko/colcon_ws/install/metratec_rfid/lib/python3.12/site-packages/metratec_rfid/quasar_mx.py to quasar_mx.cpython-312.pyc
[0.879s] byte-compiling /home/peko/colcon_ws/install/metratec_rfid/lib/python3.12/site-packages/metratec_rfid/plrm.py to plrm.cpython-312.pyc
[0.879s] byte-compiling /home/peko/colcon_ws/install/metratec_rfid/lib/python3.12/site-packages/metratec_rfid/quasar_lr.py to quasar_lr.cpython-312.pyc
[0.879s] byte-compiling /home/peko/colcon_ws/install/metratec_rfid/lib/python3.12/site-packages/metratec_rfid/pulsar_mx.py to pulsar_mx.cpython-312.pyc
[0.879s] byte-compiling /home/peko/colcon_ws/install/metratec_rfid/lib/python3.12/site-packages/metratec_rfid/nfc_reader_at.py to nfc_reader_at.cpython-312.pyc
[0.884s] byte-compiling /home/peko/colcon_ws/install/metratec_rfid/lib/python3.12/site-packages/metratec_rfid/uhf_reader_ascii.py to uhf_reader_ascii.cpython-312.pyc
[0.889s] byte-compiling /home/peko/colcon_ws/install/metratec_rfid/lib/python3.12/site-packages/metratec_rfid/deskid_iso.py to deskid_iso.cpython-312.pyc
[0.889s] byte-compiling /home/peko/colcon_ws/install/metratec_rfid/lib/python3.12/site-packages/metratec_rfid/uhf_reader_at.py to uhf_reader_at.cpython-312.pyc
[0.896s] byte-compiling /home/peko/colcon_ws/install/metratec_rfid/lib/python3.12/site-packages/metratec_rfid/connection/connection.py to connection.cpython-312.pyc
[0.897s] byte-compiling /home/peko/colcon_ws/install/metratec_rfid/lib/python3.12/site-packages/metratec_rfid/connection/socket_connection.py to socket_connection.cpython-312.pyc
[0.899s] byte-compiling /home/peko/colcon_ws/install/metratec_rfid/lib/python3.12/site-packages/metratec_rfid/connection/serial_connection.py to serial_connection.cpython-312.pyc
[0.900s] byte-compiling /home/peko/colcon_ws/install/metratec_rfid/lib/python3.12/site-packages/metratec_rfid/connection/__init__.py to __init__.cpython-312.pyc
[0.900s] byte-compiling /home/peko/colcon_ws/install/metratec_rfid/lib/python3.12/site-packages/metratec_rfid/hf_tag.py to hf_tag.cpython-312.pyc
[0.902s] byte-compiling /home/peko/colcon_ws/install/metratec_rfid/lib/python3.12/site-packages/metratec_rfid/utils.py to utils.cpython-312.pyc
[0.903s] byte-compiling /home/peko/colcon_ws/install/metratec_rfid/lib/python3.12/site-packages/metratec_rfid/dwarfg2_v2.py to dwarfg2_v2.cpython-312.pyc
[0.904s] byte-compiling /home/peko/colcon_ws/install/metratec_rfid/lib/python3.12/site-packages/metratec_rfid/reader_ascii.py to reader_ascii.cpython-312.pyc
[0.907s] byte-compiling /home/peko/colcon_ws/install/metratec_rfid/lib/python3.12/site-packages/metratec_rfid/pulsar_lr.py to pulsar_lr.cpython-312.pyc
[0.907s] byte-compiling /home/peko/colcon_ws/install/metratec_rfid/lib/python3.12/site-packages/metratec_rfid/reader_exception.py to reader_exception.cpython-312.pyc
[0.907s] byte-compiling /home/peko/colcon_ws/install/metratec_rfid/lib/python3.12/site-packages/metratec_rfid/reader_at.py to reader_at.cpython-312.pyc
[0.912s] byte-compiling /home/peko/colcon_ws/install/metratec_rfid/lib/python3.12/site-packages/metratec_rfid/reader.py to reader.cpython-312.pyc
[0.914s] byte-compiling /home/peko/colcon_ws/install/metratec_rfid/lib/python3.12/site-packages/metratec_rfid/qrg2.py to qrg2.cpython-312.pyc
[0.914s] byte-compiling /home/peko/colcon_ws/install/metratec_rfid/lib/python3.12/site-packages/metratec_rfid/__init__.py to __init__.cpython-312.pyc
[0.915s] byte-compiling /home/peko/colcon_ws/install/metratec_rfid/lib/python3.12/site-packages/metratec_rfid/deskid_nfc.py to deskid_nfc.cpython-312.pyc
[0.915s] byte-compiling /home/peko/colcon_ws/install/metratec_rfid/lib/python3.12/site-packages/metratec_rfid/qr_nfc.py to qr_nfc.cpython-312.pyc
[0.915s] byte-compiling /home/peko/colcon_ws/install/metratec_rfid/lib/python3.12/site-packages/metratec_rfid/qr.py to qr.cpython-312.pyc
[0.916s] byte-compiling /home/peko/colcon_ws/install/metratec_rfid/lib/python3.12/site-packages/metratec_rfid/status_class.py to status_class.cpython-312.pyc
[0.916s] byte-compiling /home/peko/colcon_ws/install/metratec_rfid/lib/python3.12/site-packages/metratec_rfid/deskid_uhf.py to deskid_uhf.cpython-312.pyc
[0.916s] byte-compiling /home/peko/colcon_ws/install/metratec_rfid/lib/python3.12/site-packages/metratec_rfid/uhf_tag.py to uhf_tag.cpython-312.pyc
[0.917s] byte-compiling /home/peko/colcon_ws/install/metratec_rfid/lib/python3.12/site-packages/metratec_rfid/gru300.py to gru300.cpython-312.pyc
[0.917s] byte-compiling /home/peko/colcon_ws/install/metratec_rfid/lib/python3.12/site-packages/metratec_rfid/tag.py to tag.cpython-312.pyc
[0.918s] byte-compiling /home/peko/colcon_ws/install/metratec_rfid/lib/python3.12/site-packages/metratec_rfid/hf_reader_ascii.py to hf_reader_ascii.cpython-312.pyc
[0.920s] running install_egg_info
[0.935s] Copying ../../../build/metratec_rfid/metratec_rfid.egg-info to /home/peko/colcon_ws/install/metratec_rfid/lib/python3.12/site-packages/metratec_rfid-1.3.4-py3.12.egg-info
[0.935s] running install_scripts
[1.026s] writing list of installed files to '/home/peko/colcon_ws/build/metratec_rfid/install.log'
[1.065s] Invoked command in '/home/peko/colcon_ws/src/rfid/rfid-sdk-python-main' returned '0': DEBUGINFOD_URLS=https://debuginfod.ubuntu.com PYTHONPATH=/home/peko/colcon_ws/build/metratec_rfid/prefix_override:/usr/lib/python3/dist-packages/colcon_core/task/python/colcon_distutils_commands:/home/peko/colcon_ws/install/metratec_rfid/lib/python3.12/site-packages:${PYTHONPATH} /usr/bin/python3 -W ignore:setup.py install is deprecated -W ignore:easy_install command is deprecated setup.py egg_info --egg-base ../../../build/metratec_rfid build --build-base /home/peko/colcon_ws/build/metratec_rfid/build install --record /home/peko/colcon_ws/build/metratec_rfid/install.log --single-version-externally-managed
