[0.316s] Invoking command in '/home/peko/colcon_ws/build/robina_thesis': CMAKE_PREFIX_PATH=${CMAKE_PREFIX_PATH}:/home/peko/colcon_ws/install/robina_rfid:/opt/ros/jazzy DEBUGINFOD_URLS=https://debuginfod.ubuntu.com /usr/bin/cmake /home/peko/colcon_ws/src/robina_thesis -DCMAKE_INSTALL_PREFIX=/home/peko/colcon_ws/install/robina_thesis
[0.364s] -- The C compiler identification is GNU 13.3.0
[0.428s] -- The CXX compiler identification is GNU 13.3.0
[0.446s] -- Detecting C compiler ABI info
[0.541s] -- Detecting C compiler ABI info - done
[0.550s] -- Check for working C compiler: /usr/bin/cc - skipped
[0.550s] -- Detecting C compile features
[0.550s] -- Detecting C compile features - done
[0.559s] -- Detecting CXX compiler ABI info
[0.668s] -- Detecting CXX compiler ABI info - done
[0.678s] -- Check for working CXX compiler: /usr/bin/c++ - skipped
[0.678s] -- Detecting CXX compile features
[0.679s] -- Detecting CXX compile features - done
[0.681s] -- Found ament_cmake: 2.5.2 (/opt/ros/jazzy/share/ament_cmake/cmake)
[0.832s] -- Found Python3: /usr/bin/python3 (found version "3.12.3") found components: Interpreter 
[0.963s] -- Found rclcpp: 28.1.5 (/opt/ros/jazzy/share/rclcpp/cmake)
[1.027s] -- Found rosidl_generator_c: 4.6.4 (/opt/ros/jazzy/share/rosidl_generator_c/cmake)
[1.050s] -- Found rosidl_generator_cpp: 4.6.4 (/opt/ros/jazzy/share/rosidl_generator_cpp/cmake)
[1.077s] -- Using all available rosidl_typesupport_c: rosidl_typesupport_fastrtps_c;rosidl_typesupport_introspection_c
[1.097s] -- Using all available rosidl_typesupport_cpp: rosidl_typesupport_fastrtps_cpp;rosidl_typesupport_introspection_cpp
[1.168s] -- Found rmw_implementation_cmake: 7.3.1 (/opt/ros/jazzy/share/rmw_implementation_cmake/cmake)
[1.171s] -- Found rmw_fastrtps_cpp: 8.4.1 (/opt/ros/jazzy/share/rmw_fastrtps_cpp/cmake)
[1.257s] -- Found OpenSSL: /usr/lib/x86_64-linux-gnu/libcrypto.so (found version "3.0.13")  
[1.275s] -- Found FastRTPS: /opt/ros/jazzy/include (Required is at least version "2.13") 
[1.299s] -- Using RMW implementation 'rmw_fastrtps_cpp' as default
[1.362s] -- Found io_context: 1.2.0 (/opt/ros/jazzy/share/io_context/cmake)
[1.398s] -- Found asio_cmake_module: 1.2.0 (/opt/ros/jazzy/share/asio_cmake_module/cmake)
[1.399s] -- Found ASIO: /usr/include  
[1.401s] -- Found pluginlib: 5.4.2 (/opt/ros/jazzy/share/pluginlib/cmake)
[1.417s] -- Found serial_driver: 1.2.0 (/opt/ros/jazzy/share/serial_driver/cmake)
[1.478s] -- Found geometry_msgs: 5.3.5 (/opt/ros/jazzy/share/geometry_msgs/cmake)
[1.493s] -- Found nav_msgs: 5.3.5 (/opt/ros/jazzy/share/nav_msgs/cmake)
[1.517s] -- Found ament_cmake_auto: 2.5.2 (/opt/ros/jazzy/share/ament_cmake_auto/cmake)
[1.521s] -- Found tf2_geometry_msgs: 0.36.4 (/opt/ros/jazzy/share/tf2_geometry_msgs/cmake)
[1.547s] -- Found eigen3_cmake_module: 0.3.0 (/opt/ros/jazzy/share/eigen3_cmake_module/cmake)
[1.548s] -- Found Eigen3: TRUE (found version "3.4.0") 
[1.548s] -- Ensuring Eigen3 include directory is part of orocos-kdl CMake target
[1.724s] [31mCMake Error at CMakeLists.txt:26 (find_package):
[1.724s]   By not providing "Findrobotont_msgs.cmake" in CMAKE_MODULE_PATH this
[1.724s]   project has asked CMake to find a package configuration file provided by
[1.725s]   "robotont_msgs", but CMake did not find one.
[1.725s] 
[1.725s]   Could not find a package configuration file provided by "robotont_msgs"
[1.725s]   with any of the following names:
[1.725s] 
[1.725s]     robotont_msgsConfig.cmake
[1.725s]     robotont_msgs-config.cmake
[1.725s] 
[1.725s]   Add the installation prefix of "robotont_msgs" to CMAKE_PREFIX_PATH or set
[1.725s]   "robotont_msgs_DIR" to a directory containing one of the above files.  If
[1.726s]   "robotont_msgs" provides a separate development package or SDK, be sure it
[1.729s]   has been installed.
[1.729s] 
[1.729s] [0m
[1.729s] -- Configuring incomplete, errors occurred!
[1.749s] Invoked command in '/home/peko/colcon_ws/build/robina_thesis' returned '1': CMAKE_PREFIX_PATH=${CMAKE_PREFIX_PATH}:/home/peko/colcon_ws/install/robina_rfid:/opt/ros/jazzy DEBUGINFOD_URLS=https://debuginfod.ubuntu.com /usr/bin/cmake /home/peko/colcon_ws/src/robina_thesis -DCMAKE_INSTALL_PREFIX=/home/peko/colcon_ws/install/robina_thesis
