[  2%] Built target laserscan_to_ranges_msg__rosidl_generator_type_description
[  2%] Built target ament_cmake_python_copy_laserscan_to_ranges
[ 16%] Built target laserscan_to_ranges_msg__rosidl_generator_c
[ 19%] Built target laserscan_to_ranges_msg__cpp
[ 27%] Built target laserscan_to_ranges_msg__rosidl_typesupport_c
[ 36%] Built target laserscan_to_ranges_msg__rosidl_typesupport_introspection_c
[ 41%] [32mBuilding CXX object CMakeFiles/laserscan_to_ranges_msg__rosidl_typesupport_introspection_cpp.dir/rosidl_typesupport_introspection_cpp/laserscan_to_ranges/msg/detail/simple_ranges__type_support.cpp.o[0m
[ 41%] [32mBuilding CXX object CMakeFiles/laserscan_to_ranges_msg__rosidl_typesupport_fastrtps_c.dir/rosidl_typesupport_fastrtps_c/laserscan_to_ranges/msg/detail/simple_ranges__type_support_c.cpp.o[0m
[ 44%] [32mBuilding CXX object CMakeFiles/laserscan_to_ranges_msg__rosidl_typesupport_fastrtps_cpp.dir/rosidl_typesupport_fastrtps_cpp/laserscan_to_ranges/msg/detail/dds_fastrtps/simple_ranges__type_support.cpp.o[0m
[ 47%] [32mBuilding CXX object CMakeFiles/laserscan_to_ranges_msg__rosidl_typesupport_cpp.dir/rosidl_typesupport_cpp/laserscan_to_ranges/msg/simple_ranges__type_support.cpp.o[0m
running egg_info
writing laserscan_to_ranges.egg-info/PKG-INFO
writing dependency_links to laserscan_to_ranges.egg-info/dependency_links.txt
writing top-level names to laserscan_to_ranges.egg-info/top_level.txt
reading manifest file 'laserscan_to_ranges.egg-info/SOURCES.txt'
writing manifest file 'laserscan_to_ranges.egg-info/SOURCES.txt'
[ 50%] [32m[1mLinking CXX shared library liblaserscan_to_ranges__rosidl_typesupport_cpp.so[0m
[ 50%] Built target ament_cmake_python_build_laserscan_to_ranges_egg
[ 52%] Built target laserscan_to_ranges_msg__rosidl_typesupport_cpp
[ 55%] [32m[1mLinking CXX shared library liblaserscan_to_ranges__rosidl_typesupport_introspection_cpp.so[0m
[ 58%] [32m[1mLinking CXX shared library liblaserscan_to_ranges__rosidl_typesupport_fastrtps_c.so[0m
[ 61%] [32mBuilding CXX object CMakeFiles/laserscan_to_ranges.dir/src/laserscan_to_ranges.cpp.o[0m
[ 63%] [32m[1mLinking CXX shared library liblaserscan_to_ranges__rosidl_typesupport_fastrtps_cpp.so[0m
[ 66%] Built target laserscan_to_ranges_msg__rosidl_typesupport_fastrtps_c
[ 69%] Built target laserscan_to_ranges_msg__rosidl_typesupport_introspection_cpp
[ 72%] Built target laserscan_to_ranges_msg__rosidl_typesupport_fastrtps_cpp
[ 72%] Built target laserscan_to_ranges_msg
[ 75%] Built target laserscan_to_ranges_msg__py
[ 77%] [32mBuilding C object CMakeFiles/laserscan_to_ranges_msg__rosidl_generator_py.dir/rosidl_generator_py/laserscan_to_ranges/msg/_simple_ranges_s.c.o[0m
[ 80%] [32m[1mLinking C shared library liblaserscan_to_ranges_msg__rosidl_generator_py.so[0m
[ 80%] Built target laserscan_to_ranges_msg__rosidl_generator_py
[ 86%] [32mBuilding C object CMakeFiles/laserscan_to_ranges_s__rosidl_typesupport_fastrtps_c.dir/rosidl_generator_py/laserscan_to_ranges/_laserscan_to_ranges_s.ep.rosidl_typesupport_fastrtps_c.c.o[0m
[ 86%] [32mBuilding C object CMakeFiles/laserscan_to_ranges_s__rosidl_typesupport_introspection_c.dir/rosidl_generator_py/laserscan_to_ranges/_laserscan_to_ranges_s.ep.rosidl_typesupport_introspection_c.c.o[0m
[ 88%] [32mBuilding C object CMakeFiles/laserscan_to_ranges_s__rosidl_typesupport_c.dir/rosidl_generator_py/laserscan_to_ranges/_laserscan_to_ranges_s.ep.rosidl_typesupport_c.c.o[0m
[ 91%] [32m[1mLinking C shared module rosidl_generator_py/laserscan_to_ranges/laserscan_to_ranges_s__rosidl_typesupport_c.so[0m
[ 94%] [32m[1mLinking C shared module rosidl_generator_py/laserscan_to_ranges/laserscan_to_ranges_s__rosidl_typesupport_fastrtps_c.so[0m
[ 97%] [32m[1mLinking C shared module rosidl_generator_py/laserscan_to_ranges/laserscan_to_ranges_s__rosidl_typesupport_introspection_c.so[0m
[ 97%] Built target laserscan_to_ranges_s__rosidl_typesupport_c
[ 97%] Built target laserscan_to_ranges_s__rosidl_typesupport_introspection_c
[ 97%] Built target laserscan_to_ranges_s__rosidl_typesupport_fastrtps_c
[100%] [32m[1mLinking CXX executable laserscan_to_ranges[0m
[100%] Built target laserscan_to_ranges
-- Install configuration: ""
-- Up-to-date: /home/peko/colcon_ws/install/laserscan_to_ranges/share/ament_index/resource_index/rosidl_interfaces/laserscan_to_ranges
-- Up-to-date: /home/peko/colcon_ws/install/laserscan_to_ranges/share/laserscan_to_ranges/msg/SimpleRanges.json
-- Up-to-date: /home/peko/colcon_ws/install/laserscan_to_ranges/include/laserscan_to_ranges/laserscan_to_ranges
-- Up-to-date: /home/peko/colcon_ws/install/laserscan_to_ranges/include/laserscan_to_ranges/laserscan_to_ranges/msg
-- Up-to-date: /home/peko/colcon_ws/install/laserscan_to_ranges/include/laserscan_to_ranges/laserscan_to_ranges/msg/detail
-- Up-to-date: /home/peko/colcon_ws/install/laserscan_to_ranges/include/laserscan_to_ranges/laserscan_to_ranges/msg/detail/simple_ranges__type_support.c
-- Up-to-date: /home/peko/colcon_ws/install/laserscan_to_ranges/include/laserscan_to_ranges/laserscan_to_ranges/msg/detail/simple_ranges__type_support.h
-- Up-to-date: /home/peko/colcon_ws/install/laserscan_to_ranges/include/laserscan_to_ranges/laserscan_to_ranges/msg/detail/simple_ranges__functions.h
-- Up-to-date: /home/peko/colcon_ws/install/laserscan_to_ranges/include/laserscan_to_ranges/laserscan_to_ranges/msg/detail/simple_ranges__functions.c
-- Up-to-date: /home/peko/colcon_ws/install/laserscan_to_ranges/include/laserscan_to_ranges/laserscan_to_ranges/msg/detail/simple_ranges__description.c
-- Up-to-date: /home/peko/colcon_ws/install/laserscan_to_ranges/include/laserscan_to_ranges/laserscan_to_ranges/msg/detail/simple_ranges__struct.h
-- Up-to-date: /home/peko/colcon_ws/install/laserscan_to_ranges/include/laserscan_to_ranges/laserscan_to_ranges/msg/simple_ranges.h
-- Up-to-date: /home/peko/colcon_ws/install/laserscan_to_ranges/include/laserscan_to_ranges/laserscan_to_ranges/msg/rosidl_generator_c__visibility_control.h
-- Up-to-date: /home/peko/colcon_ws/install/laserscan_to_ranges/share/laserscan_to_ranges/environment/library_path.sh
-- Up-to-date: /home/peko/colcon_ws/install/laserscan_to_ranges/share/laserscan_to_ranges/environment/library_path.dsv
-- Up-to-date: /home/peko/colcon_ws/install/laserscan_to_ranges/lib/liblaserscan_to_ranges__rosidl_generator_c.so
-- Up-to-date: /home/peko/colcon_ws/install/laserscan_to_ranges/include/laserscan_to_ranges/laserscan_to_ranges
-- Up-to-date: /home/peko/colcon_ws/install/laserscan_to_ranges/include/laserscan_to_ranges/laserscan_to_ranges/msg
-- Up-to-date: /home/peko/colcon_ws/install/laserscan_to_ranges/include/laserscan_to_ranges/laserscan_to_ranges/msg/detail
-- Up-to-date: /home/peko/colcon_ws/install/laserscan_to_ranges/include/laserscan_to_ranges/laserscan_to_ranges/msg/detail/simple_ranges__rosidl_typesupport_fastrtps_c.h
-- Up-to-date: /home/peko/colcon_ws/install/laserscan_to_ranges/include/laserscan_to_ranges/laserscan_to_ranges/msg/rosidl_typesupport_fastrtps_c__visibility_control.h
-- Installing: /home/peko/colcon_ws/install/laserscan_to_ranges/lib/liblaserscan_to_ranges__rosidl_typesupport_fastrtps_c.so
-- Set non-toolchain portion of runtime path of "/home/peko/colcon_ws/install/laserscan_to_ranges/lib/liblaserscan_to_ranges__rosidl_typesupport_fastrtps_c.so" to ""
-- Up-to-date: /home/peko/colcon_ws/install/laserscan_to_ranges/include/laserscan_to_ranges/laserscan_to_ranges
-- Up-to-date: /home/peko/colcon_ws/install/laserscan_to_ranges/include/laserscan_to_ranges/laserscan_to_ranges/msg
-- Up-to-date: /home/peko/colcon_ws/install/laserscan_to_ranges/include/laserscan_to_ranges/laserscan_to_ranges/msg/detail
-- Up-to-date: /home/peko/colcon_ws/install/laserscan_to_ranges/include/laserscan_to_ranges/laserscan_to_ranges/msg/detail/simple_ranges__type_support.hpp
-- Up-to-date: /home/peko/colcon_ws/install/laserscan_to_ranges/include/laserscan_to_ranges/laserscan_to_ranges/msg/detail/simple_ranges__traits.hpp
-- Up-to-date: /home/peko/colcon_ws/install/laserscan_to_ranges/include/laserscan_to_ranges/laserscan_to_ranges/msg/detail/simple_ranges__builder.hpp
-- Up-to-date: /home/peko/colcon_ws/install/laserscan_to_ranges/include/laserscan_to_ranges/laserscan_to_ranges/msg/detail/simple_ranges__struct.hpp
-- Up-to-date: /home/peko/colcon_ws/install/laserscan_to_ranges/include/laserscan_to_ranges/laserscan_to_ranges/msg/rosidl_generator_cpp__visibility_control.hpp
-- Up-to-date: /home/peko/colcon_ws/install/laserscan_to_ranges/include/laserscan_to_ranges/laserscan_to_ranges/msg/simple_ranges.hpp
-- Up-to-date: /home/peko/colcon_ws/install/laserscan_to_ranges/include/laserscan_to_ranges/laserscan_to_ranges
-- Up-to-date: /home/peko/colcon_ws/install/laserscan_to_ranges/include/laserscan_to_ranges/laserscan_to_ranges/msg
-- Up-to-date: /home/peko/colcon_ws/install/laserscan_to_ranges/include/laserscan_to_ranges/laserscan_to_ranges/msg/detail
-- Up-to-date: /home/peko/colcon_ws/install/laserscan_to_ranges/include/laserscan_to_ranges/laserscan_to_ranges/msg/detail/dds_fastrtps
-- Up-to-date: /home/peko/colcon_ws/install/laserscan_to_ranges/include/laserscan_to_ranges/laserscan_to_ranges/msg/detail/simple_ranges__rosidl_typesupport_fastrtps_cpp.hpp
-- Up-to-date: /home/peko/colcon_ws/install/laserscan_to_ranges/include/laserscan_to_ranges/laserscan_to_ranges/msg/rosidl_typesupport_fastrtps_cpp__visibility_control.h
-- Installing: /home/peko/colcon_ws/install/laserscan_to_ranges/lib/liblaserscan_to_ranges__rosidl_typesupport_fastrtps_cpp.so
-- Set non-toolchain portion of runtime path of "/home/peko/colcon_ws/install/laserscan_to_ranges/lib/liblaserscan_to_ranges__rosidl_typesupport_fastrtps_cpp.so" to ""
-- Up-to-date: /home/peko/colcon_ws/install/laserscan_to_ranges/include/laserscan_to_ranges/laserscan_to_ranges
-- Up-to-date: /home/peko/colcon_ws/install/laserscan_to_ranges/include/laserscan_to_ranges/laserscan_to_ranges/msg
-- Up-to-date: /home/peko/colcon_ws/install/laserscan_to_ranges/include/laserscan_to_ranges/laserscan_to_ranges/msg/detail
-- Up-to-date: /home/peko/colcon_ws/install/laserscan_to_ranges/include/laserscan_to_ranges/laserscan_to_ranges/msg/detail/simple_ranges__type_support.c
-- Up-to-date: /home/peko/colcon_ws/install/laserscan_to_ranges/include/laserscan_to_ranges/laserscan_to_ranges/msg/detail/simple_ranges__rosidl_typesupport_introspection_c.h
-- Up-to-date: /home/peko/colcon_ws/install/laserscan_to_ranges/include/laserscan_to_ranges/laserscan_to_ranges/msg/rosidl_typesupport_introspection_c__visibility_control.h
-- Up-to-date: /home/peko/colcon_ws/install/laserscan_to_ranges/lib/liblaserscan_to_ranges__rosidl_typesupport_introspection_c.so
-- Up-to-date: /home/peko/colcon_ws/install/laserscan_to_ranges/lib/liblaserscan_to_ranges__rosidl_typesupport_c.so
-- Up-to-date: /home/peko/colcon_ws/install/laserscan_to_ranges/include/laserscan_to_ranges/laserscan_to_ranges
-- Up-to-date: /home/peko/colcon_ws/install/laserscan_to_ranges/include/laserscan_to_ranges/laserscan_to_ranges/msg
-- Up-to-date: /home/peko/colcon_ws/install/laserscan_to_ranges/include/laserscan_to_ranges/laserscan_to_ranges/msg/detail
-- Up-to-date: /home/peko/colcon_ws/install/laserscan_to_ranges/include/laserscan_to_ranges/laserscan_to_ranges/msg/detail/simple_ranges__rosidl_typesupport_introspection_cpp.hpp
-- Up-to-date: /home/peko/colcon_ws/install/laserscan_to_ranges/include/laserscan_to_ranges/laserscan_to_ranges/msg/detail/simple_ranges__type_support.cpp
-- Installing: /home/peko/colcon_ws/install/laserscan_to_ranges/lib/liblaserscan_to_ranges__rosidl_typesupport_introspection_cpp.so
-- Set non-toolchain portion of runtime path of "/home/peko/colcon_ws/install/laserscan_to_ranges/lib/liblaserscan_to_ranges__rosidl_typesupport_introspection_cpp.so" to ""
-- Installing: /home/peko/colcon_ws/install/laserscan_to_ranges/lib/liblaserscan_to_ranges__rosidl_typesupport_cpp.so
-- Set non-toolchain portion of runtime path of "/home/peko/colcon_ws/install/laserscan_to_ranges/lib/liblaserscan_to_ranges__rosidl_typesupport_cpp.so" to ""
-- Up-to-date: /home/peko/colcon_ws/install/laserscan_to_ranges/share/laserscan_to_ranges/environment/pythonpath.sh
-- Up-to-date: /home/peko/colcon_ws/install/laserscan_to_ranges/share/laserscan_to_ranges/environment/pythonpath.dsv
-- Up-to-date: /home/peko/colcon_ws/install/laserscan_to_ranges/lib/python3.12/site-packages/laserscan_to_ranges-0.0.0-py3.12.egg-info
-- Installing: /home/peko/colcon_ws/install/laserscan_to_ranges/lib/python3.12/site-packages/laserscan_to_ranges-0.0.0-py3.12.egg-info/PKG-INFO
-- Installing: /home/peko/colcon_ws/install/laserscan_to_ranges/lib/python3.12/site-packages/laserscan_to_ranges-0.0.0-py3.12.egg-info/SOURCES.txt
-- Installing: /home/peko/colcon_ws/install/laserscan_to_ranges/lib/python3.12/site-packages/laserscan_to_ranges-0.0.0-py3.12.egg-info/top_level.txt
-- Installing: /home/peko/colcon_ws/install/laserscan_to_ranges/lib/python3.12/site-packages/laserscan_to_ranges-0.0.0-py3.12.egg-info/dependency_links.txt
-- Up-to-date: /home/peko/colcon_ws/install/laserscan_to_ranges/lib/python3.12/site-packages/laserscan_to_ranges
-- Installing: /home/peko/colcon_ws/install/laserscan_to_ranges/lib/python3.12/site-packages/laserscan_to_ranges/laserscan_to_ranges_s__rosidl_typesupport_c.so
-- Up-to-date: /home/peko/colcon_ws/install/laserscan_to_ranges/lib/python3.12/site-packages/laserscan_to_ranges/_laserscan_to_ranges_s.ep.rosidl_typesupport_fastrtps_c.c
-- Installing: /home/peko/colcon_ws/install/laserscan_to_ranges/lib/python3.12/site-packages/laserscan_to_ranges/laserscan_to_ranges_s__rosidl_typesupport_introspection_c.so
-- Installing: /home/peko/colcon_ws/install/laserscan_to_ranges/lib/python3.12/site-packages/laserscan_to_ranges/laserscan_to_ranges_s__rosidl_typesupport_fastrtps_c.so
-- Up-to-date: /home/peko/colcon_ws/install/laserscan_to_ranges/lib/python3.12/site-packages/laserscan_to_ranges/__init__.py
-- Up-to-date: /home/peko/colcon_ws/install/laserscan_to_ranges/lib/python3.12/site-packages/laserscan_to_ranges/msg
-- Up-to-date: /home/peko/colcon_ws/install/laserscan_to_ranges/lib/python3.12/site-packages/laserscan_to_ranges/msg/__init__.py
-- Up-to-date: /home/peko/colcon_ws/install/laserscan_to_ranges/lib/python3.12/site-packages/laserscan_to_ranges/msg/_simple_ranges.py
-- Up-to-date: /home/peko/colcon_ws/install/laserscan_to_ranges/lib/python3.12/site-packages/laserscan_to_ranges/msg/_simple_ranges_s.c
-- Up-to-date: /home/peko/colcon_ws/install/laserscan_to_ranges/lib/python3.12/site-packages/laserscan_to_ranges/_laserscan_to_ranges_s.ep.rosidl_typesupport_c.c
-- Up-to-date: /home/peko/colcon_ws/install/laserscan_to_ranges/lib/python3.12/site-packages/laserscan_to_ranges/_laserscan_to_ranges_s.ep.rosidl_typesupport_introspection_c.c
Listing '/home/peko/colcon_ws/install/laserscan_to_ranges/lib/python3.12/site-packages/laserscan_to_ranges'...
Listing '/home/peko/colcon_ws/install/laserscan_to_ranges/lib/python3.12/site-packages/laserscan_to_ranges/msg'...
-- Installing: /home/peko/colcon_ws/install/laserscan_to_ranges/lib/python3.12/site-packages/laserscan_to_ranges/laserscan_to_ranges_s__rosidl_typesupport_fastrtps_c.so
-- Set non-toolchain portion of runtime path of "/home/peko/colcon_ws/install/laserscan_to_ranges/lib/python3.12/site-packages/laserscan_to_ranges/laserscan_to_ranges_s__rosidl_typesupport_fastrtps_c.so" to ""
-- Installing: /home/peko/colcon_ws/install/laserscan_to_ranges/lib/python3.12/site-packages/laserscan_to_ranges/laserscan_to_ranges_s__rosidl_typesupport_introspection_c.so
-- Set non-toolchain portion of runtime path of "/home/peko/colcon_ws/install/laserscan_to_ranges/lib/python3.12/site-packages/laserscan_to_ranges/laserscan_to_ranges_s__rosidl_typesupport_introspection_c.so" to ""
-- Installing: /home/peko/colcon_ws/install/laserscan_to_ranges/lib/python3.12/site-packages/laserscan_to_ranges/laserscan_to_ranges_s__rosidl_typesupport_c.so
-- Set non-toolchain portion of runtime path of "/home/peko/colcon_ws/install/laserscan_to_ranges/lib/python3.12/site-packages/laserscan_to_ranges/laserscan_to_ranges_s__rosidl_typesupport_c.so" to ""
-- Installing: /home/peko/colcon_ws/install/laserscan_to_ranges/lib/liblaserscan_to_ranges_msg__rosidl_generator_py.so
-- Set non-toolchain portion of runtime path of "/home/peko/colcon_ws/install/laserscan_to_ranges/lib/liblaserscan_to_ranges_msg__rosidl_generator_py.so" to ""
-- Up-to-date: /home/peko/colcon_ws/install/laserscan_to_ranges/share/laserscan_to_ranges/msg/SimpleRanges.idl
-- Up-to-date: /home/peko/colcon_ws/install/laserscan_to_ranges/share/laserscan_to_ranges/msg/SimpleRanges.msg
-- Installing: /home/peko/colcon_ws/install/laserscan_to_ranges/lib/laserscan_to_ranges/laserscan_to_ranges
-- Set non-toolchain portion of runtime path of "/home/peko/colcon_ws/install/laserscan_to_ranges/lib/laserscan_to_ranges/laserscan_to_ranges" to ""
-- Up-to-date: /home/peko/colcon_ws/install/laserscan_to_ranges/share/laserscan_to_ranges/launch
-- Up-to-date: /home/peko/colcon_ws/install/laserscan_to_ranges/share/laserscan_to_ranges/launch/laserscan_to_ranges.launch.py
-- Up-to-date: /home/peko/colcon_ws/install/laserscan_to_ranges/share/ament_index/resource_index/package_run_dependencies/laserscan_to_ranges
-- Up-to-date: /home/peko/colcon_ws/install/laserscan_to_ranges/share/ament_index/resource_index/parent_prefix_path/laserscan_to_ranges
-- Up-to-date: /home/peko/colcon_ws/install/laserscan_to_ranges/share/laserscan_to_ranges/environment/ament_prefix_path.sh
-- Up-to-date: /home/peko/colcon_ws/install/laserscan_to_ranges/share/laserscan_to_ranges/environment/ament_prefix_path.dsv
-- Up-to-date: /home/peko/colcon_ws/install/laserscan_to_ranges/share/laserscan_to_ranges/environment/path.sh
-- Up-to-date: /home/peko/colcon_ws/install/laserscan_to_ranges/share/laserscan_to_ranges/environment/path.dsv
-- Up-to-date: /home/peko/colcon_ws/install/laserscan_to_ranges/share/laserscan_to_ranges/local_setup.bash
-- Up-to-date: /home/peko/colcon_ws/install/laserscan_to_ranges/share/laserscan_to_ranges/local_setup.sh
-- Up-to-date: /home/peko/colcon_ws/install/laserscan_to_ranges/share/laserscan_to_ranges/local_setup.zsh
-- Up-to-date: /home/peko/colcon_ws/install/laserscan_to_ranges/share/laserscan_to_ranges/local_setup.dsv
-- Installing: /home/peko/colcon_ws/install/laserscan_to_ranges/share/laserscan_to_ranges/package.dsv
-- Up-to-date: /home/peko/colcon_ws/install/laserscan_to_ranges/share/ament_index/resource_index/packages/laserscan_to_ranges
-- Up-to-date: /home/peko/colcon_ws/install/laserscan_to_ranges/share/laserscan_to_ranges/cmake/export_laserscan_to_ranges_msg__rosidl_generator_cExport.cmake
-- Up-to-date: /home/peko/colcon_ws/install/laserscan_to_ranges/share/laserscan_to_ranges/cmake/export_laserscan_to_ranges_msg__rosidl_generator_cExport-noconfig.cmake
-- Up-to-date: /home/peko/colcon_ws/install/laserscan_to_ranges/share/laserscan_to_ranges/cmake/export_laserscan_to_ranges_msg__rosidl_typesupport_fastrtps_cExport.cmake
-- Up-to-date: /home/peko/colcon_ws/install/laserscan_to_ranges/share/laserscan_to_ranges/cmake/export_laserscan_to_ranges_msg__rosidl_typesupport_fastrtps_cExport-noconfig.cmake
-- Up-to-date: /home/peko/colcon_ws/install/laserscan_to_ranges/share/laserscan_to_ranges/cmake/export_laserscan_to_ranges_msg__rosidl_generator_cppExport.cmake
-- Up-to-date: /home/peko/colcon_ws/install/laserscan_to_ranges/share/laserscan_to_ranges/cmake/export_laserscan_to_ranges_msg__rosidl_typesupport_fastrtps_cppExport.cmake
-- Up-to-date: /home/peko/colcon_ws/install/laserscan_to_ranges/share/laserscan_to_ranges/cmake/export_laserscan_to_ranges_msg__rosidl_typesupport_fastrtps_cppExport-noconfig.cmake
-- Up-to-date: /home/peko/colcon_ws/install/laserscan_to_ranges/share/laserscan_to_ranges/cmake/laserscan_to_ranges_msg__rosidl_typesupport_introspection_cExport.cmake
-- Up-to-date: /home/peko/colcon_ws/install/laserscan_to_ranges/share/laserscan_to_ranges/cmake/laserscan_to_ranges_msg__rosidl_typesupport_introspection_cExport-noconfig.cmake
-- Up-to-date: /home/peko/colcon_ws/install/laserscan_to_ranges/share/laserscan_to_ranges/cmake/laserscan_to_ranges_msg__rosidl_typesupport_cExport.cmake
-- Up-to-date: /home/peko/colcon_ws/install/laserscan_to_ranges/share/laserscan_to_ranges/cmake/laserscan_to_ranges_msg__rosidl_typesupport_cExport-noconfig.cmake
-- Up-to-date: /home/peko/colcon_ws/install/laserscan_to_ranges/share/laserscan_to_ranges/cmake/laserscan_to_ranges_msg__rosidl_typesupport_introspection_cppExport.cmake
-- Up-to-date: /home/peko/colcon_ws/install/laserscan_to_ranges/share/laserscan_to_ranges/cmake/laserscan_to_ranges_msg__rosidl_typesupport_introspection_cppExport-noconfig.cmake
-- Up-to-date: /home/peko/colcon_ws/install/laserscan_to_ranges/share/laserscan_to_ranges/cmake/laserscan_to_ranges_msg__rosidl_typesupport_cppExport.cmake
-- Up-to-date: /home/peko/colcon_ws/install/laserscan_to_ranges/share/laserscan_to_ranges/cmake/laserscan_to_ranges_msg__rosidl_typesupport_cppExport-noconfig.cmake
-- Up-to-date: /home/peko/colcon_ws/install/laserscan_to_ranges/share/laserscan_to_ranges/cmake/export_laserscan_to_ranges_msg__rosidl_generator_pyExport.cmake
-- Up-to-date: /home/peko/colcon_ws/install/laserscan_to_ranges/share/laserscan_to_ranges/cmake/export_laserscan_to_ranges_msg__rosidl_generator_pyExport-noconfig.cmake
-- Up-to-date: /home/peko/colcon_ws/install/laserscan_to_ranges/share/laserscan_to_ranges/cmake/rosidl_cmake-extras.cmake
-- Up-to-date: /home/peko/colcon_ws/install/laserscan_to_ranges/share/laserscan_to_ranges/cmake/ament_cmake_export_dependencies-extras.cmake
-- Up-to-date: /home/peko/colcon_ws/install/laserscan_to_ranges/share/laserscan_to_ranges/cmake/ament_cmake_export_include_directories-extras.cmake
-- Up-to-date: /home/peko/colcon_ws/install/laserscan_to_ranges/share/laserscan_to_ranges/cmake/ament_cmake_export_libraries-extras.cmake
-- Up-to-date: /home/peko/colcon_ws/install/laserscan_to_ranges/share/laserscan_to_ranges/cmake/ament_cmake_export_targets-extras.cmake
-- Up-to-date: /home/peko/colcon_ws/install/laserscan_to_ranges/share/laserscan_to_ranges/cmake/rosidl_cmake_export_typesupport_targets-extras.cmake
-- Up-to-date: /home/peko/colcon_ws/install/laserscan_to_ranges/share/laserscan_to_ranges/cmake/rosidl_cmake_export_typesupport_libraries-extras.cmake
-- Up-to-date: /home/peko/colcon_ws/install/laserscan_to_ranges/share/laserscan_to_ranges/cmake/laserscan_to_rangesConfig.cmake
-- Up-to-date: /home/peko/colcon_ws/install/laserscan_to_ranges/share/laserscan_to_ranges/cmake/laserscan_to_rangesConfig-version.cmake
-- Up-to-date: /home/peko/colcon_ws/install/laserscan_to_ranges/share/laserscan_to_ranges/package.xml
