[0.029s] Invoking command in '/home/peko/colcon_ws/build/laserscan_to_ranges': CMAKE_PREFIX_PATH=${CMAKE_PREFIX_PATH}:/home/peko/colcon_ws/install/robina_rfid:/opt/ros/jazzy DEBUGINFOD_URLS=https://debuginfod.ubuntu.com /usr/bin/cmake --build /home/peko/colcon_ws/build/laserscan_to_ranges -- -j16 -l16
[1.211s] [  2%] Built target laserscan_to_ranges_msg__rosidl_generator_type_description
[1.212s] [  2%] Built target ament_cmake_python_copy_laserscan_to_ranges
[1.212s] [ 16%] Built target laserscan_to_ranges_msg__rosidl_generator_c
[1.212s] [ 19%] Built target laserscan_to_ranges_msg__cpp
[1.212s] [ 27%] Built target laserscan_to_ranges_msg__rosidl_typesupport_c
[1.212s] [ 36%] Built target laserscan_to_ranges_msg__rosidl_typesupport_introspection_c
[1.213s] [ 41%] [32mBuilding CXX object CMakeFiles/laserscan_to_ranges_msg__rosidl_typesupport_introspection_cpp.dir/rosidl_typesupport_introspection_cpp/laserscan_to_ranges/msg/detail/simple_ranges__type_support.cpp.o[0m
[1.213s] [ 41%] [32mBuilding CXX object CMakeFiles/laserscan_to_ranges_msg__rosidl_typesupport_fastrtps_c.dir/rosidl_typesupport_fastrtps_c/laserscan_to_ranges/msg/detail/simple_ranges__type_support_c.cpp.o[0m
[1.213s] [ 44%] [32mBuilding CXX object CMakeFiles/laserscan_to_ranges_msg__rosidl_typesupport_fastrtps_cpp.dir/rosidl_typesupport_fastrtps_cpp/laserscan_to_ranges/msg/detail/dds_fastrtps/simple_ranges__type_support.cpp.o[0m
[1.213s] [ 47%] [32mBuilding CXX object CMakeFiles/laserscan_to_ranges_msg__rosidl_typesupport_cpp.dir/rosidl_typesupport_cpp/laserscan_to_ranges/msg/simple_ranges__type_support.cpp.o[0m
[1.213s] running egg_info
[1.213s] writing laserscan_to_ranges.egg-info/PKG-INFO
[1.213s] writing dependency_links to laserscan_to_ranges.egg-info/dependency_links.txt
[1.213s] writing top-level names to laserscan_to_ranges.egg-info/top_level.txt
[1.213s] reading manifest file 'laserscan_to_ranges.egg-info/SOURCES.txt'
[1.213s] writing manifest file 'laserscan_to_ranges.egg-info/SOURCES.txt'
[1.220s] [ 50%] [32m[1mLinking CXX shared library liblaserscan_to_ranges__rosidl_typesupport_cpp.so[0m
[1.220s] [ 50%] Built target ament_cmake_python_build_laserscan_to_ranges_egg
[1.220s] [ 52%] Built target laserscan_to_ranges_msg__rosidl_typesupport_cpp
[1.220s] [ 55%] [32m[1mLinking CXX shared library liblaserscan_to_ranges__rosidl_typesupport_introspection_cpp.so[0m
[1.220s] [ 58%] [32m[1mLinking CXX shared library liblaserscan_to_ranges__rosidl_typesupport_fastrtps_c.so[0m
[1.221s] [ 61%] [32mBuilding CXX object CMakeFiles/laserscan_to_ranges.dir/src/laserscan_to_ranges.cpp.o[0m
[1.221s] [ 63%] [32m[1mLinking CXX shared library liblaserscan_to_ranges__rosidl_typesupport_fastrtps_cpp.so[0m
[1.222s] [ 66%] Built target laserscan_to_ranges_msg__rosidl_typesupport_fastrtps_c
[1.244s] [ 69%] Built target laserscan_to_ranges_msg__rosidl_typesupport_introspection_cpp
[1.250s] [ 72%] Built target laserscan_to_ranges_msg__rosidl_typesupport_fastrtps_cpp
[1.296s] [ 72%] Built target laserscan_to_ranges_msg
[1.438s] [ 75%] Built target laserscan_to_ranges_msg__py
[1.630s] [ 77%] [32mBuilding C object CMakeFiles/laserscan_to_ranges_msg__rosidl_generator_py.dir/rosidl_generator_py/laserscan_to_ranges/msg/_simple_ranges_s.c.o[0m
[1.907s] [ 80%] [32m[1mLinking C shared library liblaserscan_to_ranges_msg__rosidl_generator_py.so[0m
[2.098s] [ 80%] Built target laserscan_to_ranges_msg__rosidl_generator_py
[2.185s] [ 86%] [32mBuilding C object CMakeFiles/laserscan_to_ranges_s__rosidl_typesupport_fastrtps_c.dir/rosidl_generator_py/laserscan_to_ranges/_laserscan_to_ranges_s.ep.rosidl_typesupport_fastrtps_c.c.o[0m
[2.186s] [ 86%] [32mBuilding C object CMakeFiles/laserscan_to_ranges_s__rosidl_typesupport_introspection_c.dir/rosidl_generator_py/laserscan_to_ranges/_laserscan_to_ranges_s.ep.rosidl_typesupport_introspection_c.c.o[0m
[2.186s] [ 88%] [32mBuilding C object CMakeFiles/laserscan_to_ranges_s__rosidl_typesupport_c.dir/rosidl_generator_py/laserscan_to_ranges/_laserscan_to_ranges_s.ep.rosidl_typesupport_c.c.o[0m
[2.423s] [ 91%] [32m[1mLinking C shared module rosidl_generator_py/laserscan_to_ranges/laserscan_to_ranges_s__rosidl_typesupport_c.so[0m
[2.464s] [ 94%] [32m[1mLinking C shared module rosidl_generator_py/laserscan_to_ranges/laserscan_to_ranges_s__rosidl_typesupport_fastrtps_c.so[0m
[2.470s] [ 97%] [32m[1mLinking C shared module rosidl_generator_py/laserscan_to_ranges/laserscan_to_ranges_s__rosidl_typesupport_introspection_c.so[0m
[2.546s] [ 97%] Built target laserscan_to_ranges_s__rosidl_typesupport_c
[2.569s] [ 97%] Built target laserscan_to_ranges_s__rosidl_typesupport_introspection_c
[2.570s] [ 97%] Built target laserscan_to_ranges_s__rosidl_typesupport_fastrtps_c
[18.317s] [100%] [32m[1mLinking CXX executable laserscan_to_ranges[0m
[18.711s] [100%] Built target laserscan_to_ranges
[18.726s] Invoked command in '/home/peko/colcon_ws/build/laserscan_to_ranges' returned '0': CMAKE_PREFIX_PATH=${CMAKE_PREFIX_PATH}:/home/peko/colcon_ws/install/robina_rfid:/opt/ros/jazzy DEBUGINFOD_URLS=https://debuginfod.ubuntu.com /usr/bin/cmake --build /home/peko/colcon_ws/build/laserscan_to_ranges -- -j16 -l16
[18.727s] Invoking command in '/home/peko/colcon_ws/build/laserscan_to_ranges': CMAKE_PREFIX_PATH=${CMAKE_PREFIX_PATH}:/home/peko/colcon_ws/install/robina_rfid:/opt/ros/jazzy DEBUGINFOD_URLS=https://debuginfod.ubuntu.com /usr/bin/cmake --install /home/peko/colcon_ws/build/laserscan_to_ranges
[18.738s] -- Install configuration: ""
[18.738s] -- Up-to-date: /home/peko/colcon_ws/install/laserscan_to_ranges/share/ament_index/resource_index/rosidl_interfaces/laserscan_to_ranges
[18.738s] -- Up-to-date: /home/peko/colcon_ws/install/laserscan_to_ranges/share/laserscan_to_ranges/msg/SimpleRanges.json
[18.738s] -- Up-to-date: /home/peko/colcon_ws/install/laserscan_to_ranges/include/laserscan_to_ranges/laserscan_to_ranges
[18.738s] -- Up-to-date: /home/peko/colcon_ws/install/laserscan_to_ranges/include/laserscan_to_ranges/laserscan_to_ranges/msg
[18.738s] -- Up-to-date: /home/peko/colcon_ws/install/laserscan_to_ranges/include/laserscan_to_ranges/laserscan_to_ranges/msg/detail
[18.739s] -- Up-to-date: /home/peko/colcon_ws/install/laserscan_to_ranges/include/laserscan_to_ranges/laserscan_to_ranges/msg/detail/simple_ranges__type_support.c
[18.739s] -- Up-to-date: /home/peko/colcon_ws/install/laserscan_to_ranges/include/laserscan_to_ranges/laserscan_to_ranges/msg/detail/simple_ranges__type_support.h
[18.739s] -- Up-to-date: /home/peko/colcon_ws/install/laserscan_to_ranges/include/laserscan_to_ranges/laserscan_to_ranges/msg/detail/simple_ranges__functions.h
[18.739s] -- Up-to-date: /home/peko/colcon_ws/install/laserscan_to_ranges/include/laserscan_to_ranges/laserscan_to_ranges/msg/detail/simple_ranges__functions.c
[18.739s] -- Up-to-date: /home/peko/colcon_ws/install/laserscan_to_ranges/include/laserscan_to_ranges/laserscan_to_ranges/msg/detail/simple_ranges__description.c
[18.739s] -- Up-to-date: /home/peko/colcon_ws/install/laserscan_to_ranges/include/laserscan_to_ranges/laserscan_to_ranges/msg/detail/simple_ranges__struct.h
[18.739s] -- Up-to-date: /home/peko/colcon_ws/install/laserscan_to_ranges/include/laserscan_to_ranges/laserscan_to_ranges/msg/simple_ranges.h
[18.739s] -- Up-to-date: /home/peko/colcon_ws/install/laserscan_to_ranges/include/laserscan_to_ranges/laserscan_to_ranges/msg/rosidl_generator_c__visibility_control.h
[18.739s] -- Up-to-date: /home/peko/colcon_ws/install/laserscan_to_ranges/share/laserscan_to_ranges/environment/library_path.sh
[18.739s] -- Up-to-date: /home/peko/colcon_ws/install/laserscan_to_ranges/share/laserscan_to_ranges/environment/library_path.dsv
[18.739s] -- Up-to-date: /home/peko/colcon_ws/install/laserscan_to_ranges/lib/liblaserscan_to_ranges__rosidl_generator_c.so
[18.739s] -- Up-to-date: /home/peko/colcon_ws/install/laserscan_to_ranges/include/laserscan_to_ranges/laserscan_to_ranges
[18.740s] -- Up-to-date: /home/peko/colcon_ws/install/laserscan_to_ranges/include/laserscan_to_ranges/laserscan_to_ranges/msg
[18.740s] -- Up-to-date: /home/peko/colcon_ws/install/laserscan_to_ranges/include/laserscan_to_ranges/laserscan_to_ranges/msg/detail
[18.740s] -- Up-to-date: /home/peko/colcon_ws/install/laserscan_to_ranges/include/laserscan_to_ranges/laserscan_to_ranges/msg/detail/simple_ranges__rosidl_typesupport_fastrtps_c.h
[18.740s] -- Up-to-date: /home/peko/colcon_ws/install/laserscan_to_ranges/include/laserscan_to_ranges/laserscan_to_ranges/msg/rosidl_typesupport_fastrtps_c__visibility_control.h
[18.740s] -- Installing: /home/peko/colcon_ws/install/laserscan_to_ranges/lib/liblaserscan_to_ranges__rosidl_typesupport_fastrtps_c.so
[18.740s] -- Set non-toolchain portion of runtime path of "/home/peko/colcon_ws/install/laserscan_to_ranges/lib/liblaserscan_to_ranges__rosidl_typesupport_fastrtps_c.so" to ""
[18.740s] -- Up-to-date: /home/peko/colcon_ws/install/laserscan_to_ranges/include/laserscan_to_ranges/laserscan_to_ranges
[18.740s] -- Up-to-date: /home/peko/colcon_ws/install/laserscan_to_ranges/include/laserscan_to_ranges/laserscan_to_ranges/msg
[18.740s] -- Up-to-date: /home/peko/colcon_ws/install/laserscan_to_ranges/include/laserscan_to_ranges/laserscan_to_ranges/msg/detail
[18.740s] -- Up-to-date: /home/peko/colcon_ws/install/laserscan_to_ranges/include/laserscan_to_ranges/laserscan_to_ranges/msg/detail/simple_ranges__type_support.hpp
[18.740s] -- Up-to-date: /home/peko/colcon_ws/install/laserscan_to_ranges/include/laserscan_to_ranges/laserscan_to_ranges/msg/detail/simple_ranges__traits.hpp
[18.741s] -- Up-to-date: /home/peko/colcon_ws/install/laserscan_to_ranges/include/laserscan_to_ranges/laserscan_to_ranges/msg/detail/simple_ranges__builder.hpp
[18.741s] -- Up-to-date: /home/peko/colcon_ws/install/laserscan_to_ranges/include/laserscan_to_ranges/laserscan_to_ranges/msg/detail/simple_ranges__struct.hpp
[18.741s] -- Up-to-date: /home/peko/colcon_ws/install/laserscan_to_ranges/include/laserscan_to_ranges/laserscan_to_ranges/msg/rosidl_generator_cpp__visibility_control.hpp
[18.741s] -- Up-to-date: /home/peko/colcon_ws/install/laserscan_to_ranges/include/laserscan_to_ranges/laserscan_to_ranges/msg/simple_ranges.hpp
[18.741s] -- Up-to-date: /home/peko/colcon_ws/install/laserscan_to_ranges/include/laserscan_to_ranges/laserscan_to_ranges
[18.741s] -- Up-to-date: /home/peko/colcon_ws/install/laserscan_to_ranges/include/laserscan_to_ranges/laserscan_to_ranges/msg
[18.741s] -- Up-to-date: /home/peko/colcon_ws/install/laserscan_to_ranges/include/laserscan_to_ranges/laserscan_to_ranges/msg/detail
[18.741s] -- Up-to-date: /home/peko/colcon_ws/install/laserscan_to_ranges/include/laserscan_to_ranges/laserscan_to_ranges/msg/detail/dds_fastrtps
[18.741s] -- Up-to-date: /home/peko/colcon_ws/install/laserscan_to_ranges/include/laserscan_to_ranges/laserscan_to_ranges/msg/detail/simple_ranges__rosidl_typesupport_fastrtps_cpp.hpp
[18.741s] -- Up-to-date: /home/peko/colcon_ws/install/laserscan_to_ranges/include/laserscan_to_ranges/laserscan_to_ranges/msg/rosidl_typesupport_fastrtps_cpp__visibility_control.h
[18.741s] -- Installing: /home/peko/colcon_ws/install/laserscan_to_ranges/lib/liblaserscan_to_ranges__rosidl_typesupport_fastrtps_cpp.so
[18.742s] -- Set non-toolchain portion of runtime path of "/home/peko/colcon_ws/install/laserscan_to_ranges/lib/liblaserscan_to_ranges__rosidl_typesupport_fastrtps_cpp.so" to ""
[18.742s] -- Up-to-date: /home/peko/colcon_ws/install/laserscan_to_ranges/include/laserscan_to_ranges/laserscan_to_ranges
[18.742s] -- Up-to-date: /home/peko/colcon_ws/install/laserscan_to_ranges/include/laserscan_to_ranges/laserscan_to_ranges/msg
[18.742s] -- Up-to-date: /home/peko/colcon_ws/install/laserscan_to_ranges/include/laserscan_to_ranges/laserscan_to_ranges/msg/detail
[18.742s] -- Up-to-date: /home/peko/colcon_ws/install/laserscan_to_ranges/include/laserscan_to_ranges/laserscan_to_ranges/msg/detail/simple_ranges__type_support.c
[18.742s] -- Up-to-date: /home/peko/colcon_ws/install/laserscan_to_ranges/include/laserscan_to_ranges/laserscan_to_ranges/msg/detail/simple_ranges__rosidl_typesupport_introspection_c.h
[18.742s] -- Up-to-date: /home/peko/colcon_ws/install/laserscan_to_ranges/include/laserscan_to_ranges/laserscan_to_ranges/msg/rosidl_typesupport_introspection_c__visibility_control.h
[18.742s] -- Up-to-date: /home/peko/colcon_ws/install/laserscan_to_ranges/lib/liblaserscan_to_ranges__rosidl_typesupport_introspection_c.so
[18.742s] -- Up-to-date: /home/peko/colcon_ws/install/laserscan_to_ranges/lib/liblaserscan_to_ranges__rosidl_typesupport_c.so
[18.742s] -- Up-to-date: /home/peko/colcon_ws/install/laserscan_to_ranges/include/laserscan_to_ranges/laserscan_to_ranges
[18.742s] -- Up-to-date: /home/peko/colcon_ws/install/laserscan_to_ranges/include/laserscan_to_ranges/laserscan_to_ranges/msg
[18.743s] -- Up-to-date: /home/peko/colcon_ws/install/laserscan_to_ranges/include/laserscan_to_ranges/laserscan_to_ranges/msg/detail
[18.743s] -- Up-to-date: /home/peko/colcon_ws/install/laserscan_to_ranges/include/laserscan_to_ranges/laserscan_to_ranges/msg/detail/simple_ranges__rosidl_typesupport_introspection_cpp.hpp
[18.743s] -- Up-to-date: /home/peko/colcon_ws/install/laserscan_to_ranges/include/laserscan_to_ranges/laserscan_to_ranges/msg/detail/simple_ranges__type_support.cpp
[18.743s] -- Installing: /home/peko/colcon_ws/install/laserscan_to_ranges/lib/liblaserscan_to_ranges__rosidl_typesupport_introspection_cpp.so
[18.743s] -- Set non-toolchain portion of runtime path of "/home/peko/colcon_ws/install/laserscan_to_ranges/lib/liblaserscan_to_ranges__rosidl_typesupport_introspection_cpp.so" to ""
[18.743s] -- Installing: /home/peko/colcon_ws/install/laserscan_to_ranges/lib/liblaserscan_to_ranges__rosidl_typesupport_cpp.so
[18.743s] -- Set non-toolchain portion of runtime path of "/home/peko/colcon_ws/install/laserscan_to_ranges/lib/liblaserscan_to_ranges__rosidl_typesupport_cpp.so" to ""
[18.743s] -- Up-to-date: /home/peko/colcon_ws/install/laserscan_to_ranges/share/laserscan_to_ranges/environment/pythonpath.sh
[18.743s] -- Up-to-date: /home/peko/colcon_ws/install/laserscan_to_ranges/share/laserscan_to_ranges/environment/pythonpath.dsv
[18.743s] -- Up-to-date: /home/peko/colcon_ws/install/laserscan_to_ranges/lib/python3.12/site-packages/laserscan_to_ranges-0.0.0-py3.12.egg-info
[18.743s] -- Installing: /home/peko/colcon_ws/install/laserscan_to_ranges/lib/python3.12/site-packages/laserscan_to_ranges-0.0.0-py3.12.egg-info/PKG-INFO
[18.743s] -- Installing: /home/peko/colcon_ws/install/laserscan_to_ranges/lib/python3.12/site-packages/laserscan_to_ranges-0.0.0-py3.12.egg-info/SOURCES.txt
[18.744s] -- Installing: /home/peko/colcon_ws/install/laserscan_to_ranges/lib/python3.12/site-packages/laserscan_to_ranges-0.0.0-py3.12.egg-info/top_level.txt
[18.744s] -- Installing: /home/peko/colcon_ws/install/laserscan_to_ranges/lib/python3.12/site-packages/laserscan_to_ranges-0.0.0-py3.12.egg-info/dependency_links.txt
[18.744s] -- Up-to-date: /home/peko/colcon_ws/install/laserscan_to_ranges/lib/python3.12/site-packages/laserscan_to_ranges
[18.744s] -- Installing: /home/peko/colcon_ws/install/laserscan_to_ranges/lib/python3.12/site-packages/laserscan_to_ranges/laserscan_to_ranges_s__rosidl_typesupport_c.so
[18.744s] -- Up-to-date: /home/peko/colcon_ws/install/laserscan_to_ranges/lib/python3.12/site-packages/laserscan_to_ranges/_laserscan_to_ranges_s.ep.rosidl_typesupport_fastrtps_c.c
[18.744s] -- Installing: /home/peko/colcon_ws/install/laserscan_to_ranges/lib/python3.12/site-packages/laserscan_to_ranges/laserscan_to_ranges_s__rosidl_typesupport_introspection_c.so
[18.744s] -- Installing: /home/peko/colcon_ws/install/laserscan_to_ranges/lib/python3.12/site-packages/laserscan_to_ranges/laserscan_to_ranges_s__rosidl_typesupport_fastrtps_c.so
[18.745s] -- Up-to-date: /home/peko/colcon_ws/install/laserscan_to_ranges/lib/python3.12/site-packages/laserscan_to_ranges/__init__.py
[18.745s] -- Up-to-date: /home/peko/colcon_ws/install/laserscan_to_ranges/lib/python3.12/site-packages/laserscan_to_ranges/msg
[18.745s] -- Up-to-date: /home/peko/colcon_ws/install/laserscan_to_ranges/lib/python3.12/site-packages/laserscan_to_ranges/msg/__init__.py
[18.745s] -- Up-to-date: /home/peko/colcon_ws/install/laserscan_to_ranges/lib/python3.12/site-packages/laserscan_to_ranges/msg/_simple_ranges.py
[18.745s] -- Up-to-date: /home/peko/colcon_ws/install/laserscan_to_ranges/lib/python3.12/site-packages/laserscan_to_ranges/msg/_simple_ranges_s.c
[18.745s] -- Up-to-date: /home/peko/colcon_ws/install/laserscan_to_ranges/lib/python3.12/site-packages/laserscan_to_ranges/_laserscan_to_ranges_s.ep.rosidl_typesupport_c.c
[18.745s] -- Up-to-date: /home/peko/colcon_ws/install/laserscan_to_ranges/lib/python3.12/site-packages/laserscan_to_ranges/_laserscan_to_ranges_s.ep.rosidl_typesupport_introspection_c.c
[18.799s] Listing '/home/peko/colcon_ws/install/laserscan_to_ranges/lib/python3.12/site-packages/laserscan_to_ranges'...
[18.799s] Listing '/home/peko/colcon_ws/install/laserscan_to_ranges/lib/python3.12/site-packages/laserscan_to_ranges/msg'...
[18.806s] -- Installing: /home/peko/colcon_ws/install/laserscan_to_ranges/lib/python3.12/site-packages/laserscan_to_ranges/laserscan_to_ranges_s__rosidl_typesupport_fastrtps_c.so
[18.806s] -- Set non-toolchain portion of runtime path of "/home/peko/colcon_ws/install/laserscan_to_ranges/lib/python3.12/site-packages/laserscan_to_ranges/laserscan_to_ranges_s__rosidl_typesupport_fastrtps_c.so" to ""
[18.806s] -- Installing: /home/peko/colcon_ws/install/laserscan_to_ranges/lib/python3.12/site-packages/laserscan_to_ranges/laserscan_to_ranges_s__rosidl_typesupport_introspection_c.so
[18.806s] -- Set non-toolchain portion of runtime path of "/home/peko/colcon_ws/install/laserscan_to_ranges/lib/python3.12/site-packages/laserscan_to_ranges/laserscan_to_ranges_s__rosidl_typesupport_introspection_c.so" to ""
[18.807s] -- Installing: /home/peko/colcon_ws/install/laserscan_to_ranges/lib/python3.12/site-packages/laserscan_to_ranges/laserscan_to_ranges_s__rosidl_typesupport_c.so
[18.807s] -- Set non-toolchain portion of runtime path of "/home/peko/colcon_ws/install/laserscan_to_ranges/lib/python3.12/site-packages/laserscan_to_ranges/laserscan_to_ranges_s__rosidl_typesupport_c.so" to ""
[18.807s] -- Installing: /home/peko/colcon_ws/install/laserscan_to_ranges/lib/liblaserscan_to_ranges_msg__rosidl_generator_py.so
[18.807s] -- Set non-toolchain portion of runtime path of "/home/peko/colcon_ws/install/laserscan_to_ranges/lib/liblaserscan_to_ranges_msg__rosidl_generator_py.so" to ""
[18.807s] -- Up-to-date: /home/peko/colcon_ws/install/laserscan_to_ranges/share/laserscan_to_ranges/msg/SimpleRanges.idl
[18.808s] -- Up-to-date: /home/peko/colcon_ws/install/laserscan_to_ranges/share/laserscan_to_ranges/msg/SimpleRanges.msg
[18.808s] -- Installing: /home/peko/colcon_ws/install/laserscan_to_ranges/lib/laserscan_to_ranges/laserscan_to_ranges
[18.813s] -- Set non-toolchain portion of runtime path of "/home/peko/colcon_ws/install/laserscan_to_ranges/lib/laserscan_to_ranges/laserscan_to_ranges" to ""
[18.814s] -- Up-to-date: /home/peko/colcon_ws/install/laserscan_to_ranges/share/laserscan_to_ranges/launch
[18.814s] -- Up-to-date: /home/peko/colcon_ws/install/laserscan_to_ranges/share/laserscan_to_ranges/launch/laserscan_to_ranges.launch.py
[18.814s] -- Up-to-date: /home/peko/colcon_ws/install/laserscan_to_ranges/share/ament_index/resource_index/package_run_dependencies/laserscan_to_ranges
[18.814s] -- Up-to-date: /home/peko/colcon_ws/install/laserscan_to_ranges/share/ament_index/resource_index/parent_prefix_path/laserscan_to_ranges
[18.814s] -- Up-to-date: /home/peko/colcon_ws/install/laserscan_to_ranges/share/laserscan_to_ranges/environment/ament_prefix_path.sh
[18.814s] -- Up-to-date: /home/peko/colcon_ws/install/laserscan_to_ranges/share/laserscan_to_ranges/environment/ament_prefix_path.dsv
[18.814s] -- Up-to-date: /home/peko/colcon_ws/install/laserscan_to_ranges/share/laserscan_to_ranges/environment/path.sh
[18.814s] -- Up-to-date: /home/peko/colcon_ws/install/laserscan_to_ranges/share/laserscan_to_ranges/environment/path.dsv
[18.814s] -- Up-to-date: /home/peko/colcon_ws/install/laserscan_to_ranges/share/laserscan_to_ranges/local_setup.bash
[18.814s] -- Up-to-date: /home/peko/colcon_ws/install/laserscan_to_ranges/share/laserscan_to_ranges/local_setup.sh
[18.815s] -- Up-to-date: /home/peko/colcon_ws/install/laserscan_to_ranges/share/laserscan_to_ranges/local_setup.zsh
[18.815s] -- Up-to-date: /home/peko/colcon_ws/install/laserscan_to_ranges/share/laserscan_to_ranges/local_setup.dsv
[18.815s] -- Installing: /home/peko/colcon_ws/install/laserscan_to_ranges/share/laserscan_to_ranges/package.dsv
[18.815s] -- Up-to-date: /home/peko/colcon_ws/install/laserscan_to_ranges/share/ament_index/resource_index/packages/laserscan_to_ranges
[18.815s] -- Up-to-date: /home/peko/colcon_ws/install/laserscan_to_ranges/share/laserscan_to_ranges/cmake/export_laserscan_to_ranges_msg__rosidl_generator_cExport.cmake
[18.815s] -- Up-to-date: /home/peko/colcon_ws/install/laserscan_to_ranges/share/laserscan_to_ranges/cmake/export_laserscan_to_ranges_msg__rosidl_generator_cExport-noconfig.cmake
[18.815s] -- Up-to-date: /home/peko/colcon_ws/install/laserscan_to_ranges/share/laserscan_to_ranges/cmake/export_laserscan_to_ranges_msg__rosidl_typesupport_fastrtps_cExport.cmake
[18.815s] -- Up-to-date: /home/peko/colcon_ws/install/laserscan_to_ranges/share/laserscan_to_ranges/cmake/export_laserscan_to_ranges_msg__rosidl_typesupport_fastrtps_cExport-noconfig.cmake
[18.815s] -- Up-to-date: /home/peko/colcon_ws/install/laserscan_to_ranges/share/laserscan_to_ranges/cmake/export_laserscan_to_ranges_msg__rosidl_generator_cppExport.cmake
[18.815s] -- Up-to-date: /home/peko/colcon_ws/install/laserscan_to_ranges/share/laserscan_to_ranges/cmake/export_laserscan_to_ranges_msg__rosidl_typesupport_fastrtps_cppExport.cmake
[18.815s] -- Up-to-date: /home/peko/colcon_ws/install/laserscan_to_ranges/share/laserscan_to_ranges/cmake/export_laserscan_to_ranges_msg__rosidl_typesupport_fastrtps_cppExport-noconfig.cmake
[18.816s] -- Up-to-date: /home/peko/colcon_ws/install/laserscan_to_ranges/share/laserscan_to_ranges/cmake/laserscan_to_ranges_msg__rosidl_typesupport_introspection_cExport.cmake
[18.816s] -- Up-to-date: /home/peko/colcon_ws/install/laserscan_to_ranges/share/laserscan_to_ranges/cmake/laserscan_to_ranges_msg__rosidl_typesupport_introspection_cExport-noconfig.cmake
[18.816s] -- Up-to-date: /home/peko/colcon_ws/install/laserscan_to_ranges/share/laserscan_to_ranges/cmake/laserscan_to_ranges_msg__rosidl_typesupport_cExport.cmake
[18.816s] -- Up-to-date: /home/peko/colcon_ws/install/laserscan_to_ranges/share/laserscan_to_ranges/cmake/laserscan_to_ranges_msg__rosidl_typesupport_cExport-noconfig.cmake
[18.816s] -- Up-to-date: /home/peko/colcon_ws/install/laserscan_to_ranges/share/laserscan_to_ranges/cmake/laserscan_to_ranges_msg__rosidl_typesupport_introspection_cppExport.cmake
[18.816s] -- Up-to-date: /home/peko/colcon_ws/install/laserscan_to_ranges/share/laserscan_to_ranges/cmake/laserscan_to_ranges_msg__rosidl_typesupport_introspection_cppExport-noconfig.cmake
[18.816s] -- Up-to-date: /home/peko/colcon_ws/install/laserscan_to_ranges/share/laserscan_to_ranges/cmake/laserscan_to_ranges_msg__rosidl_typesupport_cppExport.cmake
[18.816s] -- Up-to-date: /home/peko/colcon_ws/install/laserscan_to_ranges/share/laserscan_to_ranges/cmake/laserscan_to_ranges_msg__rosidl_typesupport_cppExport-noconfig.cmake
[18.816s] -- Up-to-date: /home/peko/colcon_ws/install/laserscan_to_ranges/share/laserscan_to_ranges/cmake/export_laserscan_to_ranges_msg__rosidl_generator_pyExport.cmake
[18.816s] -- Up-to-date: /home/peko/colcon_ws/install/laserscan_to_ranges/share/laserscan_to_ranges/cmake/export_laserscan_to_ranges_msg__rosidl_generator_pyExport-noconfig.cmake
[18.816s] -- Up-to-date: /home/peko/colcon_ws/install/laserscan_to_ranges/share/laserscan_to_ranges/cmake/rosidl_cmake-extras.cmake
[18.817s] -- Up-to-date: /home/peko/colcon_ws/install/laserscan_to_ranges/share/laserscan_to_ranges/cmake/ament_cmake_export_dependencies-extras.cmake
[18.817s] -- Up-to-date: /home/peko/colcon_ws/install/laserscan_to_ranges/share/laserscan_to_ranges/cmake/ament_cmake_export_include_directories-extras.cmake
[18.817s] -- Up-to-date: /home/peko/colcon_ws/install/laserscan_to_ranges/share/laserscan_to_ranges/cmake/ament_cmake_export_libraries-extras.cmake
[18.817s] -- Up-to-date: /home/peko/colcon_ws/install/laserscan_to_ranges/share/laserscan_to_ranges/cmake/ament_cmake_export_targets-extras.cmake
[18.817s] -- Up-to-date: /home/peko/colcon_ws/install/laserscan_to_ranges/share/laserscan_to_ranges/cmake/rosidl_cmake_export_typesupport_targets-extras.cmake
[18.817s] -- Up-to-date: /home/peko/colcon_ws/install/laserscan_to_ranges/share/laserscan_to_ranges/cmake/rosidl_cmake_export_typesupport_libraries-extras.cmake
[18.817s] -- Up-to-date: /home/peko/colcon_ws/install/laserscan_to_ranges/share/laserscan_to_ranges/cmake/laserscan_to_rangesConfig.cmake
[18.817s] -- Up-to-date: /home/peko/colcon_ws/install/laserscan_to_ranges/share/laserscan_to_ranges/cmake/laserscan_to_rangesConfig-version.cmake
[18.817s] -- Up-to-date: /home/peko/colcon_ws/install/laserscan_to_ranges/share/laserscan_to_ranges/package.xml
[18.819s] Invoked command in '/home/peko/colcon_ws/build/laserscan_to_ranges' returned '0': CMAKE_PREFIX_PATH=${CMAKE_PREFIX_PATH}:/home/peko/colcon_ws/install/robina_rfid:/opt/ros/jazzy DEBUGINFOD_URLS=https://debuginfod.ubuntu.com /usr/bin/cmake --install /home/peko/colcon_ws/build/laserscan_to_ranges
