[0.042s] Invoking command in '/home/peko/colcon_ws/build/robotont_driver': CMAKE_PREFIX_PATH=/home/peko/colcon_ws/install/robotont_msgs:/home/peko/colcon_ws/install/sllidar_ros2:/home/peko/colcon_ws/install/robotont_support:/home/peko/colcon_ws/install/robotont_driver:/home/peko/colcon_ws/install/robotont_description:/home/peko/colcon_ws/install/robina_thesis:/home/peko/colcon_ws/install/laserscan_to_ranges:/opt/ros/jazzy/opt/gz_sim_vendor:/opt/ros/jazzy/opt/gz_sensors_vendor:/opt/ros/jazzy/opt/gz_physics_vendor:/opt/ros/jazzy/opt/sdformat_vendor:/opt/ros/jazzy/opt/gz_gui_vendor:/opt/ros/jazzy/opt/gz_transport_vendor:/opt/ros/jazzy/opt/gz_rendering_vendor:/opt/ros/jazzy/opt/gz_plugin_vendor:/opt/ros/jazzy/opt/gz_fuel_tools_vendor:/opt/ros/jazzy/opt/gz_msgs_vendor:/opt/ros/jazzy/opt/gz_common_vendor:/opt/ros/jazzy/opt/gz_math_vendor:/opt/ros/jazzy/opt/gz_utils_vendor:/opt/ros/jazzy/opt/gz_tools_vendor:/opt/ros/jazzy/opt/gz_ogre_next_vendor:/opt/ros/jazzy/opt/gz_dartsim_vendor:/opt/ros/jazzy/opt/gz_cmake_vendor:/home/peko/colcon_ws/install/robina_rfid:/opt/ros/jazzy DEBUGINFOD_URLS=https://debuginfod.ubuntu.com /usr/bin/cmake --build /home/peko/colcon_ws/build/robotont_driver -- -j16 -l16
[0.099s] [ 10%] Built target fake_driver_node
[0.128s] [ 20%] [32mBuilding CXX object CMakeFiles/robotont_driver.dir/src/hardware.cpp.o[0m
[0.128s] [ 20%] [32mBuilding CXX object CMakeFiles/robotont_driver.dir/src/driver.cpp.o[0m
[0.132s] [ 25%] [32mBuilding CXX object CMakeFiles/robotont_driver.dir/src/plugin_base.cpp.o[0m
[0.133s] [ 30%] [32mBuilding CXX object CMakeFiles/robotont_driver.dir/src/plugin_motors.cpp.o[0m
[0.133s] [ 40%] [32mBuilding CXX object CMakeFiles/robotont_driver.dir/src/plugin_odom.cpp.o[0m
[0.133s] [ 40%] [32mBuilding CXX object CMakeFiles/robotont_driver.dir/src/driver_node.cpp.o[0m
[0.134s] [ 45%] [32mBuilding CXX object CMakeFiles/robotont_driver.dir/src/plugin_led_module.cpp.o[0m
[0.148s] [ 50%] [32mBuilding CXX object CMakeFiles/driver_node.dir/src/driver.cpp.o[0m
[0.148s] [ 55%] [32mBuilding CXX object CMakeFiles/driver_node.dir/src/hardware.cpp.o[0m
[0.148s] [ 60%] [32mBuilding CXX object CMakeFiles/driver_node.dir/src/driver_node.cpp.o[0m
[0.149s] [ 65%] [32mBuilding CXX object CMakeFiles/driver_node.dir/src/plugin_base.cpp.o[0m
[0.155s] [ 70%] [32mBuilding CXX object CMakeFiles/driver_node.dir/src/plugin_motors.cpp.o[0m
[0.155s] [ 75%] [32mBuilding CXX object CMakeFiles/driver_node.dir/src/plugin_led_module.cpp.o[0m
[0.162s] [ 80%] [32mBuilding CXX object CMakeFiles/driver_node.dir/src/plugin_odom.cpp.o[0m
[15.386s] [ 85%] [32m[1mLinking CXX shared library librobotont_driver.so[0m
[15.834s] [ 90%] [32m[1mLinking CXX executable driver_node[0m
[16.133s] [ 95%] Built target robotont_driver
[16.508s] [100%] Built target driver_node
[16.519s] Invoked command in '/home/peko/colcon_ws/build/robotont_driver' returned '0': CMAKE_PREFIX_PATH=/home/peko/colcon_ws/install/robotont_msgs:/home/peko/colcon_ws/install/sllidar_ros2:/home/peko/colcon_ws/install/robotont_support:/home/peko/colcon_ws/install/robotont_driver:/home/peko/colcon_ws/install/robotont_description:/home/peko/colcon_ws/install/robina_thesis:/home/peko/colcon_ws/install/laserscan_to_ranges:/opt/ros/jazzy/opt/gz_sim_vendor:/opt/ros/jazzy/opt/gz_sensors_vendor:/opt/ros/jazzy/opt/gz_physics_vendor:/opt/ros/jazzy/opt/sdformat_vendor:/opt/ros/jazzy/opt/gz_gui_vendor:/opt/ros/jazzy/opt/gz_transport_vendor:/opt/ros/jazzy/opt/gz_rendering_vendor:/opt/ros/jazzy/opt/gz_plugin_vendor:/opt/ros/jazzy/opt/gz_fuel_tools_vendor:/opt/ros/jazzy/opt/gz_msgs_vendor:/opt/ros/jazzy/opt/gz_common_vendor:/opt/ros/jazzy/opt/gz_math_vendor:/opt/ros/jazzy/opt/gz_utils_vendor:/opt/ros/jazzy/opt/gz_tools_vendor:/opt/ros/jazzy/opt/gz_ogre_next_vendor:/opt/ros/jazzy/opt/gz_dartsim_vendor:/opt/ros/jazzy/opt/gz_cmake_vendor:/home/peko/colcon_ws/install/robina_rfid:/opt/ros/jazzy DEBUGINFOD_URLS=https://debuginfod.ubuntu.com /usr/bin/cmake --build /home/peko/colcon_ws/build/robotont_driver -- -j16 -l16
[16.520s] Invoking command in '/home/peko/colcon_ws/build/robotont_driver': CMAKE_PREFIX_PATH=/home/peko/colcon_ws/install/robotont_msgs:/home/peko/colcon_ws/install/sllidar_ros2:/home/peko/colcon_ws/install/robotont_support:/home/peko/colcon_ws/install/robotont_driver:/home/peko/colcon_ws/install/robotont_description:/home/peko/colcon_ws/install/robina_thesis:/home/peko/colcon_ws/install/laserscan_to_ranges:/opt/ros/jazzy/opt/gz_sim_vendor:/opt/ros/jazzy/opt/gz_sensors_vendor:/opt/ros/jazzy/opt/gz_physics_vendor:/opt/ros/jazzy/opt/sdformat_vendor:/opt/ros/jazzy/opt/gz_gui_vendor:/opt/ros/jazzy/opt/gz_transport_vendor:/opt/ros/jazzy/opt/gz_rendering_vendor:/opt/ros/jazzy/opt/gz_plugin_vendor:/opt/ros/jazzy/opt/gz_fuel_tools_vendor:/opt/ros/jazzy/opt/gz_msgs_vendor:/opt/ros/jazzy/opt/gz_common_vendor:/opt/ros/jazzy/opt/gz_math_vendor:/opt/ros/jazzy/opt/gz_utils_vendor:/opt/ros/jazzy/opt/gz_tools_vendor:/opt/ros/jazzy/opt/gz_ogre_next_vendor:/opt/ros/jazzy/opt/gz_dartsim_vendor:/opt/ros/jazzy/opt/gz_cmake_vendor:/home/peko/colcon_ws/install/robina_rfid:/opt/ros/jazzy DEBUGINFOD_URLS=https://debuginfod.ubuntu.com /usr/bin/cmake --install /home/peko/colcon_ws/build/robotont_driver
[16.526s] -- Install configuration: ""
[16.526s] -- Installing: /home/peko/colcon_ws/install/robotont_driver/lib/robotont_driver/driver_node
[16.534s] -- Set non-toolchain portion of runtime path of "/home/peko/colcon_ws/install/robotont_driver/lib/robotont_driver/driver_node" to ""
[16.535s] -- Up-to-date: /home/peko/colcon_ws/install/robotont_driver/lib/robotont_driver/fake_driver_node
[16.535s] -- Up-to-date: /home/peko/colcon_ws/install/robotont_driver/share/robotont_driver//launch
[16.535s] -- Up-to-date: /home/peko/colcon_ws/install/robotont_driver/share/robotont_driver//launch/driver_launch.py
[16.535s] -- Up-to-date: /home/peko/colcon_ws/install/robotont_driver/share/robotont_driver//launch/fake_driver_launch.py
[16.535s] -- Up-to-date: /home/peko/colcon_ws/install/robotont_driver/share/robotont_driver//launch/example_launch.py
[16.535s] -- Up-to-date: /home/peko/colcon_ws/install/robotont_driver/share/robotont_driver//launch/example2.py
[16.535s] -- Up-to-date: /home/peko/colcon_ws/install/robotont_driver/share/robotont_driver/config
[16.535s] -- Up-to-date: /home/peko/colcon_ws/install/robotont_driver/share/robotont_driver/config/sermap7.posegraph
[16.535s] -- Up-to-date: /home/peko/colcon_ws/install/robotont_driver/share/robotont_driver/config/mapper_params_online_async.yaml
[16.535s] -- Up-to-date: /home/peko/colcon_ws/install/robotont_driver/share/robotont_driver/config/s7.yaml
[16.535s] -- Up-to-date: /home/peko/colcon_ws/install/robotont_driver/share/robotont_driver/config/parameters.yaml
[16.535s] -- Up-to-date: /home/peko/colcon_ws/install/robotont_driver/share/robotont_driver/config/sermap7.data
[16.535s] -- Up-to-date: /home/peko/colcon_ws/install/robotont_driver/share/robotont_driver/config/s7.pgm
[16.535s] -- Up-to-date: /home/peko/colcon_ws/install/robotont_driver/share/ament_index/resource_index/package_run_dependencies/robotont_driver
[16.535s] -- Up-to-date: /home/peko/colcon_ws/install/robotont_driver/share/ament_index/resource_index/parent_prefix_path/robotont_driver
[16.535s] -- Up-to-date: /home/peko/colcon_ws/install/robotont_driver/share/robotont_driver/environment/ament_prefix_path.sh
[16.535s] -- Up-to-date: /home/peko/colcon_ws/install/robotont_driver/share/robotont_driver/environment/ament_prefix_path.dsv
[16.535s] -- Up-to-date: /home/peko/colcon_ws/install/robotont_driver/share/robotont_driver/environment/path.sh
[16.535s] -- Up-to-date: /home/peko/colcon_ws/install/robotont_driver/share/robotont_driver/environment/path.dsv
[16.535s] -- Up-to-date: /home/peko/colcon_ws/install/robotont_driver/share/robotont_driver/local_setup.bash
[16.535s] -- Up-to-date: /home/peko/colcon_ws/install/robotont_driver/share/robotont_driver/local_setup.sh
[16.535s] -- Up-to-date: /home/peko/colcon_ws/install/robotont_driver/share/robotont_driver/local_setup.zsh
[16.535s] -- Up-to-date: /home/peko/colcon_ws/install/robotont_driver/share/robotont_driver/local_setup.dsv
[16.535s] -- Installing: /home/peko/colcon_ws/install/robotont_driver/share/robotont_driver/package.dsv
[16.536s] -- Up-to-date: /home/peko/colcon_ws/install/robotont_driver/share/ament_index/resource_index/packages/robotont_driver
[16.536s] -- Up-to-date: /home/peko/colcon_ws/install/robotont_driver/share/robotont_driver/cmake/robotont_driverConfig.cmake
[16.536s] -- Up-to-date: /home/peko/colcon_ws/install/robotont_driver/share/robotont_driver/cmake/robotont_driverConfig-version.cmake
[16.536s] -- Up-to-date: /home/peko/colcon_ws/install/robotont_driver/share/robotont_driver/package.xml
[16.536s] Invoked command in '/home/peko/colcon_ws/build/robotont_driver' returned '0': CMAKE_PREFIX_PATH=/home/peko/colcon_ws/install/robotont_msgs:/home/peko/colcon_ws/install/sllidar_ros2:/home/peko/colcon_ws/install/robotont_support:/home/peko/colcon_ws/install/robotont_driver:/home/peko/colcon_ws/install/robotont_description:/home/peko/colcon_ws/install/robina_thesis:/home/peko/colcon_ws/install/laserscan_to_ranges:/opt/ros/jazzy/opt/gz_sim_vendor:/opt/ros/jazzy/opt/gz_sensors_vendor:/opt/ros/jazzy/opt/gz_physics_vendor:/opt/ros/jazzy/opt/sdformat_vendor:/opt/ros/jazzy/opt/gz_gui_vendor:/opt/ros/jazzy/opt/gz_transport_vendor:/opt/ros/jazzy/opt/gz_rendering_vendor:/opt/ros/jazzy/opt/gz_plugin_vendor:/opt/ros/jazzy/opt/gz_fuel_tools_vendor:/opt/ros/jazzy/opt/gz_msgs_vendor:/opt/ros/jazzy/opt/gz_common_vendor:/opt/ros/jazzy/opt/gz_math_vendor:/opt/ros/jazzy/opt/gz_utils_vendor:/opt/ros/jazzy/opt/gz_tools_vendor:/opt/ros/jazzy/opt/gz_ogre_next_vendor:/opt/ros/jazzy/opt/gz_dartsim_vendor:/opt/ros/jazzy/opt/gz_cmake_vendor:/home/peko/colcon_ws/install/robina_rfid:/opt/ros/jazzy DEBUGINFOD_URLS=https://debuginfod.ubuntu.com /usr/bin/cmake --install /home/peko/colcon_ws/build/robotont_driver
