[0.352s] Invoking command in '/home/peko/colcon_ws/build/robina_thesis': CMAKE_PREFIX_PATH=${CMAKE_PREFIX_PATH}:/home/peko/colcon_ws/install/robina_rfid:/opt/ros/jazzy DEBUGINFOD_URLS=https://debuginfod.ubuntu.com /usr/bin/cmake /home/peko/colcon_ws/src/robina_thesis -DCMAKE_INSTALL_PREFIX=/home/peko/colcon_ws/install/robina_thesis
[0.369s] -- Found ament_cmake: 2.5.2 (/opt/ros/jazzy/share/ament_cmake/cmake)
[0.631s] -- Found rclcpp: 28.1.5 (/opt/ros/jazzy/share/rclcpp/cmake)
[0.661s] -- Found rosidl_generator_c: 4.6.4 (/opt/ros/jazzy/share/rosidl_generator_c/cmake)
[0.669s] -- Found rosidl_generator_cpp: 4.6.4 (/opt/ros/jazzy/share/rosidl_generator_cpp/cmake)
[0.686s] -- Using all available rosidl_typesupport_c: rosidl_typesupport_fastrtps_c;rosidl_typesupport_introspection_c
[0.708s] -- Using all available rosidl_typesupport_cpp: rosidl_typesupport_fastrtps_cpp;rosidl_typesupport_introspection_cpp
[0.807s] -- Found rmw_implementation_cmake: 7.3.1 (/opt/ros/jazzy/share/rmw_implementation_cmake/cmake)
[0.808s] -- Found rmw_fastrtps_cpp: 8.4.1 (/opt/ros/jazzy/share/rmw_fastrtps_cpp/cmake)
[0.901s] -- Using RMW implementation 'rmw_fastrtps_cpp' as default
[1.012s] -- Found io_context: 1.2.0 (/opt/ros/jazzy/share/io_context/cmake)
[1.074s] -- Found asio_cmake_module: 1.2.0 (/opt/ros/jazzy/share/asio_cmake_module/cmake)
[1.076s] -- Found pluginlib: 5.4.2 (/opt/ros/jazzy/share/pluginlib/cmake)
[1.088s] -- Found serial_driver: 1.2.0 (/opt/ros/jazzy/share/serial_driver/cmake)
[1.219s] -- Found geometry_msgs: 5.3.5 (/opt/ros/jazzy/share/geometry_msgs/cmake)
[1.246s] -- Found nav_msgs: 5.3.5 (/opt/ros/jazzy/share/nav_msgs/cmake)
[1.302s] -- Found ament_cmake_auto: 2.5.2 (/opt/ros/jazzy/share/ament_cmake_auto/cmake)
[1.306s] -- Found tf2_geometry_msgs: 0.36.4 (/opt/ros/jazzy/share/tf2_geometry_msgs/cmake)
[1.313s] -- Found eigen3_cmake_module: 0.3.0 (/opt/ros/jazzy/share/eigen3_cmake_module/cmake)
[1.314s] -- Ensuring Eigen3 include directory is part of orocos-kdl CMake target
[1.514s] -- Configuring incomplete, errors occurred!
[1.515s] [31mCMake Error at CMakeLists.txt:26 (find_package):
[1.515s]   By not providing "Findrobotont_msgs.cmake" in CMAKE_MODULE_PATH this
[1.515s]   project has asked CMake to find a package configuration file provided by
[1.515s]   "robotont_msgs", but CMake did not find one.
[1.515s] 
[1.515s]   Could not find a package configuration file provided by "robotont_msgs"
[1.515s]   with any of the following names:
[1.515s] 
[1.515s]     robotont_msgsConfig.cmake
[1.515s]     robotont_msgs-config.cmake
[1.515s] 
[1.516s]   Add the installation prefix of "robotont_msgs" to CMAKE_PREFIX_PATH or set
[1.516s]   "robotont_msgs_DIR" to a directory containing one of the above files.  If
[1.516s]   "robotont_msgs" provides a separate development package or SDK, be sure it
[1.516s]   has been installed.
[1.516s] 
[1.516s] [0m
[1.526s] Invoked command in '/home/peko/colcon_ws/build/robina_thesis' returned '1': CMAKE_PREFIX_PATH=${CMAKE_PREFIX_PATH}:/home/peko/colcon_ws/install/robina_rfid:/opt/ros/jazzy DEBUGINFOD_URLS=https://debuginfod.ubuntu.com /usr/bin/cmake /home/peko/colcon_ws/src/robina_thesis -DCMAKE_INSTALL_PREFIX=/home/peko/colcon_ws/install/robina_thesis
